* FRD data written by MATAA on 05-Jan-2019 10:25:28
* Monkey Coffin 20181219, spliced SPL curve, SCANR2904WG148 (no filter), 1 m from baffle, horizontal angle = +90 deg.
10.000000	16.980213	-598.461453
10.153489	17.246322	-391.498566
10.309333	17.508519	-388.728599
10.467570	17.773465	-317.317818
10.628235	18.039665	-314.974089
10.791367	18.291004	-270.975211
10.957002	18.564301	-268.765128
11.125180	18.825819	-236.733275
11.295939	19.088399	-234.703909
11.469319	19.354509	-209.333219
11.645360	19.612383	-207.467881
11.824103	19.878667	-186.351350
12.005589	20.140100	-184.620384
12.189862	20.405830	-166.501023
12.376962	20.671908	-164.917570
12.566935	20.921717	-149.035662
12.759823	21.195138	-147.421414
12.955672	21.456042	-133.349761
13.154527	21.718838	-131.822757
13.356434	21.983609	-119.112478
13.561440	22.240635	-117.675676
13.769593	22.506169	-106.034986
13.980941	22.768621	-104.682116
14.195532	23.034092	-93.978613
14.413418	23.300521	-92.740974
14.634647	23.548210	-82.846840
14.859273	23.819607	-81.530139
15.087346	24.080939	-72.391893
15.318920	24.342772	-71.148593
15.554048	24.607062	-62.592783
15.792785	24.863412	-61.415569
16.035186	25.128762	-53.333051
16.281308	25.389112	-52.222256
16.531208	25.655209	-44.589491
16.784943	25.921809	-43.594603
17.042573	26.166421	-36.403799
17.304158	26.436607	-35.295546
17.569757	26.696013	-28.545033
17.839433	26.957141	-27.496558
18.113248	27.219527	-21.075375
18.391266	27.474734	-20.077836
18.673551	27.738652	-13.916484
18.960169	27.996557	-12.971508
19.251186	28.263874	-7.059517
19.546670	28.533016	-6.263477
19.846690	28.768131	-0.682585
20.151314	29.035154	0.312458
20.460614	29.292015	5.598555
20.774661	29.548538	6.538751
21.093529	29.808561	11.623714
21.417291	30.062460	12.575290
21.746022	30.346319	17.434869
22.079799	30.584632	18.102161
22.418699	30.826059	22.923691
22.762800	31.085623	23.759434
23.112184	31.333246	28.310217
23.466930	31.587333	29.174063
23.827121	31.833864	33.536603
24.192840	32.079825	34.491544
24.564173	32.328417	38.723015
24.941205	32.571339	40.063986
25.324024	32.963063	44.085733
25.712720	33.150483	44.132710
26.107381	33.346913	48.744684
26.508100	33.652955	49.890149
26.914969	33.983543	54.053027
27.328084	34.348959	54.558457
27.747539	34.616154	57.849836
28.173432	34.924425	58.745446
28.605863	35.266310	61.430604
29.044930	35.389953	61.998113
29.490737	35.777192	65.901491
29.943387	36.028989	65.526318
30.402984	36.274812	69.129096
30.869636	36.547634	68.929886
31.343450	36.685204	72.480982
31.824536	37.040961	73.348394
32.313007	37.293123	75.920067
32.808975	37.542171	76.599938
33.312556	37.813684	79.158013
33.823866	37.976964	79.861906
34.343024	38.314017	83.148429
34.870151	38.567304	83.167323
35.405368	38.818437	86.224974
35.948801	39.102811	86.476918
36.500574	39.350316	89.165391
37.060817	39.610034	89.507053
37.629659	39.864891	92.125051
38.207232	40.119136	92.460817
38.793669	40.372063	94.956190
39.389109	40.599842	95.384708
39.993687	40.885660	98.052739
40.607545	41.145436	98.198536
41.230825	41.398106	100.694521
41.863671	41.657736	100.924750
42.506232	41.909238	103.326520
43.158654	42.170191	103.584757
43.821091	42.424159	105.878662
44.493695	42.679802	106.145219
45.176623	42.939797	108.379158
45.870033	43.192181	108.607704
46.574087	43.455279	110.810040
47.288946	43.710912	110.962402
48.014778	43.966805	113.101750
48.751751	44.220962	113.189792
49.500035	44.448832	115.346940
50.259805	44.728913	115.681682
51.031236	44.990024	117.575685
51.814508	45.248950	117.799658
52.609803	45.511725	119.666644
53.417304	45.764210	119.835613
54.237199	46.025067	121.699055
55.069679	46.281437	121.839148
55.914936	46.540049	123.654407
56.773168	46.800022	123.784499
57.644572	47.058250	125.530644
58.529351	47.318947	125.657588
59.427710	47.580017	127.343589
60.339859	47.841840	127.448192
61.266007	48.104930	129.077438
62.206371	48.369850	129.159444
63.161169	48.636546	130.716621
64.130622	48.904386	130.761564
65.114954	49.176418	132.239562
66.114395	49.450770	132.210560
67.129177	49.728427	133.542472
68.159534	50.004943	133.343380
69.205706	50.270687	134.404743
70.267935	50.512508	133.978998
71.346469	50.716727	134.865679
72.441557	50.871253	134.622579
73.553453	51.031100	136.119268
74.682415	51.225212	136.456058
75.828706	51.449676	138.126200
76.992591	51.696692	138.436806
78.174341	51.954511	139.936027
79.374229	52.217178	140.097673
80.592533	52.480980	141.444430
81.829538	52.745165	141.517554
83.085529	53.009236	142.766450
84.360798	53.272747	142.786512
85.655641	53.536264	143.963812
86.970359	53.798905	143.947616
88.305256	54.062219	145.070985
89.660642	54.326144	145.021991
91.036831	54.588264	146.079640
92.434144	54.850917	146.013390
93.852904	55.114194	147.023004
95.293440	55.376982	146.926800
96.756087	55.639631	147.888716
98.241184	55.903280	147.772627
99.749075	56.166066	148.680845
101.280111	56.429508	148.546829
102.834646	56.693653	149.409162
104.413042	56.958119	149.246681
106.015664	57.222386	150.054434
107.642885	57.486462	149.866507
109.295082	57.750659	150.629133
110.972638	58.015795	150.420210
112.675943	58.281288	151.128566
114.405391	58.546589	150.884286
116.161385	58.810845	151.538139
117.944331	59.075450	151.273839
119.754644	59.340531	151.881631
121.592742	59.606014	151.584916
123.459054	59.870569	152.134574
125.354011	60.135389	151.808787
127.278054	60.399463	152.304508
129.231628	60.663536	151.948943
131.215188	60.927203	152.391769
133.229193	61.190784	152.000956
135.274111	61.452659	152.384964
137.350416	61.714331	151.966778
139.458590	61.975229	152.299574
141.599122	62.235744	151.849116
143.772508	62.495217	152.123977
145.979254	62.753157	151.638423
148.219871	63.010155	151.862488
150.494879	63.265981	151.346732
152.804806	63.520859	151.517262
155.150187	63.774175	150.965177
157.531567	64.025088	151.077973
159.949499	64.273805	150.501972
162.404543	64.522067	150.573040
164.897270	64.767898	149.965425
167.428257	65.012461	149.985730
169.998092	65.253833	149.344923
172.607371	65.492531	149.321730
175.256699	65.729321	148.666402
177.946692	65.964123	148.603977
180.677973	66.196474	147.925135
183.451176	66.425580	147.822806
186.266944	66.652409	147.133373
189.125932	66.876917	147.001903
192.028801	67.099270	146.298598
194.976227	67.318259	146.132098
197.968892	67.533988	145.420983
201.007491	67.746922	145.239934
204.092729	67.958179	144.533157
207.225322	68.166447	144.333054
210.405997	68.372509	143.626679
213.635492	68.574500	143.417386
216.914556	68.776522	142.733793
220.243949	68.975546	142.511950
223.624446	69.172032	141.840450
227.056828	69.367180	141.625657
230.541895	69.560132	140.975619
234.080453	69.752293	140.773856
237.673323	69.943840	140.150602
241.321341	70.134071	139.955889
245.025351	70.323891	139.362571
248.786214	70.512976	139.183267
252.604802	70.701756	138.625771
256.482000	70.890967	138.475260
260.418710	71.081593	137.957346
264.415843	71.271590	137.829263
268.474328	71.462758	137.364431
272.595106	71.655621	137.288780
276.779133	71.850118	136.887695
281.027381	72.045374	136.891173
285.340834	72.242299	136.620325
289.720494	72.440938	136.834381
294.167376	72.641583	137.104761
298.682514	73.021579	138.411371
303.266953	73.622443	137.292689
307.921759	73.841700	135.208062
312.648010	74.008302	134.634277
317.446805	74.205197	134.468803
322.319255	74.604062	135.238620
327.266492	75.227148	133.516444
332.289663	75.437366	130.778126
337.389935	75.644530	129.576982
342.568490	75.854021	128.004630
347.826529	76.059589	126.875795
353.165274	76.274194	125.757585
358.585963	76.588037	124.519963
364.089853	76.790355	122.399308
369.678221	76.972491	121.027076
375.352365	77.138663	119.119766
381.113600	77.285458	117.837821
386.963264	77.452264	115.814101
392.902713	77.472183	114.314176
398.933327	77.567133	113.398164
405.056503	77.706306	112.331816
411.273663	77.829712	111.072207
417.586250	77.965806	109.977486
423.995728	78.097639	108.364987
430.503584	78.112339	106.955492
437.111328	78.125149	106.354670
443.820494	78.260460	106.129215
450.632638	78.461604	105.163490
457.549340	78.591160	103.977288
464.572207	78.709771	102.920703
471.702866	78.824273	101.928117
478.942973	78.935329	100.932987
486.294207	79.052372	100.237446
493.758274	79.257398	99.265965
501.336907	79.389589	97.698463
509.031863	79.471347	96.494730
516.844927	79.555023	95.362939
524.777914	79.641926	94.395910
532.832663	79.730639	93.380137
541.011043	79.823070	92.502504
549.314952	79.917915	91.543602
557.746317	80.016331	90.718600
566.307094	80.117827	89.788981
574.999269	80.222376	88.997361
583.824859	80.330389	88.085540
592.785912	80.442600	87.341671
601.884506	80.569576	86.448270
611.122755	80.700373	85.617567
620.502799	80.829923	84.606135
630.026817	80.960751	83.727594
639.697018	81.093978	82.657222
649.515646	81.229003	81.714627
659.484978	81.365672	80.553076
669.607328	81.504292	79.508834
679.885045	81.644198	78.202024
690.320514	81.785452	76.893709
700.916155	81.878774	75.190861
711.674427	81.931789	73.921645
722.597826	81.987749	72.591842
733.688888	82.046027	71.563002
744.950184	82.106567	70.328991
756.384329	82.169403	69.381650
767.993975	82.233996	68.169226
779.781816	82.300500	67.244615
791.750587	82.368177	65.935681
803.903066	82.402810	64.907371
816.242071	82.430269	63.777959
828.770466	82.461576	63.022842
841.491157	82.496249	62.050461
854.407097	82.535673	61.437665
867.521282	82.579093	60.582416
880.836755	82.628250	60.097453
894.356605	82.683857	59.434136
908.083970	82.782710	59.125471
922.022035	82.882763	58.282023
936.174033	82.985469	57.842108
950.543248	83.092435	56.963842
965.133014	83.203488	56.509652
979.946717	83.318426	55.619042
994.987794	83.443223	55.267860
1010.259734	83.612080	54.388060
1025.766081	83.777862	53.689519
1041.510433	83.939912	52.488055
1057.496443	84.097665	51.613602
1073.727820	84.250189	50.234940
1090.208331	84.396613	49.180327
1106.941799	84.513688	47.636981
1123.932106	84.628591	46.683344
1141.183196	84.745486	45.223215
1158.699071	84.864345	44.279657
1176.483794	84.985443	42.776717
1194.541493	85.109276	41.775866
1212.876357	85.231836	40.096404
1231.492641	85.325410	38.938143
1250.394663	85.414119	37.337512
1269.586811	85.504189	36.318289
1289.073536	85.595641	34.750151
1308.859360	85.688497	33.760520
1328.948875	85.782778	32.182271
1349.346741	85.878507	31.194360
1370.057691	85.975705	29.586593
1391.086530	86.074394	28.582548
1412.438139	86.174599	26.928491
1434.117471	86.276342	25.890011
1456.129556	86.379646	24.167475
1478.479502	86.484535	23.061256
1501.172494	86.587664	21.205325
1524.213798	86.678763	19.977875
1547.608761	86.759963	18.081148
1571.362809	86.840177	16.914755
1595.481455	86.921623	15.033647
1619.970296	87.004318	13.865337
1644.835012	87.088283	11.938901
1670.081374	87.173537	10.730100
1695.715238	87.260098	8.722995
1721.742554	87.347989	7.433154
1748.169360	87.437229	5.290003
1775.001787	87.527839	3.817736
1802.246062	87.604613	1.324763
1829.908506	87.633733	-0.467070
1857.995537	87.622104	-2.919836
1886.513672	87.601930	-4.342423
1915.469528	87.581447	-6.506942
1944.869824	87.560651	-7.732440
1974.721382	87.539534	-9.763743
2005.031127	87.518094	-10.844942
2035.806093	87.496324	-12.749534
2067.053419	87.474220	-13.643386
2098.780357	87.461698	-15.280253
2130.994268	87.488073	-15.860052
2163.702626	87.555091	-17.515884
2196.913020	87.632397	-18.411188
2230.633156	87.710889	-20.392087
2264.870858	87.790586	-21.486965
2299.634071	87.871506	-23.663462
2334.930859	87.953668	-24.927107
2370.769413	88.037091	-27.322878
2407.158049	88.114956	-28.842184
2444.105209	88.173403	-31.511077
2481.619467	88.218820	-33.124464
2519.709526	88.262778	-35.834142
2558.384224	88.307411	-37.527128
2597.652535	88.352729	-40.427296
2637.523571	88.398743	-42.375494
2678.006582	88.441435	-45.741849
2719.110962	88.435138	-48.421031
2760.846247	88.316320	-52.303624
2803.222122	88.139339	-54.549365
2846.248419	87.959640	-57.692767
2889.935121	87.777184	-59.485166
2934.292365	87.591927	-62.399550
2979.330442	87.403826	-64.051982
3025.059803	87.191266	-67.002458
3071.491058	86.933720	-68.531158
3118.634980	86.657649	-71.034184
3166.502508	86.377341	-71.996752
3215.104749	86.092729	-74.034580
3264.452980	85.803750	-74.433764
3314.558650	85.541202	-75.731808
3365.433386	85.352035	-75.479878
3417.088991	85.205526	-76.774406
3469.537452	85.062885	-76.745652
3522.790937	84.918055	-78.072988
3576.861804	84.775346	-77.667019
3631.762597	84.710780	-78.277548
3687.506055	84.779528	-77.629604
3744.105113	84.905405	-79.177316
3801.572902	85.033214	-79.748629
3859.922757	85.162985	-82.357434
3919.168216	85.250637	-84.072879
3979.323027	85.236826	-87.628500
4040.401145	85.163835	-89.420859
4102.416744	85.082740	-92.782867
4165.384213	84.995758	-94.812108
4229.318161	84.817492	-99.088670
4294.233423	84.438912	-101.514457
4360.145061	83.955244	-104.499956
4427.068369	83.464152	-104.755956
4495.018873	83.013601	-105.545758
4564.012342	82.768132	-103.638974
4634.064782	82.751647	-104.074843
4705.192448	82.787023	-103.716855
4777.411843	82.822942	-105.891149
4850.739725	82.781278	-106.885455
4925.193107	82.635390	-109.639564
5000.789264	82.458426	-110.119024
5077.545738	82.290807	-112.126799
5155.480336	82.195177	-111.893961
5234.611143	82.208648	-113.953649
5314.956518	82.261297	-114.849950
5396.535104	82.284246	-118.857331
5479.365829	82.080676	-121.767938
5563.467912	81.622700	-125.805827
5648.860868	81.138091	-126.433685
5735.564509	80.686951	-128.320491
5823.598953	80.331594	-127.525703
5912.984627	80.025722	-128.913320
6003.742269	79.750091	-127.698728
6095.892940	79.589937	-128.529614
6189.458019	79.533396	-127.550529
6284.459216	79.497421	-129.723183
6380.918575	79.348485	-130.173203
6478.858476	79.050804	-132.475495
6578.301643	78.754710	-130.990421
6679.271152	78.696429	-131.026130
6781.790428	78.919689	-129.598414
6885.883260	79.186271	-132.690739
6991.573799	79.290167	-134.621854
7098.886568	79.204899	-139.354487
7207.846468	79.014102	-141.495803
7318.478779	78.646806	-146.313109
7430.809171	78.116233	-147.367436
7544.863709	77.589948	-149.816233
7660.668854	77.152556	-148.795882
7778.251478	76.771118	-150.207469
7897.638862	76.495232	-148.293495
8018.858708	76.343597	-149.531007
8141.939142	76.240976	-148.232216
8266.908722	76.170782	-150.315595
8393.796444	76.107123	-149.845251
8522.631749	75.988539	-152.895883
8653.444531	75.807262	-152.678809
8786.265141	75.624792	-155.457469
8921.124398	75.457834	-154.933541
9058.053593	75.306495	-157.747174
9197.084496	75.186584	-157.283230
9338.249366	75.094404	-160.559215
9481.580958	75.037183	-160.925777
9627.112528	74.901627	-166.104985
9774.877844	74.490984	-167.970342
9924.911191	73.897548	-172.250584
10077.247380	73.339213	-171.577356
10231.921757	72.839791	-174.491101
10388.970212	72.359398	-173.473995
10548.429184	71.810689	-176.939863
10710.335671	70.982836	-175.664214
10874.727239	70.075030	-175.718964
11041.642033	69.414877	-169.132724
11211.118781	69.198175	-165.446078
11383.196805	69.546606	-158.690030
11557.916033	70.019333	-159.618751
11735.317004	70.387891	-157.662293
11915.440880	70.571721	-161.407410
12098.329454	70.653575	-159.845474
12284.025162	70.783479	-163.482590
12472.571089	70.853637	-162.489734
12664.010983	70.891448	-166.473186
12858.389263	71.043515	-165.425086
13055.751031	71.142941	-171.501207
13256.142079	70.975226	-172.500155
13459.608904	70.538165	-178.478995
13666.198715	70.004540	-176.341627
13875.959447	69.674620	-178.274354
14088.939769	69.799558	-174.090263
14305.189099	69.967187	-179.152473
14524.757612	69.952305	-177.672216
14747.696254	69.903040	-183.302096
14974.056752	69.854245	-181.160518
15203.891629	69.965616	-187.259084
15437.254212	70.129886	-188.144185
15674.198647	69.277771	-201.703371
15914.779912	66.830660	-193.243536
16159.053828	67.419144	-178.467621
16407.077073	70.441979	-176.146960
16658.907195	70.783805	-196.934897
16914.602625	69.663504	-195.620292
17174.222692	69.778717	-197.955465
17437.827634	70.811600	-194.376684
17705.478614	71.668309	-208.046306
17977.237735	72.004687	-212.283255
18253.168051	71.604536	-229.130524
18533.333587	71.190963	-227.470588
18817.799347	71.251719	-242.653171
19106.631336	70.981353	-242.964146
19399.896571	70.695005	-260.952189
19697.663095	70.839708	-259.273206
20000.000000	70.604026	-297.200333