* FRD data written by MATAA on 05-Jan-2019 10:25:28
* Monkey Coffin 20181219, spliced SPL curve, SCANR2904WG148 (no filter), 1 m from baffle, horizontal angle = +15 deg.
10.000000	17.670190	-748.626285
10.153489	17.936353	-510.208647
10.309333	18.199496	-507.904382
10.467570	18.464606	-423.382180
10.628235	18.731642	-421.471963
10.791367	18.982981	-368.424656
10.957002	19.256605	-366.617749
11.125180	19.518796	-327.466426
11.295939	19.781813	-325.821186
11.469319	20.047994	-294.510144
11.645360	20.305907	-293.004796
11.824103	20.572644	-266.756785
12.005589	20.834733	-265.368631
12.189862	21.100807	-242.723256
12.376962	21.367651	-241.465311
12.566935	21.617694	-221.530438
12.759823	21.891114	-220.223096
12.955672	22.152951	-202.472514
13.154527	22.415815	-201.241044
13.356434	22.681586	-185.162065
13.561440	22.938707	-184.009413
13.769593	23.205146	-169.260618
13.980941	23.467803	-168.180274
14.195532	23.734069	-154.591434
14.413418	24.000812	-153.614220
14.634647	24.249555	-141.026998
14.859273	24.521584	-139.964127
15.087346	24.782916	-128.303010
15.318920	25.045282	-127.295230
15.554048	25.310627	-116.363672
15.792785	25.568032	-115.417461
16.035186	25.833738	-105.094887
16.281308	26.094842	-104.201040
16.531208	26.361994	-94.445171
16.784943	26.629650	-93.663058
17.042573	26.874398	-84.457723
17.304158	27.145557	-83.546492
17.569757	27.405990	-74.880067
17.839433	27.667200	-74.022739
18.113248	27.930779	-65.763785
18.391266	28.187711	-64.953205
18.673551	28.451875	-57.042638
18.960169	28.710835	-56.269491
19.251186	28.979207	-48.680258
19.546670	29.249403	-48.049257
19.846690	29.486039	-40.858058
20.151314	29.754131	-40.024608
20.460614	30.012142	-33.188986
20.774661	30.270145	-32.402707
21.093529	30.531223	-25.828445
21.417291	30.786177	-25.023293
21.746022	31.071091	-18.723323
22.079799	31.311309	-18.196969
22.418699	31.553036	-11.988192
22.762800	31.814521	-11.279298
23.112184	32.063253	-5.388601
23.466930	32.319380	-4.646112
23.827121	32.567089	1.011312
24.192840	32.814981	1.852273
24.564173	33.064861	7.338217
24.941205	33.309892	8.574187
25.324024	33.703725	13.810003
25.712720	33.892858	13.753115
26.107381	34.090795	19.545968
26.508100	34.398946	20.597908
26.914969	34.731644	25.905109
27.328084	35.098552	26.321616
27.747539	35.368145	30.731468
28.173432	35.678855	31.539690
28.605863	36.022068	35.308866
29.044930	36.147603	35.804932
29.490737	36.537844	40.769750
29.943387	36.792807	40.320149
30.402984	37.040794	44.949146
30.869636	37.315724	44.684251
31.343450	37.455514	49.242718
31.824536	37.814270	50.051945
32.313007	38.068761	53.604204
32.808975	38.320972	54.234860
33.312556	38.595650	57.748222
33.823866	38.761709	58.404957
34.343024	39.101750	62.629253
34.870151	39.358762	62.607818
35.405368	39.613061	66.576862
35.948801	39.900598	66.795593
36.500574	40.151926	70.378692
37.060817	40.415152	70.688049
37.629659	40.673174	74.182403
38.207232	40.931407	74.495851
38.793669	41.187676	77.847286
39.389109	41.419554	78.265782
39.993687	41.710582	81.769549
40.607545	41.973631	81.901959
41.230825	42.231475	85.225003
41.863671	42.495323	85.442312
42.506232	42.751251	88.655671
43.158654	43.017215	88.909502
43.821091	43.275718	91.996693
44.493695	43.536634	92.266209
45.176623	43.801478	95.275450
45.870033	44.058561	95.513562
46.574087	44.326934	98.483537
47.288946	44.588431	98.651135
48.014778	44.850008	101.540748
48.751751	45.110140	101.649787
49.500035	45.344341	104.543704
50.259805	45.630752	104.901883
51.031236	45.898194	107.516366
51.814508	46.162529	107.770945
52.609803	46.432532	110.357408
53.417304	46.692370	110.555797
54.237199	46.959639	113.120168
55.069679	47.223391	113.301506
55.914936	47.489385	115.805572
56.773168	47.756988	115.981422
57.644572	48.023350	118.404479
58.529351	48.291788	118.578412
59.427710	48.560884	120.931140
60.339859	48.830557	121.090421
61.266007	49.102609	123.378719
62.206371	49.375867	123.515557
63.161169	49.651213	125.724793
64.130622	49.928547	125.833180
65.114954	50.210074	127.950786
66.114395	50.494718	127.987976
67.129177	50.782074	129.943046
68.159534	51.068086	129.816629
69.205706	51.344290	131.498319
70.267935	51.596677	131.149663
71.346469	51.812423	132.644753
72.441557	51.977494	132.475665
73.553453	52.148068	134.576379
74.682415	52.354016	134.999415
75.828706	52.590846	137.260188
76.992591	52.849807	137.654593
78.174341	53.119883	139.735712
79.374229	53.394608	139.986227
80.592533	53.671067	141.910684
81.829538	53.948475	142.078445
83.085529	54.226260	143.894305
84.360798	54.503485	144.008119
85.655641	54.780716	145.744152
86.970359	55.057857	145.825942
88.305256	55.335103	147.497039
89.660642	55.613638	147.554109
91.036831	55.891480	149.154711
92.434144	56.169951	149.185110
93.852904	56.447113	150.726798
95.293440	56.726659	150.745184
96.756087	57.005126	152.223628
98.241184	57.285039	152.224606
99.749075	57.565199	153.642638
101.280111	57.844791	153.620448
102.834646	58.126199	154.991885
104.413042	58.408599	154.944607
106.015664	58.690798	156.245413
107.642885	58.972257	156.172568
109.295082	59.254544	157.426838
110.972638	59.538666	157.335601
112.675943	59.822432	158.520327
114.405391	60.106437	158.400653
116.161385	60.390514	159.524874
117.944331	60.674284	159.380839
119.754644	60.959288	160.452378
121.592742	61.244825	160.276518
123.459054	61.529415	161.278362
125.354011	61.814376	161.077373
127.278054	62.099383	162.017222
129.231628	62.383703	161.784781
131.215188	62.668461	162.667373
133.229193	62.953451	162.401835
135.274111	63.237108	163.212190
137.350416	63.519872	162.917801
139.458590	63.802830	163.672954
141.599122	64.085476	163.345520
143.772508	64.367232	164.030066
145.979254	64.647083	163.665494
148.219871	64.925882	164.294345
150.494879	65.204622	163.904703
152.804806	65.481896	164.465447
155.150187	65.757373	164.040289
157.531567	66.031368	164.541114
159.949499	66.303297	164.086575
162.404543	66.573767	164.533075
164.897270	66.842709	164.051769
167.428257	67.109555	164.438711
169.998092	67.374129	163.928527
172.607371	67.635775	164.261029
175.256699	67.895022	163.735568
177.946692	68.153026	164.026351
180.677973	68.408581	163.475122
183.451176	68.660424	163.712638
186.266944	68.909405	163.153588
189.125932	69.156643	163.360163
192.028801	69.401568	162.789261
194.976227	69.643398	162.950784
197.968892	69.880852	162.372391
201.007491	70.116487	162.518514
204.092729	70.350097	161.944701
207.225322	70.580527	162.060346
210.405997	70.807783	161.491097
213.635492	71.031873	161.597447
216.914556	71.255055	161.053737
220.243949	71.476222	161.146486
223.624446	71.694674	160.613784
227.056828	71.910914	160.702488
230.541895	72.124959	160.198156
234.080453	72.337864	160.296508
237.673323	72.549855	159.826463
241.321341	72.761180	159.932122
245.025351	72.971584	159.492427
248.786214	73.180711	159.609042
252.604802	73.389536	159.216589
256.482000	73.599469	159.361338
260.418710	73.809732	159.008863
264.415843	74.019504	159.178567
268.474328	74.230717	158.889639
272.595106	74.443628	159.109608
276.779133	74.658172	158.889946
281.027381	74.873478	159.187730
285.340834	75.090435	159.103359
289.720494	75.309112	159.610627
294.167376	75.529794	160.070516
298.682514	75.930277	161.670673
303.266953	76.553006	160.717895
307.921759	76.783515	158.887369
312.648010	76.962170	158.543302
317.446805	77.172212	158.688073
322.319255	77.584687	159.719301
327.266492	78.222957	158.334832
332.289663	78.449255	155.883464
337.389935	78.673891	155.037746
342.568490	78.902171	153.776858
347.826529	79.128590	153.015827
353.165274	79.364410	152.223946
358.585963	79.701564	151.370287
364.089853	79.929067	149.597943
369.678221	80.139031	148.615955
375.352365	80.333890	147.063195
381.113600	80.511227	146.179148
386.963264	80.711229	144.526334
392.902713	80.766143	143.423367
398.933327	80.898153	142.887247
405.056503	81.077215	142.220250
411.273663	81.243018	141.341514
417.586250	81.423385	140.634761
423.995728	81.601399	139.403336
430.503584	81.665143	138.378275
437.111328	81.729826	138.153540
443.820494	81.918981	138.293795
450.632638	82.176561	137.693245
457.549340	82.364240	136.851927
464.572207	82.543477	136.149011
471.702866	82.720903	135.479383
478.942973	82.897022	134.816540
486.294207	83.080528	134.416303
493.758274	83.354998	133.759119
501.336907	83.558053	132.450197
509.031863	83.712279	131.532652
516.844927	83.870521	130.624650
524.777914	84.033173	129.910654
532.832663	84.199729	129.077847
541.011043	84.370998	128.412982
549.314952	84.546104	127.588610
557.746317	84.726139	126.932303
566.307094	84.910581	126.078963
574.999269	85.099950	125.395853
583.824859	85.293547	124.471731
592.785912	85.492589	123.732792
601.884506	85.702370	122.643694
611.122755	85.892170	121.628118
620.502799	86.062724	120.418858
630.026817	86.231356	119.495715
639.697018	86.400435	118.315935
649.515646	86.569396	117.383487
659.484978	86.738131	116.148972
669.607328	86.907067	115.153825
679.885045	87.075501	113.802593
690.320514	87.243321	112.581802
700.916155	87.362306	110.870574
711.674427	87.440117	109.729710
722.597826	87.519832	108.422326
733.688888	87.601223	107.565057
744.950184	87.684731	106.389990
756.384329	87.770360	105.658329
767.993975	87.858086	104.541467
779.781816	87.948021	103.878682
791.750587	88.040372	102.702264
803.903066	88.099901	101.978145
816.242071	88.153662	101.018209
828.770466	88.211569	100.613831
841.491157	88.274602	99.853350
854.407097	88.342275	99.644278
867.521282	88.415491	99.061237
880.836755	88.494295	99.062137
894.356605	88.579763	98.806325
908.083970	88.726831	99.231912
922.022035	88.910588	98.922863
936.174033	89.110823	99.064680
950.543248	89.317700	98.505339
965.133014	89.531350	98.514827
979.946717	89.751542	97.853740
994.987794	89.984433	97.899099
1010.259734	90.264171	97.180275
1025.766081	90.543849	96.822865
1041.510433	90.823264	95.721423
1057.496443	91.102129	95.132360
1073.727820	91.379879	93.786916
1090.208331	91.656334	92.950896
1106.941799	91.908549	91.354664
1123.932106	92.164073	90.520980
1141.183196	92.427266	88.882441
1158.699071	92.698243	87.898222
1176.483794	92.977123	86.012262
1194.541493	93.264191	84.598136
1212.876357	93.497740	82.020832
1231.492641	93.663170	80.383635
1250.394663	93.816500	78.162851
1269.586811	93.972183	76.874138
1289.073536	94.130256	74.775904
1308.859360	94.290755	73.562227
1328.948875	94.453718	71.465511
1349.346741	94.619181	70.253066
1370.057691	94.787185	68.101153
1391.086530	94.957767	66.838718
1412.438139	95.130968	64.578358
1434.117471	95.306827	63.204527
1456.129556	95.485385	60.752154
1478.479502	95.666683	59.125949
1501.172494	95.833067	56.175934
1524.213798	95.930549	54.053940
1547.608761	95.970220	51.133586
1571.362809	95.998782	49.518193
1595.481455	96.027781	46.976358
1619.970296	96.057226	45.597930
1644.835012	96.087123	43.189268
1670.081374	96.117479	41.937411
1695.715238	96.148301	39.597938
1721.742554	96.179596	38.427797
1748.169360	96.211371	36.120501
1775.001787	96.243634	34.994853
1802.246062	96.273976	32.668577
1829.908506	96.297035	31.551861
1857.995537	96.313911	29.256366
1886.513672	96.329719	28.247702
1915.469528	96.345769	26.012683
1944.869824	96.362065	25.076096
1974.721382	96.378612	22.867821
2005.031127	96.395413	21.985500
2035.806093	96.412472	19.790700
2067.053419	96.429792	18.950284
2098.780357	96.446553	16.750724
2130.994268	96.460318	15.938299
2163.702626	96.470945	13.756195
2196.913020	96.480964	13.026070
2230.633156	96.491138	10.891833
2264.870858	96.501467	10.245779
2299.634071	96.511955	8.168957
2334.930859	96.522604	7.643560
2370.769413	96.533416	5.720257
2407.158049	96.564916	5.551802
2444.105209	96.658762	3.880810
2481.619467	96.795842	3.484900
2519.709526	96.941495	1.223642
2558.384224	97.089383	0.348270
2597.652535	97.239541	-2.367400
2637.523571	97.392005	-3.711421
2678.006582	97.541160	-7.151141
2719.110962	97.623000	-9.558937
2760.846247	97.548473	-13.738408
2803.222122	97.393809	-15.528539
2846.248419	97.236771	-18.637149
2889.935121	97.077322	-19.718820
2934.292365	96.915426	-22.384958
2979.330442	96.751046	-23.002759
3025.059803	96.598978	-25.209321
3071.491058	96.473268	-25.432461
3118.634980	96.355651	-27.530792
3166.502508	96.236228	-27.628606
3215.104749	96.114973	-29.533491
3264.452980	95.991856	-29.244504
3314.558650	95.898380	-30.568861
3365.433386	95.882541	-29.766339
3417.088991	95.912997	-31.253787
3469.537452	95.950168	-30.847409
3522.790937	95.987910	-32.583564
3576.861804	96.028510	-32.108355
3631.762597	96.111841	-33.602398
3687.506055	96.266851	-33.085175
3744.105113	96.453633	-35.179051
3801.572902	96.643282	-35.366413
3859.922757	96.835842	-38.101304
3919.168216	97.012686	-38.910180
3979.323027	97.148726	-42.223524
4040.401145	97.261893	-43.208724
4102.416744	97.373840	-46.639220
4165.384213	97.485339	-47.909296
4229.318161	97.556539	-51.997965
4294.233423	97.536556	-53.675251
4360.145061	97.469902	-57.480653
4427.068369	97.402224	-58.536950
4495.018873	97.335143	-62.024908
4564.012342	97.274243	-62.849896
4634.064782	97.220324	-66.295866
4705.192448	97.167349	-67.131820
4777.411843	97.113561	-70.756620
4850.739725	97.033179	-71.803236
4925.193107	96.917398	-75.542582
5000.789264	96.790330	-76.390812
5077.545738	96.654521	-80.108825
5155.480336	96.474650	-81.052784
5234.611143	96.229768	-84.657536
5314.956518	95.959187	-84.866889
5396.535104	95.690121	-87.602461
5479.365829	95.459070	-86.912992
5563.467912	95.271151	-89.176596
5648.860868	95.087342	-88.159916
5735.564509	94.956509	-89.774111
5823.598953	94.963754	-88.193211
5912.984627	95.046045	-90.558193
6003.742269	95.107377	-90.310668
6095.892940	95.093516	-93.697451
6189.458019	95.011980	-93.507580
6284.459216	94.915030	-96.327648
6380.918575	94.861905	-95.312236
6478.858476	94.867001	-97.895545
6578.301643	94.882012	-96.930413
6679.271152	94.960893	-99.490569
6781.790428	95.115151	-98.811441
6885.883260	95.276048	-102.567211
6991.573799	95.367436	-103.050928
7098.886568	95.377898	-107.346956
7207.846468	95.365568	-107.505619
7318.478779	95.358133	-111.559691
7430.809171	95.355200	-111.637100
7544.863709	95.341967	-115.953831
7660.668854	95.298241	-116.163972
7778.251478	95.231678	-120.608338
7897.638862	95.111457	-120.751676
8018.858708	94.928685	-124.757906
8141.939142	94.786704	-123.445808
8266.908722	94.800286	-126.448232
8393.796444	94.894701	-125.513574
8522.631749	94.984898	-129.714505
8653.444531	95.062027	-129.487792
8786.265141	95.105268	-134.355770
8921.124398	95.095325	-134.292831
9058.053593	95.079568	-138.974074
9197.084496	95.082956	-138.482128
9338.249366	95.120310	-143.060817
9481.580958	95.231341	-142.555991
9627.112528	95.372311	-148.073438
9774.877844	95.477820	-148.698096
9924.911191	95.514605	-155.406408
10077.247380	95.408055	-156.545555
10231.921757	95.216623	-162.524303
10388.970212	95.171207	-162.029905
10548.429184	95.186626	-168.669304
10710.335671	95.053471	-169.638708
10874.727239	94.804459	-176.513592
11041.642033	94.497259	-176.141642
11211.118781	94.267093	-181.390171
11383.196805	94.211806	-180.046658
11557.916033	94.162625	-186.510588
11735.317004	94.048887	-186.015687
11915.440880	93.903828	-192.608940
12098.329454	93.809629	-191.382718
12284.025162	93.812945	-198.425334
12472.571089	93.718029	-198.511870
12664.010983	93.483845	-206.286581
12858.389263	93.257068	-205.048089
13055.751031	93.110419	-212.159359
13256.142079	93.003861	-210.988405
13459.608904	92.806403	-219.048407
13666.198715	92.595603	-217.070609
13875.959447	92.489683	-224.469711
14088.939769	92.473153	-222.430233
14305.189099	92.399977	-231.308442
14524.757612	92.274521	-229.003272
14747.696254	92.260796	-237.341599
14974.056752	92.393453	-234.643783
15203.891629	92.575200	-244.947149
15437.254212	92.728256	-243.484405
15674.198647	92.866281	-255.527131
15914.779912	93.016698	-254.625952
16159.053828	93.073935	-269.175660
16407.077073	92.912854	-268.704345
16658.907195	92.685657	-282.901588
16914.602625	92.667396	-279.340437
17174.222692	92.945318	-295.086505
17437.827634	93.171920	-293.850957
17705.478614	93.371977	-314.049777
17977.237735	93.501721	-314.151492
18253.168051	93.297297	-339.225681
18533.333587	93.121188	-336.154075
18817.799347	93.322099	-365.311400
19106.631336	93.501962	-363.581749
19399.896571	93.713754	-407.973217
19697.663095	94.026046	-406.897920
20000.000000	94.217336	-518.176276