* FRD data written by MATAA on 05-Jan-2019 10:25:28
* Monkey Coffin 20181219, spliced SPL curve, 12PR320 (no filter), 1 m from baffle, horizontal angle = +15 deg.
10.000000	28.007643	-451.618877
10.153489	28.440822	-225.085892
10.309333	28.880650	-218.159044
10.467570	29.327229	-142.034769
10.628235	29.857385	-134.969260
10.791367	30.466737	-88.398098
10.957002	31.162491	-81.841593
11.125180	31.908144	-48.423149
11.295939	32.694355	-42.724215
11.469319	33.513168	-16.819486
11.645360	34.357605	-11.957380
11.824103	35.212106	8.928826
12.005589	36.073485	13.024892
12.189862	36.936132	30.369067
12.376962	37.795617	33.815027
12.566935	38.651532	48.519216
12.759823	39.494544	51.411862
12.955672	40.331801	64.129381
13.154527	41.160794	66.594984
13.356434	41.980725	77.715342
13.561440	42.792443	79.794700
13.769593	43.586451	89.608046
13.980941	44.376213	91.433332
14.195532	45.157276	100.195264
14.413418	45.928562	101.745807
14.634647	46.693054	109.620274
14.859273	47.446068	110.928056
15.087346	48.191679	118.061647
15.318920	48.931050	119.187287
15.554048	49.664737	125.665004
15.792785	50.390919	126.594313
16.035186	51.109416	132.492720
16.281308	51.822301	133.267230
16.531208	52.529636	138.660454
16.784943	53.231666	139.288032
17.042573	53.931139	144.218331
17.304158	54.620739	144.679417
17.569757	55.308108	149.218984
17.839433	55.992420	149.557640
18.113248	56.675101	153.698031
18.391266	57.349913	153.870018
18.673551	58.021660	157.655242
18.960169	58.687444	157.695068
19.251186	59.350394	161.162359
19.546670	60.011181	161.083515
19.846690	60.670343	164.223120
20.151314	61.321887	163.987849
20.460614	61.972700	166.847177
20.774661	62.620798	166.473566
21.093529	63.265432	169.025229
21.417291	63.905361	168.488320
21.746022	64.537502	170.754913
22.079799	65.168564	170.108680
22.418699	65.797513	172.109270
22.762800	66.422223	171.292955
23.112184	67.041697	172.999091
23.466930	67.651761	172.022304
23.827121	68.261046	173.495223
24.192840	68.863423	172.348334
24.564173	69.459350	173.551422
24.941205	70.049791	172.237495
25.324024	70.629348	173.165511
25.712720	71.201728	171.700447
26.107381	71.764937	172.385913
26.508100	72.319359	170.768757
26.914969	72.866125	171.207891
27.328084	73.396987	169.408777
27.747539	73.917833	169.643025
28.173432	74.427092	167.710614
28.605863	74.923401	167.737036
29.044930	75.409340	165.661621
29.490737	75.873312	165.462225
29.943387	76.323763	163.311408
30.402984	76.761048	162.984609
30.869636	77.184518	160.743343
31.343450	77.591097	160.254709
31.824536	77.976364	157.946899
32.313007	78.349710	157.400983
32.808975	78.707122	155.066993
33.312556	79.048915	154.448058
33.823866	79.377201	152.101718
34.343024	79.683792	151.422405
34.870151	79.979273	149.144650
35.405368	80.262625	148.471787
35.948801	80.533443	146.234298
36.500574	80.793998	145.554351
37.060817	81.037236	143.350645
37.629659	81.270463	142.726024
38.207232	81.496825	140.630413
38.793669	81.715975	140.030100
39.389109	81.925013	137.983787
39.993687	82.124163	137.418511
40.607545	82.317784	135.472100
41.230825	82.505147	134.955320
41.863671	82.688189	133.082298
42.506232	82.863342	132.594783
43.158654	83.035165	130.806047
43.821091	83.201402	130.358518
44.493695	83.364448	128.651197
45.176623	83.525592	128.245681
45.870033	83.683368	126.592254
46.574087	83.837594	126.207789
47.288946	83.988986	124.615859
48.014778	84.138160	124.258502
48.751751	84.284901	122.723304
49.500035	84.430846	122.388008
50.259805	84.574137	120.892759
51.031236	84.715603	120.569597
51.814508	84.854917	119.118124
52.609803	84.992956	118.811398
53.417304	85.130127	117.397946
54.237199	85.264726	117.094993
55.069679	85.399210	115.722086
55.914936	85.532424	115.419322
56.773168	85.663665	114.067912
57.644572	85.793385	113.767812
58.529351	85.921771	112.446392
59.427710	86.049387	112.149004
60.339859	86.175652	110.847724
61.266007	86.300273	110.547921
62.206371	86.424585	109.268501
63.161169	86.546348	108.958271
64.130622	86.666978	107.700559
65.114954	86.786306	107.393423
66.114395	86.905820	106.152713
67.129177	87.022164	105.829299
68.159534	87.137998	104.607329
69.205706	87.251317	104.276623
70.267935	87.363370	103.078419
71.346469	87.475484	102.746845
72.441557	87.584495	101.556618
73.553453	87.693442	101.225994
74.682415	87.800564	100.050096
75.828706	87.906506	99.712181
76.992591	88.011115	98.551037
78.174341	88.113804	98.203387
79.374229	88.214458	97.062282
80.592533	88.315051	96.719345
81.829538	88.413970	95.591103
83.085529	88.511658	95.242243
84.360798	88.607921	94.130791
85.655641	88.703107	93.778779
86.970359	88.796627	92.682875
88.305256	88.889149	92.332259
89.660642	88.981037	91.254016
91.036831	89.071017	90.896501
92.434144	89.159917	89.840929
93.852904	89.249124	89.485411
95.293440	89.335826	88.438933
96.756087	89.422774	88.087205
98.241184	89.508317	87.052962
99.749075	89.592363	86.698776
101.280111	89.676304	85.687320
102.834646	89.759389	85.332269
104.413042	89.842135	84.333455
106.015664	89.923203	83.973301
107.642885	90.003798	82.994971
109.295082	90.084560	82.639050
110.972638	90.164671	81.668279
112.675943	90.243217	81.307817
114.405391	90.322159	80.357551
116.161385	90.400462	79.994531
117.944331	90.478437	79.055694
119.754644	90.556219	78.690287
121.592742	90.633673	77.759533
123.459054	90.710404	77.387406
125.354011	90.786886	76.464935
127.278054	90.861742	76.086529
129.231628	90.936982	75.186786
131.215188	91.013713	74.805744
133.229193	91.088420	73.898816
135.274111	91.163087	73.511502
137.350416	91.237082	72.613668
139.458590	91.310702	72.220114
141.599122	91.384191	71.331943
143.772508	91.457727	70.929277
145.979254	91.530380	70.040524
148.219871	91.602217	69.629174
150.494879	91.674075	68.747667
152.804806	91.744827	68.326226
155.150187	91.815844	67.451096
157.531567	91.885743	67.014469
159.949499	91.954066	66.142959
162.404543	92.022809	65.707937
164.897270	92.091058	64.839881
167.428257	92.158439	64.391235
169.998092	92.224848	63.527046
172.607371	92.290806	63.070814
175.256699	92.355246	62.208516
177.946692	92.418797	61.750976
180.677973	92.482656	60.898787
183.451176	92.544539	60.428199
186.266944	92.605516	59.585759
189.125932	92.665854	59.118207
192.028801	92.725686	58.285685
194.976227	92.784391	57.816236
197.968892	92.842618	56.995895
201.007491	92.899919	56.530961
204.092729	92.958063	55.722331
207.225322	93.013146	55.250223
210.405997	93.069194	54.468691
213.635492	93.125287	54.003323
216.914556	93.180756	53.230517
220.243949	93.235949	52.767351
223.624446	93.289792	52.012471
227.056828	93.344739	51.569759
230.541895	93.400957	50.837773
234.080453	93.457348	50.392693
237.673323	93.513543	49.676080
241.321341	93.571238	49.245133
245.025351	93.630518	48.544993
248.786214	93.690051	48.111196
252.604802	93.750984	47.429280
256.482000	93.813806	47.002792
260.418710	93.878982	46.333223
264.415843	93.946143	45.898528
268.474328	94.015037	45.229753
272.595106	94.085866	44.782316
276.779133	94.157971	44.115631
281.027381	94.233748	43.660868
285.340834	94.311387	42.984177
289.720494	94.391220	42.503689
294.167376	94.473209	41.820372
298.682514	94.557985	41.313686
303.266953	94.644464	40.637905
307.921759	94.744594	40.116905
312.648010	94.843994	39.333296
317.446805	94.943983	38.701044
322.319255	95.043125	37.851180
327.266492	95.142638	37.139682
332.289663	95.239961	36.222435
337.389935	95.336479	35.441426
342.568490	95.431418	34.465315
347.826529	95.523668	33.612066
353.165274	95.613804	32.582862
358.585963	95.700705	31.668235
364.089853	95.785795	30.590179
369.678221	95.865847	29.610525
375.352365	95.943018	28.494966
381.113600	96.016470	27.467433
386.963264	96.085686	26.310823
392.902713	96.149800	25.241760
398.933327	96.210420	24.066125
405.056503	96.266684	22.964115
411.273663	96.318452	21.766037
417.586250	96.364856	20.636840
423.995728	96.406453	19.436362
430.503584	96.444314	18.302823
437.111328	96.478437	17.105668
443.820494	96.508300	15.963443
450.632638	96.534536	14.777224
457.549340	96.557619	13.636023
464.572207	96.576988	12.462714
471.702866	96.594019	11.331037
478.942973	96.609375	10.175255
486.294207	96.622090	9.038783
493.758274	96.632484	7.895778
501.336907	96.641751	6.763480
509.031863	96.649819	5.629186
516.844927	96.656736	4.487704
524.777914	96.663212	3.353123
532.832663	96.668475	2.189126
541.011043	96.673748	1.043391
549.314952	96.678536	-0.159675
557.746317	96.683004	-1.341236
566.307094	96.687010	-2.610809
574.999269	96.690703	-3.859259
583.824859	96.694637	-5.246665
592.785912	96.698458	-6.659504
601.884506	96.689736	-8.390464
611.122755	96.627377	-10.139214
620.502799	96.524716	-11.812820
630.026817	96.413153	-13.199887
639.697018	96.294397	-14.646692
649.515646	96.168447	-15.853834
659.484978	96.035787	-17.190869
669.607328	95.896311	-18.244407
679.885045	95.751229	-19.535440
690.320514	95.600457	-20.492743
700.916155	95.406569	-22.178833
711.674427	95.038752	-22.434811
722.597826	94.943625	-22.045237
733.688888	94.833191	-22.689899
744.950184	94.706861	-23.113258
756.384329	94.563676	-23.746573
767.993975	94.402907	-24.203915
779.781816	94.223773	-24.663895
791.750587	94.025455	-24.832255
803.903066	93.849151	-24.825488
816.242071	93.670141	-24.800873
828.770466	93.488382	-24.586236
841.491157	93.303834	-24.283458
854.407097	93.116454	-23.719398
867.521282	92.926197	-22.990764
880.836755	92.733020	-21.854186
894.356605	92.536879	-20.168705
908.083970	92.464671	-17.416572
922.022035	92.616889	-14.976618
936.174033	92.842905	-13.341482
950.543248	93.072391	-12.300042
965.133014	93.305400	-11.443804
979.946717	93.541984	-10.941799
994.987794	93.782200	-10.498951
1010.259734	94.026103	-10.366660
1025.766081	94.273750	-10.239071
1041.510433	94.525198	-10.414824
1057.496443	94.780504	-10.566853
1073.727820	95.039731	-11.031186
1090.208331	95.302936	-11.458930
1106.941799	95.570180	-12.220429
1123.932106	95.841527	-12.948514
1141.183196	96.117038	-14.048916
1158.699071	96.396778	-15.151512
1176.483794	96.680812	-16.706942
1194.541493	96.969205	-18.488487
1212.876357	97.183539	-21.076377
1231.492641	97.282395	-23.301071
1250.394663	97.358522	-25.354309
1269.586811	97.435818	-27.040927
1289.073536	97.514300	-28.896002
1308.859360	97.593987	-30.485055
1328.948875	97.674897	-32.327273
1349.346741	97.757048	-33.932202
1370.057691	97.840461	-35.845753
1391.086530	97.925154	-37.544741
1412.438139	98.011147	-39.611377
1434.117471	98.098460	-41.503068
1456.129556	98.187112	-43.861716
1478.479502	98.277126	-46.192913
1501.172494	98.335364	-49.396798
1524.213798	98.260626	-52.603445
1547.608761	98.073630	-55.641462
1571.362809	97.861810	-57.820306
1595.481455	97.646739	-60.008747
1619.970296	97.428368	-61.630330
1644.835012	97.206644	-63.385863
1670.081374	96.981516	-64.604214
1695.715238	96.752934	-65.976810
1721.742554	96.520843	-66.780242
1748.169360	96.285190	-67.695694
1775.001787	96.045920	-67.879274
1802.246062	95.840032	-67.846763
1829.908506	95.749833	-67.094675
1857.995537	95.758510	-67.072216
1886.513672	95.787679	-67.058633
1915.469528	95.817297	-67.636342
1944.869824	95.847368	-67.912370
1974.721382	95.877902	-68.661021
2005.031127	95.908904	-69.009044
2035.806093	95.940383	-69.758437
2067.053419	95.972343	-69.954552
2098.780357	96.030131	-70.268860
2130.994268	96.188633	-69.941657
2163.702626	96.452334	-70.523341
2196.913020	96.743727	-71.268928
2230.633156	97.039592	-72.903258
2264.870858	97.339998	-74.450115
2299.634071	97.645015	-76.857922
2334.930859	97.954714	-79.227409
2370.769413	98.269167	-82.701820
2407.158049	98.525293	-86.664132
2444.105209	98.594985	-91.591591
2481.619467	98.537132	-95.470811
2519.709526	98.458485	-99.433325
2558.384224	98.378632	-102.702636
2597.652535	98.297552	-106.490173
2637.523571	98.215228	-109.793645
2678.006582	98.128256	-113.869484
2719.110962	97.998230	-117.756902
2760.846247	97.771738	-122.285663
2803.222122	97.494425	-125.901626
2846.248419	97.212855	-129.971139
2889.935121	96.926964	-133.504720
2934.292365	96.636684	-137.858207
2979.330442	96.341949	-142.390804
3025.059803	95.808332	-148.972064
3071.491058	94.813271	-154.106510
3118.634980	93.644625	-157.306555
3166.502508	92.458040	-157.992843
3215.104749	91.253243	-157.405945
3264.452980	90.029954	-153.274852
3314.558650	89.247836	-144.959227
3365.433386	89.607196	-135.313603
3417.088991	90.650964	-131.281525
3469.537452	91.801892	-131.017006
3522.790937	92.970485	-134.999608
3576.861804	94.107739	-143.480304
3631.762597	94.351469	-159.134108
3687.506055	93.075913	-172.797120
3744.105113	91.144897	-180.281257
3801.572902	89.184243	-181.845307
3859.922757	87.193495	-178.962209
3919.168216	85.848267	-167.892305
3979.323027	86.058152	-156.424911
4040.401145	87.175083	-150.523240
4102.416744	88.416191	-151.135474
4165.384213	89.642659	-156.298041
4229.318161	90.235098	-168.977687
4294.233423	89.402604	-181.593534
4360.145061	87.836784	-188.924411
4427.068369	86.246931	-190.610891
4495.018873	84.807744	-188.497177
4564.012342	84.118409	-181.995266
4634.064782	84.266011	-178.459900
4705.192448	84.605644	-177.853619
4777.411843	84.950489	-181.116208
4850.739725	84.943612	-186.464847
4925.193107	84.463335	-192.388140
5000.789264	83.843928	-196.126659
5077.545738	83.200559	-200.375272
5155.480336	82.457957	-203.773795
5234.611143	81.571447	-207.500937
5314.956518	80.624624	-209.359412
5396.535104	79.679915	-211.197930
5479.365829	78.844502	-211.379453
5563.467912	78.133377	-212.884248
5648.860868	77.419721	-214.181709
5735.564509	76.629006	-217.154808
5823.598953	75.660182	-219.392267
5912.984627	74.587708	-222.234821
6003.742269	73.390445	-224.605224
6095.892940	71.803618	-227.761934
6189.458019	69.863535	-227.379105
6284.459216	67.828841	-224.066502
6380.918575	66.192176	-215.927338
6478.858476	65.089685	-209.013501
6578.301643	64.033582	-201.625780
6679.271152	63.173101	-194.205438
6781.790428	62.546270	-186.092514
6885.883260	62.101090	-178.529342
6991.573799	62.213668	-170.191076
7098.886568	62.973749	-168.209607
7207.846468	63.279450	-176.158923
7318.478779	61.203777	-189.538154
7430.809171	56.929195	-188.578115
7544.863709	53.100265	-168.388120
7660.668854	51.490050	-139.249206
7778.251478	51.240486	-110.557452
7897.638862	53.008604	-78.950436
8018.858708	57.135262	-61.038464
8141.939142	61.070979	-63.049706
8266.908722	62.646471	-74.185798
8393.796444	63.036964	-78.008901
8522.631749	63.671908	-79.842350
8653.444531	64.704307	-84.712739
8786.265141	64.409931	-98.871895
8921.124398	61.860574	-103.247137
9058.053593	59.666609	-90.817573
9197.084496	59.815570	-71.865383
9338.249366	61.314345	-61.806793
9481.580958	63.131541	-57.531677
9627.112528	64.658861	-63.117444
9774.877844	64.857464	-70.833931
9924.911191	64.095273	-75.462230
10077.247380	63.245847	-73.518384
10231.921757	62.543184	-69.336292
10388.970212	62.325652	-60.382629
10548.429184	62.952448	-50.785137
10710.335671	65.397427	-45.815165
10874.727239	66.918823	-65.794501
11041.642033	63.562860	-79.184222
11211.118781	60.453023	-59.433481
11383.196805	61.746732	-34.052846
11557.916033	64.447109	-26.302661
11735.317004	67.046805	-27.165878
11915.440880	68.933743	-39.592561
12098.329454	69.030197	-55.681432
12284.025162	67.047127	-66.830944
12472.571089	64.840853	-61.522839
12664.010983	63.942483	-49.248639
12858.389263	64.814919	-36.646715
13055.751031	65.831445	-34.589239
13256.142079	66.379425	-28.524910
13459.608904	67.974581	-23.510079
13666.198715	70.110180	-24.629907
13875.959447	71.841959	-33.706224
14088.939769	73.170306	-47.234368
14305.189099	72.769181	-68.532746
14524.757612	70.237561	-80.950162
14747.696254	67.166880	-77.534850
14974.056752	66.512494	-61.422604
15203.891629	67.366330	-56.853503
15437.254212	67.942409	-55.712207
15674.198647	68.006997	-60.103614
15914.779912	67.169303	-57.300456
16159.053828	67.528835	-48.696432
16407.077073	69.332453	-45.671633
16658.907195	70.812129	-52.668333
16914.602625	72.106235	-62.876837
17174.222692	72.457966	-83.731736
17437.827634	70.351716	-105.182428
17705.478614	66.335966	-114.020064
17977.237735	62.423496	-107.342764
18253.168051	59.662527	-86.781067
18533.333587	59.617483	-67.474917
18817.799347	59.320277	-56.183833
19106.631336	58.642841	-39.096886
19399.896571	60.611668	-15.021675
19697.663095	60.081204	-20.910872
20000.000000	58.851801	66.248842