* FRD data written by MATAA on 05-Jan-2019 10:25:28
* Monkey Coffin 20181219, spliced SPL curve, 12PR320 (no filter), 1 m from baffle, horizontal angle = +90 deg.
10.000000	26.787675	-285.464651
10.153489	27.220854	-96.224027
10.309333	27.660682	-90.584645
10.467570	28.107261	-28.107879
10.628235	28.637199	-22.187308
10.791367	29.245769	15.648397
10.957002	29.941196	21.180655
11.125180	30.686176	48.059297
11.295939	31.472387	52.830669
11.469319	32.290709	73.460783
11.645360	33.134637	77.473749
11.824103	33.988537	93.924133
12.005589	34.849517	97.237795
12.189862	35.711453	110.744097
12.376962	36.570649	113.464736
12.566935	37.425743	124.780820
12.759823	38.268576	126.997662
12.955672	39.104902	136.676078
13.154527	39.932839	138.511243
13.356434	40.752716	146.880798
13.561440	41.563379	148.359138
13.769593	42.356332	155.657794
13.980941	43.145040	156.918271
14.195532	43.925308	163.365094
14.413418	44.696279	164.378032
14.634647	45.459717	170.099375
14.859273	46.211676	170.897029
15.087346	46.956711	176.025660
15.318920	47.695548	176.659691
15.554048	48.428181	181.254413
15.792785	49.153308	181.713304
16.035186	49.870750	185.841164
16.281308	50.582580	186.163036
16.531208	51.288860	189.886053
16.784943	51.990698	190.076556
17.042573	52.689253	193.416344
17.304158	53.377797	193.450061
17.569757	54.063112	196.479080
17.839433	54.746286	196.409139
18.113248	55.426995	199.110006
18.391266	56.100753	198.889429
18.673551	56.771446	201.297984
18.960169	57.436175	200.951626
19.251186	58.098070	203.098238
19.546670	58.757392	202.639127
19.846690	59.414909	204.513043
20.151314	60.065399	203.907585
20.460614	60.714582	205.544479
20.774661	61.360570	204.806976
21.093529	62.003094	206.187183
21.417291	62.641653	205.296245
21.746022	63.271945	206.429662
22.079799	63.901746	205.434381
22.418699	64.528734	206.335351
22.762800	65.151334	205.174887
23.112184	65.768714	205.821689
23.466930	66.377585	204.503618
23.827121	66.983830	204.942240
24.192840	67.584097	203.466251
24.564173	68.177916	203.667303
24.941205	68.766247	202.024905
25.324024	69.343694	201.978206
25.712720	69.913965	200.184557
26.107381	70.474161	199.917337
26.508100	71.025378	197.980917
26.914969	71.570033	197.497645
27.328084	72.098169	195.376465
27.747539	72.616522	194.707815
28.173432	73.122218	192.452740
28.605863	73.615088	191.604786
29.044930	74.098699	189.213542
29.490737	74.559668	188.151533
29.943387	75.006954	185.681973
30.402984	75.440074	184.512393
30.869636	75.860380	181.961684
31.343450	76.263684	180.644310
31.824536	76.644899	178.024388
32.313007	77.014861	176.669253
32.808975	77.368054	174.020413
33.312556	77.705628	172.609936
33.823866	78.030080	169.952656
34.343024	78.332629	168.491415
34.870151	78.623330	165.901316
35.405368	78.902462	164.463573
35.948801	79.168457	161.910508
36.500574	79.423738	160.479651
37.060817	79.662415	157.965487
37.629659	79.890653	156.597679
38.207232	80.111739	154.189699
38.793669	80.325614	152.857076
39.389109	80.528442	150.497786
39.993687	80.722250	149.217873
40.607545	80.910555	146.954130
41.230825	81.091591	145.725908
41.863671	81.268306	143.538110
42.506232	81.437131	142.350850
43.158654	81.602364	140.244290
43.821091	81.761536	139.107361
44.493695	81.918253	137.083638
45.176623	82.072216	135.991157
45.870033	82.222515	134.019798
46.574087	82.369341	132.958445
47.288946	82.512885	131.045408
48.014778	82.654029	130.018134
48.751751	82.792331	128.161019
49.500035	82.929836	127.162766
50.259805	83.063876	125.344529
51.031236	83.196712	124.368574
51.814508	83.326664	122.589703
52.609803	83.455206	121.636559
53.417304	83.582884	119.896073
54.237199	83.707908	118.949054
55.069679	83.831847	117.243496
55.914936	83.954515	116.305044
56.773168	84.074961	114.618980
57.644572	84.193081	113.687594
58.529351	84.310222	112.034683
59.427710	84.426465	111.108604
60.339859	84.540542	109.469955
61.266007	84.653036	108.546176
62.206371	84.764113	106.925658
63.161169	84.872794	105.999893
64.130622	84.980078	104.399860
65.114954	85.085690	103.478339
66.114395	85.190693	101.892150
67.129177	85.292265	100.961659
68.159534	85.393328	99.395711
69.205706	85.491874	98.459216
70.267935	85.588140	96.910127
71.346469	85.684365	95.976548
72.441557	85.776504	94.432446
73.553453	85.868578	93.506463
74.682415	85.958356	91.972370
75.828706	86.045604	91.042390
76.992591	86.132284	89.529529
78.174341	86.216643	88.590933
79.374229	86.298311	87.089359
80.592533	86.378899	86.158428
81.829538	86.457849	84.670842
83.085529	86.534691	83.735801
84.360798	86.609474	82.265172
85.655641	86.683561	81.334711
86.970359	86.755197	79.871355
88.305256	86.824723	78.942647
89.660642	86.893399	77.497966
91.036831	86.959216	76.566586
92.434144	87.023843	75.144852
93.852904	87.087743	74.219179
95.293440	87.149138	72.809094
96.756087	87.210609	71.890004
98.241184	87.269565	70.484548
99.749075	87.326191	69.567908
101.280111	87.382715	68.188072
102.834646	87.437601	67.270936
104.413042	87.491249	65.901385
106.015664	87.542845	64.983934
107.642885	87.592848	63.633177
109.295082	87.642411	62.726537
110.972638	87.690878	61.388141
112.675943	87.737777	60.480661
114.405391	87.783532	59.159424
116.161385	87.828892	58.257948
117.944331	87.873278	56.946008
119.754644	87.916369	56.040291
121.592742	87.958003	54.738979
123.459054	87.998836	53.835739
125.354011	88.038401	52.543762
127.278054	88.076198	51.639949
129.231628	88.113262	50.369257
131.215188	88.150976	49.469010
133.229193	88.186347	48.196620
135.274111	88.220923	47.295686
137.350416	88.254414	46.035081
139.458590	88.286900	45.132870
141.599122	88.318714	43.882261
143.772508	88.349461	42.972938
145.979254	88.378218	41.727335
148.219871	88.406452	40.819285
150.494879	88.432779	39.581889
152.804806	88.458739	38.676532
155.150187	88.483698	37.445811
157.531567	88.507170	36.530505
159.949499	88.528089	35.305493
162.404543	88.548331	34.400187
164.897270	88.567985	33.188020
167.428257	88.585954	32.279397
169.998092	88.603458	31.075801
172.607371	88.618797	30.160377
175.256699	88.632302	28.964526
177.946692	88.644175	28.058455
180.677973	88.655938	26.878198
183.451176	88.665077	25.968143
186.266944	88.672788	24.803453
189.125932	88.679330	23.906815
192.028801	88.685368	22.759063
194.976227	88.689586	21.862507
197.968892	88.691455	20.731719
201.007491	88.693378	19.858407
204.092729	88.694961	18.744972
207.225322	88.693966	17.872345
210.405997	88.692158	16.789730
213.635492	88.691231	15.938595
216.914556	88.688639	14.867273
220.243949	88.684911	14.028514
223.624446	88.680562	12.988701
227.056828	88.676450	12.175758
230.541895	88.673317	11.164415
234.080453	88.669945	10.361585
237.673323	88.666667	9.372467
241.321341	88.663784	8.589661
245.025351	88.662400	7.628123
248.786214	88.661808	6.856209
252.604802	88.661986	5.913424
256.482000	88.663616	5.157864
260.418710	88.667602	4.234935
264.415843	88.672791	3.481945
268.474328	88.680280	2.570442
272.595106	88.689016	1.815851
276.779133	88.699820	0.915431
281.027381	88.713392	0.163193
285.340834	88.729821	-0.736608
289.720494	88.747545	-1.505158
294.167376	88.768030	-2.398645
298.682514	88.789979	-3.176897
303.266953	88.814738	-4.008381
307.921759	88.865644	-4.751270
312.648010	88.915897	-5.758344
317.446805	88.965657	-6.676822
322.319255	89.014087	-7.780023
327.266492	89.061574	-8.802247
332.289663	89.106507	-9.990439
337.389935	89.149715	-11.099479
342.568490	89.190350	-12.366014
347.826529	89.227229	-13.562158
353.165274	89.260844	-14.900236
358.585963	89.289204	-16.173559
364.089853	89.314288	-17.569337
369.678221	89.333804	-18.914553
375.352365	89.348109	-20.366609
381.113600	89.357023	-21.770510
386.963264	89.359344	-23.272618
392.902713	89.355516	-24.721638
398.933327	89.345846	-26.258014
405.056503	89.328810	-27.750362
411.273663	89.305147	-29.313371
417.586250	89.273177	-30.836036
423.995728	89.233794	-32.404511
430.503584	89.187764	-33.930694
437.111328	89.134911	-35.497680
443.820494	89.074424	-37.029601
450.632638	89.006480	-38.583490
457.549340	88.931426	-40.101604
464.572207	88.849376	-41.628270
471.702866	88.760608	-43.121373
478.942973	88.665976	-44.612662
486.294207	88.563896	-46.083303
493.758274	88.455150	-47.529188
501.336907	88.340796	-48.956436
509.031863	88.220018	-50.354846
516.844927	88.092778	-51.738713
524.777914	87.959679	-53.076986
532.832663	87.819843	-54.408885
541.011043	87.674196	-55.674806
549.314952	87.522186	-56.941503
557.746317	87.364083	-58.123937
566.307094	87.199022	-59.310641
574.999269	87.027335	-60.380494
583.824859	86.849422	-61.446703
592.785912	86.664621	-62.347306
601.884506	86.479791	-63.174949
611.122755	86.314917	-63.804810
620.502799	86.163725	-64.582051
630.026817	86.011520	-65.262509
639.697018	85.858056	-66.068848
649.515646	85.702886	-66.699614
659.484978	85.547187	-67.485666
669.607328	85.391474	-68.033675
679.885045	85.236921	-68.838058
690.320514	85.084133	-69.351310
700.916155	84.896126	-70.612866
711.674427	84.542551	-70.494268
722.597826	84.470555	-69.758101
733.688888	84.392634	-70.119449
744.950184	84.308489	-70.306470
756.384329	84.217828	-70.784111
767.993975	84.120432	-71.172056
779.781816	84.016087	-71.673154
791.750587	83.904547	-72.121185
803.903066	83.782430	-72.574972
816.242071	83.658439	-72.939618
828.770466	83.532544	-73.274273
841.491157	83.404717	-73.552972
854.407097	83.274928	-73.754525
867.521282	83.143146	-73.886983
880.836755	83.009343	-73.869191
894.356605	82.873484	-73.635799
908.083970	82.787618	-72.971872
922.022035	82.792956	-72.454108
936.174033	82.827692	-72.265365
950.543248	82.862960	-72.345493
965.133014	82.898770	-72.493589
979.946717	82.935130	-72.818855
994.987794	82.972047	-73.154554
1010.259734	83.009532	-73.655723
1025.766081	83.047591	-74.140052
1041.510433	83.086235	-74.793079
1057.496443	83.125472	-75.413592
1073.727820	83.165312	-76.212984
1090.208331	83.205763	-76.971738
1106.941799	83.246834	-77.925550
1123.932106	83.288536	-78.839201
1141.183196	83.330878	-79.973262
1158.699071	83.373870	-81.086144
1176.483794	83.417522	-82.468743
1194.541493	83.461844	-83.958906
1212.876357	83.460952	-85.927231
1231.492641	83.390599	-87.656012
1250.394663	83.304988	-89.292428
1269.586811	83.218062	-90.684406
1289.073536	83.129803	-92.183393
1308.859360	83.040189	-93.493308
1328.948875	82.949199	-94.959423
1349.346741	82.856813	-96.248780
1370.057691	82.763009	-97.724696
1391.086530	82.667766	-99.030468
1412.438139	82.571059	-100.551230
1434.117471	82.472870	-101.912319
1456.129556	82.373172	-103.527753
1478.479502	82.271944	-105.025212
1501.172494	82.159658	-106.904912
1524.213798	82.007271	-108.676140
1547.608761	81.820691	-110.544766
1571.362809	81.624955	-112.061656
1595.481455	81.426213	-113.745150
1619.970296	81.224421	-115.170660
1644.835012	81.019533	-116.825805
1670.081374	80.811499	-118.255136
1695.715238	80.600272	-119.969562
1721.742554	80.385803	-121.510995
1748.169360	80.168042	-123.445641
1775.001787	79.946939	-125.431947
1802.246062	79.664313	-128.340589
1829.908506	79.190917	-131.224765
1857.995537	78.552978	-133.533898
1886.513672	77.873310	-134.585834
1915.469528	77.183209	-135.222426
1944.869824	76.482517	-134.939779
1974.721382	75.771070	-134.280462
2005.031127	75.048701	-132.562286
2035.806093	74.315246	-130.165839
2067.053419	73.570534	-125.958152
2098.780357	72.972810	-119.292190
2130.994268	72.990119	-110.357873
2163.702626	73.650265	-103.821210
2196.913020	74.468391	-100.075084
2230.633156	75.299073	-98.442791
2264.870858	76.142505	-97.967600
2299.634071	76.998883	-99.162483
2334.930859	77.868405	-101.580171
2370.769413	78.751274	-106.466547
2407.158049	79.396296	-114.586196
2444.105209	79.293407	-124.446260
2481.619467	78.676948	-131.312950
2519.709526	77.971785	-136.180820
2558.384224	77.255800	-139.254293
2597.652535	76.528825	-141.651800
2637.523571	75.790691	-142.502703
2678.006582	75.060299	-142.219281
2719.110962	74.553753	-139.274600
2760.846247	74.571727	-136.606369
2803.222122	74.856737	-135.879512
2846.248419	75.146121	-137.322711
2889.935121	75.439946	-139.647719
2934.292365	75.738282	-143.874380
2979.330442	76.041196	-150.410549
3025.059803	75.790645	-161.611482
3071.491058	74.456845	-171.279979
3118.634980	72.725559	-176.230179
3166.502508	70.967699	-177.424613
3215.104749	69.182859	-176.004145
3264.452980	67.370623	-170.010557
3314.558650	66.139228	-157.753192
3365.433386	66.415360	-143.976376
3417.088991	67.594123	-136.975139
3469.537452	68.911586	-135.276021
3522.790937	70.249270	-138.611097
3576.861804	71.538384	-148.432652
3631.762597	71.569762	-167.418569
3687.506055	69.465791	-183.799196
3744.105113	66.437793	-190.574907
3801.572902	63.363320	-189.196540
3859.922757	60.241656	-180.577308
3919.168216	58.000186	-160.601641
3979.323027	57.887491	-138.696573
4040.401145	59.013825	-123.938110
4102.416744	60.304379	-116.022862
4165.384213	61.598929	-111.992561
4229.318161	62.606892	-112.958254
4294.233423	62.957178	-114.839799
4360.145061	62.974609	-115.391358
4427.068369	62.992307	-114.291090
4495.018873	63.022435	-113.198668
4564.012342	63.106639	-111.187817
4634.064782	63.250998	-109.665750
4705.192448	63.410751	-107.636224
4777.411843	63.572957	-105.209583
4850.739725	64.096267	-100.996795
4925.193107	65.103021	-99.313627
5000.789264	66.257578	-100.449210
5077.545738	67.348350	-105.871902
5155.480336	67.951999	-114.264426
5234.611143	67.817728	-123.001318
5314.956518	67.418033	-128.395462
5396.535104	67.020775	-133.039090
5479.365829	66.681173	-136.260710
5563.467912	66.406970	-140.412153
5648.860868	66.123251	-144.669980
5735.564509	65.619119	-151.194883
5823.598953	64.564788	-156.394549
5912.984627	63.204110	-158.493230
6003.742269	62.080369	-155.106453
6095.892940	61.822810	-150.654134
6189.458019	62.344082	-149.302230
6284.459216	63.023163	-156.489044
6380.918575	62.468597	-170.209862
6478.858476	60.284581	-180.096861
6578.301643	57.935888	-181.437613
6679.271152	55.622741	-179.766765
6781.790428	53.357525	-172.643761
6885.883260	51.358550	-160.297459
6991.573799	50.593258	-141.386626
7098.886568	51.262395	-126.410175
7207.846468	52.514562	-115.583549
7318.478779	54.312545	-110.154920
7430.809171	56.616384	-112.345178
7544.863709	58.043557	-129.018843
7660.668854	56.772375	-146.495740
7778.251478	54.291588	-151.543896
7897.638862	52.555914	-146.490517
8018.858708	51.696851	-141.193823
8141.939142	51.234118	-135.904115
8266.908722	51.127745	-132.525514
8393.796444	51.243971	-130.664751
8522.631749	51.556593	-132.143122
8653.444531	52.068189	-140.718694
8786.265141	50.535360	-161.349548
8921.124398	45.602591	-169.724812
9058.053593	40.665817	-153.384538
9197.084496	37.927847	-123.462209
9338.249366	37.532711	-88.032201
9481.580958	40.791753	-57.813579
9627.112528	45.008579	-56.865415
9774.877844	46.000217	-67.256407
9924.911191	45.303659	-64.260336
10077.247380	46.976880	-51.292721
10231.921757	50.171048	-61.520563
10388.970212	49.490119	-83.508760
10548.429184	46.716861	-84.734437
10710.335671	46.018480	-72.548574
10874.727239	46.922928	-66.134622
11041.642033	48.565456	-68.933196
11211.118781	48.604360	-87.626042
11383.196805	45.379192	-97.203026
11557.916033	42.068996	-86.612973
11735.317004	41.088413	-59.674924
11915.440880	45.018945	-43.373019
12098.329454	47.736458	-72.208309
12284.025162	42.734615	-91.349856
12472.571089	40.190246	-66.137384
12664.010983	41.670701	-65.048931
12858.389263	38.729105	-73.567839
13055.751031	35.156062	-52.953678
13256.142079	34.898476	-26.380084
13459.608904	35.093031	-5.915962
13666.198715	37.110616	21.425088
13875.959447	41.189563	28.718840
14088.939769	43.269942	27.199936
14305.189099	46.155628	28.245785
14524.757612	49.452839	9.406243
14747.696254	48.784736	-24.022812
14974.056752	44.004179	-37.311108
15203.891629	40.136326	-18.468769
15437.254212	40.998575	6.108325
15674.198647	43.008425	0.875788
15914.779912	40.487533	-5.792907
16159.053828	38.788992	15.957283
16407.077073	40.322461	29.010049
16658.907195	40.382803	33.344165
16914.602625	41.172595	50.560546
17174.222692	45.055888	51.552174
17437.827634	45.080624	25.814851
17705.478614	41.930767	28.670892
17977.237735	41.698617	30.974692
18253.168051	37.187789	30.963312
18533.333587	33.901192	81.289704
18817.799347	39.630590	117.914227
19106.631336	40.626218	110.493660
19399.896571	41.908700	149.478849
19697.663095	44.013701	145.840354
20000.000000	44.450405	243.574519