* FRD data written by MATAA on 05-Jan-2019 10:25:28
* Monkey Coffin 20181219, spliced SPL curve, VM752 (no filter), 1 m from baffle, horizontal angle = +75 deg.
10.000000	24.499511	-442.271511
10.153489	24.761859	-266.876212
10.309333	25.026642	-261.993843
10.467570	25.290436	-205.418985
10.628235	25.553572	-201.093096
10.791367	25.817497	-167.905718
10.957002	26.080442	-163.958872
11.125180	26.344431	-140.613186
11.295939	26.607446	-136.961457
11.469319	26.871122	-118.987337
11.645360	27.134525	-115.575800
11.824103	27.398283	-100.969242
12.005589	27.661563	-97.765590
12.189862	27.924292	-85.456494
12.376962	28.188162	-82.421172
12.566935	28.452562	-71.786324
12.759823	28.715033	-68.917580
12.955672	28.978834	-59.538287
13.154527	29.241685	-56.811208
13.356434	29.505452	-48.417619
13.561440	29.769878	-45.822414
13.769593	30.032522	-38.237486
13.980941	30.296000	-35.753012
14.195532	30.558775	-28.824326
14.413418	30.821982	-26.443497
14.634647	31.085519	-20.064989
14.859273	31.348495	-17.787511
15.087346	31.611594	-11.875687
15.318920	31.874762	-9.688108
15.554048	32.138296	-4.179811
15.792785	32.401985	-2.082542
16.035186	32.664784	3.068566
16.281308	32.927965	5.088794
16.531208	33.191038	9.932498
16.784943	33.455200	11.875855
17.042573	33.718176	16.434144
17.304158	33.981112	18.305611
17.569757	34.244028	22.621890
17.839433	34.507622	24.423229
18.113248	34.769536	28.513446
18.391266	35.033334	30.258674
18.673551	35.296066	34.141663
18.960169	35.559446	35.824398
19.251186	35.822077	39.521308
19.546670	36.085357	41.150800
19.846690	36.349731	44.673831
20.151314	36.611860	46.233024
20.460614	36.874472	49.605621
20.774661	37.136625	51.116902
21.093529	37.399433	54.352694
21.417291	37.663938	55.811807
21.746022	37.926493	58.895248
22.079799	38.188984	60.304998
22.418699	38.450702	63.269934
22.762800	38.713892	64.645591
23.112184	38.978770	67.487422
23.466930	39.240971	68.793021
23.827121	39.502633	71.530573
24.192840	39.765347	72.805515
24.564173	40.028091	75.442922
24.941205	40.292969	76.668702
25.324024	40.554135	79.186874
25.712720	40.816060	80.385751
26.107381	41.079516	82.825097
26.508100	41.343331	83.971760
26.914969	41.605634	86.308271
27.328084	41.867172	87.419552
27.747539	42.129431	89.683864
28.173432	42.392172	90.762964
28.605863	42.656295	92.941587
29.044930	42.918563	93.966913
29.490737	43.180090	96.067117
29.943387	43.440869	97.071034
30.402984	43.704219	99.116908
30.869636	43.968981	100.076035
31.343450	44.231498	102.022506
31.824536	44.492098	102.945932
32.313007	44.753181	104.848550
32.808975	45.016741	105.754999
33.312556	45.281069	107.577533
33.823866	45.542904	108.427610
34.343024	45.803694	110.198386
34.870151	46.067625	111.038010
35.405368	46.331316	112.732176
35.948801	46.593209	113.524646
36.500574	46.855051	115.165965
37.060817	47.116370	115.938743
37.629659	47.380331	117.534289
38.207232	47.643616	118.258702
38.793669	47.904807	119.789075
39.389109	48.167058	120.494465
39.993687	48.427629	121.979821
40.607545	48.692316	122.676420
41.230825	48.957439	124.085404
41.863671	49.218265	124.724095
42.506232	49.479789	126.097612
43.158654	49.740141	126.730825
43.821091	50.005735	128.074776
44.493695	50.270092	128.651276
45.176623	50.531440	129.923698
45.870033	50.793003	130.505396
46.574087	51.061147	131.747117
47.288946	51.324758	132.249846
48.014778	51.586536	133.438326
48.751751	51.849233	133.934061
49.500035	52.110695	135.098318
50.259805	52.380301	135.584878
51.031236	52.645301	136.646403
51.814508	52.907508	137.089486
52.609803	53.171244	138.136763
53.417304	53.435568	138.573644
54.237199	53.707681	139.580083
55.069679	53.975666	139.914111
55.914936	54.240033	140.844229
56.773168	54.505816	141.159669
57.644572	54.771333	142.044697
58.529351	55.042772	142.286707
59.427710	55.301999	143.003851
60.339859	55.548882	143.166895
61.266007	55.786953	143.912696
62.206371	56.022946	144.134455
63.161169	56.247345	144.940841
64.130622	56.480253	145.338088
65.114954	56.722895	146.253472
66.114395	56.977467	146.693541
67.129177	57.247401	147.533811
68.159534	57.507146	147.801953
69.205706	57.768388	148.587000
70.267935	58.029582	148.842228
71.346469	58.293147	149.618361
72.441557	58.570001	149.827319
73.553453	58.831126	150.428469
74.682415	59.091519	150.623018
75.828706	59.351792	151.241560
76.992591	59.614619	151.463267
78.174341	59.892081	152.039854
79.374229	60.153027	152.092246
80.592533	60.412008	152.647792
81.829538	60.671300	152.743442
83.085529	60.933667	153.331743
84.360798	61.212071	153.397012
85.655641	61.472278	153.802942
86.970359	61.730647	153.876918
88.305256	61.998421	154.364415
89.660642	62.275397	154.355909
91.036831	62.534759	154.673854
92.434144	62.792543	154.677460
93.852904	63.050671	155.059224
95.293440	63.319584	155.112924
96.756087	63.598085	155.393314
98.241184	63.856617	155.266879
99.749075	64.114647	155.564290
101.280111	64.372767	155.512664
102.834646	64.642335	155.858693
104.413042	64.923414	155.710572
106.015664	65.181798	155.847822
107.642885	65.439737	155.732589
109.295082	65.698265	155.950588
110.972638	65.969460	155.901101
112.675943	66.254078	156.007358
114.405391	66.512138	155.735434
116.161385	66.770831	155.923795
117.944331	67.052316	155.765793
119.754644	67.330671	155.747587
121.592742	67.589846	155.434535
123.459054	67.849097	155.462900
125.354011	68.106933	155.257530
127.278054	68.390501	155.350522
129.231628	68.672662	154.939223
131.215188	68.932460	154.825362
133.229193	69.191415	154.474879
135.274111	69.450090	154.477430
137.350416	69.736821	154.202757
139.458590	70.021344	153.964642
141.599122	70.282202	153.476245
143.772508	70.541841	153.288325
145.979254	70.800926	152.930916
148.219871	71.090903	152.811459
150.494879	71.377833	152.187475
152.804806	71.638383	151.817323
155.150187	71.899774	151.226092
157.531567	72.149124	150.905558
159.949499	72.418028	150.414992
162.404543	72.686310	149.971310
164.897270	72.933948	149.288415
167.428257	73.156391	148.938349
169.998092	73.404268	148.656026
172.607371	73.673343	148.519940
175.256699	74.000600	148.372382
177.946692	74.377438	147.584073
180.677973	74.639262	146.554932
183.451176	74.951194	145.902070
186.266944	75.232729	144.697483
189.125932	75.494052	143.753805
192.028801	75.755788	142.646638
194.976227	76.017689	141.210755
197.968892	76.109382	139.840934
201.007491	76.295222	139.644231
204.092729	76.510843	138.625195
207.225322	76.686228	138.166961
210.405997	76.907106	137.502279
213.635492	77.126664	137.041559
216.914556	77.365975	136.367141
220.243949	77.614391	135.822116
223.624446	77.867435	135.042293
227.056828	78.143157	134.341846
230.541895	78.395063	133.193536
234.080453	78.626737	132.329014
237.673323	78.848425	131.274741
241.321341	79.076994	130.627510
245.025351	79.350819	129.680610
248.786214	79.626575	128.642143
252.604802	79.885235	127.178415
256.482000	80.093075	125.728291
260.418710	80.239258	124.348397
264.415843	80.402747	123.594895
268.474328	80.613661	122.681851
272.595106	80.849230	121.797237
276.779133	81.076100	120.480725
281.027381	81.273596	119.403364
285.340834	81.492183	118.149454
289.720494	81.685800	116.880609
294.167376	81.859793	115.580302
298.682514	82.025370	114.484141
303.266953	82.199313	113.470357
307.921759	82.416208	112.421678
312.648010	82.586477	111.049345
317.446805	82.750689	110.088863
322.319255	82.925861	109.023189
327.266492	83.122453	108.209899
332.289663	83.341389	107.110890
337.389935	83.560707	106.110542
342.568490	83.796144	104.880005
347.826529	84.033206	103.618501
353.165274	84.256457	102.106331
358.585963	84.482506	100.684184
364.089853	84.691794	98.836280
369.678221	84.841470	97.199814
375.352365	84.994850	95.657835
381.113600	85.149070	94.251200
386.963264	85.306330	92.782342
392.902713	85.466993	91.423695
398.933327	85.628942	89.955961
405.056503	85.794233	88.597117
411.273663	85.962193	87.100837
417.586250	86.131659	85.697438
423.995728	86.304908	84.144807
430.503584	86.480286	82.641237
437.111328	86.649948	80.920523
443.820494	86.800690	79.311487
450.632638	86.954227	77.651936
457.549340	87.109540	76.066481
464.572207	87.267249	74.361373
471.702866	87.427120	72.709594
478.942973	87.588965	70.903012
486.294207	87.753808	69.120662
493.758274	87.920810	67.114451
501.336907	88.090856	64.999923
509.031863	88.217358	62.353831
516.844927	88.238386	59.981902
524.777914	88.262182	57.988197
532.832663	88.289121	56.135598
541.011043	88.318512	54.358650
549.314952	88.351914	52.702630
557.746317	88.388586	51.060325
566.307094	88.428967	49.538938
574.999269	88.473215	48.063856
583.824859	88.548637	46.799817
592.785912	88.669562	45.300653
601.884506	88.791969	43.613115
611.122755	88.907997	41.706225
620.502799	89.020144	39.777251
630.026817	89.132769	37.570525
639.697018	89.246786	35.302499
649.515646	89.361426	32.133584
659.484978	89.252811	28.641269
669.607328	89.039739	26.176392
679.885045	88.836616	24.344397
690.320514	88.643604	22.887579
700.916155	88.460861	21.817015
711.674427	88.289665	21.012654
722.597826	88.130388	20.959926
733.688888	88.145945	21.232664
744.950184	88.221212	20.823217
756.384329	88.303018	20.280781
767.993975	88.391430	19.511479
779.781816	88.485677	18.749853
791.750587	88.586468	17.910085
803.903066	88.722610	17.160608
816.242071	88.892297	16.083374
828.770466	89.065721	14.849097
841.491157	89.242486	13.344465
854.407097	89.421604	11.750821
867.521282	89.604096	9.754481
880.836755	89.739749	7.622209
894.356605	89.867478	5.421897
908.083970	89.972659	3.033244
922.022035	90.029357	0.577672
936.174033	90.066803	-1.692679
950.543248	90.099389	-3.986822
965.133014	90.125897	-6.217047
979.946717	90.145563	-8.545182
994.987794	90.157311	-10.826050
1010.259734	90.160040	-13.305618
1025.766081	90.118216	-15.750515
1041.510433	90.055604	-18.065782
1057.496443	89.991467	-20.206091
1073.727820	89.925878	-22.346506
1090.208331	89.862156	-24.335426
1106.941799	89.812917	-26.404727
1123.932106	89.757589	-28.491339
1141.183196	89.697332	-30.642198
1158.699071	89.633685	-32.779123
1176.483794	89.564171	-34.996150
1194.541493	89.502951	-37.292527
1212.876357	89.396663	-39.956165
1231.492641	89.220967	-42.383163
1250.394663	89.028737	-44.590782
1269.586811	88.833556	-46.558346
1289.073536	88.635380	-48.487006
1308.859360	88.434161	-50.227321
1328.948875	88.229854	-51.960208
1349.346741	88.022412	-53.508657
1370.057691	87.811785	-55.055345
1391.086530	87.597925	-56.405644
1412.438139	87.380784	-57.741365
1434.117471	87.160308	-58.847944
1456.129556	86.936449	-59.889470
1478.479502	86.709155	-60.583216
1501.172494	86.503526	-60.925213
1524.213798	86.396308	-60.887411
1547.608761	86.371745	-61.306804
1571.362809	86.363460	-61.989772
1595.481455	86.355048	-63.012231
1619.970296	86.346507	-64.064938
1644.835012	86.337834	-65.379541
1670.081374	86.329029	-66.689867
1695.715238	86.320089	-68.263450
1721.742554	86.311011	-69.845806
1748.169360	86.301794	-71.742624
1775.001787	86.292435	-73.769901
1802.246062	86.251214	-76.404420
1829.908506	86.107626	-79.137713
1857.995537	85.876013	-81.676473
1886.513672	85.623416	-83.663934
1915.469528	85.366943	-85.575796
1944.869824	85.106533	-87.165424
1974.721382	84.842126	-88.765843
2005.031127	84.573661	-90.066197
2035.806093	84.301075	-91.376194
2067.053419	84.024305	-92.330812
2098.780357	83.756624	-93.154980
2130.994268	83.537387	-93.582638
2163.702626	83.368882	-94.290164
2196.913020	83.210239	-95.015892
2230.633156	83.049160	-95.989763
2264.870858	82.885610	-96.819887
2299.634071	82.719549	-97.832664
2334.930859	82.550939	-98.646101
2370.769413	82.379741	-99.573093
2407.158049	82.222609	-100.151305
2444.105209	82.113386	-100.896044
2481.619467	82.036485	-101.708105
2519.709526	81.963665	-102.957236
2558.384224	81.889727	-104.221625
2597.652535	81.814655	-105.895206
2637.523571	81.738430	-107.672282
2678.006582	81.652647	-110.173189
2719.110962	81.462149	-113.317392
2760.846247	81.034582	-116.611855
2803.222122	80.483109	-118.537743
2846.248419	79.923172	-119.803852
2889.935121	79.354641	-120.161584
2934.292365	78.777383	-119.984042
2979.330442	78.191265	-118.236046
3025.059803	77.848736	-114.702059
3071.491058	77.989450	-111.308465
3118.634980	78.302949	-110.356785
3166.502508	78.621259	-110.490212
3215.104749	78.944455	-112.034865
3264.452980	79.272612	-114.753514
3314.558650	79.418068	-119.981366
3365.433386	79.094937	-125.450579
3417.088991	78.489742	-129.471972
3469.537452	77.838057	-131.764186
3522.790937	77.176369	-133.400547
3576.861804	76.509685	-133.790940
3631.762597	75.928159	-133.416678
3687.506055	75.497188	-132.529590
3744.105113	75.126186	-132.273220
3801.572902	74.749490	-131.827847
3859.922757	74.367012	-131.557683
3919.168216	73.993148	-130.762956
3979.323027	73.647307	-130.109513
4040.401145	73.315522	-129.085998
4102.416744	72.980938	-128.191721
4165.384213	72.646186	-126.505560
4229.318161	72.402573	-124.343123
4294.233423	72.366697	-121.843805
4360.145061	72.436530	-120.622601
4427.068369	72.507435	-119.624164
4495.018873	72.604438	-119.176855
4564.012342	72.813210	-118.639363
4634.064782	73.146261	-119.847633
4705.192448	73.511533	-122.331768
4777.411843	73.882412	-129.080691
4850.739725	73.289489	-139.930764
4925.193107	71.402210	-147.150352
5000.789264	69.128163	-146.197857
5077.545738	67.001998	-137.679003
5155.480336	65.973168	-121.247086
5234.611143	66.604194	-106.529030
5314.956518	67.835527	-98.306958
5396.535104	69.062274	-94.744898
5479.365829	70.133195	-93.840793
5563.467912	71.027110	-94.444204
5648.860868	71.912731	-95.864685
5735.564509	72.712524	-99.535134
5823.598953	73.274970	-104.156714
5912.984627	73.712528	-109.669590
6003.742269	73.969570	-117.006236
6095.892940	73.589009	-125.691489
6189.458019	72.634147	-131.285718
6284.459216	71.546726	-132.807601
6380.918575	70.895167	-130.459109
6478.858476	70.823252	-129.460844
6578.301643	70.790152	-130.696640
6679.271152	70.628443	-133.373651
6781.790428	70.314967	-136.431691
6885.883260	69.850473	-140.744193
6991.573799	68.898715	-145.744087
7098.886568	67.383175	-148.667372
7207.846468	65.578116	-148.245632
7318.478779	63.368325	-144.183752
7430.809171	60.782198	-131.290192
7544.863709	59.309584	-103.889874
7660.668854	61.150020	-74.657784
7778.251478	64.532267	-61.867594
7897.638862	67.379354	-59.456927
8018.858708	69.593071	-60.940605
8141.939142	71.594154	-63.334768
8266.908722	73.508104	-68.392018
8393.796444	75.308736	-75.810718
8522.631749	76.695980	-86.760953
8653.444531	77.627589	-97.879271
8786.265141	78.209922	-110.342441
8921.124398	78.318760	-121.618313
9058.053593	78.323569	-131.694222
9197.084496	78.365683	-141.411221
9338.249366	78.319803	-153.011436
9481.580958	77.939375	-165.444561
9627.112528	77.118215	-178.952791
9774.877844	75.606076	-190.990699
9924.911191	73.690273	-198.729179
10077.247380	72.003164	-202.472098
10231.921757	70.443829	-206.957591
10388.970212	68.263572	-209.603156
10548.429184	66.059012	-203.495984
10710.335671	65.329404	-192.598769
10874.727239	65.751959	-186.292234
11041.642033	66.775441	-186.940823
11211.118781	67.257080	-197.594838
11383.196805	66.318016	-209.027833
11557.916033	65.033240	-217.053827
11735.317004	63.507158	-227.436076
11915.440880	60.559531	-238.900788
12098.329454	55.730606	-241.597752
12284.025162	50.253505	-219.749268
12472.571089	48.725324	-176.358314
12664.010983	51.625165	-146.215236
12858.389263	55.215509	-137.562434
13055.751031	58.072099	-142.777320
13256.142079	59.415057	-157.211223
13459.608904	58.744023	-172.658948
13666.198715	56.444688	-180.039372
13875.959447	54.095686	-172.343108
14088.939769	53.900358	-157.637795
14305.189099	55.536312	-153.724966
14524.757612	56.022994	-167.333613
14747.696254	53.084533	-176.987932
14974.056752	49.695039	-162.082806
15203.891629	49.631492	-136.020835
15437.254212	51.411767	-124.999137
15674.198647	52.246136	-116.013465
15914.779912	54.733766	-105.891852
16159.053828	57.784056	-110.922922
16407.077073	59.474397	-123.936711
16658.907195	60.732988	-137.545388
16914.602625	61.101070	-161.696951
17174.222692	58.875199	-184.504921
17437.827634	54.748185	-197.388242
17705.478614	50.678817	-187.105122
17977.237735	49.155766	-173.993481
18253.168051	48.834996	-162.695816
18533.333587	48.455112	-171.748753
18817.799347	43.534882	-172.973649
19106.631336	37.662463	-138.592639
19399.896571	39.878901	-70.685924
19697.663095	43.419741	-73.715369
20000.000000	42.051850	14.779849