* FRD data written by MATAA on 05-Jan-2019 10:25:28
* Monkey Coffin 20181219, spliced SPL curve, VM752 (no filter), 1 m from baffle, horizontal angle = +30 deg.
10.000000	25.813871	-537.441776
10.153489	26.077165	-340.405571
10.309333	26.341111	-337.317840
10.467570	26.605797	-270.768974
10.628235	26.868932	-268.075511
10.791367	27.133130	-227.670716
10.957002	27.396475	-225.218445
11.125180	27.660173	-196.039624
11.295939	27.923806	-193.762164
11.469319	28.187482	-170.835322
11.645360	28.451431	-168.698906
11.824103	28.715042	-149.765188
12.005589	28.978580	-147.747913
12.189862	29.241653	-131.582829
12.376962	29.506289	-129.662185
12.566935	29.770101	-115.549267
12.759823	30.033269	-113.718952
12.955672	30.298126	-101.170139
13.154527	30.561045	-99.431202
13.356434	30.824812	-88.120354
13.561440	31.089334	-86.453814
13.769593	31.352882	-76.167120
13.980941	31.616360	-74.568546
14.195532	31.879395	-65.120949
14.413418	32.143342	-63.580346
14.634647	32.406879	-54.849175
14.859273	32.670279	-53.367579
15.087346	32.933955	-45.245036
15.318920	33.197656	-43.818139
15.554048	33.461656	-36.227670
15.792785	33.725345	-34.855644
16.035186	33.988842	-27.731834
16.281308	34.252325	-26.405530
16.531208	34.516207	-19.691441
16.784943	34.780560	-18.412780
17.042573	35.044455	-12.075374
17.304158	35.307472	-10.841558
17.569757	35.571388	-4.828157
17.839433	35.835065	-3.639473
18.113248	36.097897	2.073635
18.391266	36.362078	3.232096
18.673551	36.626426	8.666936
18.960169	36.889806	9.778218
19.251186	37.152793	14.968295
19.546670	37.417128	16.054752
19.846690	37.682556	21.006148
20.151314	37.945220	22.039518
20.460614	38.208408	26.788379
20.774661	38.471615	27.796788
21.093529	38.735478	32.353466
21.417291	39.000298	33.326118
21.746022	39.263648	37.686397
22.079799	39.526345	38.630704
22.418699	39.789873	42.833356
22.762800	40.054213	43.750428
23.112184	40.319146	47.784972
23.466930	40.582401	48.658518
23.827121	40.845118	52.549740
24.192840	41.108886	53.405870
24.564173	41.372685	57.160644
24.941205	41.638618	57.982618
25.324024	41.900838	61.585139
25.712720	42.164216	62.396551
26.107381	42.429328	65.885060
26.508100	42.694198	66.654868
26.914969	42.958118	70.012802
27.328084	43.221149	70.758274
27.747539	43.484462	74.012482
28.173432	43.748259	74.743489
28.605863	44.014219	77.887869
29.044930	44.277760	78.574386
29.490737	44.541234	81.617042
29.943387	44.804124	82.289973
30.402984	45.068584	85.249362
30.869636	45.335398	85.893100
31.343450	45.598970	88.726470
31.824536	45.860790	89.350990
32.313007	46.123982	92.124497
32.808975	46.389377	92.738031
33.312556	46.655418	95.411550
33.823866	46.920033	95.981741
34.343024	47.182933	98.576251
34.870151	47.448973	99.144984
35.405368	47.714774	101.645241
35.948801	47.978776	102.176926
36.500574	48.242728	104.606721
37.060817	48.506157	105.129415
37.629659	48.772228	107.498636
38.207232	49.038447	107.986459
38.793669	49.302803	110.267907
39.389109	49.567286	110.740852
39.993687	49.830956	112.964209
40.607545	50.097764	113.434199
41.230825	50.365192	115.573114
41.863671	50.630083	116.000157
42.506232	50.894564	118.075447
43.158654	51.157287	118.505871
43.821091	51.426361	120.547722
44.493695	51.694566	120.926826
45.176623	51.959078	122.877323
45.870033	52.224286	123.272952
46.574087	52.496114	125.179139
47.288946	52.763480	125.502492
48.014778	53.028832	127.340656
48.751751	53.294694	127.668993
49.500035	53.560832	129.477740
50.259805	53.834903	129.798581
51.031236	54.104123	131.487031
51.814508	54.370551	131.773636
52.609803	54.638508	133.436650
53.417304	54.907081	133.728484
54.237199	55.184382	135.340581
55.069679	55.456724	135.533267
55.914936	55.726364	137.061460
56.773168	55.997420	137.241533
57.644572	56.268209	138.710516
58.529351	56.544923	138.824438
59.427710	56.809423	140.115179
60.339859	57.061580	140.159598
61.266007	57.305448	141.472673
62.206371	57.547770	141.582754
63.161169	57.778498	142.941935
64.130622	58.017736	143.231996
65.114954	58.266708	144.688067
66.114395	58.526813	145.029185
67.129177	58.803727	146.411100
68.159534	59.070857	146.582789
69.205706	59.338523	147.893477
70.267935	59.607065	148.064726
71.346469	59.878011	149.356841
72.441557	60.162373	149.487701
73.553453	60.431754	150.595478
74.682415	60.699528	150.712245
75.828706	60.967474	151.834139
76.992591	61.239083	151.989541
78.174341	61.525238	153.053107
79.374229	61.794022	153.042443
80.592533	62.061951	154.085652
81.829538	62.330737	154.124126
83.085529	62.602598	155.185649
84.360798	62.890497	155.197103
85.655641	63.160199	156.067050
86.970359	63.428063	156.095316
88.305256	63.706171	157.040031
89.660642	63.992805	156.988480
91.036831	64.262612	157.759119
92.434144	64.530952	157.727324
93.852904	64.800620	158.551708
95.293440	65.080191	158.569872
96.756087	65.370292	159.288009
98.241184	65.640425	159.129361
99.749075	65.910055	159.853758
101.280111	66.179775	159.775898
102.834646	66.461333	160.544899
104.413042	66.755071	160.375836
106.015664	67.026113	160.926096
107.642885	67.297262	160.791209
109.295082	67.568292	161.412718
110.972638	67.853072	161.351091
112.675943	68.151027	161.852779
114.405391	68.423287	161.569583
116.161385	68.695102	162.143045
117.944331	68.991009	161.981840
119.754644	69.283197	162.340117
121.592742	69.557084	162.029261
123.459054	69.831098	162.425333
125.354011	70.103801	162.224707
127.278054	70.403030	162.677732
129.231628	70.700165	162.270067
131.215188	70.975781	162.511395
133.229193	71.250554	162.166021
135.274111	71.525054	162.513917
137.350416	71.828033	162.249203
139.458590	72.128948	162.345235
141.599122	72.405628	161.869483
143.772508	72.682276	162.012776
145.979254	72.957999	161.668418
148.219871	73.265204	161.871608
150.494879	73.569313	161.262972
152.804806	73.847554	161.205077
155.150187	74.126017	160.629375
157.531567	74.393173	160.616316
159.949499	74.680014	160.142827
162.404543	74.966229	159.995144
164.897270	75.231793	159.331113
167.428257	75.472160	159.269161
169.998092	75.738162	159.010553
172.607371	76.025967	159.154256
175.256699	76.371461	159.028573
177.946692	76.766923	158.512318
180.677973	77.047092	157.506694
183.451176	77.377542	157.118733
186.266944	77.677534	155.942952
189.125932	77.958423	155.259235
192.028801	78.239566	154.174343
194.976227	78.519765	152.985700
197.968892	78.630885	151.648148
201.007491	78.835973	151.685682
204.092729	79.069727	150.699316
207.225322	79.264872	150.476680
210.405997	79.504834	149.842890
213.635492	79.744380	149.607807
216.914556	80.002595	148.957908
220.243949	80.269194	148.634679
223.624446	80.542094	147.892045
227.056828	80.837037	147.400635
230.541895	81.108688	146.288047
234.080453	81.359345	145.620614
237.673323	81.599618	144.604361
241.321341	81.847031	144.154567
245.025351	82.140384	143.249081
248.786214	82.435128	142.395672
252.604802	82.712777	140.974959
256.482000	82.939607	139.702438
260.418710	83.104049	138.366639
264.415843	83.286258	137.789956
268.474328	83.516163	136.924645
272.595106	83.770724	136.205469
276.779133	84.015635	134.934455
281.027381	84.231077	134.022943
285.340834	84.468580	132.821971
289.720494	84.680242	131.708864
294.167376	84.873047	130.465065
298.682514	85.056552	129.515347
303.266953	85.248701	128.563166
307.921759	85.483912	127.654414
312.648010	85.671446	126.343699
317.446805	85.853589	125.524549
322.319255	86.046691	124.523233
327.266492	86.260662	123.842917
332.289663	86.497084	122.814715
337.389935	86.733675	121.944017
342.568490	86.986710	120.791607
347.826529	87.241708	119.652948
353.165274	87.482066	118.219220
358.585963	87.725879	116.917009
364.089853	87.952168	115.148926
369.678221	88.118726	113.628624
375.352365	88.289028	112.177297
381.113600	88.460969	110.881483
386.963264	88.634361	109.504273
392.902713	88.812739	108.259636
398.933327	88.991562	106.884381
405.056503	89.173727	105.634506
411.273663	89.358562	104.240030
417.586250	89.545334	102.942858
423.995728	89.735545	101.494578
430.503584	89.927825	100.095528
437.111328	90.114826	98.486243
443.820494	90.282447	96.978561
450.632638	90.453568	95.437852
457.549340	90.626056	93.952594
464.572207	90.802275	92.371695
471.702866	90.979400	90.813104
478.942973	91.159976	89.136717
486.294207	91.341852	87.442450
493.758274	91.527765	85.578598
501.336907	91.715825	83.547058
509.031863	91.860842	81.051168
516.844927	91.900955	78.766400
524.777914	91.944446	76.930628
532.832663	91.992315	75.166865
541.011043	92.044032	73.548269
549.314952	92.099554	71.968847
557.746317	92.160126	70.489695
566.307094	92.225712	69.033482
574.999269	92.296491	67.708643
583.824859	92.399139	66.481797
592.785912	92.547820	65.109505
601.884506	92.698330	63.415725
611.122755	92.838663	61.587162
620.502799	92.970496	59.624017
630.026817	93.101428	57.515063
639.697018	93.233516	55.219105
649.515646	93.364419	52.148134
659.484978	93.270958	48.624230
669.607328	93.071930	46.263696
679.885045	92.881568	44.393662
690.320514	92.699334	43.043780
700.916155	92.525610	41.935232
711.674427	92.361998	41.249947
722.597826	92.208330	41.160505
733.688888	92.227535	41.566271
744.950184	92.304505	41.127411
756.384329	92.385363	40.736614
767.993975	92.470736	39.956443
779.781816	92.559946	39.376158
791.750587	92.652807	38.547081
803.903066	92.778474	38.020612
816.242071	92.935411	36.996987
828.770466	93.094367	36.041684
841.491157	93.253633	34.641159
854.407097	93.413157	33.404911
867.521282	93.574095	31.597838
880.836755	93.686064	29.938329
894.356605	93.789183	28.089014
908.083970	93.882886	26.426166
922.022035	93.955924	24.484523
936.174033	94.021468	22.889532
950.543248	94.086040	21.001739
965.133014	94.148575	19.410602
979.946717	94.209081	17.467693
994.987794	94.266734	15.817946
1010.259734	94.320296	13.704531
1025.766081	94.334973	11.880910
1041.510433	94.334311	9.904911
1057.496443	94.337686	8.361385
1073.727820	94.344900	6.518975
1090.208331	94.359169	5.087648
1106.941799	94.392836	3.260254
1123.932106	94.424792	1.674575
1141.183196	94.455568	-0.305726
1158.699071	94.486318	-2.012794
1176.483794	94.513633	-4.142468
1194.541493	94.551022	-6.112538
1212.876357	94.533371	-8.785971
1231.492641	94.452198	-10.870595
1250.394663	94.356865	-13.118215
1269.586811	94.260069	-14.802783
1289.073536	94.161787	-16.830790
1308.859360	94.061996	-18.342987
1328.948875	93.960674	-20.242589
1349.346741	93.857797	-21.626561
1370.057691	93.753341	-23.421065
1391.086530	93.647281	-24.687314
1412.438139	93.539594	-26.376094
1434.117471	93.430254	-27.512254
1456.129556	93.319235	-29.064728
1478.479502	93.206512	-29.999620
1501.172494	93.103670	-31.235497
1524.213798	93.046130	-31.828518
1547.608761	93.026616	-33.113363
1571.362809	93.014491	-34.042046
1595.481455	93.002179	-35.626771
1619.970296	92.989678	-36.738362
1644.835012	92.976986	-38.490856
1670.081374	92.964099	-39.747532
1695.715238	92.951013	-41.671033
1721.742554	92.937727	-43.105016
1748.169360	92.924237	-45.267995
1775.001787	92.910540	-47.034270
1802.246062	92.870430	-49.790015
1829.908506	92.745667	-52.114350
1857.995537	92.548092	-54.785120
1886.513672	92.333088	-56.479909
1915.469528	92.114784	-58.641629
1944.869824	91.893129	-60.013152
1974.721382	91.668072	-61.953447
2005.031127	91.439562	-63.131930
2035.806093	91.207543	-64.936186
2067.053419	90.971962	-66.017573
2098.780357	90.721483	-67.867046
2130.994268	90.422698	-68.993738
2163.702626	90.073556	-70.542590
2196.913020	89.708526	-70.956039
2230.633156	89.337892	-71.788633
2264.870858	88.961570	-71.513403
2299.634071	88.579472	-71.609504
2334.930859	88.191509	-70.400245
2370.769413	87.797590	-69.125744
2407.158049	87.519184	-65.495850
2444.105209	87.602926	-62.148596
2481.619467	87.935515	-59.409940
2519.709526	88.311523	-58.778900
2558.384224	88.693302	-58.147387
2597.652535	89.080942	-59.016730
2637.523571	89.474531	-59.753416
2678.006582	89.864596	-62.271055
2719.110962	90.142733	-65.217050
2760.846247	90.158117	-69.305771
2803.222122	90.039920	-71.546460
2846.248419	89.919910	-74.096010
2889.935121	89.798058	-75.453939
2934.292365	89.674334	-77.519244
2979.330442	89.548713	-78.419531
3025.059803	89.443283	-80.005540
3071.491058	89.379017	-80.583998
3118.634980	89.328707	-82.252394
3166.502508	89.277625	-82.963692
3215.104749	89.225760	-84.662217
3264.452980	89.173098	-85.256768
3314.558650	89.146548	-86.674823
3365.433386	89.187102	-87.095400
3417.088991	89.268014	-88.944436
3469.537452	89.355501	-90.090484
3522.790937	89.444332	-92.639745
3576.861804	89.530565	-94.582504
3631.762597	89.544929	-98.229609
3687.506055	89.437141	-100.769007
3744.105113	89.276608	-104.026855
3801.572902	89.113610	-105.928341
3859.922757	88.948111	-108.960570
3919.168216	88.762441	-110.894996
3979.323027	88.532828	-113.964812
4040.401145	88.276121	-115.605537
4102.416744	88.012683	-118.269210
4165.384213	87.745807	-119.543081
4229.318161	87.486573	-121.890921
4294.233423	87.249142	-122.929045
4360.145061	87.021021	-125.323144
4427.068369	86.789399	-126.520796
4495.018873	86.542072	-129.165709
4564.012342	86.237372	-130.577007
4634.064782	85.869174	-132.932384
4705.192448	85.482155	-133.428312
4777.411843	85.089195	-134.175392
4850.739725	84.982551	-132.275532
4925.193107	85.261832	-133.142306
5000.789264	85.653293	-135.187444
5077.545738	85.975282	-141.613363
5155.480336	85.835600	-149.454359
5234.611143	85.001826	-158.052409
5314.956518	83.911361	-162.162392
5396.535104	82.810549	-165.960124
5479.365829	81.740369	-166.883741
5563.467912	80.706401	-168.657749
5648.860868	79.663631	-168.061433
5735.564509	78.652265	-168.109276
5823.598953	77.744405	-165.891461
5912.984627	76.886280	-165.392662
6003.742269	75.991023	-163.108387
6095.892940	74.999918	-162.093406
6189.458019	73.920849	-158.099878
6284.459216	72.812732	-154.088765
6380.918575	71.874384	-145.991457
6478.858476	71.164991	-139.000071
6578.301643	70.527928	-127.673731
6679.271152	70.702564	-115.287121
6781.790428	71.837193	-104.514945
6885.883260	73.141165	-101.868140
6991.573799	73.975699	-101.215442
7098.886568	74.263211	-102.150894
7207.846468	74.496751	-98.542911
7318.478779	75.123181	-96.258963
7430.809171	76.112795	-94.806649
7544.863709	76.796293	-100.402632
7660.668854	76.458591	-103.935910
7778.251478	75.722692	-102.961884
7897.638862	75.674104	-94.952869
8018.858708	76.430467	-90.200428
8141.939142	77.466062	-86.163626
8266.908722	78.591594	-86.346664
8393.796444	79.772779	-86.110067
8522.631749	80.972312	-89.961691
8653.444531	82.186625	-93.794494
8786.265141	83.142714	-103.007517
8921.124398	83.650382	-110.506989
9058.053593	83.931966	-120.463314
9197.084496	83.924983	-128.036338
9338.249366	83.706770	-137.483939
9481.580958	83.309854	-143.914426
9627.112528	82.743730	-152.299279
9774.877844	81.994099	-157.193545
9924.911191	81.118196	-163.302650
10077.247380	80.227002	-165.331589
10231.921757	79.315145	-169.218813
10388.970212	78.289563	-168.642827
10548.429184	77.465440	-167.001772
10710.335671	77.638790	-162.210065
10874.727239	78.044424	-167.777755
11041.642033	77.524788	-172.605019
11211.118781	76.575305	-177.239613
11383.196805	75.649810	-176.085088
11557.916033	74.877328	-176.337115
11735.317004	74.388409	-171.964298
11915.440880	74.334462	-171.528937
12098.329454	74.374377	-170.686329
12284.025162	74.044034	-174.053677
12472.571089	73.718245	-172.135138
12664.010983	73.516017	-174.425581
12858.389263	73.242423	-172.806023
13055.751031	73.120985	-174.602266
13256.142079	73.111006	-174.273010
13459.608904	72.690197	-178.818979
13666.198715	72.186060	-176.057762
13875.959447	72.023030	-176.808018
14088.939769	72.098905	-172.947079
14305.189099	72.654703	-174.691359
14524.757612	73.576470	-176.232256
14747.696254	74.163784	-189.753247
14974.056752	73.396936	-201.579929
15203.891629	71.291583	-212.957025
15437.254212	69.130618	-208.175002
15674.198647	68.228854	-204.075440
15914.779912	68.336965	-197.121736
16159.053828	68.980311	-203.619697
16407.077073	68.548478	-213.266150
16658.907195	66.301186	-227.625737
16914.602625	62.618402	-227.373033
17174.222692	58.262139	-215.220990
17437.827634	56.414647	-174.811361
17705.478614	59.384322	-144.373549
17977.237735	64.263429	-134.001807
18253.168051	67.393177	-150.353429
18533.333587	68.226739	-162.618384
18817.799347	67.631465	-176.108408
19106.631336	66.972893	-174.150999
19399.896571	67.024688	-175.864601
19697.663095	67.442102	-174.168166
20000.000000	67.497268	-169.343107