* FRD data written by MATAA on 05-Jan-2019 10:25:28
* Monkey Coffin 20181219, spliced SPL curve, SCANR2904WG148 (no filter), 1 m from baffle, horizontal angle = +75 deg.
10.000000	16.419190	-652.166789
10.153489	16.685299	-433.992103
10.309333	16.947496	-431.412831
10.467570	17.212605	-355.304883
10.628235	17.479641	-353.141018
10.791367	17.730980	-305.899773
10.957002	18.004277	-303.858318
11.125180	18.265795	-269.271245
11.295939	18.528813	-267.400569
11.469319	18.794994	-239.901270
11.645360	19.052360	-238.186229
11.824103	19.318644	-215.226885
12.005589	19.580077	-213.636145
12.189862	19.846518	-193.891020
12.376962	20.112884	-192.446249
12.566935	20.362694	-175.111762
12.759823	20.635238	-173.625443
12.955672	20.896950	-158.227924
13.154527	21.159815	-156.829140
13.356434	21.424627	-142.905189
13.561440	21.682611	-141.589193
13.769593	21.947995	-128.838946
13.980941	22.209598	-127.598953
14.195532	22.475328	-115.854182
14.413418	22.742498	-114.726725
14.634647	22.990186	-103.868441
14.859273	23.261584	-102.656206
15.087346	23.522916	-92.611010
15.318920	23.785282	-91.466201
15.554048	24.050039	-82.060822
15.792785	24.306389	-80.981497
16.035186	24.571738	-72.094844
16.281308	24.832089	-71.074822
16.531208	25.098994	-62.678809
16.784943	25.365786	-61.779911
17.042573	25.609479	-53.862698
17.304158	25.880557	-52.836571
17.569757	26.139990	-45.400404
17.839433	26.401117	-44.432607
18.113248	26.663641	-37.352014
18.391266	26.919519	-36.434478
18.673551	27.182875	-29.644912
18.960169	27.441533	-28.771181
19.251186	27.708851	-22.259954
19.546670	27.978403	-21.531580
19.846690	28.214108	-15.375779
20.151314	28.481131	-14.449060
20.460614	28.738566	-8.606499
20.774661	28.995515	-7.735217
21.093529	29.255538	-2.114519
21.417291	29.510177	-1.228565
21.746022	29.793501	4.145673
22.079799	30.032459	4.755189
22.418699	30.274035	10.074284
22.762800	30.534560	10.850127
23.112184	30.781238	15.879845
23.466930	31.036310	16.695428
23.827121	31.282965	21.519665
24.192840	31.529802	22.426455
24.564173	31.778627	27.104160
24.941205	32.022315	28.398833
25.324024	32.414382	32.852553
25.712720	32.602460	32.854148
26.107381	32.798890	37.884742
26.508100	33.105439	38.990542
26.914969	33.436520	43.559359
27.328084	33.801935	44.026298
27.747539	34.069802	47.717901
28.173432	34.379128	48.575289
28.605863	34.721286	51.642542
29.044930	34.844930	52.179479
29.490737	35.233952	56.459908
29.943387	35.485966	56.043375
30.402984	35.731791	60.016499
30.869636	36.005610	59.784709
31.343450	36.143292	63.693268
31.824536	36.499938	64.532416
32.313007	36.752320	67.452405
32.808975	37.002422	68.108602
33.312556	37.274661	71.003408
33.823866	37.438325	71.684869
34.343024	37.776433	75.304800
34.870151	38.030774	75.299928
35.405368	38.282414	78.679453
35.948801	38.567391	78.913745
36.500574	38.815951	81.917977
37.060817	39.076011	82.243170
37.629659	39.332405	85.174736
38.207232	39.587936	85.489579
38.793669	39.841040	88.286607
39.389109	40.069752	88.707551
39.993687	40.357614	91.669182
40.607545	40.617456	91.799133
41.230825	40.871181	94.590661
41.863671	41.132017	94.811310
42.506232	41.385215	97.496865
43.158654	41.646429	97.743453
43.821091	41.901768	100.324129
44.493695	42.159149	100.580510
45.176623	42.420200	103.088069
45.870033	42.673638	103.310279
46.574087	42.937791	105.783113
47.288946	43.194479	105.933686
48.014778	43.452072	108.340600
48.751751	43.707639	108.424464
49.500035	43.936564	110.844473
50.259805	44.218511	111.182392
51.031236	44.481732	113.330482
51.814508	44.741847	113.552212
52.609803	45.005678	115.674277
53.417304	45.260248	115.849853
54.237199	45.523214	117.960054
55.069679	45.781554	118.102151
55.914936	46.041220	120.158369
56.773168	46.302745	120.301755
57.644572	46.563833	122.287688
58.529351	46.826282	122.418053
59.427710	47.088820	124.341272
60.339859	47.352752	124.457612
61.266007	47.617952	126.319417
62.206371	47.884981	126.413046
63.161169	48.153787	128.201188
64.130622	48.424424	128.258313
65.114954	48.698137	129.959817
66.114395	48.975138	129.949482
67.129177	49.255108	131.499916
68.159534	49.533734	131.321360
69.205706	49.802552	132.603832
70.267935	50.047520	132.193508
71.346469	50.253919	133.293676
72.441557	50.411483	133.071609
73.553453	50.573620	134.778193
74.682415	50.770896	135.140826
75.828706	50.998234	137.015801
76.992591	51.248048	137.354578
78.174341	51.509686	139.058446
79.374229	51.775518	139.242551
80.592533	52.042484	140.790329
81.829538	52.309834	140.888806
83.085529	52.577070	142.337957
84.360798	52.844419	142.384789
85.655641	53.110698	143.755778
86.970359	53.377017	143.775106
88.305256	53.644552	145.088556
89.660642	53.911802	145.070035
91.036831	54.178038	146.319714
92.434144	54.444907	146.281887
93.852904	54.711406	147.477303
95.293440	54.978412	147.418559
96.756087	55.245279	148.562948
98.241184	55.513369	148.484282
99.749075	55.780874	149.568963
101.280111	56.048143	149.471053
102.834646	56.317175	150.511312
104.413042	56.585861	150.383749
106.015664	56.854843	151.367605
107.642885	57.123643	151.216329
109.295082	57.392665	152.149758
110.972638	57.662415	151.978743
112.675943	57.932843	152.855227
114.405391	58.202648	152.650475
116.161385	58.471951	153.472730
117.944331	58.741831	153.252205
119.754644	59.013122	154.020064
121.592742	59.282956	153.761769
123.459054	59.553775	154.475909
125.354011	59.823868	154.183593
127.278054	60.093214	154.838762
129.231628	60.362560	154.521829
131.215188	60.631764	155.123402
133.229193	60.901354	154.772239
135.274111	61.168877	155.308267
137.350416	61.436448	154.930800
139.458590	61.703103	155.411916
141.599122	61.969409	155.004431
143.772508	62.235342	155.425780
145.979254	62.499371	154.978665
148.219871	62.762346	155.343755
150.494879	63.023745	154.868412
152.804806	63.284710	155.181848
155.150187	63.544357	154.670873
157.531567	63.801602	154.920819
159.949499	64.056649	154.384465
162.404543	64.311241	154.588646
164.897270	64.563312	154.017842
167.428257	64.813288	154.168528
169.998092	65.060988	153.571963
172.607371	65.306012	153.675385
175.256699	65.549131	153.061236
177.946692	65.790261	153.120869
180.677973	66.028526	152.480599
183.451176	66.263376	152.500191
186.266944	66.496534	151.852033
189.125932	66.726791	151.836376
192.028801	66.955053	151.176535
194.976227	67.180371	151.123374
197.968892	67.401686	150.449917
201.007491	67.619896	150.382317
204.092729	67.837282	149.718294
207.225322	68.050972	149.623398
210.405997	68.262310	148.962596
213.635492	68.470556	148.856563
216.914556	68.676869	148.211515
220.243949	68.881294	148.101371
223.624446	69.083925	147.469755
227.056828	69.284346	147.352659
230.541895	69.482279	146.739959
234.080453	69.678658	146.634667
237.673323	69.874826	146.055426
241.321341	70.069874	145.954884
245.025351	70.263913	145.401931
248.786214	70.457217	145.315609
252.604802	70.650218	144.800009
256.482000	70.843649	144.735871
260.418710	71.037032	144.257292
264.415843	71.230711	144.223717
268.474328	71.426099	143.797459
272.595106	71.622287	143.803811
276.779133	71.819949	143.437511
281.027381	72.017371	143.520289
285.340834	72.217459	143.287878
289.720494	72.419030	143.568672
294.167376	72.621070	143.863442
298.682514	73.004006	145.233534
303.266953	73.606978	144.085749
307.921759	73.814279	142.012544
312.648010	73.969262	141.483373
317.446805	74.154458	141.394127
322.319255	74.541414	142.241899
327.266492	75.153547	140.628423
332.289663	75.352558	137.991064
337.389935	75.549405	136.922078
342.568490	75.749136	135.472593
347.826529	75.945882	134.488475
353.165274	76.150916	133.505568
358.585963	76.456186	132.433249
364.089853	76.650714	130.467975
369.678221	76.825714	129.272987
375.352365	76.985439	127.536350
381.113600	77.126510	126.443537
386.963264	77.288356	124.604657
392.902713	77.303926	123.303703
398.933327	77.394854	122.588795
405.056503	77.531883	121.739955
411.273663	77.654383	120.692559
417.586250	77.790314	119.819904
423.995728	77.923116	118.430642
430.503584	77.939817	117.251217
437.111328	77.955668	116.883703
443.820494	78.095339	116.899248
450.632638	78.302980	116.175500
457.549340	78.439315	115.230318
464.572207	78.566881	114.425356
471.702866	78.691387	113.676761
478.942973	78.814477	112.936726
486.294207	78.944361	112.482310
493.758274	79.163763	111.771351
501.336907	79.312684	110.446863
509.031863	79.412230	109.499905
516.844927	79.516009	108.607085
524.777914	79.624209	107.890444
532.832663	79.736150	107.106044
541.011043	79.853820	106.472688
549.314952	79.975999	105.729871
557.746317	80.103595	105.131687
566.307094	80.236140	104.394512
574.999269	80.374124	103.804318
583.824859	80.517615	103.041911
592.785912	80.667150	102.441960
601.884506	80.830578	101.593039
611.122755	80.984044	100.792052
620.502799	81.126288	99.832118
630.026817	81.269625	99.077755
639.697018	81.415402	98.118790
649.515646	81.563600	97.337121
659.484978	81.713536	96.311896
669.607328	81.866187	95.453958
679.885045	82.020696	94.300351
690.320514	82.176529	93.196929
700.916155	82.285767	91.668731
711.674427	82.355592	90.622634
722.597826	82.429287	89.479788
733.688888	82.506255	88.690518
744.950184	82.586731	87.656968
756.384329	82.670774	86.963774
767.993975	82.757600	85.961742
779.781816	82.847711	85.307932
791.750587	82.940903	84.220931
803.903066	83.002048	83.474800
816.242071	83.058080	82.577818
828.770466	83.118925	82.118156
841.491157	83.185702	81.390950
854.407097	83.258060	81.086041
867.521282	83.336649	80.492796
880.836755	83.422106	80.339664
894.356605	83.515782	79.982383
908.083970	83.661186	80.089738
922.022035	83.822648	79.589124
936.174033	83.993789	79.496261
950.543248	84.171665	78.865808
965.133014	84.356587	78.699574
979.946717	84.548519	78.005790
994.987794	84.753346	77.893535
1010.259734	85.005215	77.158164
1025.766081	85.257040	76.646622
1041.510433	85.508296	75.532680
1057.496443	85.758437	74.784202
1073.727820	86.006591	73.424574
1090.208331	86.252008	72.419690
1106.941799	86.471658	70.808651
1123.932106	86.692732	69.799048
1141.183196	86.919452	68.149079
1158.699071	87.152038	66.984075
1176.483794	87.390905	65.092422
1194.541493	87.636713	63.452329
1212.876357	87.810391	60.823900
1231.492641	87.912276	59.056382
1250.394663	88.000524	56.910253
1269.586811	88.090126	55.569441
1289.073536	88.181104	53.626461
1308.859360	88.273478	52.428889
1328.948875	88.367270	50.566601
1349.346741	88.462501	49.446659
1370.057691	88.559194	47.621719
1391.086530	88.657371	46.548861
1412.438139	88.757056	44.738165
1434.117471	88.858269	43.695332
1456.129556	88.961038	41.886679
1478.479502	89.065383	40.869798
1501.172494	89.173120	39.076376
1524.213798	89.289739	38.093163
1547.608761	89.414147	36.244053
1571.362809	89.541650	35.175119
1595.481455	89.671111	33.215026
1619.970296	89.802558	32.065617
1644.835012	89.936024	29.993098
1670.081374	90.071537	28.742874
1695.715238	90.209132	26.523394
1721.742554	90.348837	25.120999
1748.169360	90.490687	22.674420
1775.001787	90.634714	20.960879
1802.246062	90.755762	17.940666
1829.908506	90.797875	15.694980
1857.995537	90.772478	12.751612
1886.513672	90.732851	11.117904
1915.469528	90.692615	8.665954
1944.869824	90.651762	7.363142
1974.721382	90.610282	5.149687
2005.031127	90.568166	4.093483
2035.806093	90.525403	2.110326
2067.053419	90.481983	1.372771
2098.780357	90.453802	-0.150206
2130.994268	90.487857	-0.361698
2163.702626	90.586947	-1.879094
2196.913020	90.702401	-2.568218
2230.633156	90.819628	-4.564114
2264.870858	90.938654	-5.537271
2299.634071	91.059507	-7.794604
2334.930859	91.182214	-8.990536
2370.769413	91.306805	-11.529751
2407.158049	91.423752	-13.058816
2444.105209	91.513689	-15.943889
2481.619467	91.585545	-17.567848
2519.709526	91.655491	-20.459149
2558.384224	91.726512	-22.138640
2597.652535	91.798621	-25.218791
2637.523571	91.871838	-27.157808
2678.006582	91.941819	-30.728583
2719.110962	91.959136	-33.441169
2760.846247	91.855028	-37.552989
2803.222122	91.688338	-39.771806
2846.248419	91.519089	-43.054840
2889.935121	91.347241	-44.739604
2934.292365	91.172756	-47.715210
2979.330442	90.995593	-49.122881
3025.059803	90.813811	-51.904526
3071.491058	90.625561	-53.088279
3118.634980	90.433138	-55.659875
3166.502508	90.237762	-56.589346
3215.104749	90.039387	-58.942572
3264.452980	89.837966	-59.584562
3314.558650	89.641816	-61.619646
3365.433386	89.463623	-61.919510
3417.088991	89.295037	-63.793053
3469.537452	89.125520	-63.916049
3522.790937	88.953401	-65.519969
3576.861804	88.783809	-65.004261
3631.762597	88.707170	-65.605729
3687.506055	88.789113	-64.667070
3744.105113	88.939013	-66.245893
3801.572902	89.091214	-66.604104
3859.922757	89.245752	-69.226412
3919.168216	89.370425	-70.597488
3979.323027	89.421878	-74.091493
4040.401145	89.431025	-75.686274
4102.416744	89.435210	-79.253084
4165.384213	89.434421	-81.314837
4229.318161	89.336024	-86.034053
4294.233423	89.021737	-88.673209
4360.145061	88.594908	-92.154017
4427.068369	88.161528	-92.642687
4495.018873	87.763484	-94.070194
4564.012342	87.544475	-92.582537
4634.064782	87.525372	-93.638233
4705.192448	87.551491	-93.431298
4777.411843	87.578009	-95.898041
4850.739725	87.559519	-96.688054
4925.193107	87.480538	-99.690892
5000.789264	87.383583	-100.363488
5077.545738	87.286735	-103.231672
5155.480336	87.198257	-103.840901
5234.611143	87.123040	-106.880148
5314.956518	87.051820	-107.835676
5396.535104	86.964374	-111.623434
5479.365829	86.763041	-113.445788
5563.467912	86.433969	-117.239431
5648.860868	86.087872	-118.008135
5735.564509	85.714237	-121.079764
5823.598953	85.279065	-121.151034
5912.984627	84.807364	-122.881154
6003.742269	84.409295	-120.636290
6095.892940	84.282220	-120.355762
6189.458019	84.398731	-118.403771
6284.459216	84.568122	-120.871067
6380.918575	84.552825	-121.906921
6478.858476	84.293270	-125.121404
6578.301643	84.024469	-123.958980
6679.271152	83.952018	-124.771691
6781.790428	84.112083	-123.306054
6885.883260	84.328407	-126.130200
6991.573799	84.504563	-126.889856
7098.886568	84.633684	-131.433958
7207.846468	84.666040	-134.003446
7318.478779	84.393719	-140.290736
7430.809171	83.840057	-141.856623
7544.863709	83.324208	-144.482902
7660.668854	83.038786	-143.165208
7778.251478	82.859294	-145.840351
7897.638862	82.649963	-145.479669
8018.858708	82.406182	-148.450799
8141.939142	82.169934	-147.585080
8266.908722	81.982641	-150.154206
8393.796444	81.826743	-149.154387
8522.631749	81.706491	-151.862897
8653.444531	81.623309	-151.080020
8786.265141	81.529106	-154.404808
8921.124398	81.410713	-153.815023
9058.053593	81.330768	-156.927606
9197.084496	81.363650	-156.337738
9338.249366	81.421846	-160.979419
9481.580958	81.372193	-162.270660
9627.112528	81.208622	-168.182982
9774.877844	80.900773	-169.955279
9924.911191	80.450570	-175.912597
10077.247380	79.842769	-176.877454
10231.921757	79.138056	-181.049064
10388.970212	78.529770	-179.562773
10548.429184	77.937411	-183.116614
10710.335671	77.160791	-181.192647
10874.727239	76.354083	-181.980671
11041.642033	75.769389	-175.866822
11211.118781	75.521727	-173.922911
11383.196805	75.686900	-167.374876
11557.916033	76.015598	-168.117420
11735.317004	76.398713	-164.482910
11915.440880	76.820832	-167.900999
12098.329454	77.169366	-166.895426
12284.025162	77.339464	-172.481353
12472.571089	77.412089	-171.587847
12664.010983	77.508001	-176.698851
12858.389263	77.710211	-175.868427
13055.751031	77.858280	-183.275826
13256.142079	77.738390	-184.634500
13459.608904	77.313304	-192.261498
13666.198715	76.759741	-190.440423
13875.959447	76.399912	-193.774899
14088.939769	76.493227	-189.598050
14305.189099	76.603608	-195.722155
14524.757612	76.615888	-193.214397
14747.696254	76.792895	-199.836681
14974.056752	76.936209	-199.063331
15203.891629	76.886672	-208.269398
15437.254212	76.860162	-208.053853
15674.198647	76.215387	-222.384678
15914.779912	73.861699	-215.732219
16159.053828	74.004650	-202.944830
16407.077073	77.010034	-196.031141
16658.907195	78.136141	-217.250972
16914.602625	77.633334	-219.501004
17174.222692	77.607665	-229.255928
17437.827634	78.086035	-226.492755
17705.478614	78.721989	-241.159157
17977.237735	79.209524	-243.516197
18253.168051	79.109890	-263.858876
18533.333587	78.992539	-263.338331
18817.799347	79.036219	-285.654485
19106.631336	78.830360	-285.660313
19399.896571	78.747624	-314.251453
19697.663095	78.807541	-314.057362
20000.000000	78.506642	-379.040034