* FRD data written by MATAA on 05-Jan-2019 10:25:28
* Monkey Coffin 20181219, spliced SPL curve, VM752 (no filter), 1 m from baffle, horizontal angle = -90 deg.
10.000000	21.771687	-405.631568
10.153489	22.033980	-236.362169
10.309333	22.297818	-232.658573
10.467570	22.561612	-177.763699
10.628235	22.824747	-174.519211
10.791367	23.088672	-142.191751
10.957002	23.351290	-139.243718
11.125180	23.614607	-116.430345
11.295939	23.877621	-113.697547
11.469319	24.141789	-96.088843
11.645360	24.405700	-93.540058
11.824103	24.668858	-79.206051
12.005589	24.931739	-76.803222
12.189862	25.194468	-64.698392
12.376962	25.458338	-62.417988
12.566935	25.721916	-51.944888
12.759823	25.984208	-49.780499
12.955672	26.248010	-40.529745
13.154527	26.510861	-38.472365
13.356434	26.773669	-30.182228
13.561440	27.039053	-28.213847
13.769593	27.301547	-20.725149
13.980941	27.564175	-18.837073
14.195532	27.826951	-11.981785
14.413418	28.089843	-10.170948
14.634647	28.352694	-3.854150
14.859273	28.615671	-2.114673
15.087346	28.878770	3.742724
15.318920	29.141938	5.413224
15.554048	29.404883	10.872230
15.792785	29.668161	12.479675
16.035186	29.930960	17.587957
16.281308	30.193388	19.138702
16.531208	30.457022	23.946851
16.784943	30.720512	25.434306
17.042573	30.983352	29.960847
17.304158	31.245314	31.396650
17.569757	31.508175	35.687074
17.839433	31.770881	37.071177
18.113248	32.033574	41.139372
18.391266	32.296509	42.474667
18.673551	32.558995	46.338761
18.960169	32.821320	47.628365
19.251186	33.083608	51.313906
19.546670	33.347122	52.563871
19.846690	33.610906	56.069281
20.151314	33.872515	57.263366
20.460614	34.134648	60.622530
20.774661	34.396801	61.780144
21.093529	34.658924	64.997840
21.417291	34.922374	66.116908
21.746022	35.184668	69.188344
22.079799	35.446310	70.266768
22.418699	35.707878	73.223018
22.762800	35.971068	74.273475
23.112184	36.234931	77.100022
23.466930	36.496146	78.095818
23.827121	36.757685	80.822010
24.192840	37.019344	81.790258
24.564173	37.281267	84.420220
24.941205	37.545857	85.349459
25.324024	37.805968	87.855846
25.712720	38.067236	88.769767
26.107381	38.330239	91.197927
26.508100	38.593506	92.064324
26.914969	38.855248	94.387050
27.328084	39.115731	95.223646
27.747539	39.376935	97.475799
28.173432	39.638621	98.291411
28.605863	39.902471	100.456750
29.044930	40.163065	101.220838
29.490737	40.424265	103.313711
29.943387	40.684098	104.058325
30.402984	40.946394	106.096554
30.869636	41.211043	106.802131
31.343450	41.471563	108.732477
31.824536	41.731108	109.416399
32.313007	41.991137	111.304672
32.808975	42.253642	111.974369
33.312556	42.516915	113.781881
33.823866	42.777696	114.399438
34.343024	43.037431	116.152813
34.870151	43.299813	116.762873
35.405368	43.561943	118.442039
35.948801	43.822781	119.013118
36.500574	44.083568	120.632779
37.060817	44.342405	121.185031
37.629659	44.604738	122.768740
38.207232	44.866968	123.280562
38.793669	45.127104	124.790428
39.389109	45.387366	125.283980
39.993687	45.646816	126.751136
40.607545	45.909405	127.235778
41.230825	46.172517	128.629553
41.863671	46.432136	129.063162
42.506232	46.691550	130.413696
43.158654	46.949793	130.846840
43.821091	47.213278	132.169856
44.493695	47.475525	132.550282
45.176623	47.734764	133.802402
45.870033	47.994698	134.191415
46.574087	48.260716	135.406288
47.288946	48.521753	135.719307
48.014778	48.781421	136.883016
48.751751	49.041308	137.190446
49.500035	49.300360	138.333086
50.259805	49.567855	138.633529
51.031236	49.829880	139.668522
51.814508	50.089843	139.931375
52.609803	50.350493	140.947095
53.417304	50.611682	141.210591
54.237199	50.881517	142.185785
55.069679	51.145562	142.344937
55.914936	51.407627	143.250321
56.773168	51.670245	143.388742
57.644572	51.932598	144.245836
58.529351	52.200874	144.314712
59.427710	52.456523	145.000451
60.339859	52.699655	144.994793
61.266007	52.934039	145.710779
62.206371	53.166390	145.766980
63.161169	53.386992	146.542115
64.130622	53.616367	146.776539
65.114954	53.855103	147.654412
66.114395	54.104657	147.934725
67.129177	54.371020	148.746141
68.159534	54.626692	148.849854
69.205706	54.882751	149.601494
70.267935	55.139688	149.703725
71.346469	55.398963	150.442495
72.441557	55.670545	150.495339
73.553453	55.926578	151.064929
74.682415	56.182517	151.107651
75.828706	56.437516	151.687884
76.992591	56.695070	151.760046
78.174341	56.966859	152.298302
79.374229	57.221931	152.205284
80.592533	57.475128	152.725400
81.829538	57.728655	152.679625
83.085529	57.985748	153.231537
84.360798	58.258203	153.149480
85.655641	58.511352	153.518926
86.970359	58.763904	153.457586
88.305256	59.025563	153.902845
89.660642	59.295315	153.754478
91.036831	59.547289	154.037981
92.434144	59.798687	153.909267
93.852904	60.049435	154.250247
95.293440	60.310966	154.175207
96.756087	60.582085	154.417690
98.241184	60.833235	154.164095
99.749075	61.083606	154.420870
101.280111	61.333290	154.244053
102.834646	61.594806	154.556105
104.413042	61.868059	154.285473
106.015664	62.118004	154.384877
107.642885	62.367504	154.149663
109.295082	62.616987	154.330463
110.972638	62.879350	154.166415
112.675943	63.154811	154.235643
114.405391	63.403378	153.851924
116.161385	63.652574	154.007137
117.944331	63.924563	153.739684
119.754644	64.192489	153.689131
121.592742	64.442100	153.277332
123.459054	64.691815	153.271244
125.354011	64.939103	152.964356
127.278054	65.212128	153.028371
129.231628	65.483743	152.522754
131.215188	65.732996	152.381985
133.229193	65.981405	151.941140
135.274111	66.229530	151.916541
137.350416	66.505287	151.552120
139.458590	66.778208	151.287977
141.599122	67.027462	150.720171
143.772508	67.276091	150.510527
145.979254	67.523332	150.073480
148.219871	67.801353	149.936719
150.494879	68.076677	149.242635
152.804806	68.325622	148.853986
155.150187	68.574538	148.196123
157.531567	68.812148	147.863295
159.949499	69.068468	147.310931
162.404543	69.325092	146.859705
164.897270	69.560075	146.116381
167.428257	69.770009	145.765170
169.998092	70.006088	145.430461
172.607371	70.262257	145.288732
175.256699	70.576413	145.100258
177.946692	70.941290	144.316512
180.677973	71.190457	143.246927
183.451176	71.489731	142.602457
186.266944	71.758608	141.367776
189.125932	72.007853	140.439885
192.028801	72.257986	139.306349
194.976227	72.507594	137.883935
197.968892	72.587370	136.495403
201.007491	72.760804	136.314057
204.092729	72.963767	135.289244
207.225322	73.128307	134.855757
210.405997	73.336703	134.185539
213.635492	73.545622	133.759051
216.914556	73.773336	133.080887
220.243949	74.010281	132.576327
223.624446	74.252961	131.808216
227.056828	74.518954	131.147260
230.541895	74.760314	130.009459
234.080453	74.981790	129.192904
237.673323	75.193983	128.159796
241.321341	75.413060	127.563320
245.025351	75.677903	126.646015
248.786214	75.945221	125.664374
252.604802	76.196063	124.234683
256.482000	76.395841	122.842114
260.418710	76.534315	121.506644
264.415843	76.691205	120.821560
268.474328	76.896631	119.958016
272.595106	77.126924	119.135869
276.779133	77.347567	117.871564
281.027381	77.540751	116.873663
285.340834	77.756115	115.674367
289.720494	77.945744	114.480743
294.167376	78.117458	113.244814
298.682514	78.280321	112.226358
303.266953	78.453488	111.287426
307.921759	78.670383	110.315419
312.648010	78.840652	109.014671
317.446805	79.005752	108.137014
322.319255	79.183033	107.148135
327.266492	79.382288	106.416759
332.289663	79.604996	105.396247
337.389935	79.828535	104.477496
342.568490	80.069627	103.328799
347.826529	80.313020	102.145900
353.165274	80.543429	100.715043
358.585963	80.777747	99.371355
364.089853	80.996415	97.602302
369.678221	81.155587	96.037953
375.352365	81.319651	94.582646
381.113600	81.487476	93.247650
386.963264	81.657548	91.848203
392.902713	81.832343	90.559115
398.933327	82.010111	89.159993
405.056503	82.191221	87.856953
411.273663	82.376129	86.430025
417.586250	82.564580	85.079154
423.995728	82.757300	83.583520
430.503584	82.953260	82.121252
437.111328	83.144020	80.451621
443.820494	83.317811	78.877724
450.632638	83.494908	77.256933
457.549340	83.674949	75.696645
464.572207	83.858794	74.020571
471.702866	84.045044	72.378855
478.942973	84.234192	70.594577
486.294207	84.427450	68.819828
493.758274	84.622966	66.831094
501.336907	84.822624	64.769018
509.031863	84.996627	62.182834
516.844927	85.065648	59.751628
524.777914	85.136641	57.708936
532.832663	85.211630	55.743077
541.011043	85.289543	53.856937
549.314952	85.370829	52.027019
557.746317	85.455423	50.222383
566.307094	85.543575	48.472200
574.999269	85.635433	46.777556
583.824859	85.758476	45.218933
592.785912	85.925791	43.422688
601.884506	86.092359	41.345520
611.122755	86.244620	39.040127
620.502799	86.385152	36.667231
630.026817	86.522696	34.051450
639.697018	86.656979	31.316757
649.515646	86.787749	27.717114
659.484978	86.691108	23.737383
669.607328	86.485808	20.821946
679.885045	86.285898	18.479171
690.320514	86.090472	16.553840
700.916155	85.900706	14.963412
711.674427	85.717233	13.684270
722.597826	85.540381	13.105910
733.688888	85.532715	12.905155
744.950184	85.578998	11.974545
756.384329	85.625697	10.971452
767.993975	85.672989	9.701732
779.781816	85.720683	8.507772
791.750587	85.768156	7.194667
803.903066	85.844531	6.054530
816.242071	85.947927	4.557033
828.770466	86.048921	2.996487
841.491157	86.146271	1.145647
854.407097	86.239909	-0.680481
867.521282	86.329426	-2.911417
880.836755	86.365863	-5.123852
894.356605	86.388403	-7.336572
908.083970	86.401441	-9.467575
922.022035	86.398306	-11.702271
936.174033	86.386641	-13.773625
950.543248	86.369971	-15.964602
965.133014	86.347680	-18.020896
979.946717	86.319642	-20.236198
994.987794	86.285084	-22.317903
1010.259734	86.243213	-24.655118
1025.766081	86.159004	-26.863129
1041.510433	86.056608	-28.999345
1057.496443	85.955679	-30.863294
1073.727820	85.856440	-32.789444
1090.208331	85.762415	-34.464229
1106.941799	85.686385	-36.284405
1123.932106	85.607908	-38.018125
1141.183196	85.527868	-39.882803
1158.699071	85.447698	-41.614195
1176.483794	85.364580	-43.480018
1194.541493	85.292168	-45.214569
1212.876357	85.209159	-47.263914
1231.492641	85.099036	-49.115924
1250.394663	84.981947	-51.042764
1269.586811	84.863062	-52.745938
1289.073536	84.742352	-54.595759
1308.859360	84.619789	-56.233809
1328.948875	84.495344	-58.037079
1349.346741	84.368989	-59.625724
1370.057691	84.240695	-61.390783
1391.086530	84.110432	-62.935143
1412.438139	83.978170	-64.663883
1434.117471	83.843877	-66.163272
1456.129556	83.707523	-67.850965
1478.479502	83.569077	-69.292575
1501.172494	83.430768	-70.904868
1524.213798	83.299474	-72.261911
1547.608761	83.173749	-73.870461
1571.362809	83.047593	-75.275265
1595.481455	82.919500	-76.929053
1619.970296	82.789441	-78.351706
1644.835012	82.657387	-80.024612
1670.081374	82.523305	-81.457069
1695.715238	82.387166	-83.148629
1721.742554	82.248937	-84.595403
1748.169360	82.108586	-86.316100
1775.001787	81.966080	-87.801501
1802.246062	81.817209	-89.607259
1829.908506	81.652654	-91.166773
1857.995537	81.474268	-92.948874
1886.513672	81.290849	-94.392212
1915.469528	81.104615	-96.081674
1944.869824	80.915522	-97.455577
1974.721382	80.723526	-99.094882
2005.031127	80.528585	-100.414431
2035.806093	80.330650	-102.006816
2067.053419	80.129678	-103.263318
2098.780357	79.928071	-104.776517
2130.994268	79.733022	-105.942433
2163.702626	79.544917	-107.452576
2196.913020	79.356212	-108.691368
2230.633156	79.164610	-110.285803
2264.870858	78.970067	-111.587158
2299.634071	78.772538	-113.263223
2334.930859	78.571978	-114.670102
2370.769413	78.368339	-116.548196
2407.158049	78.137297	-118.350436
2444.105209	77.829528	-120.563051
2481.619467	77.467592	-122.090621
2519.709526	77.092449	-123.672228
2558.384224	76.711547	-124.673123
2597.652535	76.324800	-125.858849
2637.523571	75.932116	-126.478662
2678.006582	75.534341	-127.261834
2719.110962	75.141997	-127.396718
2760.846247	74.769754	-127.741550
2803.222122	74.404889	-127.608405
2846.248419	74.034425	-127.718902
2889.935121	73.658273	-127.176094
2934.292365	73.276349	-126.699542
2979.330442	72.888562	-125.096083
3025.059803	72.639049	-122.785891
3071.491058	72.664641	-120.270581
3118.634980	72.788052	-119.423388
3166.502508	72.913358	-118.851731
3215.104749	73.040587	-119.299145
3264.452980	73.169768	-119.919858
3314.558650	73.229343	-121.921968
3365.433386	73.110300	-123.682951
3417.088991	72.883763	-125.275848
3469.537452	72.639563	-125.801781
3522.790937	72.391615	-126.377809
3576.861804	72.146459	-125.793934
3631.762597	72.019517	-124.870673
3687.506055	72.094553	-123.613326
3744.105113	72.255883	-123.761811
3801.572902	72.419689	-123.987734
3859.922757	72.586010	-125.062308
3919.168216	72.780908	-125.824925
3979.323027	73.039456	-127.576525
4040.401145	73.336765	-129.595592
4102.416744	73.642757	-133.056520
4165.384213	73.945883	-137.195085
4229.318161	74.107093	-143.616746
4294.233423	73.948834	-150.052789
4360.145061	73.626381	-156.350672
4427.068369	73.298979	-162.235980
4495.018873	72.849717	-170.286667
4564.012342	71.878389	-178.935901
4634.064782	70.326546	-185.833059
4705.192448	68.624242	-188.769172
4777.411843	66.895809	-189.887582
4850.739725	65.212898	-188.045732
4925.193107	63.599673	-185.017533
5000.789264	61.988279	-179.114278
5077.545738	60.490644	-169.688311
5155.480336	59.826167	-154.949283
5234.611143	60.421080	-142.782983
5314.956518	61.472620	-136.047401
5396.535104	62.474269	-134.806983
5479.365829	63.000248	-136.499242
5563.467912	62.990431	-138.076687
5648.860868	62.937190	-137.329188
5735.564509	62.955803	-136.618413
5823.598953	63.157150	-135.288625
5912.984627	63.459182	-136.084905
6003.742269	63.692313	-137.796957
6095.892940	63.677045	-141.303736
6189.458019	63.438273	-143.582838
6284.459216	63.140966	-146.497947
6380.918575	62.593192	-148.968512
6478.858476	61.716612	-150.365568
6578.301643	60.844429	-147.338743
6679.271152	60.546440	-142.628934
6781.790428	60.928622	-139.745782
6885.883260	61.280533	-143.663953
6991.573799	60.630046	-150.376686
7098.886568	58.816860	-153.373045
7207.846468	56.873822	-146.525157
7318.478779	55.768621	-134.619965
7430.809171	55.434474	-121.357094
7544.863709	55.634332	-107.125380
7660.668854	57.020963	-92.805219
7778.251478	58.989634	-85.823845
7897.638862	60.942934	-82.256304
8018.858708	62.873639	-82.749772
8141.939142	64.744575	-85.299686
8266.908722	66.455130	-91.609865
8393.796444	67.987838	-99.879428
8522.631749	68.970678	-112.088105
8653.444531	69.350406	-122.194877
8786.265141	69.699675	-131.690946
8921.124398	70.132047	-141.159636
9058.053593	70.374843	-154.098715
9197.084496	70.086114	-166.975060
9338.249366	69.470712	-179.668660
9481.580958	68.721488	-191.518164
9627.112528	67.628953	-205.737812
9774.877844	65.795088	-219.825737
9924.911191	62.923885	-233.296300
10077.247380	58.239290	-238.561483
10231.921757	53.274400	-215.397462
10388.970212	54.221055	-176.837880
10548.429184	58.440415	-172.708038
10710.335671	60.128770	-187.433484
10874.727239	60.085082	-202.056112
11041.642033	59.489491	-214.286257
11211.118781	58.302370	-228.267142
11383.196805	56.463172	-240.220095
11557.916033	53.944197	-252.620948
11735.317004	50.366465	-262.535005
11915.440880	44.864327	-262.876362
12098.329454	40.547872	-235.726121
12284.025162	40.497096	-212.984938
12472.571089	40.111594	-209.719210
12664.010983	37.524144	-204.472507
12858.389263	35.050182	-184.812182
13055.751031	34.548615	-161.944182
13256.142079	34.435173	-153.572753
13459.608904	29.939556	-132.260793
13666.198715	31.216051	-59.347154
13875.959447	42.035148	-36.883020
14088.939769	47.365263	-65.651337
14305.189099	48.883762	-85.196849
14524.757612	49.529100	-103.049663
14747.696254	48.796623	-118.529139
14974.056752	47.097626	-127.514298
15203.891629	44.727363	-125.853096
15437.254212	44.335661	-108.617110
15674.198647	47.076096	-107.146677
15914.779912	48.093476	-125.268776
16159.053828	46.825482	-150.943668
16407.077073	40.277744	-170.485111
16658.907195	32.182342	-137.891367
16914.602625	30.967450	-74.712223
17174.222692	36.213256	-30.858980
17437.827634	42.494494	-21.068833
17705.478614	47.693880	-30.373974
17977.237735	50.128702	-57.467058
18253.168051	49.408824	-76.054485
18533.333587	47.384162	-87.449671
18817.799347	45.414938	-77.657385
19106.631336	45.000212	-72.162982
19399.896571	45.132841	-54.953218
19697.663095	44.176852	-60.862988
20000.000000	42.146400	18.356036