* FRD data written by MATAA on 05-Jan-2019 10:25:28
* Monkey Coffin 20181219, spliced SPL curve, 12PR320 (no filter), 1 m from baffle, horizontal angle = +30 deg.
10.000000	28.191550	-408.787881
10.153489	28.624729	-193.076255
10.309333	29.064558	-185.341945
10.467570	29.511136	-113.724219
10.628235	30.041074	-105.958125
10.791367	30.649918	-62.499146
10.957002	31.346071	-55.321483
11.125180	32.091051	-24.359164
11.295939	32.877700	-18.100419
11.469319	33.696584	5.745217
11.645360	34.540512	11.108963
11.824103	35.394413	30.218575
12.005589	36.256049	34.775320
12.189862	37.118329	50.543514
12.376962	37.977524	54.413439
12.566935	38.833440	67.703494
12.759823	39.676451	70.985939
12.955672	40.513709	82.414091
13.154527	41.341715	85.240466
13.356434	42.161633	95.185378
13.561440	42.973351	97.599974
13.769593	43.767358	106.323630
13.980941	44.556916	108.459880
14.195532	45.337443	116.210225
14.413418	46.109155	118.054183
14.634647	46.872961	124.977157
14.859273	47.625552	126.564006
15.087346	48.371065	132.807786
15.318920	49.110424	134.193156
15.554048	49.843645	139.829094
15.792785	50.569183	141.004948
16.035186	51.287324	146.112002
16.281308	52.000208	147.118479
16.531208	52.706735	151.760136
16.784943	53.409437	152.612455
17.042573	54.109046	156.818642
17.304158	54.797672	157.487882
17.569757	55.485016	161.345550
17.839433	56.169162	161.876189
18.113248	56.850008	165.363294
18.391266	57.524820	165.731830
18.673551	58.196568	168.889544
18.960169	58.862351	169.109581
19.251186	59.524946	171.971033
19.546670	60.184678	172.063112
19.846690	60.843250	174.628263
20.151314	61.494795	174.556701
20.460614	62.145033	176.858268
20.774661	62.792705	176.640547
21.093529	63.436654	178.655784
21.417291	64.076268	178.268112
21.746022	64.707615	180.016477
22.079799	65.338471	179.515458
22.418699	65.967420	181.012306
22.762800	66.591170	180.327621
23.112184	67.209605	181.552340
23.466930	67.819599	180.705117
23.827121	68.427954	181.707866
24.192840	69.030151	180.685586
24.564173	69.625258	181.431214
24.941205	70.215411	180.235769
25.324024	70.793912	180.717860
25.712720	71.365635	179.369102
26.107381	71.928392	179.621131
26.508100	72.481760	178.112263
26.914969	73.028032	178.131767
27.328084	73.557661	176.434086
27.747539	74.077741	176.263481
28.173432	74.586273	174.427515
28.605863	75.081527	174.059067
29.044930	75.567247	172.077371
29.490737	76.030327	171.486967
29.943387	76.479724	169.424558
30.402984	76.915954	168.718403
30.869636	77.338369	166.561948
31.343450	77.743782	165.701380
31.824536	78.127272	163.477416
32.313007	78.500397	162.574094
32.808975	78.856755	160.311646
33.312556	79.197163	159.340275
33.823866	79.524109	157.066758
34.343024	79.829822	156.042942
34.870151	80.123687	153.831525
35.405368	80.405984	152.824704
35.948801	80.675747	150.647904
36.500574	80.934589	149.637440
37.060817	81.176431	147.495317
37.629659	81.408602	146.546409
38.207232	81.633086	144.503106
38.793669	81.850126	143.589420
39.389109	82.057987	141.597036
39.993687	82.255092	140.721133
40.607545	82.447648	138.829075
41.230825	82.633760	138.000299
41.863671	82.813944	136.174781
42.506232	82.987835	135.391895
43.158654	83.157811	133.645204
43.821091	83.322677	132.904520
44.493695	83.483613	131.232879
45.176623	83.642647	130.540190
45.870033	83.798314	128.921945
46.574087	83.950430	128.255367
47.288946	84.099713	126.695673
48.014778	84.246777	126.060673
48.751751	84.391408	124.552306
49.500035	84.534488	123.942704
50.259805	84.675424	122.475087
51.031236	84.813914	121.882546
51.814508	84.950984	120.460360
52.609803	85.086912	119.884857
53.417304	85.220974	118.493504
54.237199	85.353378	117.929399
55.069679	85.484699	116.571519
55.914936	85.614750	116.013041
56.773168	85.742827	114.677838
57.644572	85.869383	114.127169
58.529351	85.994962	112.820915
59.427710	86.119643	112.272881
60.339859	86.242625	110.982552
61.266007	86.364091	110.434340
62.206371	86.484184	109.164000
63.161169	86.602991	108.615734
64.130622	86.720137	107.361093
65.114954	86.835987	106.815498
66.114395	86.951539	105.574753
67.129177	87.063663	105.016709
68.159534	87.175276	103.798350
69.205706	87.285337	103.235611
70.267935	87.392207	102.031158
71.346469	87.500176	101.481311
72.441557	87.605770	100.281872
73.553453	87.709626	99.725580
74.682415	87.812294	98.542977
75.828706	87.912962	97.983468
76.992591	88.012643	96.818774
78.174341	88.111113	96.255540
79.374229	88.207094	95.100642
80.592533	88.302413	94.542446
81.829538	88.396057	93.399841
83.085529	88.487851	92.841622
84.360798	88.579133	91.718331
85.655641	88.668641	91.156642
86.970359	88.756615	90.047783
88.305256	88.843861	89.490623
89.660642	88.929580	88.391678
91.036831	89.013229	87.835909
92.434144	89.096794	86.759601
93.852904	89.178678	86.201967
95.293440	89.259167	85.144370
96.756087	89.340506	84.593305
98.241184	89.418890	83.537372
99.749075	89.496608	82.993962
101.280111	89.574222	81.958741
102.834646	89.650592	81.411497
104.413042	89.725952	80.386692
106.015664	89.799637	79.842741
107.642885	89.873399	78.840186
109.295082	89.946619	78.298600
110.972638	90.018952	77.306198
112.675943	90.090830	76.766779
114.405391	90.161902	75.786063
116.161385	90.232589	75.249710
117.944331	90.303178	74.279581
119.754644	90.372640	73.738785
121.592742	90.441651	72.779138
123.459054	90.509992	72.241479
125.354011	90.578990	71.290416
127.278054	90.645410	70.742475
129.231628	90.712214	69.813697
131.215188	90.780509	69.268292
133.229193	90.846461	68.329739
135.274111	90.912006	67.784062
137.350416	90.977564	66.859101
139.458590	91.042746	66.308489
141.599122	91.107797	65.388221
143.772508	91.172301	64.827240
145.979254	91.235460	63.908247
148.219871	91.298505	63.345356
150.494879	91.360408	62.431070
152.804806	91.422235	61.869219
155.150187	91.484810	60.957152
157.531567	91.544422	60.373183
159.949499	91.603172	59.475980
162.404543	91.663388	58.898078
164.897270	91.721180	57.994244
167.428257	91.779213	57.416153
169.998092	91.836793	56.514981
172.607371	91.892456	55.924686
175.256699	91.947709	55.033450
177.946692	92.002101	54.441722
180.677973	92.055828	53.555235
183.451176	92.108218	52.959500
186.266944	92.159701	52.082766
189.125932	92.210545	51.490780
192.028801	92.260885	50.623364
194.976227	92.310096	50.029662
197.968892	92.358082	49.173438
201.007491	92.405631	48.592659
204.092729	92.454281	47.752015
207.225322	92.500776	47.162220
210.405997	92.546453	46.339428
213.635492	92.593016	45.766312
216.914556	92.638997	44.954366
220.243949	92.684828	44.385688
223.624446	92.730050	43.589891
227.056828	92.775505	43.035908
230.541895	92.821939	42.261851
234.080453	92.868479	41.715469
237.673323	92.916235	40.959992
241.321341	92.964579	40.420931
245.025351	93.014334	39.682013
248.786214	93.065429	39.147060
252.604802	93.117301	38.418536
256.482000	93.171303	37.891427
260.418710	93.227308	37.171593
264.415843	93.284975	36.640077
268.474328	93.345215	35.923280
272.595106	93.406707	35.378496
276.779133	93.470267	34.665017
281.027381	93.537602	34.112967
285.340834	93.606807	33.382662
289.720494	93.678202	32.804019
294.167376	93.751585	32.060348
298.682514	93.827319	31.457448
303.266953	93.905858	30.717158
307.921759	93.995922	30.091587
312.648010	94.085922	29.245988
317.446805	94.175645	28.514015
322.319255	94.265124	27.604520
327.266492	94.354969	26.796449
332.289663	94.442618	25.813925
337.389935	94.528834	24.938417
342.568490	94.614433	23.898345
347.826529	94.696525	22.946981
353.165274	94.776731	21.852991
358.585963	94.853883	20.838358
364.089853	94.927550	19.690222
369.678221	94.997702	18.621318
375.352365	95.064154	17.429999
381.113600	95.126863	16.313003
386.963264	95.185310	15.081044
392.902713	95.238626	13.922459
398.933327	95.288200	12.667685
405.056503	95.333014	11.477066
411.273663	95.373583	10.199530
417.586250	95.408225	8.979948
423.995728	95.437664	7.698504
430.503584	95.463321	6.479140
437.111328	95.485152	5.200029
443.820494	95.502362	3.971911
450.632638	95.515425	2.702354
457.549340	95.525083	1.480160
464.572207	95.531015	0.225119
471.702866	95.534022	-0.986858
478.942973	95.534644	-2.221009
486.294207	95.533185	-3.427790
493.758274	95.528819	-4.648552
501.336907	95.523282	-5.846326
509.031863	95.516085	-7.053889
516.844927	95.508058	-8.253852
524.777914	95.498665	-9.459913
532.832663	95.488116	-10.671404
541.011043	95.477442	-11.879838
549.314952	95.466202	-13.119733
557.746317	95.454553	-14.354676
566.307094	95.442207	-15.647053
574.999269	95.429599	-16.933568
583.824859	95.417101	-18.322353
592.785912	95.404285	-19.744654
601.884506	95.381019	-21.421029
611.122755	95.311834	-23.126053
620.502799	95.208506	-24.749521
630.026817	95.097599	-26.141788
639.697018	94.980752	-27.568580
649.515646	94.858350	-28.801540
659.484978	94.730588	-30.137393
669.607328	94.597352	-31.238061
679.885045	94.459807	-32.544906
690.320514	94.318372	-33.569484
700.916155	94.135188	-35.293042
711.674427	93.779793	-35.641886
722.597826	93.698714	-35.316430
733.688888	93.603926	-36.087315
744.950184	93.494814	-36.610006
756.384329	93.370500	-37.410908
767.993975	93.230247	-38.016444
779.781816	93.073311	-38.701097
791.750587	92.898857	-39.112755
803.903066	92.735269	-39.439145
816.242071	92.569170	-39.666149
828.770466	92.400522	-39.795917
841.491157	92.229285	-39.790086
854.407097	92.055420	-39.627189
867.521282	91.878885	-39.270430
880.836755	91.699642	-38.635216
894.356605	91.517647	-37.491141
908.083970	91.437522	-35.525583
922.022035	91.542115	-33.761867
936.174033	91.707233	-32.720113
950.543248	91.874884	-32.112487
965.133014	92.045110	-31.716736
979.946717	92.217948	-31.557543
994.987794	92.393439	-31.507345
1010.259734	92.571623	-31.657386
1025.766081	92.752542	-31.872821
1041.510433	92.936239	-32.282168
1057.496443	93.122754	-32.735058
1073.727820	93.312133	-33.388933
1090.208331	93.504418	-34.077718
1106.941799	93.699655	-34.985118
1123.932106	93.897888	-35.932723
1141.183196	94.099165	-37.131402
1158.699071	94.303531	-38.404150
1176.483794	94.511033	-39.997353
1194.541493	94.721719	-41.865231
1212.876357	94.866091	-44.364626
1231.492641	94.907434	-46.618572
1250.394663	94.927927	-48.635149
1269.586811	94.948734	-50.405198
1289.073536	94.969860	-52.236386
1308.859360	94.991311	-53.911960
1328.948875	95.013091	-55.720680
1349.346741	95.035205	-57.400691
1370.057691	95.057658	-59.259321
1391.086530	95.080456	-61.010175
1412.438139	95.103605	-62.987046
1434.117471	95.127107	-64.890366
1456.129556	95.150972	-67.099287
1478.479502	95.175202	-69.356160
1501.172494	95.172922	-72.246369
1524.213798	95.062067	-75.210836
1547.608761	94.859422	-77.962916
1571.362809	94.635868	-80.092147
1595.481455	94.408882	-82.151871
1619.970296	94.178414	-83.827456
1644.835012	93.944406	-85.532577
1670.081374	93.706808	-86.879324
1695.715238	93.465563	-88.270247
1721.742554	93.220614	-89.278860
1748.169360	92.971906	-90.296153
1775.001787	92.719381	-90.804384
1802.246062	92.491734	-91.062174
1829.908506	92.352816	-90.817946
1857.995537	92.289567	-91.049673
1886.513672	92.241145	-91.338429
1915.469528	92.191980	-91.982432
1944.869824	92.142060	-92.427887
1974.721382	92.091375	-93.108890
2005.031127	92.039910	-93.476147
2035.806093	91.987657	-93.949726
2067.053419	91.934601	-93.826398
2098.780357	91.937911	-93.179362
2130.994268	92.166573	-91.786832
2163.702626	92.630674	-91.661069
2196.913020	93.155263	-92.662823
2230.633156	93.687903	-94.903701
2264.870858	94.228719	-97.785905
2299.634071	94.777835	-101.909975
2334.930859	95.335380	-106.963255
2370.769413	95.901483	-114.174931
2407.158049	96.225353	-124.408802
2444.105209	95.797821	-136.123516
2481.619467	94.852706	-144.682730
2519.709526	93.813995	-151.006985
2558.384224	92.759340	-155.377728
2597.652535	91.688497	-158.816336
2637.523571	90.601218	-160.497610
2678.006582	89.520977	-160.622576
2719.110962	88.716595	-157.591486
2760.846247	88.562111	-154.756948
2803.222122	88.737138	-154.523853
2846.248419	88.914850	-156.888439
2889.935121	89.095291	-160.656436
2934.292365	89.278501	-166.870926
2979.330442	89.464523	-176.996056
3025.059803	88.697274	-194.278798
3071.491058	86.069088	-208.837360
3118.634980	82.754688	-214.345959
3166.502508	79.389415	-213.139404
3215.104749	75.972490	-206.160397
3264.452980	72.503118	-190.345737
3314.558650	70.200027	-161.096062
3365.433386	70.920008	-128.775412
3417.088991	73.451099	-108.662296
3469.537452	76.262693	-98.345026
3522.790937	79.117443	-95.433630
3576.861804	81.958169	-100.403533
3631.762597	83.773210	-115.286820
3687.506055	83.828414	-130.211564
3744.105113	83.138082	-139.582233
3801.572902	82.437154	-145.101938
3859.922757	81.725469	-149.658383
3919.168216	80.957491	-152.871314
3979.323027	80.071985	-155.509630
4040.401145	79.112236	-156.151668
4102.416744	78.130575	-155.688730
4165.384213	77.149779	-152.576315
4229.318161	76.462689	-146.914313
4294.233423	76.443265	-140.380779
4360.145061	76.764320	-137.104033
4427.068369	77.090302	-135.210900
4495.018873	77.397304	-135.141386
4564.012342	77.603266	-135.559989
4634.064782	77.696283	-136.710902
4705.192448	77.764731	-137.242138
4777.411843	77.834229	-138.461006
4850.739725	77.919585	-139.292941
4925.193107	78.025857	-141.082225
5000.789264	78.139219	-142.795334
5077.545738	78.243957	-145.760829
5155.480336	78.286232	-148.873275
5234.611143	78.234144	-152.951436
5314.956518	78.147768	-156.661595
5396.535104	78.027708	-161.955852
5479.365829	77.665169	-167.670574
5563.467912	77.030540	-173.213753
5648.860868	76.366006	-177.083078
5735.564509	75.746532	-181.219877
5823.598953	75.256296	-185.291490
5912.984627	74.832751	-192.489597
6003.742269	73.987400	-203.971028
6095.892940	71.706032	-217.541963
6189.458019	68.128722	-223.047294
6284.459216	64.245801	-216.760154
6380.918575	61.842576	-198.726827
6478.858476	61.408060	-185.238801
6578.301643	61.027508	-181.351622
6679.271152	59.220985	-181.974146
6781.790428	55.731774	-172.530441
6885.883260	52.587493	-142.563817
6991.573799	53.243896	-97.934041
7098.886568	58.312777	-69.169094
7207.846468	63.953873	-70.552422
7318.478779	66.748315	-90.292643
7430.809171	66.921651	-105.112231
7544.863709	66.707435	-113.245191
7660.668854	66.462925	-119.161424
7778.251478	66.138936	-125.726450
7897.638862	65.377880	-132.422741
8018.858708	64.106809	-137.865377
8141.939142	62.463411	-140.383826
8266.908722	60.269262	-139.187140
8393.796444	58.112921	-127.322105
8522.631749	57.778740	-108.604838
8653.444531	59.499100	-98.548740
8786.265141	60.443731	-103.804683
8921.124398	59.601711	-106.610094
9058.053593	58.698142	-101.817095
9197.084496	58.778462	-94.939299
9338.249366	59.033966	-95.282475
9481.580958	58.209184	-95.989513
9627.112528	56.941956	-90.771924
9774.877844	56.182672	-79.137019
9924.911191	56.271044	-65.005277
10077.247380	57.934862	-50.625505
10231.921757	60.622761	-49.832958
10388.970212	62.212966	-58.903847
10548.429184	62.626771	-71.987668
10710.335671	61.532415	-85.075058
10874.727239	58.799197	-93.647405
11041.642033	54.492204	-84.009969
11211.118781	52.817791	-47.103095
11383.196805	56.686933	-20.650491
11557.916033	59.993662	-26.279429
11735.317004	60.671609	-31.063416
11915.440880	61.628045	-32.231846
12098.329454	62.352525	-38.619848
12284.025162	61.845585	-44.144966
12472.571089	61.487810	-42.873896
12664.010983	61.288393	-45.681070
12858.389263	59.762124	-44.974535
13055.751031	58.360695	-30.785564
13256.142079	59.268686	-7.765963
13459.608904	63.022478	5.504091
13666.198715	67.075030	-2.502856
13875.959447	69.095240	-21.750750
14088.939769	69.569345	-40.211773
14305.189099	69.271284	-58.278726
14524.757612	67.514440	-78.241766
14747.696254	63.608809	-85.647187
14974.056752	60.775883	-74.787232
15203.891629	59.515557	-61.959497
15437.254212	59.314146	-47.787441
15674.198647	60.418228	-38.413936
15914.779912	61.494925	-39.208037
16159.053828	61.331511	-40.824036
16407.077073	61.407147	-37.462284
16658.907195	61.910791	-38.182378
16914.602625	61.491296	-40.065726
17174.222692	61.538498	-34.896491
17437.827634	62.401770	-37.372859
17705.478614	62.532322	-45.575210
17977.237735	60.318259	-58.523346
18253.168051	56.436863	-44.637111
18533.333587	55.897319	-15.821771
18817.799347	59.770462	5.258150
19106.631336	61.756285	-17.556060
19399.896571	59.575889	-15.510320
19697.663095	54.318660	-22.933415
20000.000000	50.110393	108.640676