* FRD data written by MATAA on 05-Jan-2019 10:25:28
* Monkey Coffin 20181219, spliced SPL curve, SCANR2904WG148 (no filter), 1 m from baffle, horizontal angle = -60 deg.
10.000000	17.600406	-658.885709
10.153489	17.866569	-438.033757
10.309333	18.129712	-435.524756
10.467570	18.394658	-358.582804
10.628235	18.660857	-356.478269
10.791367	18.912196	-308.753394
10.957002	19.185493	-306.762781
11.125180	19.447393	-271.843766
11.295939	19.710592	-270.021737
11.469319	19.976210	-242.273042
11.645360	20.233576	-240.594888
11.824103	20.499860	-217.433857
12.005589	20.761949	-215.877081
12.189862	21.028022	-195.969535
12.376962	21.294100	-194.551456
12.566935	21.543910	-177.071597
12.759823	21.817330	-175.611031
12.955672	22.078235	-160.093702
13.154527	22.341030	-158.710247
13.356434	22.605842	-144.676909
13.561440	22.863827	-143.374961
13.769593	23.129211	-130.525334
13.980941	23.391019	-129.295349
14.195532	23.657284	-117.463148
14.413418	23.923713	-116.347028
14.634647	24.171771	-105.400759
14.859273	24.443376	-104.200766
15.087346	24.704132	-94.076992
15.318920	24.966497	-92.936084
15.554048	25.231254	-83.456774
15.792785	25.487605	-82.380543
16.035186	25.752954	-73.424251
16.281308	26.013304	-72.405265
16.531208	26.280210	-63.943626
16.784943	26.547002	-63.041679
17.042573	26.791613	-55.064385
17.304158	27.061799	-54.041549
17.569757	27.321205	-46.540477
17.839433	27.582333	-45.571806
18.113248	27.844857	-38.431126
18.391266	28.100735	-37.510892
18.673551	28.364091	-30.663325
18.960169	28.623050	-29.784629
19.251186	28.890711	-23.221793
19.546670	29.159619	-22.490204
19.846690	29.395324	-16.278313
20.151314	29.662346	-15.346400
20.460614	29.919782	-9.450949
20.774661	30.176730	-8.573352
21.093529	30.436753	-2.901452
21.417291	30.691393	-2.008246
21.746022	30.974717	3.415818
22.079799	31.213675	4.033425
22.418699	31.455251	9.401141
22.762800	31.715776	10.185843
23.112184	31.962454	15.263103
23.466930	32.217526	16.088254
23.827121	32.464181	20.959057
24.192840	32.711018	21.876074
24.564173	32.959843	26.599455
24.941205	33.203531	27.904969
25.324024	33.595598	32.403550
25.712720	33.783676	32.416552
26.107381	33.980106	37.491262
26.508100	34.286654	38.608981
26.914969	34.617735	43.221235
27.328084	34.983151	43.700512
27.747539	35.251018	47.434956
28.173432	35.560344	48.304851
28.605863	35.902502	51.414532
29.044930	36.026145	51.962256
29.490737	36.414276	56.286248
29.943387	36.667129	55.889193
30.402984	36.913005	59.895321
30.869636	37.185883	59.683199
31.343450	37.324397	63.632528
31.824536	37.680319	64.486473
32.313007	37.933536	67.450279
32.808975	38.183363	68.115549
33.312556	38.455206	71.055448
33.823866	38.619541	71.751382
34.343024	38.957210	75.407856
34.870151	39.210990	75.422374
35.405368	39.463179	78.845643
35.948801	39.748607	79.093452
36.500574	39.997167	82.136023
37.060817	40.257227	82.474212
37.629659	40.512852	85.444665
38.207232	40.768152	85.779272
38.793669	41.021255	88.619522
39.389109	41.250902	89.056451
39.993687	41.537841	92.052364
40.607545	41.797715	92.208444
41.230825	42.052299	95.034078
41.863671	42.312233	95.271514
42.506232	42.565638	98.000665
43.158654	42.827383	98.262483
43.821091	43.081984	100.879905
44.493695	43.339365	101.158965
45.176623	43.600416	103.704433
45.870033	43.853854	103.947890
46.574087	44.118007	106.460028
47.288946	44.375285	106.631687
48.014778	44.632643	109.071646
48.751751	44.887854	109.180969
49.500035	45.117535	111.637086
50.259805	45.398916	111.993599
51.031236	45.661948	114.181934
51.814508	45.922063	114.428414
52.609803	46.186869	116.589189
53.417304	46.441433	116.778873
54.237199	46.703429	118.927834
55.069679	46.961769	119.095656
55.914936	47.221630	121.192109
56.773168	47.483712	121.356086
57.644572	47.744049	123.378172
58.529351	48.006855	123.537133
59.427710	48.269623	125.493320
60.339859	48.532967	125.636202
61.266007	48.798690	127.536871
62.206371	49.065619	127.652724
63.161169	49.334003	129.479011
64.130622	49.604640	129.566100
65.114954	49.879095	131.303794
66.114395	50.155556	131.316902
67.129177	50.435324	132.907712
68.159534	50.713950	132.759873
69.205706	50.983730	134.078891
70.267935	51.227753	133.693940
71.346469	51.435135	134.838644
72.441557	51.592572	134.635110
73.553453	51.754016	136.387084
74.682415	51.952111	136.778053
75.828706	52.179449	138.690820
76.992591	52.429264	139.057517
78.174341	52.690902	140.800566
79.374229	52.956280	141.013335
80.592533	53.223209	142.606283
81.829538	53.491050	142.734898
83.085529	53.758286	144.224606
84.360798	54.025635	144.304208
85.655641	54.292643	145.718414
86.970359	54.559233	145.763673
88.305256	54.825929	147.120422
89.660642	55.093912	147.141303
91.036831	55.361203	148.427081
92.434144	55.627127	148.421609
93.852904	55.894622	149.664267
95.293440	56.161628	149.633328
96.756087	56.428495	150.824189
98.241184	56.696584	150.778523
99.749075	56.964367	151.912717
101.280111	57.232359	151.847702
102.834646	57.501391	152.934020
104.413042	57.770518	152.843464
106.015664	58.040059	153.874833
107.642885	58.309410	153.758897
109.295082	58.578881	154.740463
110.972638	58.849291	154.605173
112.675943	59.120059	155.530278
114.405391	59.390635	155.362289
116.161385	59.660167	156.233558
117.944331	59.930928	156.051429
119.754644	60.202338	156.868572
121.592742	60.473163	156.651322
123.459054	60.744036	157.414717
125.354011	61.015185	157.169081
127.278054	61.285585	157.873298
129.231628	61.555986	157.599614
131.215188	61.825980	158.249379
133.229193	62.096206	157.944518
135.274111	62.365093	158.531601
137.350416	62.633092	158.197747
139.458590	62.900802	158.736674
141.599122	63.168701	158.374411
143.772508	63.435558	158.849213
145.979254	63.700882	158.451061
148.219871	63.965264	158.872079
150.494879	64.228476	158.445180
152.804806	64.490738	158.810662
155.150187	64.751441	158.351842
157.531567	65.010664	158.658696
159.949499	65.266843	158.172639
162.404543	65.523522	158.438887
164.897270	65.777615	157.915806
167.428257	66.028787	158.126718
169.998092	66.278596	157.586475
172.607371	66.525730	157.750539
175.256699	66.770958	157.192719
177.946692	67.014558	157.316790
180.677973	67.255987	156.732908
183.451176	67.493532	156.809689
186.266944	67.728800	156.217887
189.125932	67.961745	156.265774
192.028801	68.192537	155.664337
194.976227	68.420654	155.677101
197.968892	68.645135	155.066775
201.007491	68.867310	155.061995
204.092729	69.087206	154.456356
207.225322	69.304826	154.431402
210.405997	69.519420	153.826570
213.635492	69.730851	153.792812
216.914556	69.941381	153.211162
220.243949	70.150024	153.169432
223.624446	70.356691	152.596911
227.056828	70.560513	152.550516
230.541895	70.762957	152.006523
234.080453	70.964262	151.970272
237.673323	71.164649	151.454485
241.321341	71.364373	151.427464
245.025351	71.563174	150.939726
248.786214	71.761264	150.928438
252.604802	71.959539	150.480783
256.482000	72.158246	150.492566
260.418710	72.357635	150.082185
264.415843	72.556858	150.119874
268.474328	72.757521	149.761678
272.595106	72.958984	149.846394
276.779133	73.162873	149.556594
281.027381	73.367627	149.716258
285.340834	73.573980	149.546722
289.720494	73.781055	149.907963
294.167376	73.990307	150.275839
298.682514	74.379795	151.722649
303.266953	74.990149	150.641772
307.921759	75.202241	148.637827
312.648010	75.362224	148.189520
317.446805	75.552642	148.187397
322.319255	75.945543	149.127453
327.266492	76.564408	147.609162
332.289663	76.770403	145.066517
337.389935	76.974501	144.097188
342.568490	77.181765	142.750090
347.826529	77.387075	141.874968
353.165274	77.601244	140.998051
358.585963	77.915965	140.038875
364.089853	78.121156	138.186959
369.678221	78.307266	137.106271
375.352365	78.478499	135.487055
381.113600	78.632372	134.515657
386.963264	78.807546	132.797048
392.902713	78.837651	131.620982
398.933327	78.943764	131.028527
405.056503	79.097102	130.307023
411.273663	79.236681	129.384848
417.586250	79.391116	128.642855
423.995728	79.543425	127.378790
430.503584	79.580576	126.331195
437.111328	79.618821	126.092785
443.820494	79.782158	126.235848
450.632638	80.014561	125.637513
457.549340	80.177726	124.818139
464.572207	80.333127	124.129346
471.702866	80.486715	123.501391
478.942973	80.641073	122.874803
486.294207	80.803761	122.531844
493.758274	81.058231	121.923196
501.336907	81.243727	120.694276
509.031863	81.382008	119.832432
516.844927	81.525920	119.013207
524.777914	81.676038	118.361279
532.832663	81.832255	117.625768
541.011043	81.995028	117.023207
549.314952	82.164006	116.299924
557.746317	82.340243	115.701161
566.307094	82.523180	114.942963
574.999269	82.713296	114.304600
583.824859	82.910286	113.460669
592.785912	83.114225	112.738999
601.884506	83.330905	111.700378
611.122755	83.526330	110.661584
620.502799	83.702754	109.488754
630.026817	83.878850	108.532284
639.697018	84.056303	107.370264
649.515646	84.234433	106.378056
659.484978	84.413062	105.137030
669.607328	84.592036	104.051078
679.885045	84.771000	102.666601
690.320514	84.948915	101.320154
700.916155	85.077749	99.546361
711.674427	85.164494	98.245515
722.597826	85.252279	96.847045
733.688888	85.340224	95.797086
744.950184	85.428904	94.507180
756.384329	85.518181	93.553881
767.993975	85.607043	92.299744
779.781816	85.696450	91.395684
791.750587	85.785956	90.070023
803.903066	85.841187	89.090647
816.242071	85.888581	87.973459
828.770466	85.939079	87.302054
841.491157	85.993085	86.375892
854.407097	86.051478	85.885156
867.521282	86.115149	85.115603
880.836755	86.184938	84.790881
894.356605	86.262412	84.255259
908.083970	86.386234	84.160657
922.022035	86.516217	83.481859
936.174033	86.651967	83.266563
950.543248	86.794110	82.552872
965.133014	86.942720	82.332742
979.946717	87.097893	81.613931
994.987794	87.265339	81.503015
1010.259734	87.479462	80.798331
1025.766081	87.693137	80.343337
1041.510433	87.905565	79.316153
1057.496443	88.116235	78.685756
1073.727820	88.324360	77.480967
1090.208331	88.529217	76.669384
1106.941799	88.707711	75.297922
1123.932106	88.887170	74.581357
1141.183196	89.071859	73.288837
1158.699071	89.262023	72.567457
1176.483794	89.458117	71.227775
1194.541493	89.660787	70.383753
1212.876357	89.844222	68.885160
1231.492641	90.036197	68.094730
1250.394663	90.232288	66.586331
1269.586811	90.431388	65.732225
1289.073536	90.633545	64.149320
1308.859360	90.838805	63.227917
1328.948875	91.047215	61.550745
1349.346741	91.258825	60.544803
1370.057691	91.473681	58.750163
1391.086530	91.691836	57.634511
1412.438139	91.913339	55.689050
1434.117471	92.138243	54.421393
1456.129556	92.366597	52.262243
1478.479502	92.598458	50.733466
1501.172494	92.820123	48.121278
1524.213798	92.989661	46.138872
1547.608761	93.115712	43.477998
1571.362809	93.234591	41.813681
1595.481455	93.355296	39.365350
1619.970296	93.477852	37.796841
1644.835012	93.602290	35.353500
1670.081374	93.728639	33.772650
1695.715238	93.856925	31.253622
1721.742554	93.987181	29.580739
1748.169360	94.119437	26.887506
1775.001787	94.253722	24.952920
1802.246062	94.365442	21.736322
1829.908506	94.399889	19.316469
1857.995537	94.368231	16.207051
1886.513672	94.322555	14.416867
1915.469528	94.276179	11.817861
1944.869824	94.229090	10.382031
1974.721382	94.181279	8.047325
2005.031127	94.132734	6.886839
2035.806093	94.083444	4.815153
2067.053419	94.033397	4.014884
2098.780357	94.000103	2.464139
2130.994268	94.035332	2.257099
2163.702626	94.142168	0.731382
2196.913020	94.266996	0.017541
2230.633156	94.393738	-2.009548
2264.870858	94.522426	-3.007952
2299.634071	94.653090	-5.285029
2334.930859	94.785759	-6.482271
2370.769413	94.920464	-8.997645
2407.158049	95.051840	-10.443969
2444.105209	95.168966	-13.227858
2481.619467	95.276899	-14.786322
2519.709526	95.384788	-17.647024
2558.384224	95.494333	-19.296089
2597.652535	95.605559	-22.336819
2637.523571	95.718493	-24.185989
2678.006582	95.831596	-27.548538
2719.110962	95.927157	-29.820034
2760.846247	95.980527	-33.570081
2803.222122	96.012840	-35.871738
2846.248419	96.045648	-39.604066
2889.935121	96.078959	-42.052755
2934.292365	96.112781	-46.158724
2979.330442	96.147124	-49.343103
3025.059803	96.061630	-54.880198
3071.491058	95.742040	-58.683421
3118.634980	95.336239	-62.903313
3166.502508	94.924210	-64.942341
3215.104749	94.505856	-67.989349
3264.452980	94.081080	-68.922728
3314.558650	93.693970	-70.684528
3365.433386	93.411728	-70.510914
3417.088991	93.190372	-72.114225
3469.537452	92.974374	-72.133422
3522.790937	92.755061	-73.664686
3576.861804	92.538069	-73.061875
3631.762597	92.422911	-73.508497
3687.506055	92.481802	-72.427858
3744.105113	92.615005	-73.903100
3801.572902	92.750252	-74.173105
3859.922757	92.887575	-76.641237
3919.168216	93.010658	-77.742782
3979.323027	93.097530	-80.962586
4040.401145	93.163882	-82.464021
4102.416744	93.228664	-86.061209
4165.384213	93.290071	-88.229789
4229.318161	93.267763	-93.065361
4294.233423	93.059152	-95.981349
4360.145061	92.753903	-100.039071
4427.068369	92.443968	-101.494821
4495.018873	92.142171	-104.469707
4564.012342	91.892600	-105.012590
4634.064782	91.701624	-107.642701
4705.192448	91.521694	-108.332093
4777.411843	91.339002	-111.101961
4850.739725	91.177998	-111.654355
4925.193107	91.046995	-114.495752
5000.789264	90.923020	-115.358745
5077.545738	90.793886	-118.658403
5155.480336	90.642644	-119.927497
5234.611143	90.459235	-123.596065
5314.956518	90.262492	-125.077318
5396.535104	90.032479	-129.522248
5479.365829	89.573986	-132.110666
5563.467912	88.859306	-135.702736
5648.860868	88.120480	-134.799026
5735.564509	87.529312	-134.313907
5823.598953	87.328270	-130.644192
5912.984627	87.337676	-130.882340
6003.742269	87.365958	-129.226937
6095.892940	87.458859	-130.582596
6189.458019	87.610058	-129.954365
6284.459216	87.775003	-132.883433
6380.918575	87.878834	-133.880352
6478.858476	87.901333	-137.882292
6578.301643	87.908582	-139.425592
6679.271152	87.803203	-144.430457
6781.790428	87.564825	-146.323612
6885.883260	87.266205	-150.922683
6991.573799	86.867875	-152.383553
7098.886568	86.354626	-156.077956
7207.846468	85.841485	-155.385531
7318.478779	85.466338	-156.942738
7430.809171	85.217911	-155.308423
7544.863709	85.060807	-156.681327
7660.668854	85.112768	-155.116531
7778.251478	85.247991	-158.524167
7897.638862	85.255196	-159.796088
8018.858708	85.112478	-164.780799
8141.939142	84.851427	-166.433785
8266.908722	84.402745	-171.320541
8393.796444	83.859680	-171.332160
8522.631749	83.349197	-173.957389
8653.444531	82.885296	-171.864787
8786.265141	82.611676	-172.345078
8921.124398	82.651519	-169.228113
9058.053593	82.857660	-171.016416
9197.084496	83.280931	-170.046023
9338.249366	83.770407	-175.841857
9481.580958	84.103991	-179.744786
9627.112528	84.184047	-189.983908
9774.877844	83.806058	-197.198860
9924.911191	82.948846	-208.746412
10077.247380	81.518508	-214.672042
10231.921757	79.662161	-221.218171
10388.970212	77.805863	-219.130009
10548.429184	76.113989	-218.171733
10710.335671	74.953252	-210.651001
10874.727239	73.842141	-210.120449
11041.642033	72.124937	-201.014048
11211.118781	71.044190	-187.995461
11383.196805	71.650272	-169.009435
11557.916033	73.349901	-161.346508
11735.317004	75.490961	-157.841137
11915.440880	76.625269	-168.107898
12098.329454	76.661979	-171.178171
12284.025162	76.352488	-176.198696
12472.571089	76.339181	-171.593635
12664.010983	76.846080	-173.887379
12858.389263	77.577101	-172.213447
13055.751031	78.285159	-180.444532
13256.142079	78.615813	-184.804452
13459.608904	78.266777	-197.213101
13666.198715	77.161727	-199.690573
13875.959447	75.836397	-202.726536
14088.939769	75.368455	-192.834336
14305.189099	75.906340	-192.732153
14524.757612	76.814220	-189.819530
14747.696254	77.371309	-200.139259
14974.056752	77.296716	-203.149747
15203.891629	76.529082	-213.212380
15437.254212	75.818288	-208.162244
15674.198647	75.819802	-213.021721
15914.779912	75.600040	-211.117392
16159.053828	74.786097	-215.493865
16407.077073	75.056075	-203.098309
16658.907195	76.195161	-209.261721
16914.602625	76.807299	-205.577830
17174.222692	77.796382	-213.613836
17437.827634	79.281539	-213.359639
17705.478614	80.030932	-234.347628
17977.237735	79.702304	-237.226949
18253.168051	79.485210	-250.567220
18533.333587	80.562266	-245.382923
18817.799347	81.926792	-271.244861
19106.631336	82.316298	-278.935176
19399.896571	81.896511	-315.382255
19697.663095	81.097346	-317.422364
20000.000000	80.392505	-380.926226