* FRD data written by MATAA on 27-Dec-2018 20:39:05
* VM752 impedance in 20181219 box, cold outdoor
50.000000	NA	NA
51.528284	6.880519	11.236059
53.103282	6.894271	11.573236
54.726420	6.907531	11.914963
56.399171	6.922963	12.252588
58.123050	6.938816	12.606328
59.899621	6.956321	12.972902
61.730494	6.974932	13.350998
63.617329	6.992141	13.747046
65.561836	7.008973	14.141472
67.565779	7.027911	14.549623
69.630973	7.046822	14.963298
71.759292	7.067050	15.388531
73.952664	7.087228	15.825166
76.213078	7.109593	16.271438
78.542583	7.133171	16.729218
80.943291	7.157679	17.200361
83.417378	7.183616	17.685357
85.967088	7.211088	18.183048
88.594731	7.240055	18.696138
91.302690	7.270950	19.222986
94.093419	7.303879	19.766286
96.969449	7.339056	20.310561
99.933387	7.375560	20.864982
102.987919	7.412680	21.471779
106.135816	7.453859	22.074846
109.379930	7.497465	22.696593
112.723203	7.544034	23.335854
116.168665	7.593221	23.989920
119.719440	7.645678	24.664387
123.378747	7.701670	25.358794
127.149903	7.761592	26.071581
131.036327	7.826011	26.804463
135.041542	7.894239	27.557800
139.169180	7.968103	28.334432
143.422982	8.046377	29.119593
147.806803	8.128929	29.942294
152.324620	8.219250	30.787342
156.980527	8.317099	31.654142
161.778744	8.422208	32.546315
166.723623	8.535183	33.456355
171.819645	8.657685	34.402536
177.071430	8.790794	35.368242
182.483740	8.933889	36.364494
188.061481	9.090879	37.388213
193.809709	9.262056	38.445037
199.733636	9.448976	39.518546
205.838632	9.655138	40.622706
212.130231	9.881652	41.758303
218.614137	10.132226	42.924357
225.296229	10.409117	44.119426
232.182563	10.716546	45.342440
239.279382	11.062929	46.593017
246.593121	11.450167	47.868918
254.130409	11.887854	49.188276
261.898079	12.389087	50.505524
269.903174	12.961962	51.847825
278.152950	13.621598	53.183148
286.654886	14.392573	54.541547
295.416689	15.298508	55.878227
304.446303	16.380845	57.161969
313.751914	17.682033	58.388768
323.341957	19.270656	59.543743
333.225126	21.281698	60.581197
343.410380	23.867726	61.326137
353.906955	27.289803	61.628855
364.724364	31.948360	61.364451
375.872414	38.686689	59.941733
387.361213	49.183445	56.403394
399.201175	66.237628	48.308616
411.403033	92.651277	30.569893
423.977849	110.082308	-3.292780
436.937023	86.601735	-35.308589
450.292303	60.568813	-51.193961
464.055797	44.241343	-57.807591
478.239981	34.407199	-60.167917
492.857715	28.047135	-60.187485
507.922249	23.837866	-59.138655
523.447242	20.809450	-58.092627
539.446766	18.483051	-56.905360
555.935327	16.610114	-55.342906
572.927872	15.099546	-53.440477
590.439806	13.870132	-51.325229
608.487004	12.872460	-49.057803
627.085828	12.045019	-46.707680
646.253137	11.362934	-44.319907
666.006308	10.781958	-41.917804
686.363248	10.295557	-39.493672
707.342412	9.886320	-37.079028
728.962819	9.533601	-34.689181
751.244068	9.240062	-32.317720
774.206359	8.988074	-30.034186
797.870508	8.773829	-27.747393
822.257968	8.594088	-25.565015
847.390848	8.439331	-23.414401
873.291931	8.302713	-21.350443
899.984699	8.192666	-19.280446
927.493349	8.098686	-17.285604
955.842821	8.023739	-15.296499
985.058813	7.978350	-13.359251
1015.167812	7.943928	-11.701364
1046.197114	7.888859	-9.985063
1078.174847	7.855936	-8.216838
1111.130002	7.837157	-6.503058
1145.092454	7.829522	-4.828525
1180.092991	7.832931	-3.186303
1216.163344	7.847221	-1.610364
1253.336212	7.866363	-0.051575
1291.645294	7.896069	1.471149
1331.125320	7.935275	2.944719
1371.812079	7.987913	4.405795
1413.742458	8.054051	5.746972
1456.954467	8.127436	7.000972
1501.487281	8.202997	8.117441
1547.381271	8.272095	9.121600
1594.678043	8.322834	10.069830
1643.420472	8.358870	11.129325
1693.652748	8.401709	12.303846
1745.420408	8.461410	13.527028
1798.770381	8.535490	14.737375
1853.751033	8.622012	15.902278
1910.412207	8.715551	17.034046
1968.805268	8.817479	18.120450
2028.983154	8.925632	19.183668
2091.000418	9.040139	20.215430
2154.913282	9.163243	21.222766
2220.779686	9.294623	22.207042
2288.659343	9.436074	23.158937
2358.613788	9.590226	24.086327
2430.706438	9.760902	24.971885
2505.002650	9.954419	25.782130
2581.569777	10.177599	26.427923
2660.477230	10.421519	26.720209
2741.796544	10.619994	26.503875
2825.601439	10.678191	26.220345
2911.967887	10.659722	26.592983
3000.974186	10.689738	27.492644
3092.701023	10.788228	28.498137
3187.231555	10.928542	29.443424
3284.651476	11.097508	30.306917
3385.049105	11.288068	31.052300
3488.515456	11.479121	31.666503
3595.144327	11.670751	32.296174
3705.032383	11.884281	32.849499
3818.279242	12.096806	33.281642
3934.987570	12.296782	33.661812
4055.263168	12.498590	34.056694
4179.215072	12.697236	34.382147
4306.955652	12.878114	34.722039
4438.600710	13.065367	35.149588
4574.269589	13.264623	35.599110
4714.085281	13.490089	36.060138
4858.174536	13.722280	36.576009
5006.667977	14.145271	36.583722
5159.700223	14.293515	35.932943
5317.410004	14.309501	35.961435
5479.940294	14.384904	36.513353
5647.438433	14.521756	37.089275
5820.056268	14.692994	37.730505
5997.950285	14.896343	38.315832
6181.281756	15.057629	38.928414
6370.216878	15.353998	39.594370
6564.926933	15.620552	40.102573
6765.588434	15.896894	40.572417
6972.383291	16.187283	41.044552
7185.498976	16.507810	41.468288
7405.128688	16.871842	41.709605
7631.471532	17.124699	41.754710
7864.732702	17.381965	42.072942
8105.123659	17.660632	42.458726
8352.862331	17.985097	42.853375
8608.173305	18.346451	43.185024
8871.288035	18.735456	43.398961
9142.445048	19.120867	43.410133
9421.890160	19.474278	43.330079
9709.876705	19.732723	43.110878
10006.665756	19.927046	43.334337
10312.526368	20.199888	43.566673
10627.735820	20.523655	44.131114
10952.579865	20.806398	44.152610
11287.352992	21.134372	44.532959
11632.358689	21.495954	44.822497
11987.909723	21.869733	45.037612
12354.328418	22.222500	45.294155
12731.946952	22.610409	45.559394
13121.107655	23.015844	45.805017
13522.163324	23.440443	45.947936
13935.477534	23.843493	46.103182
14361.424977	24.238200	46.253508
14800.391796	24.628221	46.425064
15252.775937	25.065006	46.691606
15718.987510	25.532167	46.854149
16199.449161	26.002946	46.986413
16694.596451	26.476615	47.037002
17204.878259	26.896553	47.012555
17730.757181	27.264929	47.160681
18272.709953	27.680493	47.356991
18831.227884	28.111286	47.559552
19406.817299	28.581169	47.734834
20000.000000	NA	NA