* FRD data written by MATAA on 27-Dec-2018 20:37:46
* 12PR320 impedance in 20181219 box, cold outdoor
10.000000	NA	NA
10.353218	5.952100	18.417662
10.718913	5.993205	19.064908
11.097525	6.038666	19.731623
11.489510	6.087741	20.415758
11.895341	6.141281	21.132683
12.315506	6.199565	21.885850
12.750512	6.264612	22.675393
13.200884	6.336333	23.489372
13.667164	6.416623	24.347421
14.149913	6.508705	25.255467
14.649714	6.612956	26.230331
15.167169	6.728973	27.269962
15.702901	6.860956	28.407615
16.257557	7.007517	29.595250
16.831804	7.175718	30.821119
17.426334	7.376490	32.074433
18.041864	7.625679	33.385257
18.679136	7.924845	34.795087
19.338918	8.295416	36.228733
20.022004	8.786780	37.564076
20.729218	9.399600	38.946763
21.461412	10.255182	40.006980
22.219469	11.499588	40.583189
23.004301	13.319733	39.761703
23.816856	16.018724	35.427293
24.658111	19.731566	25.407136
25.529081	22.343003	5.477318
26.430815	19.572192	-18.247279
27.364400	14.195259	-30.082557
28.330961	10.419485	-31.351912
29.331663	8.331234	-26.580766
30.367711	7.161278	-21.149704
31.440355	6.479146	-14.170436
32.550886	6.089857	-7.452959
33.700643	5.923763	-1.224873
34.891012	5.861624	4.241175
36.123427	5.882780	9.166310
37.399373	5.959534	13.566070
38.720388	6.071877	17.353613
40.088063	6.223217	20.952228
41.504048	6.394997	24.339797
42.970047	6.617039	27.316123
44.487828	6.854366	30.254323
46.059220	7.126399	33.186680
47.686117	7.457260	36.301432
49.370479	7.874940	38.898292
51.114335	8.349739	41.287761
52.919787	8.846784	43.907189
54.789012	9.513091	46.479392
56.724261	10.325317	48.941251
58.727866	11.369423	51.203197
60.802243	12.661540	53.125900
62.949890	14.405523	54.927061
65.173396	16.781219	55.909110
67.475441	20.141006	56.006702
69.858797	25.136761	54.426583
72.326339	33.280278	49.631262
74.881039	47.058714	37.166224
77.525975	62.452671	8.757158
80.264335	54.458988	-26.348166
83.099419	39.694337	-44.515814
86.034644	29.035993	-53.265979
89.073546	22.435296	-56.610153
92.219788	18.253391	-56.936973
95.477161	15.407109	-55.867171
98.849590	13.575085	-54.583559
102.341140	12.022520	-52.777523
105.956018	10.867190	-50.656516
109.698580	9.939306	-48.315633
113.573336	9.223979	-45.652200
117.584955	8.657826	-43.147179
121.738273	8.194701	-40.566202
126.038293	7.780795	-37.906507
130.490198	7.511024	-34.567184
135.099352	7.359593	-33.333564
139.871310	7.075227	-31.240167
144.811823	6.858755	-28.932061
149.926843	6.695483	-26.702000
155.222536	6.553291	-24.520593
160.705282	6.440901	-22.418477
166.381689	6.352519	-20.358486
172.258597	6.264047	-18.505936
178.343088	6.194251	-16.501549
184.642494	6.135422	-14.612141
191.164408	6.091388	-12.693949
197.916687	6.060677	-10.809087
204.907469	6.041858	-9.019844
212.145178	6.026203	-7.158118
219.638537	6.037161	-5.178914
227.396575	6.068483	-3.552529
235.428641	6.021352	-1.338427
243.744415	6.089681	2.727687
252.353917	7.630228	4.644900
261.267523	6.529995	-3.730626
270.495973	6.315873	-0.601237
280.050389	6.349616	1.811948
289.942285	6.559326	3.202892
300.183581	6.319554	2.400600
310.786619	6.318859	5.109638
321.764175	6.414602	7.199677
333.129479	6.569333	9.016933
344.896226	6.869596	9.477065
357.078596	7.218364	7.070659
369.691271	6.674743	6.722016
382.749448	6.598117	8.871921
396.268864	6.726270	11.207344
410.265811	6.745241	10.206429
424.757155	6.707949	12.832661
439.760361	6.800148	14.946945
455.293507	7.287108	18.697210
471.375313	7.265684	9.828091
488.025158	6.920444	14.906125
505.263107	7.074309	18.025565
523.109931	7.877712	18.763013
541.587138	7.534457	13.209955
560.716994	7.300827	15.668349
580.522552	7.347255	17.411148
601.027678	7.456442	18.631683
622.257084	7.595573	19.469347
644.236351	7.761274	19.573096
666.991966	7.786291	19.132378
690.551352	7.708374	19.239576
714.942899	7.647703	20.433804
740.196000	7.669622	21.829738
766.341087	7.738771	23.134064
793.409667	7.841099	24.351372
821.434358	8.007404	25.319978
850.448934	8.070900	26.040998
880.488358	8.236933	27.004743
911.588830	8.363473	27.593738
943.787828	8.430108	27.790056
977.124154	8.471236	29.225349
1011.637980	8.647851	30.234404
1047.370898	8.808928	31.349217
1084.365969	9.039319	31.884377
1122.667774	9.274031	33.159773
1162.322469	9.632907	33.956699
1203.377841	10.198248	32.582601
1245.883364	10.116268	29.207781
1289.890261	9.775265	30.095235
1335.451563	9.737471	30.355199
1382.622174	9.829633	32.743533
1431.458938	9.894706	33.737704
1482.020706	10.137386	35.146110
1534.368409	10.340103	35.722303
1588.565129	10.666275	36.090466
1644.676178	10.736564	36.071647
1702.769172	10.829640	36.956558
1762.914118	11.042040	37.449079
1825.183494	11.268768	38.295482
1889.652340	11.429241	38.692371
1956.398344	11.612921	39.464929
2025.501939	11.880490	40.210218
2097.046401	12.139057	40.877100
2171.117946	12.407000	41.526248
2247.805834	12.759687	42.261755
2327.202479	13.213592	42.853717
2409.403560	13.915713	43.001698
2494.508135	14.436496	38.974507
2582.618761	13.696809	39.697188
2673.841616	13.954374	41.170376
2768.286630	14.567684	40.370309
2866.067617	14.188921	39.774355
2967.302408	14.233794	40.937064
3072.112999	14.501026	42.253966
3180.625693	14.722615	42.551417
3292.971255	14.947180	43.683116
3409.285070	15.323677	44.533757
3529.707303	15.765993	44.833376
3654.383071	16.030997	44.594807
3783.462617	16.182004	45.326219
3917.101491	16.539309	46.058244
4055.460736	16.949120	46.562140
4198.707084	17.336308	46.821450
4347.013158	17.652490	46.911291
4500.557676	17.995278	47.531272
4659.525669	18.442153	47.990324
4824.108704	18.907937	48.155661
4994.505116	19.317227	48.237697
5170.920243	19.748838	48.377340
5353.566677	20.089961	48.237739
5542.664521	20.378013	48.666051
5738.441648	20.801206	49.055740
5941.133985	21.247859	49.346455
6150.985789	21.666096	49.599105
6368.249945	22.111886	49.935987
6593.188271	22.595613	50.222594
6826.071834	23.086492	50.480992
7067.181274	23.588087	50.710129
7316.807143	24.101020	50.933831
7575.250259	24.626342	51.142313
7842.822061	25.163594	51.330977
8119.844993	25.713304	51.524559
8406.652886	26.272696	51.682460
8703.591361	26.834460	51.851933
9011.018252	27.409768	52.042021
9329.304026	28.016326	52.216841
9658.832241	28.638283	52.357225
10000.000000	NA	NA