* FRD data written by MATAA on 27-Dec-2018 20:10:35
* R2904+WG148 SPL response in 20181219 baffle, mic 1m from baffle, 30 deg inside
99.324324	51.992015	119.477910
198.648649	68.811539	129.406196
297.972973	76.123757	116.026536
397.297297	79.470139	100.594114
496.621622	82.637404	93.626720
595.945946	84.584925	75.638677
695.270270	87.139868	68.164344
794.594595	87.050991	50.211754
893.918919	88.365140	51.488244
993.243243	89.282778	48.738951
1092.567568	91.751226	36.108035
1191.891892	92.967305	24.951480
1291.216216	93.650053	16.065246
1390.540541	94.494648	0.348145
1489.864865	95.527741	-7.264364
1589.189189	95.665059	-19.858404
1688.513514	96.681670	-34.671061
1787.837838	95.896372	-42.953132
1887.162162	95.943597	-45.433283
1986.486486	96.569055	-56.047591
2085.810811	97.362158	-67.907722
2185.135135	97.100715	-73.544806
2284.459459	96.275387	-88.712849
2383.783784	97.229623	-92.750212
2483.108108	96.846963	-96.237183
2582.432432	97.413316	-113.171793
2681.756757	97.524250	-118.768521
2781.081081	96.894706	-130.479893
2880.405405	96.357538	-136.864857
2979.729730	96.464583	-143.925430
3079.054054	95.989792	-148.085604
3178.378378	95.863883	-164.160954
3277.702703	95.769387	-165.240262
3377.027027	94.575025	-168.182746
3476.351351	94.602598	-176.868549
3575.675676	94.777949	-183.404337
3675.000000	94.642905	-183.070677
3774.324324	94.105486	-188.763669
3873.648649	94.675692	-192.533051
3972.972973	94.958582	-199.462982
4072.297297	95.327888	-204.779677
4171.621622	94.778669	-209.299107
4270.945946	95.095937	-220.382381
4370.270270	94.789187	-223.152497
4469.594595	94.381522	-233.274647
4568.918919	94.834998	-232.689664
4668.243243	94.242349	-238.344912
4767.567568	94.628560	-247.601433
4866.891892	94.130012	-249.045105
4966.216216	94.996353	-247.215326
5065.540541	94.271680	-260.430461
5164.864865	95.029132	-268.698675
5264.189189	94.879315	-272.612171
5363.513514	95.200748	-282.518935
5462.837838	94.899711	-283.754088
5562.162162	94.264249	-295.416631
5661.486486	94.837457	-295.756725
5760.810811	94.313473	-302.053882
5860.135135	94.665688	-308.068506
5959.459459	94.833684	-313.760529
6058.783784	95.610651	-316.265202
6158.108108	96.496323	-317.467307
6257.432432	91.360855	-353.550619
6356.756757	93.206834	-339.060291
6456.081081	93.136853	-346.189870
6555.405405	93.761269	-348.634203
6654.729730	94.403310	-357.738374
6754.054054	93.960679	-359.316838
6853.378378	93.934625	-367.905392
6952.702703	93.864208	-377.588659
7052.027027	93.600155	-376.985279
7151.351351	93.326251	-383.496257
7250.675676	93.567884	-387.023560
7350.000000	93.374280	-391.956455
7449.324324	92.896754	-398.108125
7548.648649	93.295054	-405.723305
7647.972973	93.454960	-407.740635
7747.297297	92.908454	-414.892859
7846.621622	93.225997	-419.524580
7945.945946	93.390320	-425.200009
8045.270270	93.035450	-431.710469
8144.594595	93.111830	-437.286011
8243.918919	92.643013	-435.744672
8343.243243	92.094128	-448.199748
8442.567568	92.910088	-449.560495
8541.891892	92.210915	-452.516846
8641.216216	92.624248	-459.662693
8740.540541	92.572260	-463.623450
8839.864865	92.783799	-468.099066
8939.189189	92.445712	-475.390790
9038.513514	92.930574	-482.355050
9137.837838	92.698593	-486.685146
9237.162162	92.446400	-487.886730
9336.486486	92.521304	-496.920937
9435.810811	92.396497	-502.329692
9535.135135	93.004997	-507.801344
9634.459459	92.760382	-510.309307
9733.783784	93.282547	-518.212900
9833.108108	92.786480	-523.419894
9932.432432	93.207243	-530.390377
10031.756757	92.747294	-536.217041
10131.081081	92.688120	-544.355362
10230.405405	92.494318	-547.155551
10329.729730	92.643644	-555.319625
10429.054054	92.142501	-560.240508
10528.378378	92.204622	-567.762349
10627.702703	92.907762	-568.708466
10727.027027	92.217430	-572.447103
10826.351351	92.321325	-583.330320
10925.675676	92.180273	-592.316713
11025.000000	91.833950	-594.649265
11124.324324	92.053887	-603.885928
11223.648649	91.601541	-608.119949
11322.972973	91.959271	-614.676042
11422.297297	91.040690	-615.052077
11521.621622	91.007726	-623.395683
11620.945946	91.107694	-626.899278
11720.270270	90.990966	-632.067513
11819.594595	90.976319	-635.403247
11918.918919	90.753361	-642.921089
12018.243243	90.265870	-647.714421
12117.567568	90.963160	-653.072826
12216.891892	90.576944	-659.203902
12316.216216	90.555342	-666.185034
12415.540541	90.075746	-669.340620
12514.864865	89.717270	-675.279776
12614.189189	89.638014	-671.760819
12713.513514	89.781597	-699.951968
12812.837838	89.201741	-692.050805
12912.162162	89.103690	-696.114382
13011.486486	88.736798	-699.946290
13110.810811	88.594827	-702.580552
13210.135135	90.338585	-710.121033
13309.459459	89.300372	-716.165983
13408.783784	88.967763	-720.787772
13508.108108	88.621498	-725.793116
13607.432432	89.101243	-728.300897
13706.756757	88.030845	-732.532037
13806.081081	88.812844	-734.095478
13905.405405	89.017795	-740.904189
14004.729730	88.753859	-745.544991
14104.054054	88.881503	-750.667363
14203.378378	88.606120	-753.913585
14302.702703	88.779784	-762.209840
14402.027027	88.505551	-765.841983
14501.351351	88.660005	-769.139030
14600.675676	88.714240	-772.287022
14700.000000	89.172599	-778.134121
14799.324324	88.698504	-778.696322
14898.648649	89.306439	-789.074487
14997.972973	89.302262	-794.653473
15097.297297	89.127538	-800.395219
15196.621622	88.334215	-799.280928
15295.945946	89.127313	-811.734467
15395.270270	89.033961	-815.447864
15494.594595	88.729277	-824.382025
15593.918919	88.547524	-827.671806
15693.243243	88.074296	-827.370229
15792.567568	88.249354	-832.763403
15891.891892	88.529199	-837.488396
15991.216216	91.394211	-846.034462
16090.540541	89.661206	-851.689248
16189.864865	89.786103	-861.272076
16289.189189	90.553105	-864.740389
16388.513514	90.735627	-873.709594
16487.837838	90.555243	-885.283726
16587.162162	89.728168	-895.238789
16686.486486	89.237706	-899.449191
16785.810811	88.391791	-899.717079
16885.135135	89.578371	-905.036206
16984.459459	89.198902	-912.565835
17083.783784	90.051909	-920.529506
17183.108108	89.391853	-921.490559
17282.432432	89.471162	-927.760441
17381.756757	89.741209	-936.072804
17481.081081	89.847177	-942.562637
17580.405405	89.871943	-949.796958
17679.729730	89.776796	-958.143989
17779.054054	89.486474	-962.819736
17878.378378	89.597248	-969.365033
17977.702703	89.842972	-976.149010
18077.027027	90.671474	-985.033297
18176.351351	86.989927	-978.821848
18275.675676	88.483777	-992.235516
18375.000000	88.996938	-1001.585266
18474.324324	88.856022	-1007.789706
18573.648649	88.911749	-1015.058970
18672.972973	88.698087	-1021.131398
18772.297297	88.527813	-1029.024522
18871.621622	88.596810	-1031.452551
18970.945946	88.389721	-1039.506776
19070.270270	88.879378	-1046.190721
19169.594595	88.296014	-1051.481868
19268.918919	88.690823	-1057.935277
19368.243243	88.559914	-1063.663651
19467.567568	88.551804	-1076.129836
19566.891892	88.237522	-1080.964958
19666.216216	88.484179	-1089.043668
19765.540541	88.296110	-1092.629988
19864.864865	87.930498	-1102.012160
19964.189189	88.174215	-1107.278437
20063.513514	88.063700	-1115.400171
20162.837838	88.157942	-1123.159841
20262.162162	88.138070	-1130.465056
20361.486486	88.159560	-1139.736073
20460.810811	87.917457	-1148.756588
20560.135135	87.707170	-1157.806494
20659.459459	87.716231	-1165.675223
20758.783784	87.040645	-1175.257518
20858.108108	87.136562	-1182.871295
20957.432432	86.332381	-1190.097321
21056.756757	86.086629	-1197.564127
21156.081081	85.756267	-1203.457799
21255.405405	85.643162	-1210.082608
21354.729730	85.380884	-1218.516509
21454.054054	84.815216	-1225.316068
21553.378378	84.650424	-1232.771834
21652.702703	84.144482	-1237.591677
21752.027027	83.683422	-1245.766109
21851.351351	83.443963	-1250.415343
21950.675676	83.484565	-1254.578577
22050.000000	83.464774	-1260.000000