* FRD data written by MATAA on 27-Dec-2018 17:42:26
* 12PR320 SPL response in 20181219 box, mic 1m from baffle, 30 deg. horizontal
78.053097	88.733095	82.654732
156.106195	93.321228	-2.630722
234.159292	92.954858	-23.825542
312.212389	98.003463	-93.638061
390.265487	90.097581	-169.785259
468.318584	94.386306	-122.421354
546.371681	100.178859	-159.786166
624.424779	98.406188	-241.010819
702.477876	93.394934	-259.390211
780.530973	95.037303	-287.552424
858.584071	92.104160	-319.907734
936.637168	93.355209	-333.113480
1014.690265	94.074250	-384.011325
1092.743363	92.835442	-422.043293
1170.796460	91.621993	-436.493231
1248.849558	95.234384	-447.037154
1326.902655	93.730255	-471.499982
1404.955752	94.306126	-516.143261
1483.008850	93.006021	-554.410395
1561.061947	94.033006	-585.658562
1639.115044	92.535266	-615.348364
1717.168142	93.390221	-625.515124
1795.221239	93.694322	-678.292780
1873.274336	94.482357	-704.772956
1951.327434	92.432515	-749.617015
2029.380531	91.371877	-753.531798
2107.433628	93.085908	-801.797144
2185.486726	92.112578	-821.347335
2263.539823	93.041889	-857.950837
2341.592920	93.398394	-878.242727
2419.646018	96.843330	-935.936836
2497.699115	94.317808	-977.895710
2575.752212	93.075171	-1021.008404
2653.805310	86.085833	-1076.228951
2731.858407	89.188365	-1069.366213
2809.911504	92.372037	-1137.600719
2887.964602	89.086325	-1165.272608
2966.017699	87.734487	-1201.876455
3044.070796	82.273797	-1250.914744
3122.123894	86.357276	-1296.392402
3200.176991	80.801633	-1373.925154
3278.230088	76.896510	-1443.566105
3356.283186	70.379567	-1594.863045
3434.336283	77.384655	-1649.504120
3512.389381	79.515037	-1746.370935
3590.442478	85.460350	-1829.225496
3668.495575	86.037688	-1907.347313
3746.548673	84.821083	-1972.437822
3824.601770	77.615226	-2026.410301
3902.654867	80.017736	-2089.432593
3980.707965	80.252578	-2149.305404
4058.761062	73.644088	-2241.451913
4136.814159	69.633702	-2139.860901
4214.867257	70.505028	-2220.094602
4292.920354	68.081190	-2154.879202
4370.973451	79.016343	-2197.598907
4449.026549	78.175702	-2251.027525
4527.079646	78.944763	-2290.693543
4605.132743	77.963294	-2329.124225
4683.185841	79.496426	-2377.071529
4761.238938	80.910459	-2430.515445
4839.292035	75.083867	-2471.104816
4917.345133	75.765211	-2509.132182
4995.398230	76.770049	-2529.953992
5073.451327	80.814707	-2551.356505
5151.504425	79.503134	-2602.150918
5229.557522	82.091919	-2657.736804
5307.610619	76.646801	-2709.747142
5385.663717	78.972224	-2753.700701
5463.716814	74.437764	-2813.992136
5541.769912	71.461235	-2854.993666
5619.823009	69.350807	-2887.519280
5697.876106	73.814444	-2899.736161
5775.929204	72.317259	-2944.091275
5853.982301	74.263903	-2985.531140
5932.035398	74.473208	-3034.636090
6010.088496	73.484538	-3093.310909
6088.141593	75.076189	-3156.392956
6166.194690	71.849504	-3222.138697
6244.247788	72.172810	-3268.068846
6322.300885	71.137525	-3312.286426
6400.353982	67.353358	-3353.108535
6478.407080	63.070638	-3369.030520
6556.460177	60.120813	-3409.788807
6634.513274	52.633603	-3354.064518
6712.566372	62.864213	-3426.406093
6790.619469	60.321321	-3532.813025
6868.672566	56.538008	-3612.662752
6946.725664	59.225542	-3568.484356
7024.778761	63.456087	-3578.989544
7102.831858	63.028150	-3603.091747
7180.884956	67.339887	-3642.429580
7258.938053	66.959896	-3659.157432
7336.991150	67.090899	-3707.593362
7415.044248	65.302360	-3743.242239
7493.097345	66.692726	-3776.081479
7571.150442	65.545222	-3815.626380
7649.203540	68.334549	-3866.253879
7727.256637	67.729550	-3934.764671
7805.309735	67.294783	-3967.828193
7883.362832	65.069111	-3995.708257
7961.415929	66.642915	-4033.901969
8039.469027	61.149918	-4066.991446
8117.522124	51.534260	-4036.102574
8195.575221	58.882397	-4081.367205
8273.628319	56.220465	-4160.322284
8351.681416	60.495071	-4223.521634
8429.734513	60.469875	-4295.031581
8507.787611	60.626484	-4377.554210
8585.840708	55.122059	-4509.392430
8663.893805	48.439925	-4334.003950
8741.946903	58.265218	-4342.976242
8820.000000	57.525233	-4396.824456
8898.053097	55.832982	-4438.253375
8976.106195	50.669927	-4419.432562
9054.159292	50.394515	-4438.007920
9132.212389	58.174725	-4501.593905
9210.265487	58.295566	-4593.941686
9288.318584	63.868563	-4658.073749
9366.371681	65.526565	-4705.539696
9444.424779	62.689953	-4758.446586
9522.477876	60.707213	-4728.762929
9600.530973	61.353832	-4796.965887
9678.584071	58.813758	-4859.603085
9756.637168	64.524171	-4959.496680
9834.690265	55.238508	-4816.968485
9912.743363	48.866826	-4691.589170
9990.796460	48.462412	-4810.879612
10068.849558	50.090864	-4915.080010
10146.902655	54.422833	-4979.930868
10224.955752	56.309850	-5021.186641
10303.008850	66.721411	-5073.193135
10381.061947	68.733605	-5125.453828
10459.115044	61.463315	-5150.243255
10537.168142	39.604532	-4992.566878
10615.221239	56.851535	-4889.211211
10693.274336	52.446253	-4984.897937
10771.327434	54.405702	-4957.165569
10849.380531	57.981088	-4990.221824
10927.433628	62.870216	-5066.931409
11005.486726	62.708960	-5119.616604
11083.539823	56.838311	-5144.251621
11161.592920	58.085248	-5247.193923
11239.646018	50.351915	-5322.307622
11317.699115	49.876352	-5393.958436
11395.752212	48.705769	-5489.659710
11473.805310	50.727739	-5435.343710
11551.858407	58.862292	-5409.513438
11629.911504	58.066744	-5364.294660
11707.964602	56.835669	-5408.364404
11786.017699	63.658565	-5471.636052
11864.070796	64.967579	-5513.102083
11942.123894	64.437483	-5559.176571
12020.176991	58.167618	-5600.185625
12098.230088	61.962778	-5637.444220
12176.283186	66.217428	-5691.410546
12254.336283	67.728654	-5743.798684
12332.389381	66.475369	-5812.568798
12410.442478	62.098449	-5842.198852
12488.495575	61.818634	-5870.602068
12566.548673	63.006378	-5857.202166
12644.601770	56.993497	-5976.001348
12722.654867	55.231131	-6074.095060
12800.707965	58.165195	-6210.024961
12878.761062	50.362917	-6221.888848
12956.814159	51.503270	-6071.891660
13034.867257	47.330716	-6182.332120
13112.920354	61.210804	-6091.181810
13190.973451	58.771175	-6155.473388
13269.026549	57.402273	-6172.627436
13347.079646	56.238532	-6172.336242
13425.132743	52.627729	-6111.619353
13503.185841	57.003194	-6159.942251
13581.238938	56.716240	-6187.748221
13659.292035	62.576751	-6227.663449
13737.345133	56.914680	-6289.459161
13815.398230	61.355245	-6327.836026
13893.451327	67.141950	-6383.569910
13971.504425	66.087648	-6448.168201
14049.557522	63.491765	-6435.693117
14127.610619	69.940779	-6488.258506
14205.663717	68.319334	-6537.235704
14283.716814	69.393052	-6585.510751
14361.769912	67.773844	-6604.673986
14439.823009	67.653103	-6654.898088
14517.876106	66.143442	-6700.093656
14595.929204	67.291006	-6743.302504
14673.982301	66.851598	-6794.139951
14752.035398	64.864447	-6821.098613
14830.088496	59.994781	-6861.272382
14908.141593	61.552811	-6844.347721
14986.194690	54.305355	-6910.808562
15064.247788	65.018174	-6855.005237
15142.300885	65.229712	-6921.218114
15220.353982	61.898671	-6945.081678
15298.407080	66.894499	-6968.542542
15376.460177	65.089663	-7027.712883
15454.513274	64.746142	-7070.921049
15532.566372	64.948744	-7119.078566
15610.619469	65.390811	-7145.965625
15688.672566	64.758564	-7178.119660
15766.725664	64.409510	-7227.644984
15844.778761	63.300641	-7256.371047
15922.831858	60.868409	-7292.753024
16000.884956	58.548128	-7337.315933
16078.938053	48.469467	-7350.682260
16156.991150	49.907898	-7432.245609
16235.044248	47.662870	-7609.477870
16313.097345	50.258890	-7642.244353
16391.150442	43.811619	-7795.899825
16469.203540	54.482773	-7831.709199
16547.256637	55.017680	-7886.525031
16625.309735	55.809598	-7915.922386
16703.362832	57.110214	-7971.621599
16781.415929	53.708565	-7962.380714
16859.469027	46.959891	-7986.504926
16937.522124	54.109996	-7990.406619
17015.575221	48.559427	-8036.925517
17093.628319	54.979028	-8151.980451
17171.681416	51.438993	-8221.922462
17249.734513	53.783626	-8255.926745
17327.787611	51.515989	-8297.113595
17405.840708	48.788061	-8412.111978
17483.893805	41.619167	-8235.057297
17561.946903	46.779323	-8282.048204
17640.000000	56.345961	-8258.839988
17718.053097	60.130163	-8299.486105
17796.106195	58.058079	-8340.751270
17874.159292	51.836965	-8327.915561
17952.212389	59.003134	-8376.457966
18030.265487	58.940506	-8423.807030
18108.318584	57.130925	-8473.754684
18186.371681	53.786673	-8513.488216
18264.424779	57.949498	-8536.807131
18342.477876	55.687332	-8560.375706
18420.530973	63.008785	-8582.875295
18498.584071	63.737775	-8634.102893
18576.637168	63.834190	-8663.529442
18654.690265	63.602619	-8695.398191
18732.743363	63.264226	-8733.539998
18810.796460	57.857458	-8759.812182
18888.849558	57.834032	-8809.623014
18966.902655	54.680970	-8827.572165
19044.955752	54.442498	-8876.131235
19123.008850	53.474258	-8886.416227
19201.061947	55.754223	-8940.510651
19279.115044	54.774312	-8971.566199
19357.168142	56.427209	-9009.864320
19435.221239	52.918190	-8994.173685
19513.274336	53.954095	-9020.115617
19591.327434	54.991556	-9001.898339
19669.380531	54.199643	-9029.930499
19747.433628	53.765100	-9055.577186
19825.486726	44.044166	-9019.771579
19903.539823	52.800505	-9057.730725
19981.592920	50.024571	-9048.763782
20059.646018	53.844849	-9071.897808
20137.699115	57.710085	-9120.397930
20215.752212	55.661560	-9179.521446
20293.805310	60.725254	-9237.499440
20371.858407	66.102142	-9273.362280
20449.911504	62.896107	-9342.501601
20527.964602	66.726911	-9377.373225
20606.017699	61.732417	-9427.074210
20684.070796	62.092558	-9448.943395
20762.123894	59.188938	-9488.516243
20840.176991	59.953765	-9558.192785
20918.230088	59.196413	-9595.721380
20996.283186	57.537588	-9654.485482
21074.336283	58.171807	-9676.546511
21152.389381	63.084589	-9730.020980
21230.442478	54.968426	-9728.470211
21308.495575	57.024812	-9776.038023
21386.548673	55.769676	-9783.878368
21464.601770	47.065174	-9903.325349
21542.654867	47.732513	-9770.126897
21620.707965	49.772006	-9808.674553
21698.761062	41.115266	-9825.509914
21776.814159	51.278247	-9729.670728
21854.867257	57.974339	-9553.420789
21932.920354	59.009849	-9651.964756
22010.973451	59.864347	-9686.022930