* FRD data written by MATAA on 27-Dec-2018 17:39:44
* 12PR320 SPL response in 20181219 box, mic 1m from baffle, on axis
78.750000	89.448193	101.407386
157.500000	93.499285	27.169466
236.250000	93.835680	18.408694
315.000000	99.138149	-43.025825
393.750000	89.798633	-95.000787
472.500000	95.713857	-38.898602
551.250000	102.088630	-68.746527
630.000000	100.213024	-133.278610
708.750000	95.977526	-137.645303
787.500000	96.938991	-155.360439
866.250000	92.759832	-167.815530
945.000000	97.596350	-170.946515
1023.750000	96.613283	-207.339024
1102.500000	94.988887	-236.377962
1181.250000	95.964589	-220.829991
1260.000000	97.683008	-252.271136
1338.750000	96.841431	-259.021911
1417.500000	99.702223	-288.489825
1496.250000	98.549352	-308.295564
1575.000000	98.370471	-314.954575
1653.750000	98.577723	-357.987759
1732.500000	96.731313	-353.152414
1811.250000	99.383758	-375.558090
1890.000000	98.462543	-396.101881
1968.750000	96.110690	-421.524715
2047.500000	97.806702	-423.006374
2126.250000	97.373306	-450.166196
2205.000000	97.960880	-453.559830
2283.750000	99.426564	-484.739023
2362.500000	97.692401	-493.797759
2441.250000	100.366083	-520.420073
2520.000000	99.593865	-537.258739
2598.750000	100.410301	-540.927762
2677.500000	100.354958	-583.967848
2756.250000	101.909226	-602.902280
2835.000000	99.394124	-640.506771
2913.750000	97.911527	-641.812256
2992.500000	97.887376	-663.202459
3071.250000	98.632786	-679.008396
3150.000000	98.660494	-700.764888
3228.750000	96.523755	-716.791082
3307.500000	96.179178	-730.160250
3386.250000	95.833801	-737.594192
3465.000000	97.196551	-760.888394
3543.750000	98.606228	-777.154725
3622.500000	98.953481	-817.948739
3701.250000	98.214496	-856.254219
3780.000000	93.030601	-876.405698
3858.750000	91.645065	-872.101645
3937.500000	92.596946	-875.536875
4016.250000	92.778660	-890.000748
4095.000000	94.387269	-903.531454
4173.750000	93.682415	-925.200006
4252.500000	95.461115	-949.643881
4331.250000	94.965527	-988.446463
4410.000000	90.890160	-1014.890137
4488.750000	88.300695	-1026.587898
4567.500000	85.278443	-1021.539643
4646.250000	87.524111	-1020.044508
4725.000000	89.539343	-1040.050871
4803.750000	90.791872	-1056.581158
4882.500000	91.038675	-1087.492258
4961.250000	90.500970	-1108.399836
5040.000000	89.622253	-1130.788423
5118.750000	89.338986	-1147.816870
5197.500000	89.544836	-1164.051334
5276.250000	89.188145	-1187.559029
5355.000000	89.380453	-1212.988037
5433.750000	87.903996	-1246.253593
5512.500000	86.154892	-1262.164433
5591.250000	84.661872	-1284.493505
5670.000000	82.594359	-1303.016217
5748.750000	82.239452	-1324.046560
5827.500000	79.402585	-1344.928781
5906.250000	74.062488	-1338.240370
5985.000000	74.422384	-1366.730649
6063.750000	73.846485	-1361.124519
6142.500000	72.325031	-1361.432394
6221.250000	72.635152	-1376.940851
6300.000000	72.109822	-1397.148666
6378.750000	72.455408	-1395.653940
6457.500000	73.391119	-1407.231586
6536.250000	75.284859	-1422.217809
6615.000000	74.885425	-1450.460819
6693.750000	73.463812	-1466.698149
6772.500000	74.880239	-1483.357185
6851.250000	74.109281	-1511.592081
6930.000000	71.588180	-1538.214227
7008.750000	69.860626	-1549.885340
7087.500000	69.401927	-1541.275571
7166.250000	70.560745	-1559.265088
7245.000000	72.210008	-1585.665112
7323.750000	72.223179	-1616.229854
7402.500000	69.428537	-1650.343298
7481.250000	69.543870	-1677.582746
7560.000000	65.788840	-1680.839586
7638.750000	64.960025	-1716.795163
7717.500000	60.474087	-1752.924537
7796.250000	57.435163	-1740.766024
7875.000000	59.865283	-1757.419701
7953.750000	56.582139	-1781.717232
8032.500000	48.401323	-1725.346471
8111.250000	52.291904	-1773.025709
8190.000000	58.781308	-1803.843159
8268.750000	58.825798	-1889.276820
8347.500000	60.827868	-1968.248749
8426.250000	55.871518	-2014.031301
8505.000000	61.024024	-2112.980155
8583.750000	61.980660	-2145.477391
8662.500000	67.042738	-2205.552949
8741.250000	63.783723	-2288.215822
8820.000000	62.200319	-2314.866771
8898.750000	63.626808	-2381.740056
8977.500000	58.782119	-2399.217000
9056.250000	56.038931	-2409.507636
9135.000000	58.582489	-2411.980444
9213.750000	63.650196	-2447.898584
9292.500000	62.342500	-2495.344478
9371.250000	59.707296	-2516.376790
9450.000000	57.937085	-2533.394978
9528.750000	61.004348	-2561.647333
9607.500000	62.714807	-2574.558748
9686.250000	62.673040	-2599.405392
9765.000000	64.325087	-2642.283411
9843.750000	61.288608	-2711.694426
9922.500000	65.234142	-2753.276687
10001.250000	62.908316	-2801.381949
10080.000000	61.382208	-2817.827242
10158.750000	65.912461	-2885.679303
10237.500000	66.206055	-2944.014362
10316.250000	70.017741	-2978.287263
10395.000000	70.027611	-3009.381412
10473.750000	70.864095	-3044.351680
10552.500000	68.117650	-3071.142302
10631.250000	70.693730	-3079.912004
10710.000000	72.673506	-3115.634575
10788.750000	74.656468	-3142.848385
10867.500000	75.109263	-3173.625620
10946.250000	75.740416	-3207.499629
11025.000000	74.971908	-3245.270903
11103.750000	74.487619	-3274.929279
11182.500000	72.135211	-3308.943960
11261.250000	67.195697	-3329.001385
11340.000000	69.993388	-3339.765132
11418.750000	69.003525	-3349.488048
11497.500000	69.981794	-3373.477043
11576.250000	70.860171	-3381.176700
11655.000000	67.900495	-3415.453346
11733.750000	70.996951	-3434.750444
11812.500000	70.515770	-3459.026284
11891.250000	70.322493	-3493.181521
11970.000000	68.080769	-3506.790913
12048.750000	68.696134	-3542.378136
12127.500000	66.812607	-3568.481263
12206.250000	64.141540	-3595.689769
12285.000000	61.288421	-3632.016176
12363.750000	60.104228	-3697.977742
12442.500000	63.394978	-3830.908148
12521.250000	65.416515	-3887.995247
12600.000000	66.631658	-3934.541867
12678.750000	65.345768	-3953.097095
12757.500000	67.121043	-3972.341679
12836.250000	68.267887	-3994.717098
12915.000000	69.261830	-4016.263571
12993.750000	68.039632	-4041.522065
13072.500000	69.900480	-4045.415916
13151.250000	69.382512	-4068.579973
13230.000000	68.550440	-4083.194118
13308.750000	71.003842	-4087.833295
13387.500000	73.064099	-4110.192436
13466.250000	74.949291	-4128.046008
13545.000000	75.833979	-4149.814517
13623.750000	77.338744	-4172.133000
13702.500000	78.943710	-4203.122651
13781.250000	79.033425	-4230.836832
13860.000000	79.603883	-4256.868563
13938.750000	79.004689	-4283.593320
14017.500000	79.158409	-4307.737829
14096.250000	78.271386	-4335.863193
14175.000000	76.641387	-4361.441175
14253.750000	75.659117	-4375.714966
14332.500000	75.222194	-4402.076293
14411.250000	73.253884	-4414.508326
14490.000000	73.021959	-4440.747958
14568.750000	69.548128	-4441.741842
14647.500000	71.408940	-4445.105402
14726.250000	71.331611	-4455.689580
14805.000000	71.226005	-4472.283825
14883.750000	71.939610	-4479.166081
14962.500000	72.225735	-4496.433253
15041.250000	73.318957	-4507.486758
15120.000000	75.031643	-4523.900617
15198.750000	76.296203	-4543.988228
15277.500000	76.882122	-4566.410998
15356.250000	77.447586	-4586.900314
15435.000000	77.352393	-4606.658761
15513.750000	78.204884	-4630.846134
15592.500000	78.244730	-4660.222295
15671.250000	78.065661	-4686.218649
15750.000000	77.251222	-4713.214972
15828.750000	75.485509	-4738.124624
15907.500000	74.356382	-4751.784921
15986.250000	72.640990	-4770.243434
16065.000000	72.818295	-4778.660224
16143.750000	72.225105	-4801.688524
16222.500000	72.441049	-4818.819429
16301.250000	71.428583	-4839.325187
16380.000000	69.922435	-4851.585002
16458.750000	69.132849	-4867.470163
16537.500000	67.627125	-4871.919318
16616.250000	70.098247	-4887.821150
16695.000000	71.084889	-4915.267692
16773.750000	69.936999	-4946.713049
16852.500000	68.381553	-4966.638642
16931.250000	64.234335	-5001.250023
17010.000000	60.413032	-4996.982009
17088.750000	55.033497	-5007.089537
17167.500000	62.008774	-4959.737749
17246.250000	65.051475	-5000.711919
17325.000000	65.565477	-5033.541204
17403.750000	63.317504	-5074.180458
17482.500000	61.627971	-5090.464716
17561.250000	55.216433	-5136.803372
17640.000000	46.814753	-4973.117898
17718.750000	60.768737	-5035.625548
17797.500000	58.656213	-5085.243347
17876.250000	60.203433	-5118.173774
17955.000000	57.562828	-5118.262325
18033.750000	57.781168	-5142.071051
18112.500000	58.441248	-5141.650153
18191.250000	55.272725	-5178.744604
18270.000000	52.212243	-5125.577431
18348.750000	59.039781	-5122.101838
18427.500000	64.354938	-5167.554964
18506.250000	65.802885	-5203.318776
18585.000000	63.333108	-5233.491646
18663.750000	63.380133	-5239.026627
18742.500000	65.059397	-5257.486664
18821.250000	64.066615	-5279.889438
18900.000000	64.278937	-5287.951589
18978.750000	65.903664	-5305.030615
19057.500000	68.951434	-5346.676678
19136.250000	67.900402	-5379.902520
19215.000000	66.886362	-5422.156727
19293.750000	64.093888	-5434.625993
19372.500000	64.558626	-5467.428364
19451.250000	60.449452	-5481.085699
19530.000000	62.035500	-5528.840614
19608.750000	61.357469	-5561.352301
19687.500000	58.441241	-5628.616677
19766.250000	53.468815	-5724.703868
19845.000000	53.318038	-5806.836283
19923.750000	55.290963	-5815.983347
20002.500000	57.300183	-5883.367317
20081.250000	60.877310	-5890.485530
20160.000000	60.206635	-5931.155864
20238.750000	63.824400	-5958.607800
20317.500000	61.866983	-5990.239946
20396.250000	64.920989	-6015.991879
20475.000000	63.739721	-6052.202559
20553.750000	61.823402	-6090.343323
20632.500000	62.252994	-6123.836406
20711.250000	58.777686	-6135.683806
20790.000000	61.703720	-6172.992543
20868.750000	61.653613	-6166.992880
20947.500000	60.935183	-6203.941471
21026.250000	57.617576	-6212.398935
21105.000000	58.669462	-6231.310828
21183.750000	62.087507	-6265.012221
21262.500000	58.205649	-6274.248691
21341.250000	56.738601	-6289.936497
21420.000000	53.776154	-6315.108899
21498.750000	60.443455	-6284.173389
21577.500000	53.970042	-6329.008601
21656.250000	57.118020	-6310.060964
21735.000000	59.327511	-6319.888093
21813.750000	64.755560	-6360.189196
21892.500000	65.353166	-6400.979983
21971.250000	63.983562	-6445.820542
22050.000000	65.068136	-6480.000000