* FRD data written by MATAA on 27-Dec-2018 20:12:43
* R2904+WG148 SPL response in 20181219 baffle, mic 1m from baffle, 30 deg outside
99.324324	54.999134	-162.498119
198.648649	68.355240	-216.162640
297.972973	75.415375	-235.734911
397.297297	79.272873	-254.493343
496.621622	82.891637	-262.225021
595.945946	85.120303	-276.284635
695.270270	88.296169	-290.195877
794.594595	88.998951	-313.307017
893.918919	90.187529	-324.415810
993.243243	88.808224	-324.225933
1092.567568	91.393300	-329.364599
1191.891892	92.303113	-341.234399
1291.216216	92.788601	-348.441129
1390.540541	93.858382	-363.465068
1489.864865	94.663439	-371.798590
1589.189189	94.336157	-381.449497
1688.513514	95.841147	-393.222345
1787.837838	95.971968	-403.583458
1887.162162	94.875216	-418.435551
1986.486486	95.324722	-419.971987
2085.810811	95.800647	-429.558942
2185.135135	95.893773	-430.455402
2284.459459	95.599210	-450.501761
2383.783784	96.220920	-454.937365
2483.108108	94.504354	-461.539031
2582.432432	95.714739	-472.054894
2681.756757	95.080050	-476.088866
2781.081081	95.784602	-482.318096
2880.405405	95.066900	-488.830843
2979.729730	95.984266	-498.273754
3079.054054	94.883982	-501.958128
3178.378378	94.937761	-512.528072
3277.702703	94.808881	-514.160357
3377.027027	94.297154	-517.383969
3476.351351	94.726742	-525.951282
3575.675676	95.075812	-527.206723
3675.000000	95.723506	-534.567427
3774.324324	95.253095	-542.824776
3873.648649	95.734263	-550.786704
3972.972973	95.229231	-556.579827
4072.297297	95.659104	-564.867938
4171.621622	95.023068	-570.600072
4270.945946	94.863878	-581.657804
4370.270270	94.814005	-579.892656
4469.594595	94.504480	-590.516858
4568.918919	95.155398	-592.946313
4668.243243	94.144163	-602.736767
4767.567568	94.621885	-607.464385
4866.891892	94.390311	-609.319564
4966.216216	94.104545	-620.615546
5065.540541	94.403790	-622.672224
5164.864865	94.548894	-632.777744
5264.189189	94.433896	-634.692992
5363.513514	94.323793	-646.977459
5462.837838	93.971087	-647.487288
5562.162162	93.086862	-655.969036
5661.486486	93.649903	-656.408242
5760.810811	92.971877	-663.247868
5860.135135	93.312956	-668.663347
5959.459459	93.364558	-674.266176
6058.783784	93.565271	-674.258612
6158.108108	93.272436	-681.073695
6257.432432	93.805017	-691.612895
6356.756757	93.637143	-692.106034
6456.081081	93.402983	-701.653298
6555.405405	93.999938	-709.697843
6654.729730	93.898208	-716.182870
6754.054054	93.665010	-722.801990
6853.378378	96.326024	-697.992452
6952.702703	93.192136	-734.481170
7052.027027	92.576459	-737.524717
7151.351351	92.144628	-744.179060
7250.675676	92.359843	-748.238655
7350.000000	91.951101	-751.669437
7449.324324	91.928053	-759.612252
7548.648649	92.351444	-763.345161
7647.972973	91.891498	-767.603997
7747.297297	91.441867	-775.156908
7846.621622	92.044784	-779.368886
7945.945946	91.597356	-784.352893
8045.270270	91.602214	-789.175684
8144.594595	91.838770	-795.917701
8243.918919	91.294523	-799.792042
8343.243243	90.798930	-806.850350
8442.567568	91.193069	-808.437531
8541.891892	90.630489	-810.740909
8641.216216	91.238531	-818.826408
8740.540541	91.012848	-821.380572
8839.864865	91.004982	-827.492823
8939.189189	90.583586	-832.640065
9038.513514	90.849877	-839.330946
9137.837838	90.591805	-840.210326
9237.162162	90.890300	-850.286572
9336.486486	91.047275	-858.844296
9435.810811	91.248372	-859.488816
9535.135135	91.509650	-863.431921
9634.459459	91.228786	-870.794738
9733.783784	91.350045	-878.869420
9833.108108	91.188504	-878.799576
9932.432432	92.357888	-897.085332
10031.756757	91.180222	-884.858747
10131.081081	91.055698	-902.465335
10230.405405	91.053973	-903.103299
10329.729730	90.745041	-916.097271
10429.054054	90.137085	-922.691192
10528.378378	91.395256	-923.365507
10627.702703	90.790025	-927.066175
10727.027027	89.924204	-931.579724
10826.351351	90.279148	-943.195294
10925.675676	89.962493	-945.132540
11025.000000	90.012577	-955.726004
11124.324324	89.872246	-961.598639
11223.648649	89.410215	-963.168488
11322.972973	88.842695	-974.276633
11422.297297	88.811955	-978.861975
11521.621622	88.549254	-983.847541
11620.945946	87.639812	-987.148760
11720.270270	87.306952	-992.133532
11819.594595	87.119164	-998.371352
11918.918919	86.752029	-998.945999
12018.243243	86.949328	-1004.778577
12117.567568	86.746504	-1010.209959
12216.891892	86.460505	-1015.920180
12316.216216	86.316910	-1022.640548
12415.540541	84.798020	-1021.847744
12514.864865	85.286145	-1025.246975
12614.189189	85.178775	-1027.982779
12713.513514	84.995118	-1029.808463
12812.837838	85.301947	-1032.181571
12912.162162	85.158227	-1036.664905
13011.486486	84.813129	-1040.701799
13110.810811	84.945012	-1045.232502
13210.135135	85.191263	-1046.049179
13309.459459	84.923766	-1047.075652
13408.783784	85.696734	-1054.708673
13508.108108	85.951831	-1060.475553
13607.432432	85.415140	-1064.414827
13706.756757	85.793790	-1067.595356
13806.081081	86.203446	-1074.520292
13905.405405	86.592834	-1075.424160
14004.729730	86.929504	-1083.579570
14104.054054	87.352425	-1087.327718
14203.378378	87.218191	-1092.677370
14302.702703	87.377423	-1101.529598
14402.027027	87.416091	-1105.786755
14501.351351	87.369925	-1109.867443
14600.675676	87.460147	-1116.662843
14700.000000	87.927513	-1123.151002
14799.324324	87.686214	-1127.012087
14898.648649	87.719811	-1132.884063
14997.972973	87.874422	-1137.368656
15097.297297	88.173676	-1145.396957
15196.621622	88.015262	-1151.561628
15295.945946	87.595680	-1160.532761
15395.270270	88.166223	-1167.199200
15494.594595	87.139762	-1175.086383
15593.918919	87.312497	-1176.748565
15693.243243	87.144448	-1180.225720
15792.567568	86.453759	-1182.970668
15891.891892	86.837225	-1184.739268
15991.216216	86.968575	-1185.611665
16090.540541	88.332716	-1189.495934
16189.864865	89.574703	-1198.398699
16289.189189	89.895494	-1211.491826
16388.513514	89.589265	-1221.362773
16487.837838	89.187525	-1231.226097
16587.162162	88.687600	-1242.448332
16686.486486	88.505916	-1243.981566
16785.810811	88.593860	-1250.837808
16885.135135	89.000835	-1259.573672
16984.459459	87.414172	-1266.144138
17083.783784	88.057740	-1273.772014
17183.108108	87.391376	-1277.475618
17282.432432	87.758943	-1288.663125
17381.756757	87.142143	-1293.738562
17481.081081	86.395122	-1302.435850
17580.405405	86.736764	-1304.671943
17679.729730	86.582725	-1312.105884
17779.054054	86.446584	-1316.984566
17878.378378	86.214595	-1324.643388
17977.702703	86.069243	-1331.361103
18077.027027	85.745795	-1336.176609
18176.351351	85.754857	-1344.459342
18275.675676	85.652625	-1350.686704
18375.000000	85.710697	-1358.464732
18474.324324	85.192699	-1367.551671
18573.648649	85.178164	-1375.026697
18672.972973	84.806991	-1381.570465
18772.297297	84.585767	-1392.547006
18871.621622	84.550195	-1397.796635
18970.945946	83.774127	-1405.436838
19070.270270	84.162673	-1411.876153
19169.594595	83.663518	-1419.927649
19268.918919	84.368086	-1428.426566
19368.243243	83.779840	-1437.669586
19467.567568	83.923639	-1447.499030
19566.891892	83.660918	-1458.933166
19666.216216	83.125519	-1466.141426
19765.540541	83.167867	-1474.046588
19864.864865	82.896092	-1486.907056
19964.189189	82.615961	-1484.895286
20063.513514	82.820730	-1502.062636
20162.837838	81.873451	-1509.370065
20262.162162	82.207226	-1509.393919
20361.486486	81.575554	-1515.724261
20460.810811	81.727370	-1535.266600
20560.135135	81.385224	-1546.513814
20659.459459	81.319476	-1554.084443
20758.783784	80.415532	-1564.455187
20858.108108	79.981852	-1572.950972
20957.432432	79.618990	-1581.239784
21056.756757	79.440148	-1587.816256
21156.081081	78.832827	-1596.446622
21255.405405	78.616968	-1606.408116
21354.729730	78.025768	-1617.103901
21454.054054	77.530038	-1631.423424
21553.378378	76.922693	-1640.426069
21652.702703	75.030852	-1658.603897
21752.027027	72.817550	-1669.883534
21851.351351	68.669360	-1672.895876
21950.675676	63.217515	-1678.760891
22050.000000	52.666232	-1620.000000