* FRD data written by MATAA on 27-Dec-2018 20:27:05
* VM752 SPL response in 20181219 baffle, mic 1m from baffle, 30 deg inside
72.413793	62.126805	145.709500
144.827586	68.624828	148.268772
217.241379	77.981407	136.873059
289.655172	82.871623	111.321227
362.068966	87.584690	88.472081
434.482759	89.588143	54.269533
506.896552	91.405901	29.220019
579.310345	92.082968	6.413856
651.724138	93.144651	-14.880759
724.137931	91.304211	-21.345815
796.551724	93.240869	-25.507339
868.965517	94.804358	-47.360334
941.379310	95.032847	-60.625929
1013.793103	95.091028	-84.807837
1086.206897	94.725858	-96.447386
1158.620690	94.147623	-114.088982
1231.034483	94.149402	-126.266817
1303.448276	94.475788	-137.866890
1375.862069	93.772659	-154.489867
1448.275862	93.253529	-161.239220
1520.689655	92.888324	-172.459613
1593.103448	93.439075	-182.640760
1665.517241	93.323782	-194.272492
1737.931034	93.223350	-204.800795
1810.344828	92.332147	-218.564845
1882.758621	91.354654	-228.523666
1955.172414	91.024373	-242.081231
2027.586207	91.098573	-244.517807
2100.000000	90.372167	-260.794222
2172.413793	89.788559	-263.571295
2244.827586	89.773356	-281.540310
2317.241379	88.361041	-285.353185
2389.655172	89.262716	-296.742664
2462.068966	87.127604	-299.498405
2534.482759	86.720783	-305.958631
2606.896552	84.344537	-306.799044
2679.310345	85.704906	-292.361213
2751.724138	88.315052	-304.034758
2824.137931	89.272936	-312.072450
2896.551724	90.102520	-327.692720
2968.965517	89.549327	-343.743019
3041.379310	89.657383	-354.854255
3113.793103	88.802787	-366.593905
3186.206897	88.340190	-372.924000
3258.620690	87.770367	-382.199273
3331.034483	87.826438	-387.591745
3403.448276	87.472868	-396.162313
3475.862069	88.096952	-401.670211
3548.275862	88.048428	-411.839989
3620.689655	88.575970	-419.224272
3693.103448	88.725739	-429.521920
3765.517241	88.807131	-440.431795
3837.931034	88.649033	-452.603081
3910.344828	88.438309	-466.188321
3982.758621	87.703309	-475.166580
4055.172414	87.726168	-485.229028
4127.586207	86.568800	-493.424667
4200.000000	87.104218	-501.079625
4272.413793	86.224780	-514.426460
4344.827586	85.922141	-517.417369
4417.241379	85.472578	-525.698537
4489.655172	84.673941	-530.635275
4562.068966	84.370665	-536.270288
4634.482759	84.520901	-543.380804
4706.896552	84.347161	-548.882231
4779.310345	85.475637	-540.102615
4851.724138	85.618074	-550.302327
4924.137931	88.555548	-560.217922
4996.551724	89.165599	-586.684687
5068.965517	88.992004	-604.584554
5141.379310	88.247407	-623.816659
5213.793103	87.138758	-637.984309
5286.206897	86.280566	-651.040387
5358.620690	85.048812	-664.413530
5431.034483	83.998380	-672.434528
5503.448276	83.348185	-686.639097
5575.862069	81.760359	-700.098614
5648.275862	79.451104	-702.093766
5720.689655	79.479256	-706.632027
5793.103448	78.693654	-720.159603
5865.517241	77.770764	-727.425044
5937.931034	76.418640	-740.967562
6010.344828	74.478973	-744.489313
6082.758621	70.920553	-762.368722
6155.172414	64.802422	-699.345914
6227.586207	73.160632	-727.970033
6300.000000	71.484352	-743.681587
6372.413793	68.789293	-751.529497
6444.827586	63.294070	-732.715099
6517.241379	69.473548	-702.200227
6589.655172	71.077354	-715.599225
6662.068966	71.669236	-726.643126
6734.482759	71.679887	-729.292016
6806.896552	72.395580	-731.956144
6879.310345	72.561548	-739.488377
6951.724138	73.357696	-747.424303
7024.137931	73.228835	-760.099391
7096.551724	72.918284	-758.988490
7168.965517	72.445995	-767.422031
7241.379310	72.284395	-759.941105
7313.793103	73.415688	-765.892329
7386.206897	75.027018	-765.767639
7458.620690	76.615480	-780.762935
7531.034483	76.863899	-790.892202
7603.448276	76.450021	-807.447158
7675.862069	75.921818	-812.420515
7748.275862	75.871007	-817.490198
7820.689655	75.669827	-822.351971
7893.103448	75.179827	-824.906154
7965.517241	75.139300	-821.073813
8037.931034	76.913622	-827.823302
8110.344828	76.877738	-837.260780
8182.758621	77.412487	-836.840676
8255.172414	78.989884	-846.080101
8327.586207	79.581001	-857.789290
8400.000000	80.042637	-864.625381
8472.413793	80.850104	-874.284874
8544.827586	81.215891	-884.849459
8617.241379	81.873106	-892.612255
8689.655172	82.401718	-904.761845
8762.068966	82.911722	-911.723499
8834.482759	83.733131	-925.711321
8906.896552	83.873880	-935.631500
8979.310345	84.638348	-949.157253
9051.724138	84.368626	-960.992718
9124.137931	84.659217	-973.496976
9196.551724	84.390236	-985.598280
9268.965517	84.174296	-996.904087
9341.379310	84.185067	-1006.425334
9413.793103	83.330823	-1019.818761
9486.206897	83.638065	-1021.615992
9558.620690	84.216058	-1035.412840
9631.034483	84.052840	-1045.347850
9703.448276	84.368129	-1062.913649
9775.862069	83.272111	-1075.915345
9848.275862	83.447410	-1085.274767
9920.689655	82.876171	-1093.855293
9993.103448	82.172774	-1114.602812
10065.517241	79.970842	-1114.281894
10137.931034	81.356564	-1123.880990
10210.344828	79.435757	-1138.544278
10282.758621	78.748402	-1145.613692
10355.172414	76.598508	-1152.918614
10427.586207	75.564440	-1152.440662
10500.000000	73.534081	-1146.298472
10572.413793	75.338359	-1124.206996
10644.827586	80.131134	-1137.989131
10717.241379	80.624891	-1163.877328
10789.655172	80.054728	-1175.040212
10862.068966	80.421726	-1190.161594
10934.482759	78.480895	-1210.304561
11006.896552	77.785762	-1214.346637
11079.310345	77.023377	-1216.747380
11151.724138	77.156020	-1224.400615
11224.137931	76.668724	-1230.903027
11296.551724	76.841444	-1240.946811
11368.965517	76.118055	-1247.302700
11441.379310	76.065132	-1256.597140
11513.793103	74.983166	-1259.536186
11586.206897	75.110612	-1268.452891
11658.620690	73.969712	-1270.427361
11731.034483	74.563536	-1274.662316
11803.448276	73.891301	-1276.820806
11875.862069	75.142885	-1281.088968
11948.275862	74.696886	-1290.958331
12020.689655	75.569993	-1296.396497
12093.103448	76.069563	-1310.207230
12165.517241	76.191909	-1321.647878
12237.931034	75.697690	-1332.340542
12310.344828	74.882788	-1342.486727
12382.758621	74.078098	-1347.005000
12455.172414	73.874989	-1351.267893
12527.586207	73.372395	-1354.557944
12600.000000	73.678410	-1356.923016
12672.413793	73.936123	-1365.642808
12744.827586	74.150773	-1371.967121
12817.241379	74.542911	-1379.865637
12889.655172	74.592569	-1388.264733
12962.068966	74.453668	-1394.430465
13034.482759	74.989753	-1402.582269
13106.896552	73.988774	-1413.116252
13179.310345	74.562930	-1419.781923
13251.724138	74.107621	-1428.621214
13324.137931	74.594592	-1434.418074
13396.551724	74.314295	-1443.883117
13468.965517	74.561014	-1449.360291
13541.379310	75.108531	-1455.691764
13613.793103	75.558069	-1476.293259
13686.206897	74.478174	-1489.899274
13758.620690	73.301115	-1502.089574
13831.034483	71.710329	-1504.664540
13903.448276	71.660300	-1504.215558
13975.862069	70.820029	-1509.521048
14048.275862	71.573996	-1508.925173
14120.689655	71.354529	-1518.003805
14193.103448	72.023328	-1521.904306
14265.517241	72.279964	-1529.974499
14337.931034	72.697156	-1535.561875
14410.344828	73.081353	-1543.188658
14482.758621	74.024429	-1553.974536
14555.172414	73.569667	-1564.278563
14627.586207	74.142947	-1575.219685
14700.000000	73.991520	-1591.957778
14772.413793	73.367191	-1604.278034
14844.827586	72.598206	-1618.368992
14917.241379	71.628770	-1629.123042
14989.655172	70.616803	-1636.687394
15062.068966	69.564777	-1646.014230
15134.482759	67.941988	-1652.762495
15206.896552	67.035504	-1646.235146
15279.310345	66.993868	-1648.674260
15351.724138	67.318795	-1653.059222
15424.137931	66.913091	-1659.684114
15496.551724	66.914464	-1662.424598
15568.965517	67.102566	-1665.298440
15641.379310	67.518155	-1672.942830
15713.793103	67.641805	-1680.838258
15786.206897	67.307717	-1689.423373
15858.620690	67.171226	-1695.123282
15931.034483	66.936773	-1699.895055
16003.448276	66.829287	-1704.182987
16075.862069	67.111470	-1706.996958
16148.275862	67.192317	-1714.475613
16220.689655	67.748190	-1719.004340
16293.103448	68.105610	-1730.850625
16365.517241	68.239002	-1738.958577
16437.931034	68.114596	-1752.155121
16510.344828	66.794858	-1762.741085
16582.758621	68.754264	-1778.870415
16655.172414	64.953378	-1770.441380
16727.586207	62.535618	-1765.222308
16800.000000	65.309458	-1760.251728
16872.413793	66.339923	-1769.426320
16944.827586	67.230397	-1781.948749
17017.241379	66.212903	-1792.242481
17089.655172	66.291518	-1796.587191
17162.068966	65.694982	-1801.594602
17234.482759	66.123305	-1802.921046
17306.896552	65.927093	-1807.156656
17379.310345	66.848324	-1810.394655
17451.724138	67.589182	-1819.171476
17524.137931	67.619468	-1825.129958
17596.551724	68.233523	-1828.777809
17668.965517	69.000784	-1835.194718
17741.379310	70.118310	-1844.871329
17813.793103	70.756210	-1857.445537
17886.206897	70.827051	-1869.083447
17958.620690	71.205645	-1879.030311
18031.034483	71.674281	-1890.035387
18103.448276	71.919786	-1901.818144
18175.862069	72.299963	-1913.990660
18248.275862	72.297042	-1929.441648
18320.689655	71.981257	-1941.610836
18393.103448	71.180665	-1958.396748
18465.517241	70.506206	-1964.396205
18537.931034	69.857201	-1972.987236
18610.344828	69.255750	-1982.979717
18682.758621	68.609043	-1988.518439
18755.172414	68.075133	-1996.331802
18827.586207	67.810434	-1999.500040
18900.000000	67.868929	-2005.378555
18972.413793	67.746902	-2011.611783
19044.827586	67.771065	-2018.657947
19117.241379	67.765686	-2024.727512
19189.655172	67.677283	-2032.156169
19262.068966	67.940123	-2037.430203
19334.482759	68.033843	-2047.347434
19406.896552	67.765958	-2052.307037
19479.310345	67.739611	-2061.119863
19551.724138	68.240427	-2061.374341
19624.137931	68.760491	-2071.585871
19696.551724	68.711437	-2076.224900
19768.965517	76.501565	-2167.766940
19841.379310	67.846707	-2118.686156
19913.793103	67.455742	-2118.669852
19986.206897	67.525378	-2125.062171
20058.620690	67.429291	-2131.863748
20131.034483	67.447207	-2140.097903
20203.448276	67.315064	-2148.983439
20275.862069	67.191179	-2161.306248
20348.275862	66.613026	-2170.479389
20420.689655	66.146095	-2182.555314
20493.103448	65.318822	-2193.926242
20565.517241	63.802380	-2204.278119
20637.931034	62.321373	-2214.786943
20710.344828	61.455746	-2218.341929
20782.758621	59.931770	-2228.659596
20855.172414	58.909380	-2231.035593
20927.586207	56.399578	-2238.260243
21000.000000	55.311258	-2238.426204
21072.413793	52.897012	-2233.884069
21144.827586	52.114036	-2230.268020
21217.241379	51.987673	-2193.396715
21289.655172	58.784821	-2220.530437
21362.068966	56.059630	-2230.969278
21434.482759	56.619411	-2233.506346
21506.896552	56.297189	-2249.749272
21579.310345	56.756636	-2254.009235
21651.724138	56.952562	-2265.633180
21724.137931	56.768435	-2273.154129
21796.551724	57.471208	-2290.781029
21868.965517	56.273850	-2296.468383
21941.379310	56.345870	-2311.360357
22013.793103	58.572592	-2327.672285