* FRD data written by MATAA on 27-Dec-2018 20:25:33
* VM752 SPL response in 20181219 baffle, mic 1m from baffle, on axis
72.532895	53.321469	124.980240
145.065789	69.263602	163.439232
217.598684	77.209168	134.403571
290.131579	83.658094	123.395341
362.664474	88.774662	101.693914
435.197368	91.141079	67.238368
507.730263	93.184285	44.609224
580.263158	93.992793	18.100527
652.796053	95.435595	-2.567427
725.328947	93.713390	-20.548868
797.861842	94.104483	-23.878088
870.394737	95.104631	-40.739458
942.927632	95.366476	-50.507584
1015.460526	95.627968	-70.114322
1087.993421	94.879252	-82.372971
1160.526316	94.751721	-100.448548
1233.059211	93.915571	-111.120533
1305.592105	94.269631	-114.575077
1378.125000	93.819069	-130.591504
1450.657895	93.435327	-132.020814
1523.190789	94.026260	-142.433360
1595.723684	94.679127	-152.429827
1668.256579	94.217611	-164.472563
1740.789474	93.617787	-174.317558
1813.322368	93.524489	-186.625147
1885.855263	93.233458	-201.593070
1958.388158	92.135719	-216.609471
2030.921053	91.392576	-211.514866
2103.453947	91.124658	-225.260547
2175.986842	89.762613	-229.780789
2248.519737	89.544053	-240.030304
2321.052632	88.569003	-241.355701
2393.585526	89.311153	-249.394945
2466.118421	86.547661	-257.770570
2538.651316	85.283035	-246.639852
2611.184211	86.014668	-240.913441
2683.717105	86.258152	-229.904169
2756.250000	90.182880	-229.504715
2828.782895	92.911358	-247.958646
2901.315789	93.475750	-266.168570
2973.848684	93.691044	-280.446379
3046.381579	93.512616	-294.057505
3118.914474	92.868354	-303.706073
3191.447368	92.824242	-316.043487
3263.980263	91.696231	-324.418158
3336.513158	92.343949	-327.096111
3409.046053	91.606578	-335.253412
3481.578947	92.301677	-335.823088
3554.111842	92.165773	-347.402433
3626.644737	92.799207	-349.991848
3699.177632	93.560715	-359.680070
3771.710526	94.179360	-368.079081
3844.243421	94.644706	-377.608698
3916.776316	95.260338	-389.776681
3989.309211	95.069652	-402.481492
4061.842105	95.284041	-412.586041
4134.375000	95.022201	-426.405704
4206.907895	95.095461	-435.852758
4279.440789	94.989540	-446.310743
4351.973684	94.905174	-455.228498
4424.506579	94.562309	-464.952206
4497.039474	94.631424	-476.197558
4569.572368	94.267497	-489.418688
4642.105263	94.076084	-501.818944
4714.638158	93.109983	-513.213095
4787.171053	92.495505	-524.834764
4859.703947	89.699167	-538.750999
4932.236842	88.233992	-508.934040
5004.769737	92.183713	-518.471987
5077.302632	92.966622	-534.820533
5149.835526	92.887181	-549.661352
5222.368421	92.743883	-562.383684
5294.901316	92.132566	-576.265604
5367.434211	91.483806	-586.202736
5439.967105	90.780400	-597.716814
5512.500000	89.991257	-605.105030
5585.032895	89.344200	-610.857602
5657.565789	89.023998	-619.704966
5730.098684	88.385890	-626.606612
5802.631579	87.604919	-635.854070
5875.164474	86.774064	-639.108235
5947.697368	86.214587	-644.685623
6020.230263	85.529241	-639.621996
6092.763158	86.702675	-641.136237
6165.296053	88.917863	-651.852465
6237.828947	87.197296	-671.976827
6310.361842	86.442637	-673.771886
6382.894737	86.490310	-678.677941
6455.427632	86.754962	-683.694563
6527.960526	87.485890	-692.006793
6600.493421	87.607079	-700.718023
6673.026316	87.855598	-710.872758
6745.559211	87.514205	-722.336431
6818.092105	87.515941	-731.087036
6890.625000	87.353334	-744.677271
6963.157895	86.926325	-753.339462
7035.690789	86.728845	-765.231126
7108.223684	85.840111	-773.764859
7180.756579	85.389725	-780.508023
7253.289474	84.646163	-787.336477
7325.822368	84.266278	-793.678271
7398.355263	84.659550	-799.354163
7470.888158	85.484817	-813.602308
7543.421053	85.172365	-826.159414
7615.953947	84.498461	-838.999477
7688.486842	83.441619	-848.375736
7761.019737	82.707153	-855.961965
7833.552632	82.093556	-863.044161
7906.085526	83.441571	-871.866334
7978.618421	83.957463	-902.190405
8051.151316	80.528779	-916.647050
8123.684211	79.860000	-923.377472
8196.217105	78.022431	-945.737440
8268.750000	74.932558	-956.788179
8341.282895	73.165195	-962.812949
8413.815789	72.169659	-973.733799
8486.348684	71.255060	-989.632334
8558.881579	69.134571	-1004.147422
8631.414474	68.302934	-1018.068503
8703.947368	65.896845	-1059.087340
8776.480263	66.149132	-1090.581611
8849.013158	67.764794	-1123.403011
8921.546053	69.258055	-1145.229909
8994.078947	72.142591	-1162.879099
9066.611842	74.194961	-1177.799863
9139.144737	75.989920	-1194.205094
9211.677632	76.441386	-1210.187891
9284.210526	77.178168	-1228.866946
9356.743421	78.346147	-1241.215138
9429.276316	78.697723	-1261.157867
9501.809211	78.890102	-1271.357283
9574.342105	79.068327	-1286.879472
9646.875000	78.427881	-1293.911640
9719.407895	78.774944	-1307.399598
9791.940789	78.278236	-1316.104655
9864.473684	78.632062	-1330.366678
9937.006579	77.586406	-1340.142065
10009.539474	78.126219	-1346.850111
10082.072368	76.929968	-1357.283907
10154.605263	76.910287	-1348.635693
10227.138158	78.127826	-1362.159830
10299.671053	78.872594	-1372.357122
10372.203947	80.202464	-1391.438373
10444.736842	80.946939	-1412.151560
10517.269737	81.645791	-1444.620600
10589.802632	80.888114	-1505.362890
10662.335526	78.852231	-1610.784565
10734.868421	79.126344	-1691.013801
10807.401316	80.046136	-1735.352866
10879.934211	80.090026	-1760.181221
10952.467105	79.832246	-1775.080094
11025.000000	79.832830	-1786.530341
11097.532895	79.866304	-1802.316791
11170.065789	79.950321	-1816.281952
11242.598684	80.002978	-1830.102741
11315.131579	80.063770	-1841.986862
11387.664474	79.724932	-1853.955645
11460.197368	79.772880	-1864.404390
11532.730263	78.934880	-1878.892281
11605.263158	78.793895	-1887.357322
11677.796053	78.173277	-1903.246628
11750.328947	77.878553	-1910.979188
11822.861842	77.545890	-1925.211161
11895.394737	76.468285	-1934.648844
11967.927632	75.744065	-1948.669190
12040.460526	74.314823	-1959.012479
12112.993421	73.751564	-1971.366209
12185.526316	72.246554	-1974.041177
12258.059211	71.874277	-1980.119649
12330.592105	70.334368	-1986.865325
12403.125000	70.088272	-1992.194922
12475.657895	70.209917	-2003.632903
12548.190789	68.807726	-2011.252403
12620.723684	69.090385	-2017.862196
12693.256579	67.218219	-2024.937987
12765.789474	67.108246	-2031.058698
12838.322368	64.932916	-2042.248723
12910.855263	63.978268	-2043.535287
12983.388158	61.903230	-2050.280349
13055.921053	60.095334	-2041.329951
13128.453947	62.147246	-2037.338950
13200.986842	63.211682	-2038.099660
13273.519737	65.368343	-2063.447045
13346.052632	64.215047	-2078.937365
13418.585526	65.630575	-2085.823632
13491.118421	61.063626	-2104.773247
13563.651316	62.386767	-2113.786143
13636.184211	58.419726	-2170.162794
13708.717105	55.240569	-2252.629216
13781.250000	55.083184	-2290.447955
13853.782895	56.519435	-2333.238213
13926.315789	58.392228	-2335.084035
13998.848684	62.640293	-2369.941875
14071.381579	64.399035	-2380.973235
14143.914474	64.949396	-2400.438249
14216.447368	65.216282	-2408.865835
14288.980263	65.641271	-2421.384539
14361.513158	66.268838	-2431.437691
14434.046053	67.290799	-2449.177487
14506.578947	67.698390	-2462.333822
14579.111842	66.571839	-2475.259588
14651.644737	66.789988	-2481.294925
14724.177632	66.330899	-2486.386029
14796.710526	68.174079	-2490.525496
14869.243421	69.429224	-2516.885153
14941.776316	68.923731	-2534.741295
15014.309211	67.302884	-2561.691731
15086.842105	64.981174	-2572.016562
15159.375000	64.613047	-2584.115570
15231.907895	61.626804	-2592.765808
15304.440789	59.446593	-2601.928108
15376.973684	53.766821	-2595.738566
15449.506579	54.590772	-2569.213049
15522.039474	55.814594	-2565.227037
15594.572368	59.293125	-2577.963663
15667.105263	61.144734	-2590.552418
15739.638158	61.936950	-2604.075598
15812.171053	62.536909	-2619.388764
15884.703947	60.966673	-2635.196060
15957.236842	61.151004	-2645.823895
16029.769737	60.524834	-2660.846057
16102.302632	60.653634	-2663.749812
16174.835526	61.329763	-2674.834813
16247.368421	61.414810	-2678.426130
16319.901316	62.933171	-2688.774630
16392.434211	63.542887	-2700.096780
16464.967105	64.878741	-2716.280829
16537.500000	65.408433	-2734.577557
16610.032895	65.733005	-2749.206026
16682.565789	65.225085	-2772.678124
16755.098684	61.456881	-2798.329875
16827.631579	61.209090	-2692.513682
16900.164474	70.939645	-2756.416053
16972.697368	70.575364	-2788.498748
17045.230263	70.396613	-2807.659927
17117.763158	70.190803	-2827.110395
17190.296053	70.025899	-2836.669809
17262.828947	70.388894	-2849.937738
17335.361842	70.551500	-2863.688223
17407.894737	70.437910	-2881.905969
17480.427632	69.193909	-2894.843535
17552.960526	68.820605	-2902.969582
17625.493421	68.138640	-2913.985671
17698.026316	67.756847	-2918.895153
17770.559211	67.505215	-2923.554668
17843.092105	67.563533	-2928.041087
17915.625000	68.032910	-2935.265845
17988.157895	68.439435	-2944.104661
18060.690789	68.735318	-2953.171865
18133.223684	68.808569	-2962.666140
18205.756579	69.304736	-2970.691826
18278.289474	69.604505	-2980.404725
18350.822368	69.768956	-2986.830242
18423.355263	69.976495	-2995.103018
18495.888158	70.331543	-3001.784510
18568.421053	70.454691	-3015.066099
18640.953947	70.851715	-3017.614110
18713.486842	71.147935	-3025.773608
18786.019737	71.398591	-3032.050163
18858.552632	72.493132	-3044.186114
18931.085526	72.332755	-3046.435729
19003.618421	73.075580	-3055.020766
19076.151316	73.650501	-3062.164286
19148.684211	74.199378	-3070.007252
19221.217105	74.825862	-3077.193549
19293.750000	75.170101	-3086.620791
19366.282895	76.045353	-3095.314014
19438.815789	76.290616	-3106.170724
19511.348684	77.121301	-3113.082403
19583.881579	77.870548	-3133.844865
19656.414474	77.160169	-3141.673363
19728.947368	76.774485	-3152.620798
19801.480263	75.947610	-3162.714735
19874.013158	74.957994	-3162.589737
19946.546053	75.870915	-3164.555968
20019.078947	76.451871	-3171.720056
20091.611842	76.767554	-3180.318465
20164.144737	77.015851	-3188.289280
20236.677632	77.201635	-3197.145801
20309.210526	77.380599	-3205.036378
20381.743421	77.406746	-3212.733057
20454.276316	77.663074	-3219.917052
20526.809211	78.232857	-3231.565447
20599.342105	77.792683	-3242.180372
20671.875000	77.597638	-3250.095449
20744.407895	77.098563	-3259.028632
20816.940789	77.024913	-3265.285971
20889.473684	76.758778	-3274.332593
20962.006579	76.420153	-3280.551794
21034.539474	76.208807	-3286.990744
21107.072368	76.404325	-3294.381471
21179.605263	76.418224	-3300.308899
21252.138158	76.552043	-3308.317165
21324.671053	76.512654	-3315.110048
21397.203947	76.951598	-3324.311504
21469.736842	77.106891	-3332.602911
21542.269737	77.361738	-3341.972134
21614.802632	77.531267	-3350.855020
21687.335526	77.708658	-3363.022972
21759.868421	78.081300	-3372.614787
21832.401316	78.094582	-3384.448253
21904.934211	78.280455	-3395.280469
21977.467105	78.712651	-3406.903153
22050.000000	78.950408	-3420.000000