* FRD data written by MATAA on 27-Dec-2018 20:29:04
* VM752 SPL response in 20181219 baffle, mic 1m from baffle, 30 deg outside
72.652389	59.299602	-138.149280
145.304778	66.970031	-242.514924
217.957166	77.630617	-211.986300
290.609555	83.298893	-229.875809
363.261944	87.849733	-246.760138
435.914333	90.343173	-277.839594
508.566722	92.590646	-298.985136
581.219110	93.635721	-321.829624
653.871499	94.946955	-339.695769
726.523888	94.162088	-357.273012
799.176277	94.043522	-364.575035
871.828666	94.670441	-377.743801
944.481054	94.759811	-387.739453
1017.133443	94.740756	-400.899961
1089.785832	94.478895	-416.224714
1162.438221	93.891525	-428.921881
1235.090610	93.154097	-437.878508
1307.742998	93.876650	-442.086645
1380.395387	92.849892	-452.250596
1453.047776	92.121433	-456.792063
1525.700165	91.758971	-462.572936
1598.352554	92.343460	-467.568935
1671.004942	92.152512	-476.193083
1743.657331	92.149012	-482.189894
1816.309720	92.002983	-491.498785
1888.962109	92.033660	-501.425935
1961.614498	90.947890	-515.035234
2034.266886	90.257654	-513.234113
2106.919275	89.266152	-526.240858
2179.571664	88.566433	-524.875470
2252.224053	87.845824	-540.985737
2324.876442	85.549627	-533.988482
2397.528830	86.053102	-536.915388
2470.181219	83.971751	-533.335909
2542.833608	84.544556	-519.773317
2615.485997	84.805120	-516.056299
2688.138386	87.343931	-512.503495
2760.790774	89.191499	-525.960545
2833.443163	90.142065	-535.079232
2906.095552	90.246268	-549.391120
2978.747941	89.717030	-560.205789
3051.400329	89.639507	-568.212100
3124.052718	88.989353	-574.408096
3196.705107	88.684990	-577.995016
3269.357496	88.116986	-583.270200
3342.009885	88.064217	-585.869891
3414.662273	87.709025	-589.043032
3487.314662	88.354126	-592.994061
3559.967051	87.980333	-598.826004
3632.619440	88.569659	-601.336931
3705.271829	89.061344	-607.300717
3777.924217	89.271773	-613.142073
3850.576606	89.488804	-621.598938
3923.228995	89.357941	-632.028476
3995.881384	89.212673	-638.228545
4068.533773	89.328013	-645.964488
4141.186161	88.880670	-653.018289
4213.838550	88.997375	-661.309151
4286.490939	88.300179	-670.933207
4359.143328	88.067765	-676.414010
4431.795717	87.491279	-681.735023
4504.448105	86.800464	-689.783770
4577.100494	86.055422	-695.760660
4649.752883	84.554881	-703.549538
4722.405272	83.431024	-699.871181
4795.057661	82.404457	-696.085071
4867.710049	82.858321	-674.993129
4940.362438	87.657992	-684.782320
5013.014827	87.845652	-704.621307
5085.667216	88.442916	-716.040931
5158.319605	87.744647	-729.857909
5230.971993	87.325393	-737.539955
5303.624382	86.737527	-749.695627
5376.276771	85.980853	-756.348405
5448.929160	85.505646	-763.570863
5521.581549	84.482754	-772.568458
5594.233937	84.107533	-776.487265
5666.886326	83.271982	-782.769007
5739.538715	83.137578	-791.299293
5812.191104	82.290833	-799.499848
5884.843493	81.727029	-807.568326
5957.495881	80.585733	-818.154232
6030.148270	79.784601	-825.910571
6102.800659	77.490778	-843.877190
6175.453048	69.652681	-826.951020
6248.105437	74.113730	-818.679361
6320.757825	72.741334	-823.485506
6393.410214	71.095987	-815.119613
6466.062603	72.952915	-815.808784
6538.714992	71.132061	-835.029239
6611.367381	67.694428	-833.639164
6684.019769	66.168865	-820.212324
6756.672158	64.201682	-803.282410
6829.324547	64.601079	-788.533964
6901.976936	64.284818	-777.581392
6974.629325	66.872315	-768.608974
7047.281713	66.348723	-768.818920
7119.934102	70.171481	-751.275870
7192.586491	71.392955	-754.668650
7265.238880	74.278714	-757.625544
7337.891269	75.362425	-771.049502
7410.543657	77.182206	-776.589867
7483.196046	77.914512	-792.105854
7555.848435	77.750638	-802.607282
7628.500824	76.655738	-813.768434
7701.153213	75.912043	-814.092837
7773.805601	75.554145	-816.796826
7846.457990	75.305811	-814.856839
7919.110379	75.529826	-812.673879
7991.762768	76.559540	-809.224363
8064.415157	78.077483	-816.283065
8137.067545	78.753977	-832.753696
8209.719934	77.369995	-833.313460
8282.372323	78.066090	-836.986981
8355.024712	77.605645	-838.431924
8427.677100	77.945746	-837.414968
8500.329489	78.717090	-836.729675
8572.981878	79.780668	-840.102673
8645.634267	80.672895	-846.043901
8718.286656	81.228616	-853.414541
8790.939044	82.181269	-858.265084
8863.591433	82.407729	-871.766616
8936.243822	82.396403	-875.972518
9008.896211	82.546230	-888.024429
9081.548600	82.251346	-892.340068
9154.200988	82.631273	-898.784035
9226.853377	82.858423	-903.185919
9299.505766	83.231265	-908.837973
9372.158155	84.312247	-915.030443
9444.810544	84.146934	-926.181082
9517.462932	84.928032	-932.806321
9590.115321	84.386824	-945.051203
9662.767710	84.584042	-951.078577
9735.420099	83.765636	-966.036188
9808.072488	82.961760	-970.230844
9880.724876	82.824520	-979.242470
9953.377265	83.011802	-984.416269
10026.029654	81.156460	-992.564596
10098.682043	81.032354	-991.711640
10171.334432	81.553092	-1003.414992
10243.986820	80.823285	-1011.600125
10316.639209	79.845470	-1021.438667
10389.291598	77.986100	-1026.546385
10461.943987	76.262159	-1027.877840
10534.596376	72.879088	-1016.890343
10607.248764	77.094782	-986.123892
10679.901153	80.255172	-1010.177938
10752.553542	79.391044	-1024.788139
10825.205931	78.964442	-1028.907471
10897.858320	79.216620	-1036.835806
10970.510708	78.158734	-1049.252982
11043.163097	76.869576	-1051.420480
11115.815486	76.720077	-1046.707654
11188.467875	76.643230	-1049.606960
11261.120264	76.936166	-1048.946465
11333.772652	77.309024	-1054.120128
11406.425041	77.684097	-1058.352564
11479.077430	77.777111	-1066.749206
11551.729819	77.552264	-1069.123939
11624.382208	77.753634	-1076.964151
11697.034596	77.397108	-1080.616842
11769.686985	77.571096	-1086.847063
11842.339374	77.266320	-1090.661402
11914.991763	77.674173	-1094.401998
11987.644152	77.397876	-1102.266745
12060.296540	77.509799	-1107.950541
12132.948929	76.868318	-1116.256914
12205.601318	76.665545	-1118.532793
12278.253707	76.658602	-1124.620580
12350.906096	76.410100	-1133.420765
12423.558484	75.802828	-1137.866231
12496.210873	75.359199	-1143.286617
12568.863262	74.707423	-1147.121489
12641.515651	74.338915	-1151.485272
12714.168040	73.735179	-1156.405389
12786.820428	73.451599	-1159.144519
12859.472817	73.110510	-1165.102481
12932.125206	72.267412	-1171.347401
13004.777595	71.034055	-1172.654420
13077.429984	70.579463	-1173.106137
13150.082372	69.631429	-1169.160317
13222.734761	70.332988	-1168.931683
13295.387150	69.524494	-1169.143569
13368.039539	69.987451	-1168.742963
13440.691928	68.736330	-1169.585368
13513.344316	70.062457	-1158.488266
13585.996705	72.009926	-1166.815686
13658.649094	71.812178	-1168.049097
13731.301483	73.024039	-1174.659925
13803.953871	72.950616	-1181.129879
13876.606260	73.655863	-1185.765893
13949.258649	74.029748	-1193.833217
14021.911038	73.908501	-1201.115502
14094.563427	74.132969	-1208.811633
14167.215815	73.334987	-1216.910940
14239.868204	73.515548	-1219.642009
14312.520593	73.549404	-1225.527680
14385.172982	73.411712	-1234.248138
14457.825371	73.566490	-1240.600842
14530.477759	73.019556	-1250.509565
14603.130148	72.372031	-1257.773734
14675.782537	71.233992	-1267.671590
14748.434926	69.482503	-1270.149774
14821.087315	68.816932	-1267.526719
14893.739703	67.527108	-1263.927820
14966.392092	66.976097	-1262.426354
15039.044481	67.087907	-1252.604939
15111.696870	68.716647	-1251.526599
15184.349259	69.424941	-1258.277479
15257.001647	70.081729	-1261.840684
15329.654036	69.989678	-1267.626732
15402.306425	70.292108	-1272.033233
15474.958814	70.352511	-1276.486330
15547.611203	70.836169	-1280.763751
15620.263591	70.995954	-1287.092978
15692.915980	71.137572	-1291.005262
15765.568369	71.281533	-1296.153577
15838.220758	71.125391	-1302.159054
15910.873147	71.297378	-1306.308104
15983.525535	70.517433	-1308.633809
16056.177924	70.766392	-1313.024310
16128.830313	71.053255	-1318.351443
16201.482702	71.258601	-1322.917714
16274.135091	71.771765	-1329.029440
16346.787479	71.611972	-1335.154184
16419.439868	71.888475	-1342.492476
16492.092257	71.608886	-1350.647008
16564.744646	71.294480	-1358.920372
16637.397035	70.287820	-1361.967594
16710.049423	70.899603	-1364.387352
16782.701812	70.724509	-1368.892720
16855.354201	71.385627	-1375.264905
16928.006590	71.337116	-1384.429213
17000.658979	71.384427	-1394.252369
17073.311367	70.840278	-1402.402546
17145.963756	70.700238	-1413.320255
17218.616145	69.832867	-1421.911010
17291.268534	69.476028	-1429.020198
17363.920923	66.847957	-1448.108102
17436.573311	66.251540	-1449.467585
17509.225700	64.987675	-1456.807321
17581.878089	63.805703	-1463.833322
17654.530478	62.110360	-1478.614490
17727.182867	58.046771	-1493.190788
17799.835255	51.328034	-1488.752130
17872.487644	43.541045	-1387.994112
17945.140033	54.029840	-1370.792068
18017.792422	57.457035	-1377.926636
18090.444811	60.408816	-1385.986147
18163.097199	60.644578	-1389.740222
18235.749588	61.668166	-1396.155484
18308.401977	63.103099	-1403.115589
18381.054366	62.919532	-1423.254164
18453.706755	62.395913	-1420.182184
18526.359143	62.050222	-1420.160592
18599.011532	62.069476	-1428.546624
18671.663921	61.558394	-1429.257366
18744.316310	61.415664	-1428.731731
18816.968699	61.077326	-1424.809582
18889.621087	61.671193	-1419.702046
18962.273476	62.466537	-1416.872953
19034.925865	63.815833	-1413.255464
19107.578254	65.246507	-1419.478282
19180.230643	66.914963	-1422.661030
19252.883031	68.551751	-1430.084199
19325.535420	69.229409	-1440.760440
19398.187809	69.882694	-1448.733162
19470.840198	70.310947	-1458.431319
19543.492586	71.155242	-1463.586571
19616.144975	71.785318	-1477.591613
19688.797364	71.773079	-1487.942007
19761.449753	71.691614	-1497.709023
19834.102142	71.699362	-1506.261877
19906.754530	71.287787	-1513.998305
19979.406919	71.330288	-1520.205606
20052.059308	71.338230	-1528.761578
20124.711697	71.218008	-1534.402609
20197.364086	71.283668	-1543.152019
20270.016474	71.275119	-1552.368161
20342.668863	71.097113	-1560.634230
20415.321252	70.836763	-1568.437678
20487.973641	70.857785	-1575.572515
20560.626030	70.871668	-1586.202199
20633.278418	70.396649	-1597.135496
20705.930807	70.013841	-1605.988143
20778.583196	69.344485	-1614.995830
20851.235585	68.714780	-1622.846588
20923.887974	68.140908	-1633.272223
20996.540362	67.181900	-1640.233139
21069.192751	66.453088	-1646.275319
21141.845140	65.907490	-1654.311015
21214.497529	66.033698	-1660.325220
21287.149918	65.272421	-1675.636271
21359.802306	63.975251	-1685.219762
21432.454695	63.014759	-1693.857306
21505.107084	61.711437	-1706.732659
21577.759473	60.558045	-1713.135506
21650.411862	59.815176	-1722.538389
21723.064250	58.871292	-1734.799715
21795.716639	58.074515	-1744.847049
21868.369028	57.546453	-1758.486517
21941.021417	56.019177	-1775.278044
22013.673806	55.652862	-1790.313429