* FRD data written by MATAA on 27-Dec-2018 20:08:33
* R2904+WG148 SPL response in 20181219 baffle, mic 1m from baffle, on axis
99.324324	71.235992	59.707188
198.648649	68.712270	96.123937
297.972973	76.357540	104.762725
397.297297	80.475511	95.146439
496.621622	84.085415	88.581229
595.945946	86.632386	74.715686
695.270270	88.940616	66.358514
794.594595	89.720795	43.983948
893.918919	89.659993	39.907561
993.243243	90.484723	37.916779
1092.567568	92.756690	30.201015
1191.891892	93.449220	17.142643
1291.216216	93.556562	10.140972
1390.540541	93.920594	-1.966846
1489.864865	95.350058	-2.931182
1589.189189	96.001664	-18.115735
1688.513514	96.739728	-29.424107
1787.837838	96.476763	-40.421883
1887.162162	94.869295	-44.963235
1986.486486	96.323817	-51.761148
2085.810811	96.864480	-61.572094
2185.135135	97.218564	-64.678653
2284.459459	94.973957	-81.070040
2383.783784	96.944056	-77.947573
2483.108108	95.941876	-82.138675
2582.432432	97.385335	-93.114793
2681.756757	97.389218	-101.356232
2781.081081	97.260883	-106.546478
2880.405405	97.643902	-114.848607
2979.729730	97.822428	-123.347722
3079.054054	97.398387	-126.724442
3178.378378	96.709876	-136.002375
3277.702703	97.934802	-131.654851
3377.027027	100.769670	-81.783642
3476.351351	99.234971	-179.821754
3575.675676	98.519958	-182.508712
3675.000000	97.887894	-178.830006
3774.324324	97.607272	-186.866963
3873.648649	97.926334	-191.509968
3972.972973	97.282827	-198.970035
4072.297297	97.810735	-201.448069
4171.621622	97.315511	-203.452036
4270.945946	97.826310	-215.776024
4370.270270	97.659114	-220.899117
4469.594595	97.728272	-229.942205
4568.918919	97.526246	-231.759453
4668.243243	97.100245	-242.082650
4767.567568	97.529939	-247.514945
4866.891892	96.500399	-254.974326
4966.216216	96.883114	-260.234457
5065.540541	96.552583	-266.748869
5164.864865	96.250694	-273.677144
5264.189189	96.066226	-274.783175
5363.513514	96.157667	-280.903993
5462.837838	96.505836	-283.724189
5562.162162	95.779545	-292.351551
5661.486486	96.171502	-298.123975
5760.810811	95.685338	-300.456944
5860.135135	95.885070	-306.018431
5959.459459	95.891684	-314.775140
6058.783784	96.234453	-317.832576
6158.108108	95.568901	-325.323235
6257.432432	95.053709	-327.164188
6356.756757	95.091557	-328.750310
6456.081081	94.786791	-334.339391
6555.405405	94.933717	-337.634030
6654.729730	95.090960	-344.666062
6754.054054	95.196935	-352.302234
6853.378378	95.351492	-353.235390
6952.702703	95.496936	-359.685624
7052.027027	95.645131	-364.132716
7151.351351	95.610513	-371.600077
7250.675676	95.657615	-377.957995
7350.000000	95.371418	-381.712699
7449.324324	95.101758	-388.505798
7548.648649	94.986407	-393.857638
7647.972973	94.828824	-396.772213
7747.297297	94.660663	-398.866146
7846.621622	94.687597	-406.415570
7945.945946	95.197521	-409.115036
8045.270270	95.067298	-414.171695
8144.594595	94.853480	-421.454246
8243.918919	95.170222	-421.894452
8343.243243	93.798549	-422.218861
8442.567568	95.618706	-436.851865
8541.891892	95.619220	-440.211977
8641.216216	95.475307	-447.125551
8740.540541	95.480124	-452.444886
8839.864865	96.082383	-456.910728
8939.189189	95.148057	-466.146034
9038.513514	95.786381	-473.367580
9137.837838	95.503394	-474.724243
9237.162162	95.789759	-481.975466
9336.486486	95.558974	-486.220848
9435.810811	95.633535	-491.416645
9535.135135	96.156675	-498.881930
9634.459459	96.168990	-502.206895
9733.783784	96.178325	-511.639507
9833.108108	96.030578	-517.622222
9932.432432	96.729675	-523.557299
10031.756757	96.557358	-530.620533
10131.081081	96.199951	-537.070477
10230.405405	96.012309	-540.521146
10329.729730	96.122827	-547.756134
10429.054054	96.277773	-553.444177
10528.378378	95.837228	-561.538505
10627.702703	95.958667	-563.148097
10727.027027	95.971460	-566.491676
10826.351351	96.573742	-574.216494
10925.675676	96.500598	-581.303771
11025.000000	96.090095	-587.366670
11124.324324	96.292230	-591.797261
11223.648649	96.384431	-599.803521
11322.972973	96.553733	-602.918678
11422.297297	96.067293	-607.176769
11521.621622	96.520724	-613.941535
11620.945946	96.189526	-620.739812
11720.270270	96.324123	-626.195142
11819.594595	96.210773	-627.184899
11918.918919	95.967200	-634.312846
12018.243243	96.078661	-640.076620
12117.567568	96.281041	-646.042694
12216.891892	96.280086	-652.050816
12316.216216	96.156784	-658.375069
12415.540541	95.881045	-660.909063
12514.864865	96.765853	-674.123924
12614.189189	96.158219	-675.619394
12713.513514	96.224615	-681.382984
12812.837838	95.971206	-688.385252
12912.162162	96.324221	-692.761394
13011.486486	96.043294	-695.401718
13110.810811	95.389431	-706.653027
13210.135135	95.696350	-707.936120
13309.459459	94.864657	-713.339137
13408.783784	95.043541	-718.938692
13508.108108	94.716096	-725.915854
13607.432432	95.217002	-728.918530
13706.756757	94.624620	-734.825202
13806.081081	94.847154	-741.556784
13905.405405	94.860163	-744.716264
14004.729730	93.982945	-750.961072
14104.054054	93.958505	-752.018278
14203.378378	93.810870	-759.650757
14302.702703	93.696151	-766.309532
14402.027027	93.462619	-772.717659
14501.351351	93.734229	-774.256374
14600.675676	92.671141	-784.510645
14700.000000	92.963698	-787.498385
14799.324324	92.422392	-788.231094
14898.648649	92.809728	-794.249804
14997.972973	92.278947	-797.873691
15097.297297	92.962822	-808.629673
15196.621622	92.430102	-807.194404
15295.945946	92.495359	-815.010129
15395.270270	92.581907	-823.000018
15494.594595	91.994865	-827.059208
15593.918919	92.381196	-831.603480
15693.243243	92.494391	-840.247131
15792.567568	92.827567	-844.341789
15891.891892	92.471604	-851.046961
15991.216216	92.482719	-858.147030
16090.540541	92.216460	-862.721554
16189.864865	91.517757	-871.817122
16289.189189	91.315049	-871.627882
16388.513514	91.333404	-875.992849
16487.837838	91.111980	-875.556816
16587.162162	91.334167	-879.936978
16686.486486	92.025437	-884.644248
16785.810811	92.089139	-890.709870
16885.135135	91.963636	-895.278325
16984.459459	91.836866	-903.020339
17083.783784	92.667826	-908.188701
17183.108108	92.473760	-909.408017
17282.432432	92.568515	-917.183617
17381.756757	92.840252	-924.590142
17481.081081	93.116237	-930.452062
17580.405405	92.544640	-933.603036
17679.729730	92.537279	-936.489608
17779.054054	92.625698	-938.676866
17878.378378	92.626784	-944.863296
17977.702703	92.461927	-947.122934
18077.027027	92.783739	-951.820687
18176.351351	93.130895	-954.466595
18275.675676	93.168744	-958.976420
18375.000000	93.809723	-964.014068
18474.324324	93.145739	-966.749393
18573.648649	92.386623	-973.233081
18672.972973	94.707278	-976.775038
18772.297297	93.909754	-980.634453
18871.621622	93.748487	-982.376421
18970.945946	94.181956	-985.615464
19070.270270	94.568043	-986.941842
19169.594595	94.770189	-991.162684
19268.918919	95.265971	-995.044814
19368.243243	94.788626	-999.649451
19467.567568	95.418836	-1007.098850
19566.891892	95.436947	-1009.524417
19666.216216	95.422206	-1017.074840
19765.540541	95.466274	-1019.064338
19864.864865	95.756212	-1022.966335
19964.189189	96.237630	-1026.044171
20063.513514	95.858895	-1032.719157
20162.837838	96.169691	-1036.415783
20262.162162	96.442452	-1040.459325
20361.486486	97.007382	-1046.538002
20460.810811	96.571666	-1054.177339
20560.135135	97.022913	-1062.732669
20659.459459	97.033482	-1067.317065
20758.783784	96.324215	-1074.477958
20858.108108	96.149495	-1082.180752
20957.432432	96.452918	-1093.499154
21056.756757	95.578955	-1100.767077
21156.081081	94.865607	-1085.969124
21255.405405	94.627952	-1105.354337
21354.729730	93.820462	-1115.790216
21454.054054	92.787561	-1124.959720
21553.378378	92.027683	-1136.248680
21652.702703	90.733908	-1146.869181
21752.027027	88.279994	-1166.878423
21851.351351	86.281168	-1183.597210
21950.675676	82.364928	-1210.323128
22050.000000	78.978523	-1260.000000