* FRD data written by MATAA on 04-Dec-2018 19:53:16
* Volt VM752, driver A, after breakin
50.000000	NA	NA
50.603966	7.378134	12.293639
51.215227	7.378293	12.352507
51.833872	7.403001	12.559198
52.459990	7.400202	12.529572
53.093670	7.406709	12.769434
53.735006	7.408653	12.924440
54.384088	7.412997	13.064647
55.041010	7.419771	13.230224
55.705868	7.427630	13.349817
56.378757	7.434600	13.496295
57.059774	7.444140	13.646626
57.749017	7.448535	13.843511
58.446585	7.460999	13.997556
59.152580	7.465369	14.094922
59.867103	7.470027	14.299015
60.590256	7.481918	14.449420
61.322145	7.488594	14.613223
62.062875	7.496783	14.773061
62.812552	7.505732	14.930340
63.571284	7.513345	15.103780
64.339182	7.523149	15.279566
65.116355	7.531814	15.432534
65.902916	7.540634	15.614000
66.698978	7.549631	15.788602
67.504656	7.559242	15.965433
68.320067	7.569450	16.143061
69.145326	7.578114	16.324067
69.980554	7.588213	16.507426
70.825872	7.598309	16.690041
71.681400	7.609166	16.879076
72.547262	7.619561	17.056510
73.423583	7.630515	17.247775
74.310490	7.641076	17.436181
75.208110	7.654459	17.640951
76.116572	7.663751	17.830247
77.036008	7.675662	18.032455
77.966551	7.689363	18.220450
78.908333	7.700928	18.424220
79.861492	7.713048	18.632116
80.826164	7.726100	18.838189
81.802489	7.738699	19.047698
82.790607	7.752491	19.254200
83.790661	7.766154	19.468881
84.802795	7.780566	19.680512
85.827154	7.794977	19.901251
86.863888	7.810130	20.122584
87.913144	7.824927	20.341228
88.975074	7.840170	20.566325
90.049832	7.856512	20.795045
91.137573	7.872517	21.024326
92.238452	7.888918	21.256169
93.352630	7.906063	21.489969
94.480266	7.923104	21.727002
95.621523	7.941313	21.969728
96.776565	7.959744	22.212425
97.945560	7.978272	22.452997
99.128675	7.996068	22.697858
100.326082	8.020997	22.923478
101.537952	8.037148	23.197883
102.764461	8.057675	23.466092
104.005785	8.078089	23.725733
105.262104	8.100096	23.983535
106.533598	8.123306	24.249692
107.820451	8.145641	24.515079
109.122849	8.169100	24.784000
110.440978	8.193376	25.057984
111.775029	8.217707	25.331481
113.125195	8.242948	25.614098
114.491670	8.269042	25.896194
115.874651	8.295842	26.176107
117.274338	8.322383	26.472800
118.690931	8.350951	26.757982
120.124637	8.379716	27.052319
121.575660	8.408197	27.350910
123.044211	8.439156	27.655961
124.530501	8.470705	27.962736
126.034744	8.502088	28.272116
127.557157	8.535533	28.574237
129.097961	8.568373	28.892367
130.657376	8.604876	29.207449
132.235627	8.639820	29.530938
133.832943	8.677466	29.848018
135.449554	8.714622	30.180702
137.085692	8.751658	30.512426
138.741593	8.794328	30.858402
140.417496	8.835054	31.185011
142.113644	8.877549	31.520664
143.830279	8.921508	31.865837
145.567651	8.964790	32.225866
147.326008	9.010857	32.581303
149.105605	9.058771	32.942505
150.906699	9.108935	33.306920
152.729549	9.160098	33.678003
154.574417	9.213537	34.042294
156.441570	9.268293	34.417187
158.331278	9.324476	34.793454
160.243811	9.381881	35.165563
162.179447	9.442741	35.563339
164.138463	9.504721	35.950149
166.121144	9.568728	36.345998
168.127773	9.634285	36.747220
170.158642	9.703135	37.135341
172.214042	9.774482	37.542363
174.294270	9.847593	37.957356
176.399625	9.922643	38.376519
178.530412	10.002253	38.802534
180.686937	10.084221	39.225875
182.869512	10.167161	39.657373
185.078450	10.256104	40.098177
187.314071	10.347660	40.530866
189.576697	10.445321	40.976680
191.866654	10.541742	41.397661
194.184272	10.643962	41.837737
196.529885	10.749858	42.305047
198.903831	10.860538	42.788587
201.306453	10.978282	43.257728
203.738098	11.097266	43.696294
206.199114	11.228691	44.177259
208.689859	11.361395	44.646373
211.210689	11.495916	45.124401
213.761970	11.637766	45.598670
216.344068	11.791227	46.081490
218.957357	11.943112	46.576754
221.602212	12.111445	47.058193
224.279015	12.280114	47.530958
226.988152	12.459003	48.045312
229.730013	12.650331	48.537100
232.504995	12.853671	49.069887
235.313496	13.062341	49.584749
238.155922	13.281959	50.066821
241.032682	13.515241	50.609835
243.944192	13.770543	51.149715
246.890871	14.040185	51.663185
249.873144	14.322526	52.113648
252.891441	14.622202	52.571802
255.946196	14.906748	53.059129
259.037851	15.250706	53.607970
262.166851	15.586269	54.056969
265.333647	15.953743	54.605578
268.538696	16.346548	55.128118
271.782460	16.784609	55.654820
275.065406	17.248335	56.105481
278.388008	17.731818	56.636069
281.750744	18.285104	57.137778
285.154100	18.859673	57.559697
288.598567	19.491702	58.044299
292.084640	20.202629	58.462990
295.612823	20.966326	58.722416
299.183623	21.699055	58.982913
302.797557	22.605116	59.436822
306.455144	23.579635	59.709771
310.156912	24.645311	59.928188
313.903396	25.829707	60.178532
317.695134	27.176040	60.368734
321.532674	28.707241	60.442798
325.416568	30.468768	60.314168
329.347378	32.359016	60.039411
333.325669	34.635914	59.685913
337.352015	37.130968	58.953998
341.426996	39.849555	58.369239
345.551201	43.301141	57.628598
349.725223	47.687724	56.124230
353.949664	52.671164	54.482704
358.225134	58.968419	51.703812
362.552248	66.581554	47.757320
366.931631	75.373422	42.379508
371.363914	83.885143	35.652037
375.849736	94.989330	27.567698
380.389744	105.560331	15.985811
384.984592	110.705623	2.000404
389.634942	107.535363	-12.407173
394.341466	97.634965	-25.028440
399.104841	86.996899	-34.039100
403.925754	75.669035	-41.684571
408.804901	65.853749	-46.807008
413.742984	58.689344	-50.359792
418.740716	52.136888	-53.487315
423.798818	46.954219	-55.039772
428.918017	42.548159	-56.679371
434.099053	39.007527	-57.746038
439.342673	35.915658	-58.276450
444.649632	33.231864	-59.181013
450.020695	31.202853	-59.168346
455.456637	29.030849	-59.843525
460.958242	27.109789	-59.958449
466.526302	25.630080	-59.591701
472.161620	24.183844	-59.776430
477.865009	22.758578	-59.441625
483.637292	21.658544	-58.838935
489.479299	20.566778	-58.335360
495.391874	19.691347	-57.712456
501.375869	18.834106	-56.813820
507.432147	18.138204	-56.499267
513.561580	17.340723	-55.849216
519.765052	16.738147	-54.948049
526.043458	16.146400	-54.153578
532.397703	15.581790	-53.560170
538.828703	15.094788	-52.634600
545.337385	14.643518	-51.832712
551.924688	14.214882	-51.144446
558.591560	13.813934	-50.233905
565.338964	13.443505	-49.426313
572.167872	13.062865	-48.565846
579.079268	12.755062	-47.542172
586.074149	12.441556	-46.749685
593.153524	12.164796	-45.709031
600.318413	11.916666	-44.843916
607.569848	11.666581	-44.064627
614.908876	11.430633	-43.050780
622.336555	11.203814	-42.213372
629.853954	11.012638	-41.072314
637.462159	10.826289	-40.358488
645.162266	10.649502	-39.375502
652.955385	10.481388	-38.532632
660.842639	10.313378	-37.474746
668.825166	10.186163	-36.472060
676.904116	10.049835	-35.689305
685.080654	9.904545	-34.778912
693.355960	9.790192	-33.901107
701.731226	9.693797	-32.971546
710.207659	9.579383	-32.205743
718.786481	9.467170	-31.235982
727.468930	9.382079	-30.432366
736.256257	9.293054	-29.573550
745.149728	9.196124	-28.698593
754.150627	9.125387	-27.833889
763.260251	9.050411	-26.944420
772.479912	8.987358	-26.091407
781.810941	8.905649	-25.271465
791.254682	8.861753	-24.420090
800.812497	8.806144	-23.592804
810.485764	8.766650	-22.867150
820.275878	8.708125	-22.121467
830.184249	8.656942	-21.214974
840.212307	8.627768	-20.493127
850.361496	8.570631	-19.736569
860.633281	8.527050	-18.884073
871.029142	8.510322	-18.095271
881.550578	8.470399	-17.395289
892.199106	8.466193	-16.606214
902.976261	8.429098	-15.952805
913.883596	8.419566	-15.268920
924.922684	8.394403	-14.696819
936.095118	8.374481	-14.028060
947.402506	8.352288	-13.348783
958.846480	8.335285	-12.687650
970.428689	8.299873	-12.057450
982.150804	8.285348	-11.288933
994.014513	8.272564	-10.699057
1006.021528	8.259730	-9.959666
1018.173580	8.258045	-9.304823
1030.472420	8.248808	-8.739236
1042.919822	8.237415	-8.000610
1055.517580	8.246089	-7.397095
1068.267510	8.224015	-6.826179
1081.171450	8.242469	-6.296070
1094.231261	8.235206	-5.696808
1107.448826	8.231367	-4.982720
1120.826050	8.220719	-4.383360
1134.364862	8.233703	-3.825045
1148.067213	8.238075	-3.271343
1161.935080	8.254263	-2.529083
1175.970460	8.243340	-2.128402
1190.175379	8.258446	-1.572475
1204.551883	8.257797	-0.912632
1219.102045	8.284836	-0.418972
1233.827964	8.294120	0.138888
1248.731761	8.302166	0.678851
1263.815586	8.323769	1.187340
1279.081614	8.323763	1.775993
1294.532044	8.345481	2.258829
1310.169106	8.367860	2.802408
1325.995052	8.386160	3.250229
1342.012165	8.403354	3.665749
1358.222753	8.398543	4.201956
1374.629155	8.422785	4.770324
1391.233734	8.449767	5.401072
1408.038886	8.481614	5.910463
1425.047032	8.520050	6.271752
1442.260625	8.532605	6.689289
1459.682146	8.557476	7.243320
1477.314108	8.578382	7.679039
1495.159051	8.618954	8.104051
1513.219549	8.657982	8.653433
1531.498206	8.703793	8.933411
1549.997656	8.734925	9.165790
1568.720567	8.734242	9.508844
1587.669638	8.763603	9.985543
1606.847601	8.787370	10.363773
1626.257220	8.817511	10.649220
1645.901295	8.835423	11.087392
1665.782656	8.851962	11.408240
1685.904171	8.860497	11.813425
1706.268739	8.881872	12.297590
1726.879298	8.903908	12.759867
1747.738818	8.933281	13.269203
1768.850307	8.970208	13.605899
1790.216808	8.994421	14.009181
1811.841402	9.016084	14.512812
1833.727207	9.055237	15.000773
1855.877376	9.095277	15.372268
1878.295105	9.131189	15.833683
1900.983625	9.175923	16.246551
1923.946206	9.211847	16.686081
1947.186160	9.256220	17.093805
1970.706836	9.306096	17.513437
1994.511626	9.348193	17.917194
2018.603962	9.400738	18.328416
2042.987316	9.451841	18.708246
2067.665205	9.503658	19.094668
2092.641186	9.560654	19.499707
2117.918859	9.620423	19.868590
2143.501870	9.681394	20.223265
2169.393905	9.744746	20.581236
2195.598699	9.814547	20.914647
2222.120029	9.887955	21.242922
2248.961718	9.963860	21.533657
2276.127637	10.049091	21.781001
2303.621701	10.127889	21.964171
2331.447875	10.214227	22.133350
2359.610170	10.295956	22.224956
2388.112646	10.374133	22.240396
2416.959412	10.442666	22.163322
2446.154628	10.491387	22.074046
2475.702502	10.518691	22.001788
2505.607294	10.529868	21.991858
2535.873316	10.528026	22.008916
2566.504930	10.517029	22.153541
2597.506553	10.505629	22.426024
2628.882655	10.516137	22.753514
2660.637758	10.519115	23.051129
2692.776442	10.537751	23.475059
2725.303339	10.566196	23.904777
2758.223138	10.605058	24.263717
2791.540586	10.643229	24.670961
2825.260486	10.693468	25.084449
2859.387699	10.745429	25.450164
2893.927146	10.804694	25.807231
2928.883806	10.863771	26.159086
2964.262718	10.930327	26.472793
3000.068983	10.995026	26.778712
3036.307763	11.064791	27.062047
3072.984283	11.128339	27.327841
3110.103830	11.196229	27.599767
3147.671756	11.264759	27.822436
3185.693477	11.324092	28.060101
3224.174474	11.393988	28.333390
3263.120296	11.464466	28.555256
3302.536556	11.529241	28.820840
3342.428938	11.604235	29.060724
3382.803192	11.681907	29.274495
3423.665140	11.753984	29.494146
3465.020672	11.832532	29.712209
3506.875750	11.913628	29.888556
3549.236409	11.981695	30.026546
3592.108756	12.056976	30.224083
3635.498972	12.138937	30.347324
3679.413312	12.206391	30.497057
3723.858107	12.287429	30.668132
3768.839764	12.355512	30.750920
3814.364770	12.424606	30.895600
3860.439686	12.495935	31.005774
3907.071156	12.549150	31.114087
3954.265902	12.611586	31.265528
4002.030728	12.669396	31.406277
4050.372520	12.724862	31.601503
4099.298249	12.790678	31.811474
4148.814966	12.856682	31.971649
4198.929812	12.930908	32.193409
4249.650011	13.006700	32.353959
4300.982875	13.079493	32.575732
4352.935805	13.166510	32.748387
4405.516290	13.257407	32.936391
4458.731912	13.355848	33.036271
4512.590343	13.442052	33.076900
4567.099346	13.533364	33.173442
4622.266781	13.626713	33.098999
4678.100600	13.678486	33.012969
4734.608854	13.704188	32.992186
4791.799689	13.723248	33.140476
4849.681351	13.755832	33.299989
4908.262183	13.782985	33.544345
4967.550631	13.839556	33.890663
5027.555243	13.973151	34.086378
5088.284670	14.017429	34.045844
5149.747667	14.045109	34.216489
5211.953095	14.095332	34.484007
5274.909922	14.153421	34.744484
5338.627224	14.223923	34.967763
5403.114187	14.296234	35.185675
5468.380109	14.365395	35.424627
5534.434399	14.439725	35.622526
5601.286579	14.513203	35.859590
5668.946288	14.595413	36.123909
5737.423280	14.676879	36.324084
5806.727427	14.765544	36.552709
5876.868721	14.858920	36.772668
5947.857273	14.944147	36.975533
6019.703319	15.034699	37.178886
6092.417216	15.130569	37.365133
6166.009447	15.220409	37.581221
6240.490621	15.316488	37.772251
6315.871477	15.398404	37.903222
6392.162883	15.488134	38.262024
6469.375836	15.610629	38.448658
6547.521469	15.723901	38.648620
6626.611048	15.837667	38.845934
6706.655975	15.956180	39.002118
6787.667790	16.087344	39.193793
6869.658172	16.219438	39.330385
6952.638941	16.353828	39.387320
7036.622062	16.464302	39.392551
7121.619641	16.550609	39.481605
7207.643933	16.658817	39.590753
7294.707340	16.761564	39.668164
7382.822412	16.846433	39.799403
7472.001855	16.949647	39.986950
7562.258524	17.062425	40.135319
7653.605432	17.187639	40.319205
7746.055748	17.299758	40.465160
7839.622801	17.423646	40.603521
7934.320080	17.553627	40.734016
8030.161237	17.691814	40.859695
8127.160089	17.827476	40.938366
8225.330622	17.962452	41.056043
8324.686987	18.121887	41.120663
8425.243509	18.265464	41.104857
8527.014685	18.399991	41.098305
8630.015187	18.519043	41.052504
8734.259865	18.626057	41.046660
8839.763748	18.741509	41.054540
8946.542044	18.829193	41.044421
9054.610150	18.929267	41.088985
9163.983645	19.020163	41.121994
9274.678296	19.110346	41.164941
9386.710063	19.195185	41.259675
9500.095097	19.291762	41.401574
9614.849745	19.388839	41.516845
9730.990550	19.494310	41.665828
9848.534257	19.618474	41.785670
9967.497811	19.752345	41.847740
10087.898364	19.858940	41.929753
10209.753273	19.946065	42.003086
10333.080106	20.036950	42.188736
10457.896643	20.156043	42.345825
10584.220878	20.275105	42.535004
10712.071023	20.427197	42.695622
10841.465510	20.592607	42.930250
10972.422995	20.762060	42.769786
11104.962356	20.857564	42.929312
11239.102702	20.962924	43.013648
11374.863372	21.122275	43.169712
11512.263937	21.261760	43.269575
11651.324208	21.390887	43.389102
11792.064231	21.525865	43.475071
11934.504297	21.661872	43.591513
12078.664942	21.820929	43.691043
12224.566949	21.971143	43.813317
12372.231353	22.124757	43.888623
12521.679441	22.278369	43.955836
12672.932760	22.417166	44.022826
12826.013115	22.580361	44.161525
12980.942577	22.742258	44.213631
13137.743480	22.896668	44.285054
13296.438431	23.048028	44.345061
13457.050308	23.213700	44.451069
13619.602267	23.369625	44.473391
13784.117743	23.517703	44.546296
13950.620452	23.679822	44.621610
14119.134401	23.846456	44.637166
14289.683883	23.992070	44.664142
14462.293485	24.133052	44.698039
14636.988094	24.266905	44.794591
14813.792894	24.404145	44.917497
14992.733375	24.572202	45.023124
15173.835334	24.732519	45.129093
15357.124881	24.924862	45.214577
15542.628441	25.105284	45.275670
15730.372756	25.277179	45.319852
15920.384895	25.462119	45.400954
16112.692250	25.632888	45.421387
16307.322546	25.831029	45.465841
16504.303843	26.001631	45.489861
16703.664539	26.178329	45.495011
16905.433377	26.326819	45.496843
17109.639443	26.470551	45.539467
17316.312179	26.618285	45.602409
17525.481381	26.799818	45.692644
17737.177203	26.960176	45.755717
17951.430166	27.120562	45.770294
18168.271158	27.284971	45.873891
18387.731441	27.449331	45.949935
18609.842653	27.628378	46.057373
18834.636818	27.819336	46.151897
19062.146342	28.036578	46.222684
19292.404025	28.213560	46.257268
19525.443064	28.425981	46.357894
19761.297054	28.627533	46.344330
20000.000000	28.785209	46.414729