* FRD data written by MATAA on 05-Jan-2019 10:25:28
* Monkey Coffin 20181219, spliced SPL curve, VM752 (no filter), 1 m from baffle, horizontal angle = +90 deg.
10.000000	23.364863	-409.961838
10.153489	23.628156	-240.086676
10.309333	23.891994	-236.684056
10.467570	24.155788	-181.414411
10.628235	24.418924	-178.398945
10.791367	24.682849	-145.765400
10.957002	24.945466	-142.996239
11.125180	25.208783	-119.918252
11.295939	25.471798	-117.327554
11.469319	25.735965	-99.484458
11.645360	25.999877	-97.050121
11.824103	26.263034	-82.505487
12.005589	26.525915	-80.195893
12.189862	26.788644	-67.899708
12.376962	27.052514	-65.695964
12.566935	27.316092	-55.045792
12.759823	27.579261	-52.944675
12.955672	27.843186	-43.538789
13.154527	28.106037	-41.535335
13.356434	28.368804	-33.102170
13.561440	28.633230	-31.178178
13.769593	28.895874	-23.546309
13.980941	29.159352	-21.697048
14.195532	29.422127	-14.717583
14.413418	29.685019	-12.939429
14.634647	29.947871	-6.503941
14.859273	30.211271	-4.792085
15.087346	30.474468	1.172117
15.318920	30.737114	2.818194
15.554048	31.000059	8.384814
15.792785	31.263980	9.972083
16.035186	31.527136	15.175640
16.281308	31.789564	16.704045
16.531208	32.052390	21.605452
16.784943	32.316552	23.081567
17.042573	32.579528	27.691031
17.304158	32.841490	29.116795
17.569757	33.105351	33.487520
17.839433	33.367974	34.852837
18.113248	33.629751	38.998965
18.391266	33.892877	40.329706
18.673551	34.156171	44.266521
18.960169	34.418497	45.544160
19.251186	34.680784	49.300044
19.546670	34.944298	50.542140
19.846690	35.208548	54.116765
20.151314	35.470692	55.298886
20.460614	35.732249	58.721147
20.774661	35.994607	59.874694
21.093529	36.257100	63.155210
21.417291	36.521290	64.265144
21.746022	36.783050	67.393743
22.079799	37.045336	68.469394
22.418699	37.307054	71.478191
22.762800	37.570244	72.523598
23.112184	37.834122	75.406075
23.466930	38.096253	76.395356
23.827121	38.356985	79.171112
24.192840	38.619521	80.140475
24.564173	38.881443	82.814196
24.941205	39.146033	83.743913
25.324024	39.406487	86.297624
25.712720	39.668412	87.209510
26.107381	39.931415	89.679303
26.508100	40.194683	90.546505
26.914969	40.456986	92.913601
27.328084	40.717908	93.746908
27.747539	40.979111	96.041749
28.173432	41.241524	96.856652
28.605863	41.505647	99.061764
29.044930	41.767078	99.821924
29.490737	42.027550	101.951378
29.943387	42.288221	102.700426
30.402984	42.550571	104.770533
30.869636	42.815276	105.481933
31.343450	43.076739	107.446620
31.824536	43.336450	108.131347
32.313007	43.597313	110.053350
32.808975	43.859819	110.721016
33.312556	44.123421	112.564822
33.823866	44.384872	113.181501
34.343024	44.644607	114.967140
34.870151	44.907483	115.581522
35.405368	45.170668	117.292197
35.948801	45.431957	117.860276
36.500574	45.692744	119.511539
37.060817	45.952295	120.067491
37.629659	46.215683	121.679682
38.207232	46.478144	122.187780
38.793669	46.738280	123.729797
39.389109	46.999476	124.224018
39.993687	47.258992	125.720060
40.607545	47.522581	126.207236
41.230825	47.785791	127.627752
41.863671	48.046465	128.067440
42.506232	48.306726	129.440824
43.158654	48.565231	129.877763
43.821091	48.829771	131.228808
44.493695	49.093073	131.610823
45.176623	49.353366	132.886322
45.870033	49.613874	133.274318
46.574087	49.880428	134.515083
47.288946	50.142520	134.829116
48.014778	50.402597	136.015412
48.751751	50.663184	136.327411
49.500035	50.923291	137.494576
50.259805	51.191842	137.797095
51.031236	51.454922	138.854924
51.814508	51.715940	139.118782
52.609803	51.977645	140.156802
53.417304	52.239859	140.418604
54.237199	52.509863	141.418173
55.069679	52.775878	141.583050
55.914936	53.038997	142.504436
56.773168	53.302670	142.646310
57.644572	53.566078	143.521490
58.529351	53.835408	143.593896
59.427710	54.092112	144.298004
60.339859	54.336299	144.297788
61.266007	54.572260	145.033286
62.206371	54.806144	145.092829
63.161169	55.028432	145.882873
64.130622	55.258544	146.118655
65.114954	55.498763	147.018167
66.114395	55.750428	147.300039
67.129177	56.018048	148.123470
68.159534	56.274776	148.232710
69.205706	56.532852	148.999403
70.267935	56.790899	149.104398
71.346469	57.052211	149.858971
72.441557	57.325100	149.915060
73.553453	57.583754	150.497951
74.682415	57.840164	150.538568
75.828706	58.097273	151.141672
76.992591	58.356936	151.212579
78.174341	58.630835	151.767203
79.374229	58.888016	151.672949
80.592533	59.143323	152.206876
81.829538	59.398960	152.160246
83.085529	59.658162	152.722617
84.360798	59.932053	152.642745
85.655641	60.188444	153.026677
86.970359	60.442864	152.957898
88.305256	60.706417	153.417125
89.660642	60.978279	153.269353
91.036831	61.233314	153.565546
92.434144	61.486877	153.432318
93.852904	61.740729	153.785411
95.293440	62.004369	153.701056
96.756087	62.277765	153.958319
98.241184	62.531857	153.698798
99.749075	62.784614	153.966524
101.280111	63.037461	153.785499
102.834646	63.301755	154.104664
104.413042	63.578001	153.829447
106.015664	63.831173	153.934106
107.642885	64.083334	153.691029
109.295082	64.335981	153.879528
110.972638	64.601508	153.706255
112.675943	64.880135	153.782246
114.405391	65.132637	153.387134
116.161385	65.384402	153.540503
117.944331	65.659382	153.268529
119.754644	65.931409	153.218584
121.592742	66.184250	152.792487
123.459054	66.437129	152.785521
125.354011	66.687682	152.468819
127.278054	66.964769	152.530937
129.231628	67.239757	152.010150
131.215188	67.492964	151.866024
133.229193	67.744856	151.407497
135.274111	67.996827	151.377727
137.350416	68.276176	150.993872
139.458590	68.552833	150.721429
141.599122	68.805252	150.133379
143.772508	69.057638	149.918890
145.979254	69.309099	149.461362
148.219871	69.591339	149.311386
150.494879	69.870126	148.591802
152.804806	70.123048	148.192498
155.150187	70.376185	147.505979
157.531567	70.617093	147.156301
159.949499	70.877556	146.579929
162.404543	71.138367	146.105703
164.897270	71.376688	145.334833
167.428257	71.591468	144.959643
169.998092	71.830049	144.588112
172.607371	72.090437	144.429976
175.256699	72.408507	144.200723
177.946692	72.776908	143.392916
180.677973	73.029879	142.283009
183.451176	73.332787	141.610286
186.266944	73.605358	140.331150
189.125932	73.857768	139.370209
192.028801	74.111066	138.191521
194.976227	74.363838	136.735183
197.968892	74.446780	135.298614
201.007491	74.623379	135.080446
204.092729	74.829506	134.001461
207.225322	74.996303	133.526849
210.405997	75.207774	132.803039
213.635492	75.418837	132.328543
216.914556	75.648660	131.594799
220.243949	75.887715	131.042057
223.624446	76.132321	130.213096
227.056828	76.399606	129.501707
230.541895	76.643075	128.303767
234.080453	76.865966	127.426589
237.673323	77.078562	126.328474
241.321341	77.298693	125.674978
245.025351	77.564079	124.686955
248.786214	77.831398	123.641952
252.604802	78.081618	122.142640
256.482000	78.281693	120.688720
260.418710	78.419760	119.272211
264.415843	78.574809	118.517036
268.474328	78.778125	117.577295
272.595106	79.006308	116.690830
276.779133	79.225792	115.347941
281.027381	79.415901	114.269396
285.340834	79.627169	112.995249
289.720494	79.814458	111.729151
294.167376	79.981954	110.405200
298.682514	80.140373	109.310978
303.266953	80.308268	108.285085
307.921759	80.519555	107.236632
312.648010	80.683496	105.850169
317.446805	80.842267	104.897308
322.319255	81.012722	103.819737
327.266492	81.204040	103.008484
332.289663	81.418309	101.903336
337.389935	81.633408	100.905693
342.568490	81.864623	99.668246
347.826529	82.097466	98.410405
353.165274	82.317325	96.899785
358.585963	82.541092	95.478636
364.089853	82.747331	93.626438
369.678221	82.894836	91.989487
375.352365	83.045154	90.445639
381.113600	83.198217	89.043271
386.963264	83.353525	87.569589
392.902713	83.513345	86.216609
398.933327	83.675027	84.743474
405.056503	83.839585	83.383358
411.273663	84.007920	81.886699
417.586250	84.178011	80.476644
423.995728	84.351745	78.921560
430.503584	84.528717	77.412162
437.111328	84.699895	75.684528
443.820494	84.852342	74.067526
450.632638	85.008693	72.404338
457.549340	85.167171	70.803477
464.572207	85.328045	69.090273
471.702866	85.491952	67.421463
478.942973	85.658017	65.601693
486.294207	85.827081	63.797463
493.758274	85.998337	61.780595
501.336907	86.173655	59.662562
509.031863	86.312069	57.017465
516.844927	86.344867	54.591374
524.777914	86.378959	52.553496
532.832663	86.416332	50.628241
541.011043	86.455531	48.784312
549.314952	86.497055	47.033347
557.746317	86.541214	45.315066
566.307094	86.588003	43.689859
574.999269	86.638048	42.133813
583.824859	86.718293	40.758970
592.785912	86.842371	39.177660
601.884506	86.967438	37.395044
611.122755	87.088660	35.429471
620.502799	87.208072	33.400120
630.026817	87.328020	31.110376
639.697018	87.449255	28.718796
649.515646	87.570187	25.448260
659.484978	87.467083	21.823457
669.607328	87.260756	19.252364
679.885045	87.062910	17.267537
690.320514	86.875133	15.695028
700.916155	86.697374	14.460580
711.674427	86.530358	13.526976
722.597826	86.374787	13.300813
733.688888	86.394081	13.437171
744.950184	86.472785	12.839137
756.384329	86.557021	12.145160
767.993975	86.647378	11.177380
779.781816	86.743722	10.256346
791.750587	86.846341	9.201396
803.903066	86.983878	8.273469
816.242071	87.154128	6.962546
828.770466	87.328682	5.532838
841.491157	87.505508	3.765739
854.407097	87.684949	1.949215
867.521282	87.867221	-0.348310
880.836755	88.003139	-2.752088
894.356605	88.131135	-5.346609
908.083970	88.225016	-8.162639
922.022035	88.248873	-11.101417
936.174033	88.243873	-13.715721
950.543248	88.231180	-16.374056
965.133014	88.209448	-18.873832
979.946717	88.177906	-21.513254
994.987794	88.135287	-24.013591
1010.259734	88.080498	-26.756575
1025.766081	87.978099	-29.368474
1041.510433	87.851699	-31.895334
1057.496443	87.720526	-34.143307
1073.727820	87.584511	-36.433179
1090.208331	87.446827	-38.455551
1106.941799	87.319937	-40.592433
1123.932106	87.183210	-42.609458
1141.183196	87.037503	-44.710014
1158.699071	86.884231	-46.614033
1176.483794	86.720663	-48.578796
1194.541493	86.560626	-50.241532
1212.876357	86.415693	-52.056545
1231.492641	86.263914	-53.737406
1250.394663	86.108862	-55.529753
1269.586811	85.951430	-57.129877
1289.073536	85.791582	-58.859897
1308.859360	85.629281	-60.384318
1328.948875	85.464487	-62.045542
1349.346741	85.297165	-63.487927
1370.057691	85.127274	-65.069349
1391.086530	84.954776	-66.415697
1412.438139	84.779631	-67.896116
1434.117471	84.601797	-69.115926
1456.129556	84.421232	-70.445279
1478.479502	84.237897	-71.441916
1501.172494	84.065717	-72.393138
1524.213798	83.947291	-72.988307
1547.608761	83.873858	-73.991998
1571.362809	83.808546	-74.991794
1595.481455	83.742232	-76.339984
1619.970296	83.674899	-77.550088
1644.835012	83.606534	-79.071319
1670.081374	83.537119	-80.431381
1695.715238	83.466639	-82.110238
1721.742554	83.395076	-83.632909
1748.169360	83.322415	-85.512734
1775.001787	83.248639	-87.310192
1802.246062	83.153360	-89.657677
1829.908506	82.991281	-91.897490
1857.995537	82.771596	-94.176676
1886.513672	82.537347	-95.924999
1915.469528	82.299501	-97.792465
1944.869824	82.058005	-99.269146
1974.721382	81.812804	-100.921806
2005.031127	81.563837	-102.187357
2035.806093	81.311050	-103.622758
2067.053419	81.054383	-104.606371
2098.780357	80.807874	-105.615091
2130.994268	80.613130	-106.129069
2163.702626	80.472580	-107.111291
2196.913020	80.343030	-108.044797
2230.633156	80.211492	-109.431173
2264.870858	80.077934	-110.618573
2299.634071	79.942327	-112.228922
2334.930859	79.804639	-113.641253
2370.769413	79.664837	-115.557216
2407.158049	79.500725	-117.449154
2444.105209	79.267286	-119.792990
2481.619467	78.985126	-121.564563
2519.709526	78.691648	-123.476776
2558.384224	78.393667	-124.934209
2597.652535	78.091112	-126.687280
2637.523571	77.783913	-128.064120
2678.006582	77.469066	-129.874206
2719.110962	77.113241	-131.492843
2760.846247	76.670104	-133.342299
2803.222122	76.179144	-134.266380
2846.248419	75.680649	-135.106217
2889.935121	75.174502	-135.098146
2934.292365	74.660586	-134.937744
2979.330442	74.138783	-133.284098
3025.059803	73.835009	-130.343449
3071.491058	73.963736	-127.438622
3118.634980	74.247130	-127.060878
3166.502508	74.534874	-127.613762
3215.104749	74.827034	-129.881630
3264.452980	75.123679	-133.464739
3314.558650	75.160130	-140.396407
3365.433386	74.533191	-147.335662
3417.088991	73.505856	-152.019133
3469.537452	72.410293	-153.825833
3522.790937	71.297913	-154.316697
3576.861804	70.187215	-151.984494
3631.762597	69.406193	-147.344652
3687.506055	69.192854	-142.345777
3744.105113	69.218260	-140.095234
3801.572902	69.244056	-138.852996
3859.922757	69.270248	-139.402685
3919.168216	69.128137	-141.191885
3979.323027	68.590635	-143.618600
4040.401145	67.819346	-143.649991
4102.416744	67.009510	-142.364971
4165.384213	66.205151	-138.296682
4229.318161	65.735462	-131.664602
4294.233423	66.020801	-124.378803
4360.145061	66.693518	-121.217883
4427.068369	67.376559	-120.138152
4495.018873	68.018074	-122.085493
4564.012342	68.440099	-125.411324
4634.064782	68.616811	-130.269839
4705.192448	68.739859	-134.903545
4777.411843	68.864795	-144.758925
4850.739725	67.577843	-159.419288
4925.193107	64.396858	-167.825355
5000.789264	60.645273	-162.524857
5077.545738	57.230991	-143.171527
5155.480336	56.205466	-108.711412
5234.611143	58.784231	-79.943573
5314.956518	62.678543	-67.943361
5396.535104	66.412878	-71.234641
5479.365829	68.570360	-85.181086
5563.467912	68.950983	-97.053226
5648.860868	69.178577	-103.496316
5735.564509	69.370343	-110.341350
5823.598953	69.466329	-116.221876
5912.984627	69.510980	-123.273442
6003.742269	69.362586	-131.444434
6095.892940	68.548096	-141.025323
6189.458019	67.132912	-146.535082
6284.459216	65.575437	-147.662537
6380.918575	64.532887	-143.689599
6478.858476	64.176395	-141.545077
6578.301643	63.859227	-141.493694
6679.271152	63.348848	-143.367940
6781.790428	62.611147	-144.729910
6885.883260	61.628757	-147.558593
6991.573799	59.841781	-149.463028
7098.886568	57.124342	-144.777208
7207.846468	54.707991	-125.834836
7318.478779	54.469369	-99.644145
7430.809171	56.238603	-79.291048
7544.863709	58.394389	-67.934631
7660.668854	60.783345	-60.338968
7778.251478	63.233292	-59.593195
7897.638862	65.228169	-62.657729
8018.858708	66.685468	-67.461412
8141.939142	68.075865	-70.618015
8266.908722	69.690155	-76.170352
8393.796444	71.306601	-85.164143
8522.631749	72.259409	-99.008381
8653.444531	72.462148	-110.901947
8786.265141	72.462421	-121.948924
8921.124398	72.304095	-131.599490
9058.053593	72.004266	-141.930963
9197.084496	71.453157	-151.068552
9338.249366	70.755472	-159.900236
9481.580958	70.021814	-167.522330
9627.112528	69.093771	-176.657316
9774.877844	67.682721	-184.081154
9924.911191	66.010734	-188.541882
10077.247380	64.597620	-189.084288
10231.921757	63.383927	-190.524931
10388.970212	61.895300	-189.825746
10548.429184	60.673202	-183.521574
10710.335671	61.108597	-176.194246
10874.727239	62.007583	-182.022785
11041.642033	61.522554	-192.880367
11211.118781	59.864170	-202.362503
11383.196805	57.441738	-203.456555
11557.916033	55.865033	-196.704916
11735.317004	55.487721	-192.843366
11915.440880	54.725556	-195.981722
12098.329454	52.900539	-198.367479
12284.025162	50.262185	-192.237662
12472.571089	48.958189	-174.820905
12664.010983	49.270095	-162.381310
12858.389263	49.637028	-153.458613
13055.751031	50.766775	-145.593680
13256.142079	52.636014	-147.837140
13459.608904	53.232886	-164.837464
13666.198715	49.687237	-182.089309
13875.959447	44.645764	-157.923462
14088.939769	47.080255	-120.521275
14305.189099	51.263224	-125.484479
14524.757612	51.626221	-142.376426
14747.696254	49.760215	-145.870430
14974.056752	49.982289	-136.586563
15203.891629	51.111672	-144.821849
15437.254212	49.806065	-156.811600
15674.198647	47.067682	-157.006398
15914.779912	45.640638	-142.988773
16159.053828	45.969740	-133.248519
16407.077073	46.667732	-129.628797
16658.907195	47.103234	-132.799233
16914.602625	46.550215	-141.928960
17174.222692	43.117052	-146.266223
17437.827634	40.011996	-120.124282
17705.478614	42.136531	-90.002843
17977.237735	46.027586	-92.085908
18253.168051	46.101914	-111.706793
18533.333587	42.574219	-116.843063
18817.799347	39.847425	-95.449049
19106.631336	38.676823	-71.982820
19399.896571	40.177790	-28.048691
19697.663095	44.722094	-19.802262
20000.000000	46.497806	28.908633