* FRD data written by MATAA on 05-Jan-2019 10:25:28
* Monkey Coffin 20181219, spliced SPL curve, VM752 (no filter), 1 m from baffle, horizontal angle = -75 deg.
10.000000	22.920724	-454.171623
10.153489	23.183017	-275.447298
10.309333	23.446854	-271.627107
10.467570	23.710649	-212.805535
10.628235	23.973784	-209.460215
10.791367	24.237709	-174.436267
10.957002	24.500327	-171.399516
11.125180	24.764026	-146.475372
11.295939	25.027658	-143.669078
11.469319	25.291334	-124.314896
11.645360	25.554737	-121.696250
11.824103	25.817895	-105.857979
12.005589	26.080776	-103.393788
12.189862	26.343505	-89.967161
12.376962	26.608141	-87.631230
12.566935	26.871953	-75.985422
12.759823	27.134245	-73.772881
12.955672	27.398047	-63.461673
13.154527	27.660898	-61.360049
13.356434	27.923706	-52.103056
13.561440	28.189090	-50.094126
13.769593	28.451584	-41.717076
13.980941	28.714212	-39.791463
14.195532	28.976988	-32.113936
14.413418	29.240194	-30.266687
14.634647	29.503731	-23.187999
14.859273	29.766708	-21.421438
15.087346	30.029329	-14.851414
15.318920	30.292508	-13.148747
15.554048	30.555920	-7.020858
15.792785	30.819198	-5.388064
16.035186	31.081997	0.352136
16.281308	31.345177	1.926781
16.531208	31.608251	7.325354
16.784943	31.871549	8.842827
17.042573	32.135307	13.932968
17.304158	32.397351	15.388286
17.569757	32.660240	20.215892
17.839433	32.923835	21.618592
18.113248	33.185611	26.191836
18.391266	33.448738	27.555515
18.673551	33.712032	31.902541
18.960169	33.974357	33.210945
19.251186	34.236645	37.359683
19.546670	34.500159	38.630919
19.846690	34.764408	42.582220
20.151314	35.026552	43.792225
20.460614	35.288110	47.576170
20.774661	35.550467	48.756678
21.093529	35.812960	52.384949
21.417291	36.077150	53.521298
21.746022	36.338911	56.984608
22.079799	36.601197	58.086752
22.418699	36.862915	61.417767
22.762800	37.126105	62.492458
23.112184	37.390968	65.683216
23.466930	37.652183	66.695756
23.827121	37.913722	69.775303
24.192840	38.175560	70.765869
24.564173	38.438303	73.737142
24.941205	38.702894	74.683744
25.324024	38.963348	77.523680
25.712720	39.225273	78.455306
26.107381	39.488276	81.202576
26.508100	39.751543	82.090217
26.914969	40.013847	84.728157
27.328084	40.275385	85.581743
27.747539	40.536300	88.133755
28.173432	40.798384	88.972221
28.605863	41.062508	91.431944
29.044930	41.323939	92.217724
29.490737	41.585302	94.594851
29.943387	41.846082	95.362269
30.402984	42.108431	97.672839
30.869636	42.373137	98.405497
31.343450	42.634600	100.605068
31.824536	42.894311	101.312058
32.313007	43.155173	103.463518
32.808975	43.417679	104.154347
33.312556	43.681282	106.222635
33.823866	43.942733	106.864219
34.343024	44.202907	108.870924
34.870151	44.466344	109.506007
35.405368	44.728980	111.428616
35.948801	44.990421	112.025307
36.500574	45.251605	113.884115
37.060817	45.511155	114.465441
37.629659	45.774544	116.281231
38.207232	46.037005	116.819303
38.793669	46.298020	118.558892
39.389109	46.558403	119.079229
39.993687	46.818842	120.776124
40.607545	47.082442	121.285092
41.230825	47.345652	122.900936
41.863671	47.606325	123.366966
42.506232	47.866794	124.934054
43.158654	48.126092	125.397297
43.821091	48.390631	126.931996
44.493695	48.653933	127.342350
45.176623	48.914227	128.800743
45.870033	49.174735	129.218806
46.574087	49.441288	130.641397
47.288946	49.703971	130.988393
48.014778	49.964458	132.348600
48.751751	50.225045	132.693821
49.500035	50.485907	134.032464
50.259805	50.753892	134.366243
51.031236	51.017648	135.598587
51.814508	51.278800	135.892100
52.609803	51.540505	137.099889
53.417304	51.802750	137.397802
54.237199	52.073724	138.565028
55.069679	52.339739	138.760160
55.914936	52.602858	139.848086
56.773168	52.866779	140.026800
57.644572	53.130938	141.064973
58.529351	53.400269	141.171162
59.427710	53.657386	142.039222
60.339859	53.902160	142.073438
61.266007	54.138121	142.968392
62.206371	54.372581	143.067060
63.161169	54.595293	144.013838
64.130622	54.826091	144.288622
65.114954	55.066624	145.339856
66.114395	55.318288	145.663899
67.129177	55.586761	146.640927
68.159534	55.843636	146.790731
69.205706	56.102675	147.710201
70.267935	56.360760	147.852441
71.346469	56.622144	148.762768
72.441557	56.895961	148.861737
73.553453	57.154977	149.597101
74.682415	57.413025	149.681443
75.828706	57.670424	150.427668
76.992591	57.930797	150.544606
78.174341	58.205095	151.243105
79.374229	58.462876	151.196499
80.592533	58.718693	151.874071
81.829538	58.974820	151.876375
83.085529	59.234642	152.584198
84.360798	59.509588	152.553532
85.655641	59.766304	153.079308
86.970359	60.021508	153.064693
88.305256	60.286117	153.668722
89.660642	60.559928	153.571428
91.036831	60.815174	154.002530
92.434144	61.069742	153.927572
93.852904	61.324648	154.416898
95.293440	61.589343	154.389513
96.756087	61.863626	154.780681
98.241184	62.118162	154.582631
99.749075	62.372751	154.988803
101.280111	62.626653	154.863720
102.834646	62.892002	155.319203
104.413042	63.169303	155.103945
106.015664	63.423530	155.344487
107.642885	63.676745	155.164462
109.295082	63.930448	155.490162
110.972638	64.197691	155.385976
112.675943	64.478427	155.592437
114.405391	64.731498	155.264401
116.161385	64.985740	155.555564
117.944331	65.262123	155.347280
119.754644	65.536141	155.432507
121.592742	65.790102	155.072785
123.459054	66.045081	155.205506
125.354011	66.297743	154.955983
127.278054	66.576939	155.153247
129.231628	66.853827	154.699114
131.215188	67.108353	154.691007
133.229193	67.362353	154.307996
135.274111	67.616434	154.413976
137.350416	67.897893	154.107248
139.458590	68.177142	153.973914
141.599122	68.432726	153.462601
143.772508	68.687683	153.381031
145.979254	68.941902	153.002003
148.219871	69.226604	152.985719
150.494879	69.508259	152.350089
152.804806	69.764346	152.083158
155.150187	70.019781	151.482089
157.531567	70.264645	151.271973
159.949499	70.528351	150.776237
162.404543	70.792359	150.442132
164.897270	71.034811	149.757130
167.428257	71.252896	149.518088
169.998092	71.495695	149.238085
172.607371	71.760301	149.214666
175.256699	72.082590	149.074948
177.946692	72.454849	148.401543
180.677973	72.711814	147.387984
183.451176	73.019527	146.854355
186.266944	73.296842	145.671644
189.125932	73.554526	144.849755
192.028801	73.813098	143.766839
194.976227	74.071145	142.448055
197.968892	74.159362	141.109452
201.007491	74.341237	141.032275
204.092729	74.553493	140.057448
207.225322	74.726621	139.722105
210.405997	74.944424	139.101014
213.635492	75.161837	138.768380
216.914556	75.399040	138.142259
220.243949	75.645475	137.727010
223.624446	75.897464	137.003440
227.056828	76.172132	136.429649
230.541895	76.422983	135.340112
234.080453	76.653603	134.605343
237.673323	76.874637	133.620368
241.321341	77.103664	133.108228
245.025351	77.378031	132.230808
248.786214	77.654354	131.328574
252.604802	77.914690	129.942104
256.482000	78.123964	128.625955
260.418710	78.271933	127.330359
264.415843	78.438318	126.719107
268.474328	78.653238	125.890757
272.595106	78.892131	125.141736
276.779133	79.123118	123.915800
281.027381	79.324848	122.980628
285.340834	79.549701	121.823038
289.720494	79.748822	120.690626
294.167376	79.929857	119.488765
298.682514	80.101381	118.528830
303.266953	80.283760	117.625238
307.921759	80.509092	116.707834
312.648010	80.688188	115.444933
317.446805	80.862337	114.619396
322.319255	81.048056	113.662920
327.266492	81.255749	112.982739
332.289663	81.486896	111.995458
337.389935	81.718875	111.123407
342.568490	81.967690	110.006202
347.826529	82.219241	108.870651
353.165274	82.457262	107.471227
358.585963	82.699848	106.173686
364.089853	82.926020	104.431181
369.678221	83.092578	102.911035
375.352365	83.263976	101.482312
381.113600	83.438231	100.189611
386.963264	83.615684	98.823448
392.902713	83.797438	97.569240
398.933327	83.981012	96.201888
405.056503	84.169183	94.940274
411.273663	84.360419	93.539817
417.586250	84.554768	92.225014
423.995728	84.752763	90.759585
430.503584	84.954536	89.338017
437.111328	85.151031	87.696376
443.820494	85.329448	86.158144
450.632638	85.511468	84.573121
457.549340	85.696785	83.049176
464.572207	85.885090	81.403847
471.702866	86.075561	79.799600
478.942973	86.268930	78.047718
486.294207	86.465427	76.311817
493.758274	86.666107	74.361048
501.336907	86.868929	72.315214
509.031863	87.042305	69.762320
516.844927	87.111309	67.380792
524.777914	87.183170	65.398559
532.832663	87.260167	63.490725
541.011043	87.339732	61.667320
549.314952	87.423166	59.903241
557.746317	87.510856	58.171383
566.307094	87.602883	56.490084
574.999269	87.699957	54.868300
583.824859	87.828555	53.368776
592.785912	88.002019	51.635607
601.884506	88.174939	49.599827
611.122755	88.331559	47.332834
620.502799	88.473693	44.993642
630.026817	88.612332	42.432518
639.697018	88.747512	39.748039
649.515646	88.879744	36.209852
659.484978	88.782873	32.282177
669.607328	88.578434	29.439783
679.885045	88.378036	27.153313
690.320514	88.182996	25.310447
700.916155	87.992767	23.779246
711.674427	87.808576	22.588550
722.597826	87.630741	22.078862
733.688888	87.622125	21.975603
744.950184	87.667213	21.119022
756.384329	87.712064	20.220120
767.993975	87.757202	19.033705
779.781816	87.802022	17.956097
791.750587	87.846526	16.741371
803.903066	87.919785	15.732572
816.242071	88.019256	14.345517
828.770466	88.115880	12.937218
841.491157	88.208524	11.218891
854.407097	88.296616	9.572853
867.521282	88.380707	7.509560
880.836755	88.410896	5.518859
894.356605	88.426767	3.540799
908.083970	88.439862	1.744272
922.022035	88.450670	-0.187267
936.174033	88.458198	-1.964963
950.543248	88.462610	-3.913690
965.133014	88.463364	-5.705893
979.946717	88.460260	-7.700907
994.987794	88.452622	-9.533999
1010.259734	88.439926	-11.666754
1025.766081	88.387073	-13.641965
1041.510433	88.318410	-15.591912
1057.496443	88.253790	-17.242311
1073.727820	88.193535	-19.007099
1090.208331	88.141270	-20.497894
1106.941799	88.109880	-22.193348
1123.932106	88.079033	-23.788834
1141.183196	88.049725	-25.585279
1158.699071	88.023505	-27.256776
1176.483794	87.997681	-29.153720
1194.541493	87.986008	-31.031622
1212.876357	87.932496	-33.402910
1231.492641	87.826827	-35.425370
1250.394663	87.709057	-37.478300
1269.586811	87.589478	-39.193457
1289.073536	87.468064	-41.077136
1308.859360	87.344787	-42.660891
1328.948875	87.219617	-44.442817
1349.346741	87.092526	-45.926040
1370.057691	86.963485	-47.620684
1391.086530	86.832463	-49.007747
1412.438139	86.699430	-50.610042
1434.117471	86.564354	-51.885583
1456.129556	86.427206	-53.363210
1478.479502	86.287953	-54.456510
1501.172494	86.157702	-55.634294
1524.213798	86.070431	-56.408561
1547.608761	86.019152	-57.635420
1571.362809	85.974462	-58.739104
1595.481455	85.929086	-60.254087
1619.970296	85.883012	-61.539045
1644.835012	85.836233	-63.213631
1670.081374	85.788735	-64.641792
1695.715238	85.740508	-66.476977
1721.742554	85.691541	-68.076921
1748.169360	85.641822	-70.135413
1775.001787	85.591340	-72.052092
1802.246062	85.515072	-74.667281
1829.908506	85.357413	-77.111514
1857.995537	85.129661	-79.630151
1886.513672	84.884670	-81.460152
1915.469528	84.635919	-83.465948
1944.869824	84.383350	-84.958047
1974.721382	84.126905	-86.701434
2005.031127	83.866523	-87.942556
2035.806093	83.602145	-89.441323
2067.053419	83.333709	-90.387847
2098.780357	83.071710	-91.488651
2130.994268	82.847287	-91.998623
2163.702626	82.662241	-92.995823
2196.913020	82.484208	-93.725206
2230.633156	82.303441	-94.926481
2264.870858	82.119900	-95.729066
2299.634071	81.933543	-96.966609
2334.930859	81.744325	-97.768550
2370.769413	81.552202	-98.997850
2407.158049	81.358579	-99.758189
2444.105209	81.166347	-100.954784
2481.619467	80.974113	-101.701869
2519.709526	80.779385	-102.915589
2558.384224	80.581668	-103.661183
2597.652535	80.380916	-104.881480
2637.523571	80.177083	-105.634459
2678.006582	79.968557	-106.923917
2719.110962	79.737547	-107.824684
2760.846247	79.459322	-109.151900
2803.222122	79.154943	-109.684322
2846.248419	78.845892	-110.477025
2889.935121	78.532098	-110.506491
2934.292365	78.213487	-110.768243
2979.330442	77.889985	-109.944078
3025.059803	77.667477	-108.811704
3071.491058	77.646477	-107.278883
3118.634980	77.696731	-107.201154
3166.502508	77.747757	-107.083619
3215.104749	77.799565	-107.968783
3264.452980	77.852169	-108.778909
3314.558650	77.839242	-110.956302
3365.433386	77.659749	-112.680850
3417.088991	77.379584	-114.344916
3469.537452	77.081973	-114.782080
3522.790937	76.779795	-115.354489
3576.861804	76.479554	-114.575972
3631.762597	76.296280	-113.529185
3687.506055	76.313449	-111.929149
3744.105113	76.415743	-111.772766
3801.572902	76.519607	-111.422573
3859.922757	76.625065	-111.844645
3919.168216	76.790172	-111.459118
3979.323027	77.093063	-112.122323
4040.401145	77.478181	-113.144462
4102.416744	77.878396	-115.916418
4165.384213	78.278439	-119.215635
4229.318161	78.562221	-124.840705
4294.233423	78.581497	-130.397822
4360.145061	78.465977	-136.269191
4427.068369	78.348684	-141.753110
4495.018873	78.123644	-149.602077
4564.012342	77.427996	-157.969156
4634.064782	76.208778	-165.199146
4705.192448	74.856006	-168.877123
4777.411843	73.482471	-171.559634
4850.739725	72.110109	-171.865788
4925.193107	70.746187	-171.639827
5000.789264	69.369544	-169.061804
5077.545738	68.026453	-164.994057
5155.480336	67.000792	-157.499926
5234.611143	66.460682	-150.655722
5314.956518	66.088973	-144.070618
5396.535104	65.767075	-137.623669
5479.365829	65.853088	-129.276749
5563.467912	66.397686	-123.847707
5648.860868	66.989745	-120.056058
5735.564509	67.581260	-118.483169
5823.598953	68.157672	-117.311997
5912.984627	68.729996	-118.211216
6003.742269	69.232304	-119.956285
6095.892940	69.472313	-123.887929
6189.458019	69.476755	-126.608369
6284.459216	69.421189	-130.506189
6380.918575	69.037878	-134.248653
6478.858476	68.222769	-136.842963
6578.301643	67.408797	-134.271095
6679.271152	67.231405	-129.978069
6781.790428	67.807691	-127.562475
6885.883260	68.380045	-132.651683
6991.573799	67.971196	-140.829657
7098.886568	66.423731	-146.484633
7207.846468	64.634024	-143.912063
7318.478779	63.239673	-137.517411
7430.809171	62.207933	-127.734342
7544.863709	61.595300	-115.129405
7660.668854	62.027964	-100.264706
7778.251478	63.049525	-89.228646
7897.638862	64.614751	-78.197224
8018.858708	66.812924	-72.435305
8141.939142	69.193259	-70.765052
8266.908722	71.528184	-74.795510
8393.796444	73.710859	-82.618065
8522.631749	75.140532	-96.322621
8653.444531	75.734916	-107.583718
8786.265141	76.223902	-118.096437
8921.124398	76.730369	-127.868845
9058.053593	77.079389	-140.697489
9197.084496	77.017511	-153.163570
9338.249366	76.647178	-166.642202
9481.580958	75.998953	-179.001987
9627.112528	74.986620	-192.939377
9774.877844	73.406845	-205.379720
9924.911191	71.140017	-217.159229
10077.247380	67.833342	-222.555761
10231.921757	64.359324	-212.032777
10388.970212	64.179882	-191.223762
10548.429184	65.862198	-189.202716
10710.335671	66.289360	-195.594325
10874.727239	66.113941	-201.603950
11041.642033	66.286847	-207.599997
11211.118781	66.165996	-221.533454
11383.196805	65.080273	-237.958294
11557.916033	62.530146	-257.768539
11735.317004	58.045360	-271.871619
11915.440880	51.433684	-270.785089
12098.329454	46.422325	-236.383805
12284.025162	46.690864	-203.820195
12472.571089	47.992531	-194.282391
12664.010983	47.076448	-196.723447
12858.389263	43.890047	-184.444442
13055.751031	43.228568	-153.131242
13256.142079	45.605771	-140.790560
13459.608904	44.021263	-137.614265
13666.198715	44.079180	-99.347330
13875.959447	49.555512	-83.979579
14088.939769	52.430725	-93.815240
14305.189099	53.596121	-98.974364
14524.757612	54.860945	-102.075444
14747.696254	56.106480	-109.206814
14974.056752	56.659217	-119.750205
15203.891629	55.902751	-129.140870
15437.254212	55.235816	-128.324553
15674.198647	55.716019	-131.928537
15914.779912	54.992713	-141.266214
16159.053828	53.284641	-142.108047
16407.077073	52.711156	-137.275188
16658.907195	52.529056	-141.101209
16914.602625	49.653552	-147.894351
17174.222692	45.489115	-119.124173
17437.827634	48.823454	-76.808880
17705.478614	54.517285	-78.830555
17977.237735	56.670401	-97.853114
18253.168051	56.473083	-112.905232
18533.333587	55.367368	-120.697393
18817.799347	54.136983	-118.731843
19106.631336	53.650632	-115.290181
19399.896571	53.886800	-106.268286
19697.663095	53.007245	-114.209672
20000.000000	50.638941	-59.131513