* FRD data written by MATAA on 05-Jan-2019 10:25:28
* Monkey Coffin 20181219, spliced SPL curve, SCANR2904WG148 (no filter), 1 m from baffle, horizontal angle = -30 deg.
10.000000	17.630569	-723.856488
10.153489	17.896678	-490.729584
10.309333	18.158984	-487.889308
10.467570	18.424821	-405.935120
10.628235	18.691020	-403.549511
10.791367	18.942632	-352.398774
10.957002	19.216656	-350.162882
11.125180	19.478174	-312.570431
11.295939	19.741191	-310.525943
11.469319	20.007373	-280.551474
11.645360	20.264739	-278.678883
11.824103	20.531624	-253.602216
12.005589	20.793456	-251.874114
12.189862	21.059897	-230.276460
12.376962	21.326263	-228.705660
12.566935	21.576073	-209.715716
12.759823	21.849493	-208.115885
12.955672	22.110398	-191.227380
13.154527	22.374180	-189.717045
13.356434	22.639005	-174.437586
13.561440	22.896990	-173.019535
13.769593	23.162524	-159.017295
13.980941	23.424977	-157.683236
14.195532	23.690707	-144.785035
14.413418	23.957876	-143.567776
14.634647	24.205934	-131.631012
14.859273	24.477963	-130.336731
15.087346	24.739295	-119.286484
15.318920	25.001660	-118.062352
15.554048	25.266417	-107.708652
15.792785	25.523411	-106.551943
16.035186	25.789117	-96.775241
16.281308	26.049467	-95.682830
16.531208	26.316373	-86.440558
16.784943	26.584028	-85.466998
17.042573	26.828776	-76.755488
17.304158	27.098962	-75.662018
17.569757	27.359368	-67.459578
17.839433	27.620579	-66.428167
18.113248	27.884020	-58.618039
18.391266	28.140089	-57.639933
18.673551	28.404254	-50.153169
18.960169	28.663213	-49.221139
19.251186	28.931230	-42.043250
19.546670	29.200782	-41.258653
19.846690	29.436952	-34.459877
20.151314	29.704509	-33.478069
20.460614	29.961945	-27.019256
20.774661	30.219523	-26.089145
21.093529	30.479916	-19.877903
21.417291	30.734556	-18.930991
21.746022	31.019469	-12.983086
22.079799	31.258838	-12.323741
22.418699	31.500414	-6.450221
22.762800	31.761899	-5.615856
23.112184	32.009617	-0.055586
23.466930	32.264758	0.814529
23.827121	32.512344	6.156512
24.192840	32.759359	7.117277
24.564173	33.009239	12.299746
24.941205	33.253694	13.645226
25.324024	33.646104	18.587404
25.712720	33.835236	18.644118
26.107381	34.032269	24.145711
26.508100	34.339324	25.308213
26.914969	34.671460	30.338532
27.328084	35.037931	30.860307
27.747539	35.306852	34.997499
28.173432	35.616507	35.908427
28.605863	35.959447	39.417443
29.044930	36.084982	40.008454
29.490737	36.474331	44.710031
29.943387	36.727292	44.353503
30.402984	36.974172	48.740151
30.869636	37.249046	48.567164
31.343450	37.387782	52.879683
31.824536	37.745648	53.779822
32.313007	37.999699	57.091557
32.808975	38.250076	57.805279
33.312556	38.523699	61.092414
33.823866	38.689088	61.831576
34.343024	39.028251	65.828758
34.870151	39.283647	65.885648
35.405368	39.536890	69.639584
35.948801	39.823977	69.933741
36.500574	40.073988	73.297389
37.060817	40.335103	73.682420
37.629659	40.592552	76.972861
38.207232	40.849962	77.351487
38.793669	41.104297	80.498232
39.389109	41.334999	80.984876
39.993687	41.623982	84.288620
40.607545	41.885966	84.491976
41.230825	42.142658	87.615510
41.863671	42.404549	87.897689
42.506232	42.659215	90.919853
43.158654	42.923331	91.235068
43.821091	43.180463	94.135392
44.493695	43.439270	94.462832
45.176623	43.702430	97.293591
45.870033	43.958459	97.588568
46.574087	44.225241	100.374378
47.288946	44.484038	100.595120
48.014778	44.743742	103.313699
48.751751	45.002118	103.473874
49.500035	45.234209	106.196655
50.259805	45.518510	106.604942
51.031236	45.783841	109.052912
51.814508	46.046067	109.355276
52.609803	46.313959	111.778962
53.417304	46.571657	112.020179
54.237199	46.835933	114.426922
55.069679	47.098351	114.653362
55.914936	47.361181	116.993643
56.773168	47.625870	117.218268
57.644572	47.890122	119.487846
58.529351	48.156093	119.702356
59.427710	48.422437	121.903550
60.339859	48.689533	122.102157
61.266007	48.958420	124.241798
62.206371	49.229091	124.419662
63.161169	49.501695	126.480944
64.130622	49.775864	126.625790
65.114954	50.054226	128.599202
66.114395	50.334908	128.672064
67.129177	50.618896	130.495779
68.159534	50.902649	130.405120
69.205706	51.175781	131.948539
70.267935	51.424986	131.629523
71.346469	51.636586	132.990752
72.441557	51.798367	132.855124
73.553453	51.964903	134.824675
74.682415	52.167452	135.280954
75.828706	52.400064	137.412158
76.992591	52.655151	137.843167
78.174341	52.922063	139.800063
79.374229	53.193169	140.078001
80.592533	53.465409	141.878111
81.829538	53.738597	142.075664
83.085529	54.012163	143.772204
84.360798	54.285167	143.915624
85.655641	54.558179	145.535117
86.970359	54.831099	145.645786
88.305256	55.104125	147.200194
89.660642	55.377546	147.284853
91.036831	55.651062	148.775726
92.434144	55.924312	148.833123
93.852904	56.197197	150.270682
95.293440	56.471584	150.314169
96.756087	56.745833	151.694004
98.241184	57.021082	151.713797
99.749075	57.295469	153.034907
101.280111	57.570843	153.040620
102.834646	57.847259	154.310123
104.413042	58.123771	154.289218
106.015664	58.401191	155.501355
107.642885	58.677880	155.451386
109.295082	58.954892	156.615080
110.972638	59.233741	156.547782
112.675943	59.512232	157.646666
114.405391	59.790962	157.548841
116.161385	60.068937	158.592089
117.944331	60.348139	158.476981
119.754644	60.627987	159.462096
121.592742	60.907256	159.311185
123.459054	61.186565	160.240056
125.354011	61.466152	160.061312
127.278054	61.745142	160.931387
129.231628	62.024825	160.724860
131.215188	62.303519	161.534544
133.229193	62.583237	161.298970
135.274111	62.861618	162.040690
137.350416	63.139109	161.771952
139.458590	63.416311	162.460303
141.599122	63.693166	162.160396
143.772508	63.969055	162.786011
145.979254	64.243872	162.453150
148.219871	64.517748	163.021023
150.494879	64.790456	162.657280
152.804806	65.062213	163.169312
155.150187	65.333281	162.771101
157.531567	65.601209	163.216876
159.949499	65.867786	162.798374
162.404543	66.133981	163.196002
164.897270	66.397651	162.740626
167.428257	66.659225	163.082941
169.998092	66.918526	162.603019
172.607371	67.175401	162.898817
175.256699	67.430872	162.400977
177.946692	67.683603	162.646976
180.677973	67.933885	162.128757
183.451176	68.181393	162.334329
186.266944	68.426685	161.803829
189.125932	68.669124	161.972564
192.028801	68.909409	161.434069
194.976227	69.147020	161.566856
197.968892	69.380997	161.020177
201.007491	69.612668	161.133397
204.092729	69.842058	160.591987
207.225322	70.069176	160.682524
210.405997	70.293267	160.142361
213.635492	70.514172	160.218964
216.914556	70.733211	159.702267
220.243949	70.951215	159.774553
223.624446	71.166503	159.267761
227.056828	71.379579	159.335345
230.541895	71.590460	158.857371
234.080453	71.800548	158.938988
237.673323	72.010429	158.493894
241.321341	72.219189	158.576498
245.025351	72.426429	158.160545
248.786214	72.633523	158.263541
252.604802	72.840672	157.888461
256.482000	73.047819	158.012281
260.418710	73.255648	157.682309
264.415843	73.464096	157.835253
268.474328	73.673414	157.557363
272.595106	73.884214	157.758137
276.779133	74.096648	157.547766
281.027381	74.309850	157.828548
285.340834	74.525691	157.748669
289.720494	74.742259	158.228219
294.167376	74.961002	158.684549
298.682514	75.359981	160.249563
303.266953	75.979826	159.253283
307.921759	76.198913	157.365277
312.648010	76.366795	157.024927
317.446805	76.565743	157.155676
322.319255	76.967975	158.210955
327.266492	77.595844	156.830063
332.289663	77.811763	154.416535
337.389935	78.026881	153.595040
342.568490	78.246092	152.380724
347.826529	78.463181	151.655101
353.165274	78.690693	150.925073
358.585963	79.020278	150.117578
364.089853	79.239888	148.410938
369.678221	79.442439	147.491866
375.352365	79.631469	146.020130
381.113600	79.803432	145.201923
386.963264	79.997289	143.635947
392.902713	80.048204	142.619887
398.933327	80.176433	142.177902
405.056503	80.352904	141.607453
411.273663	80.516606	140.832842
417.586250	80.696687	140.236174
423.995728	80.875403	139.112712
430.503584	80.940266	138.203241
437.111328	81.007530	138.099723
443.820494	81.201187	138.368157
450.632638	81.464623	137.892244
457.549340	81.659839	137.186302
464.572207	81.848607	136.610997
471.702866	82.036876	136.079352
478.942973	82.226484	135.546618
486.294207	82.424867	135.279419
493.758274	82.715521	134.751215
501.336907	82.938416	133.581011
509.031863	83.113876	132.779079
516.844927	83.295678	132.002928
524.777914	83.484735	131.395782
532.832663	83.679912	130.678651
541.011043	83.882311	130.102028
549.314952	84.091319	129.372767
557.746317	84.307542	128.775295
566.307094	84.530866	127.986058
574.999269	84.761424	127.321470
583.824859	84.998704	126.415584
592.785912	85.244128	125.632635
601.884506	85.500118	124.462593
611.122755	85.727010	123.297589
620.502799	85.929285	121.992420
630.026817	86.130200	120.950422
639.697018	86.331834	119.680263
649.515646	86.533537	118.616160
659.484978	86.735172	117.275721
669.607328	86.936734	116.128890
679.885045	87.138481	114.653879
690.320514	87.339112	113.252025
700.916155	87.490319	111.391627
711.674427	87.600152	110.044739
722.597826	87.711187	108.563149
733.688888	87.823438	107.471687
744.950184	87.936649	106.096933
756.384329	88.051565	105.105371
767.993975	88.167385	103.763917
779.781816	88.284681	102.816023
791.750587	88.403761	101.393998
803.903066	88.489590	100.358064
816.242071	88.569197	99.127968
828.770466	88.653346	98.380963
841.491157	88.742591	97.315667
854.407097	88.838088	96.717392
867.521282	88.939425	95.762870
880.836755	89.048040	95.286308
894.356605	89.165452	94.502506
908.083970	89.325783	94.168903
922.022035	89.486040	93.174733
936.174033	89.649162	92.705064
950.543248	89.817265	91.666312
965.133014	89.990268	91.171022
979.946717	90.167843	90.098045
994.987794	90.355784	89.684499
1010.259734	90.587905	88.593268
1025.766081	90.816927	87.808430
1041.510433	91.042316	86.368124
1057.496443	91.263529	85.383103
1073.727820	91.479633	83.736167
1090.208331	91.690289	82.544329
1106.941799	91.872526	80.697005
1123.932106	92.053803	79.563087
1141.183196	92.238837	77.742679
1158.699071	92.427943	76.535013
1176.483794	92.621846	74.560081
1194.541493	92.821323	73.033609
1212.876357	92.970715	70.515775
1231.492641	93.061753	68.873053
1250.394663	93.141808	66.725443
1269.586811	93.223091	65.435965
1289.073536	93.305622	63.450405
1308.859360	93.389420	62.283960
1328.948875	93.474504	60.361432
1349.346741	93.560894	59.262636
1370.057691	93.648610	57.365407
1391.086530	93.737672	56.305524
1412.438139	93.828102	54.409507
1434.117471	93.919919	53.366967
1456.129556	94.013145	51.450013
1478.479502	94.107803	50.397999
1501.172494	94.201952	48.415645
1524.213798	94.289633	47.317429
1547.608761	94.372090	45.318185
1571.362809	94.454515	44.275105
1595.481455	94.538205	42.287125
1619.970296	94.623180	41.258293
1644.835012	94.709459	39.241581
1670.081374	94.797061	38.200050
1695.715238	94.886009	36.128800
1721.742554	94.976322	35.044968
1748.169360	95.068021	32.878725
1775.001787	95.161128	31.679680
1802.246062	95.244851	29.265543
1829.908506	95.295177	27.853111
1857.995537	95.317019	25.467210
1886.513672	95.333255	24.330108
1915.469528	95.349740	22.148168
1944.869824	95.366478	21.164313
1974.721382	95.383472	19.076828
2005.031127	95.400729	18.210640
2035.806093	95.418249	16.216795
2067.053419	95.436039	15.508828
2098.780357	95.462944	13.734465
2130.994268	95.525106	13.296369
2163.702626	95.624092	11.482928
2196.913020	95.732848	10.748749
2230.633156	95.843274	8.615976
2264.870858	95.955395	7.677982
2299.634071	96.069237	5.323658
2334.930859	96.184826	4.179985
2370.769413	96.302190	1.517678
2407.158049	96.402618	-0.060033
2444.105209	96.448106	-3.145558
2481.619467	96.456133	-4.659914
2519.709526	96.458378	-7.451277
2558.384224	96.460657	-8.744761
2597.652535	96.462971	-11.474800
2637.523571	96.465321	-12.734696
2678.006582	96.466792	-15.534016
2719.110962	96.457014	-16.910112
2760.846247	96.421559	-19.822777
2803.222122	96.372768	-21.080273
2846.248419	96.323228	-23.853683
2889.935121	96.272927	-25.030477
2934.292365	96.221855	-27.843251
2979.330442	96.169998	-29.164769
3025.059803	96.072898	-32.398209
3071.491058	95.888344	-33.800319
3118.634980	95.670933	-36.404904
3166.502508	95.450186	-36.950310
3215.104749	95.226049	-38.885643
3264.452980	94.998473	-38.602422
3314.558650	94.828244	-39.358663
3365.433386	94.807983	-38.125460
3417.088991	94.877213	-39.233072
3469.537452	94.959562	-38.909234
3522.790937	95.043175	-40.668305
3576.861804	95.128794	-40.653626
3631.762597	95.229093	-42.622456
3687.506055	95.353279	-42.822931
3744.105113	95.488701	-45.239038
3801.572902	95.626201	-45.909284
3859.922757	95.765812	-48.891271
3919.168216	95.875207	-50.261558
3979.323027	95.910859	-53.842911
4040.401145	95.903799	-55.153660
4102.416744	95.891508	-58.473491
4165.384213	95.877731	-59.708090
4229.318161	95.838628	-63.275666
4294.233423	95.743758	-64.621522
4360.145061	95.619711	-67.919447
4427.068369	95.493761	-68.787963
4495.018873	95.364675	-71.824770
4564.012342	95.228313	-72.460594
4634.064782	95.084042	-75.279911
4705.192448	94.936255	-75.576208
4777.411843	94.786199	-77.948811
4850.739725	94.698430	-77.536549
4925.193107	94.694940	-79.770312
5000.789264	94.715235	-79.934926
5077.545738	94.728966	-82.973684
5155.480336	94.700404	-83.770526
5234.611143	94.608376	-87.119913
5314.956518	94.492718	-87.605852
5396.535104	94.373644	-90.624938
5479.365829	94.240537	-90.853142
5563.467912	94.091868	-93.586176
5648.860868	93.942539	-93.194398
5735.564509	93.843731	-95.082636
5823.598953	93.876006	-94.074178
5912.984627	93.979704	-96.577379
6003.742269	94.080069	-96.647324
6095.892940	94.165099	-100.000429
6189.458019	94.236483	-100.550388
6284.459216	94.304557	-104.459284
6380.918575	94.321104	-105.672939
6478.858476	94.269406	-109.981069
6578.301643	94.206580	-111.105480
6679.271152	94.083028	-115.660433
6781.790428	93.887934	-116.680540
6885.883260	93.664221	-120.734643
6991.573799	93.406495	-121.143316
7098.886568	93.109837	-124.462491
7207.846468	92.845428	-123.380875
7318.478779	92.748177	-125.347285
7430.809171	92.804932	-124.387925
7544.863709	92.862617	-128.042705
7660.668854	92.859724	-128.393679
7778.251478	92.813619	-132.784108
7897.638862	92.672474	-133.560232
8018.858708	92.420370	-137.753236
8141.939142	92.161442	-137.104183
8266.908722	91.973535	-139.980353
8393.796444	91.847080	-138.433414
8522.631749	91.856394	-140.762293
8653.444531	92.012778	-139.520262
8786.265141	92.192865	-143.471829
8921.124398	92.372138	-143.693035
9058.053593	92.506841	-149.176643
9197.084496	92.528384	-150.488531
9338.249366	92.479771	-156.321691
9481.580958	92.400190	-157.454513
9627.112528	92.281243	-163.499969
9774.877844	92.102466	-164.722784
9924.911191	91.860413	-170.849449
10077.247380	91.540202	-171.649306
10231.921757	91.191585	-176.777235
10388.970212	90.998057	-176.283914
10548.429184	90.847525	-182.525769
10710.335671	90.471093	-183.809307
10874.727239	89.936378	-189.870133
11041.642033	89.347019	-189.238406
11211.118781	88.746908	-193.522462
11383.196805	88.182464	-190.810178
11557.916033	87.695856	-193.274279
11735.317004	87.372216	-188.307651
11915.440880	87.383407	-189.367661
12098.329454	87.744127	-185.201330
12284.025162	88.219245	-190.810257
12472.571089	88.377751	-191.990102
12664.010983	88.084408	-200.007456
12858.389263	87.560827	-198.370200
13055.751031	87.178745	-201.511013
13256.142079	87.216326	-195.996284
13459.608904	87.607975	-199.712613
13666.198715	88.129585	-197.422383
13875.959447	88.565195	-205.457886
14088.939769	88.827737	-205.869943
14305.189099	88.831357	-215.354010
14524.757612	88.764959	-213.921837
14747.696254	88.927460	-221.578627
14974.056752	89.304114	-220.611773
15203.891629	89.556525	-232.674232
15437.254212	89.324640	-234.047241
15674.198647	88.869085	-243.393742
15914.779912	88.974400	-237.166290
16159.053828	90.111508	-247.088991
16407.077073	90.854590	-252.300844
16658.907195	90.682381	-270.527008
16914.602625	90.406690	-272.768299
17174.222692	89.894092	-288.961928
17437.827634	89.720293	-286.640542
17705.478614	89.920980	-304.700378
17977.237735	89.777191	-307.237659
18253.168051	89.132075	-329.190347
18533.333587	88.674804	-326.027810
18817.799347	88.750485	-350.114021
19106.631336	88.765349	-350.626815
19399.896571	88.414952	-388.651815
19697.663095	87.814584	-388.104171
20000.000000	87.162067	-468.876105