* FRD data written by MATAA on 05-Jan-2019 10:25:28
* Monkey Coffin 20181219, spliced SPL curve, SCANR2904WG148 (no filter), 1 m from baffle, horizontal angle = +45 deg.
10.000000	17.931572	-687.282294
10.153489	18.198680	-461.886472
10.309333	18.460877	-458.266490
10.467570	18.725987	-380.246742
10.628235	18.993023	-377.135168
10.791367	19.244362	-328.950202
10.957002	19.517986	-326.038723
11.125180	19.780177	-290.884869
11.295939	20.042757	-288.217522
11.469319	20.308867	-260.330966
11.645360	20.566742	-257.874716
11.824103	20.833026	-234.637644
12.005589	21.095115	-232.356402
12.189862	21.361188	-212.402870
12.376962	21.628032	-210.307241
12.566935	21.878075	-192.810497
12.759823	22.150619	-190.714088
12.955672	22.412332	-175.183568
13.154527	22.675196	-173.205149
13.356434	22.940967	-159.172117
13.561440	23.198088	-157.312122
13.769593	23.464376	-144.461228
13.980941	23.726184	-142.707691
14.195532	23.992450	-130.879699
14.413418	24.259193	-129.262770
14.634647	24.507568	-118.326780
14.859273	24.778966	-116.649702
15.087346	25.040776	-106.534853
15.318920	25.303130	-104.946799
15.554048	25.568008	-95.474642
15.792785	25.825414	-93.970260
16.035186	26.090422	-85.029270
16.281308	26.351223	-83.596043
16.531208	26.618376	-75.150303
16.784943	26.885168	-73.853359
17.042573	27.129779	-65.887327
17.304158	27.400938	-64.481589
17.569757	27.661371	-56.999034
17.839433	27.922499	-55.669998
18.113248	28.185023	-48.543701
18.391266	28.441092	-47.271102
18.673551	28.705257	-40.437740
18.960169	28.964216	-39.224027
19.251186	29.232233	-32.671576
19.546670	29.501784	-31.615459
19.846690	29.737955	-25.416321
20.151314	30.005512	-24.172204
20.460614	30.262948	-18.289082
20.774661	30.520526	-17.103975
21.093529	30.781604	-11.445577
21.417291	31.036558	-10.259741
21.746022	31.320677	-4.847495
22.079799	31.559840	-3.946423
22.418699	31.802322	1.411507
22.762800	32.062942	2.469800
23.112184	32.310634	7.542270
23.466930	32.566692	8.628764
23.827121	32.813471	13.491597
24.192840	33.061183	14.666589
24.564173	33.310242	19.381955
24.941205	33.554697	20.939872
25.324024	33.947107	25.432117
25.712720	34.136239	25.693132
26.107381	34.333724	30.759445
26.508100	34.640820	32.114249
26.914969	34.972463	36.722426
27.328084	35.338933	37.435638
27.747539	35.607855	41.163476
28.173432	35.917509	42.258753
28.605863	36.260449	45.370416
29.044930	36.385985	46.139870
29.490737	36.775334	50.455459
29.943387	37.028294	50.271728
30.402984	37.275175	54.283188
30.869636	37.550049	54.277378
31.343450	37.688785	58.224835
31.824536	38.046485	59.285350
32.313007	38.299922	62.245223
32.808975	38.551079	63.119571
33.312556	38.824701	66.056930
33.823866	38.990091	66.950279
34.343024	39.329253	70.608251
34.870151	39.584649	70.814501
35.405368	39.837893	74.236373
35.948801	40.124376	74.676023
36.500574	40.374649	77.721416
37.060817	40.636106	78.245497
37.629659	40.893555	81.218668
38.207232	41.150141	81.734444
38.793669	41.405178	84.579191
39.389109	41.636001	85.192446
39.993687	41.924985	88.197872
40.607545	42.186925	88.523037
41.230825	42.442661	91.355254
41.863671	42.704551	91.763640
42.506232	42.959218	94.500653
43.158654	43.223334	94.935607
43.821091	43.480466	97.556681
44.493695	43.739273	97.999521
45.176623	44.002433	100.555712
45.870033	44.257981	100.962096
46.574087	44.524779	103.483988
47.288946	44.784041	103.812017
48.014778	45.043744	106.264937
48.751751	45.301421	106.527887
49.500035	45.533211	108.997139
50.259805	45.817513	109.507088
51.031236	46.082844	111.704633
51.814508	46.345070	112.104267
52.609803	46.612962	114.281634
53.417304	46.870660	114.616440
54.237199	47.134850	116.779162
55.069679	47.396493	117.098266
55.914936	47.660184	119.204830
56.773168	47.924624	119.508952
57.644572	48.188125	121.549065
58.529351	48.454095	121.848101
59.427710	48.720440	123.822874
60.339859	48.987536	124.100505
61.266007	49.256423	126.017440
62.206371	49.527094	126.268709
63.161169	49.799065	128.111526
64.130622	50.073554	128.330430
65.114954	50.351487	130.085057
66.114395	50.631911	130.230361
67.129177	50.915898	131.839227
68.159534	51.198745	131.815781
69.205706	51.471783	133.154594
70.267935	51.720988	132.899674
71.346469	51.932588	134.056391
72.441557	52.094370	133.980417
73.553453	52.260725	135.745489
74.682415	52.462455	136.259037
75.828706	52.695066	138.194237
76.992591	52.949809	138.676608
78.174341	53.216066	140.440325
79.374229	53.487172	140.771256
80.592533	53.759411	142.377301
81.829538	54.032036	142.621025
83.085529	54.305165	144.128036
84.360798	54.577496	144.316217
85.655641	54.850182	145.750166
86.970359	55.122318	145.902278
88.305256	55.395128	147.277360
89.660642	55.668548	147.397621
91.036831	55.941115	148.707590
92.434144	56.214315	148.803252
93.852904	56.487141	150.058044
95.293440	56.760473	150.130511
96.756087	57.033668	151.334981
98.241184	57.308085	151.387231
99.749075	57.582472	152.536269
101.280111	57.857183	152.563087
102.834646	58.132262	153.663637
104.413042	58.408774	153.667321
106.015664	58.685202	154.705411
107.642885	58.960882	154.678180
109.295082	59.237289	155.672706
110.972638	59.515083	155.622407
112.675943	59.792519	156.554500
114.405391	60.070194	156.474578
116.161385	60.347940	157.350967
117.944331	60.625379	157.244278
119.754644	60.904054	158.069588
121.592742	61.182267	157.929995
123.459054	61.461476	158.695433
125.354011	61.739054	158.516549
127.278054	62.016835	159.229710
129.231628	62.294828	159.024687
131.215188	62.572994	159.677755
133.229193	62.850602	159.433516
135.274111	63.127247	160.024256
137.350416	63.403256	159.748449
139.458590	63.678831	160.284274
141.599122	63.954093	159.974693
143.772508	64.228465	160.447738
145.979254	64.501580	160.099665
148.219871	64.773346	160.513953
150.494879	65.043944	160.134614
152.804806	65.313591	160.492531
155.150187	65.581680	160.078133
157.531567	65.848289	160.375019
159.949499	66.111855	159.930002
162.404543	66.375885	160.181123
164.897270	66.636479	159.697285
167.428257	66.895803	159.895085
169.998092	67.152136	159.381941
172.607371	67.406401	159.531453
175.256699	67.657958	158.996812
177.946692	67.907885	159.105756
180.677973	68.155643	158.544894
183.451176	68.399517	158.604642
186.266944	68.641114	158.031044
189.125932	68.879809	158.057943
192.028801	69.116509	157.473303
194.976227	69.350266	157.462317
197.968892	69.580022	156.864701
201.007491	69.807473	156.836593
204.092729	70.032644	156.239147
207.225322	70.254630	156.185834
210.405997	70.473445	155.592022
213.635492	70.690096	155.532213
216.914556	70.904769	154.948271
220.243949	71.116575	154.877152
223.624446	71.326406	154.307494
227.056828	71.533393	154.234996
230.541895	71.739000	153.692440
234.080453	71.943468	153.628333
237.673323	72.146619	153.107786
241.321341	72.348452	153.051102
245.025351	72.549363	152.558512
248.786214	72.748996	152.516435
252.604802	72.948326	152.063263
256.482000	73.148088	152.049123
260.418710	73.348532	151.631641
264.415843	73.548023	151.643220
268.474328	73.749528	151.279789
272.595106	73.951150	151.335931
276.779133	74.155039	151.037519
281.027381	74.358786	151.168952
285.340834	74.564145	150.997439
289.720494	74.771105	151.335185
294.167376	74.979133	151.691023
298.682514	75.366511	153.115193
303.266953	75.974756	152.032451
307.921759	76.185707	150.014905
312.648010	76.344756	149.558759
317.446805	76.533453	149.535749
322.319255	76.924501	150.465484
327.266492	77.540837	148.926435
332.289663	77.744266	146.374287
337.389935	77.945442	145.385181
342.568490	78.149258	144.027517
347.826529	78.350964	143.138735
353.165274	78.562147	142.252839
358.585963	78.873087	141.275213
364.089853	79.074152	139.412591
369.678221	79.255949	138.316823
375.352365	79.422672	136.686191
381.113600	79.571828	135.700661
386.963264	79.741925	133.967591
392.902713	79.766302	132.780216
398.933327	79.867487	132.174442
405.056503	80.014530	131.436632
411.273663	80.148208	130.501382
417.586250	80.296095	129.740402
423.995728	80.441040	128.458240
430.503584	80.470544	127.393586
437.111328	80.500345	127.133680
443.820494	80.654551	127.260917
450.632638	80.877519	126.639507
457.549340	81.029675	125.802431
464.572207	81.173943	125.094444
471.702866	81.315561	124.448653
478.942973	81.456728	123.798940
486.294207	81.605015	123.438111
493.758274	81.843077	122.808866
501.336907	82.011695	121.572757
509.031863	82.131188	120.694327
516.844927	82.255025	119.877347
524.777914	82.383305	119.220800
532.832663	82.516594	118.504694
541.011043	82.655100	117.912019
549.314952	82.797956	117.224501
557.746317	82.946600	116.657826
566.307094	83.100588	115.961539
574.999269	83.259622	115.381444
583.824859	83.423975	114.641846
592.785912	83.594876	114.027344
601.884506	83.777757	113.155104
611.122755	83.944736	112.293696
620.502799	84.095424	111.312240
630.026817	84.245886	110.534387
639.697018	84.398488	109.580392
649.515646	84.551434	108.788029
659.484978	84.706388	107.787260
669.607328	84.862080	106.928183
679.885045	85.018991	105.818086
690.320514	85.176869	104.732677
700.916155	85.287008	103.263242
711.674427	85.357289	102.255370
722.597826	85.430997	101.193399
733.688888	85.507544	100.463103
744.950184	85.587405	99.535441
756.384329	85.670895	98.925827
767.993975	85.757367	98.056267
779.781816	85.847580	97.510614
791.750587	85.941213	96.582074
803.903066	86.003468	95.969120
816.242071	86.061126	95.258547
828.770466	86.124685	94.958090
841.491157	86.194166	94.445529
854.407097	86.270562	94.335025
867.521282	86.353753	93.995530
880.836755	86.444565	94.083041
894.356605	86.544067	94.059762
908.083970	86.705748	94.541706
922.022035	86.903439	94.449164
936.174033	87.118500	94.645036
950.543248	87.342537	94.310388
965.133014	87.575393	94.362236
979.946717	87.816914	93.914055
994.987794	88.072949	93.977562
1010.259734	88.377758	93.451367
1025.766081	88.684159	93.079176
1041.510433	88.991718	92.140719
1057.496443	89.299890	91.495910
1073.727820	89.607884	90.277273
1090.208331	89.915140	89.337566
1106.941799	90.198686	87.826970
1123.932106	90.485744	86.833626
1141.183196	90.780689	85.230765
1158.699071	91.083571	84.011750
1176.483794	91.394869	82.086886
1194.541493	91.715121	80.250149
1212.876357	91.945397	77.397333
1231.492641	92.088926	75.391563
1250.394663	92.216228	73.116493
1269.586811	92.345483	71.606941
1289.073536	92.476722	69.563023
1308.859360	92.609976	68.202901
1328.948875	92.745274	66.237479
1349.346741	92.882650	64.942558
1370.057691	93.022133	62.996681
1391.086530	93.163759	61.721480
1412.438139	93.307558	59.754991
1434.117471	93.453563	58.461143
1456.129556	93.601811	56.430390
1478.479502	93.752333	55.056438
1501.172494	93.898982	52.843474
1524.213798	94.022920	51.294376
1547.608761	94.128040	49.073705
1571.362809	94.230680	47.690452
1595.481455	94.334896	45.574538
1619.970296	94.440711	44.253472
1644.835012	94.548150	42.146339
1670.081374	94.657238	40.837865
1695.715238	94.768000	38.704294
1721.742554	94.880463	37.377343
1748.169360	94.994652	35.184002
1775.001787	95.110594	33.792263
1802.246062	95.223468	31.457266
1829.908506	95.322530	29.943368
1857.995537	95.409998	27.576027
1886.513672	95.496146	26.143129
1915.469528	95.583617	23.803471
1944.869824	95.672429	22.374245
1974.721382	95.762606	19.983772
2005.031127	95.854166	18.502030
2035.806093	95.947132	15.999409
2067.053419	96.041524	14.368338
2098.780357	96.125826	11.553365
2130.994268	96.165954	9.597966
2163.702626	96.159893	6.780844
2196.913020	96.142969	5.215707
2230.633156	96.125786	2.738323
2264.870858	96.108339	1.421332
2299.634071	96.090624	-0.865890
2334.930859	96.072637	-1.951148
2370.769413	96.054374	-3.946653
2407.158049	96.064420	-4.488306
2444.105209	96.160793	-6.062291
2481.619467	96.316867	-6.874713
2519.709526	96.484349	-9.193317
2558.384224	96.654400	-10.610073
2597.652535	96.827062	-13.450419
2637.523571	97.002374	-15.391225
2678.006582	97.175493	-18.969613
2719.110962	97.291068	-21.953869
2760.846247	97.272088	-26.302398
2803.222122	97.184496	-28.908418
2846.248419	97.095559	-32.510849
2889.935121	97.005258	-34.740355
2934.292365	96.913571	-38.267009
2979.330442	96.820477	-40.642142
3025.059803	96.664265	-44.713713
3071.491058	96.386351	-47.214196
3118.634980	96.062500	-50.432994
3166.502508	95.733678	-51.824421
3215.104749	95.399810	-54.222286
3264.452980	95.060816	-54.723177
3314.558650	94.765545	-55.969709
3365.433386	94.588438	-55.507561
3417.088991	94.480827	-56.833144
3469.537452	94.381259	-56.877007
3522.790937	94.280163	-58.463309
3576.861804	94.180317	-58.365222
3631.762597	94.130765	-59.557843
3687.506055	94.167098	-59.333179
3744.105113	94.240162	-61.160049
3801.572902	94.314348	-61.726841
3859.922757	94.389673	-64.256477
3919.168216	94.434619	-65.570924
3979.323027	94.406754	-68.705236
4040.401145	94.336302	-69.962842
4102.416744	94.259776	-72.811692
4165.384213	94.181021	-73.942549
4229.318161	94.080607	-76.930927
4294.233423	93.933735	-78.075186
4360.145061	93.762037	-80.737050
4427.068369	93.587704	-81.316726
4495.018873	93.423910	-83.420612
4564.012342	93.315867	-83.406505
4634.064782	93.270136	-85.446619
4705.192448	93.238026	-85.856011
4777.411843	93.205423	-88.406959
4850.739725	93.151357	-89.184519
4925.193107	93.068673	-91.934186
5000.789264	92.976982	-92.579202
5077.545738	92.888070	-95.167488
5155.480336	92.823667	-95.623733
5234.611143	92.796646	-98.346341
5314.956518	92.782736	-99.328024
5396.535104	92.748267	-103.080711
5479.365829	92.561984	-105.190714
5563.467912	92.205281	-108.781569
5648.860868	91.830942	-109.114444
5735.564509	91.495384	-110.922433
5823.598953	91.266469	-110.002518
5912.984627	91.093839	-111.519512
6003.742269	90.950999	-110.402286
6095.892940	90.917119	-111.535881
6189.458019	90.981210	-110.715488
6284.459216	91.067245	-113.054506
6380.918575	91.102603	-113.393556
6478.858476	91.070753	-116.214644
6578.301643	91.039425	-116.069416
6679.271152	91.095673	-118.363149
6781.790428	91.255404	-118.609764
6885.883260	91.408765	-122.705753
6991.573799	91.397979	-124.891969
7098.886568	91.196583	-129.411710
7207.846468	90.954705	-130.121327
7318.478779	90.777883	-133.124482
7430.809171	90.660805	-133.212798
7544.863709	90.580021	-136.211237
7660.668854	90.578937	-136.440751
7778.251478	90.598308	-140.584156
7897.638862	90.491843	-142.331675
8018.858708	90.238275	-146.894628
8141.939142	89.941550	-147.607575
8266.908722	89.650093	-151.118337
8393.796444	89.366028	-150.988333
8522.631749	89.114210	-153.843930
8653.444531	88.898111	-153.111808
8786.265141	88.732227	-155.545320
8921.124398	88.645214	-154.457334
9058.053593	88.622249	-156.966815
9197.084496	88.710650	-156.121228
9338.249366	88.861623	-159.785163
9481.580958	89.022236	-160.490932
9627.112528	89.149014	-165.987790
9774.877844	89.165230	-168.373926
9924.911191	89.033168	-175.289335
10077.247380	88.655693	-178.165701
10231.921757	88.116435	-183.603166
10388.970212	87.720588	-183.772836
10548.429184	87.374243	-189.076632
10710.335671	86.835664	-190.124044
10874.727239	86.178928	-194.487673
11041.642033	85.521680	-193.085632
11211.118781	84.931048	-195.195943
11383.196805	84.477816	-191.674000
11557.916033	84.208148	-192.515491
11735.317004	84.144336	-188.548694
11915.440880	84.227691	-190.268647
12098.329454	84.434154	-187.630582
12284.025162	84.676964	-191.542678
12472.571089	84.847412	-190.867830
12664.010983	84.949172	-195.868090
12858.389263	85.097766	-195.267381
13055.751031	85.256911	-201.440063
13256.142079	85.302721	-202.412070
13459.608904	85.147251	-209.556822
13666.198715	84.870015	-209.055821
13875.959447	84.740241	-213.259736
14088.939769	85.053307	-211.280209
14305.189099	85.359591	-219.089554
14524.757612	85.507793	-219.908068
14747.696254	85.713069	-228.984955
14974.056752	85.787678	-231.688772
15203.891629	85.664134	-242.930644
15437.254212	85.321384	-245.993571
15674.198647	84.712097	-256.866853
15914.779912	83.979807	-256.146246
16159.053828	83.700117	-262.039567
16407.077073	84.134501	-261.401081
16658.907195	84.104159	-276.994517
16914.602625	83.217783	-279.392324
17174.222692	82.633767	-289.169147
17437.827634	82.409086	-288.266874
17705.478614	82.355661	-301.789806
17977.237735	82.127001	-306.620479
18253.168051	80.828815	-326.301493
18533.333587	79.251352	-323.872889
18817.799347	78.382686	-337.314119
19106.631336	77.277895	-334.640570
19399.896571	76.184942	-349.957200
19697.663095	75.511583	-342.230401
20000.000000	75.191292	-372.576579