* FRD data written by MATAA on 05-Jan-2019 10:25:28
* Monkey Coffin 20181219, spliced SPL curve, SCANR2904WG148 (no filter), 1 m from baffle, horizontal angle = +30 deg.
10.000000	17.964816	-727.126270
10.153489	18.231925	-493.426694
10.309333	18.494122	-490.809952
10.467570	18.759232	-408.400980
10.628235	19.026268	-406.208421
10.791367	19.277880	-354.675136
10.957002	19.551904	-352.616202
11.125180	19.813422	-314.685981
11.295939	20.076439	-312.804027
11.469319	20.342621	-282.526715
11.645360	20.600533	-280.804667
11.824103	20.867270	-255.458913
12.005589	21.129360	-253.869888
12.189862	21.395433	-232.029426
12.376962	21.661511	-230.583025
12.566935	21.912141	-211.369313
12.759823	22.184864	-209.891454
12.955672	22.446577	-192.791207
13.154527	22.710428	-191.400219
13.356434	22.975253	-175.926689
13.561440	23.233238	-174.618536
13.769593	23.498772	-160.435264
13.980941	23.761429	-159.202902
14.195532	24.027695	-146.138348
14.413418	24.294438	-145.019928
14.634647	24.543182	-132.923790
14.859273	24.814787	-131.727948
15.087346	25.076021	-120.523401
15.318920	25.338908	-119.390143
15.554048	25.603665	-108.895709
15.792785	25.860659	-107.825389
16.035186	26.126365	-97.912102
16.281308	26.387468	-96.901386
16.531208	26.654620	-87.535393
16.784943	26.922276	-86.641888
17.042573	27.167024	-77.810555
17.304158	27.437210	-76.792905
17.569757	27.697616	-68.475643
17.839433	27.958826	-67.516309
18.113248	28.222268	-59.595683
18.391266	28.478529	-58.684324
18.673551	28.743501	-51.093140
18.960169	29.002461	-50.231670
19.251186	29.270477	-42.952777
19.546670	29.540029	-42.233405
19.846690	29.776199	-35.335961
20.151314	30.044277	-34.414633
20.460614	30.302193	-27.864992
20.774661	30.559771	-26.994699
21.093529	30.820849	-20.693718
21.417291	31.075803	-19.808077
21.746022	31.360717	-13.776113
22.079799	31.600085	-13.170742
22.418699	31.842567	-7.216795
22.762800	32.103187	-6.439049
23.112184	32.351879	-0.790477
23.466930	32.607936	0.017547
23.827121	32.854716	5.437913
24.192840	33.102607	6.349186
24.564173	33.352487	11.603349
24.941205	33.597230	12.902131
25.324024	33.990351	17.914493
25.712720	34.179484	17.921789
26.107381	34.376969	23.494666
26.508100	34.684572	24.608283
26.914969	35.016708	29.705351
27.328084	35.383795	30.183491
27.747539	35.653100	34.381936
28.173432	35.962754	35.251084
28.605863	36.306476	38.820468
29.044930	36.431393	39.368978
29.490737	36.821470	44.137617
29.943387	37.075486	43.740299
30.402984	37.323418	48.179866
30.869636	37.597350	47.964784
31.343450	37.737029	52.340532
31.824536	38.095061	53.199024
32.313007	38.350167	56.571763
32.808975	38.601324	57.240707
33.312556	38.874946	60.582780
33.823866	39.040720	61.285115
34.343024	39.380498	65.336916
34.870151	39.636388	65.357909
35.405368	39.890687	69.164670
35.948801	40.178224	69.420241
36.500574	40.428894	72.836859
37.060817	40.691064	73.184829
37.629659	40.948800	76.520668
38.207232	41.206210	76.869610
38.793669	41.462302	80.065880
39.389109	41.693246	80.514248
39.993687	41.983219	83.869140
40.607545	42.246213	84.033898
41.230825	42.503004	87.203903
41.863671	42.765949	87.455382
42.506232	43.021463	90.519344
43.158654	43.285841	90.803339
43.821091	43.544027	93.750141
44.493695	43.803889	94.045477
45.176623	44.068104	96.917845
45.870033	44.324707	97.179370
46.574087	44.592024	100.010471
47.288946	44.852467	100.201877
48.014778	45.112989	102.957083
48.751751	45.372066	103.088916
49.500035	45.605211	105.851763
50.259805	45.890568	106.231132
51.031236	46.156954	108.719580
51.814508	46.421156	108.991575
52.609803	46.689207	111.446390
53.417304	46.947966	111.668289
54.237199	47.214180	114.105541
55.069679	47.476878	114.305897
55.914936	47.741623	116.683048
56.773168	48.007366	116.877453
57.644572	48.272673	119.182352
58.529351	48.540056	119.372195
59.427710	48.808097	121.606022
60.339859	49.076716	121.777704
61.266007	49.347190	123.946634
62.206371	49.618916	124.097797
63.161169	49.893207	126.190946
64.130622	50.168799	126.307003
65.114954	50.448216	128.313310
66.114395	50.731547	128.362366
67.129177	51.016995	130.206330
68.159534	51.301804	130.093323
69.205706	51.576953	131.661928
70.267935	51.827268	131.318334
71.346469	52.040977	132.708014
72.441557	52.204868	132.545998
73.553453	52.373332	134.536516
74.682415	52.577171	134.967017
75.828706	52.811892	137.122721
76.992591	53.068743	137.525281
78.174341	53.337110	139.505354
79.374229	53.610325	139.760050
80.592533	53.884675	141.580109
81.829538	54.159973	141.752493
83.085529	54.435648	143.466661
84.360798	54.710763	143.584755
85.655641	54.985884	145.218116
86.970359	55.260131	145.305051
88.305256	55.535890	146.878822
89.660642	55.811581	146.934787
91.036831	56.087208	148.439993
92.434144	56.362573	148.473020
93.852904	56.638562	149.923322
95.293440	56.915058	149.934187
96.756087	57.191248	151.324013
98.241184	57.467997	151.318054
99.749075	57.745548	152.654405
101.280111	58.023422	152.624667
102.834646	58.301666	153.905063
104.413042	58.580901	153.854146
106.015664	58.860431	155.073016
107.642885	59.139780	154.993918
109.295082	59.419352	156.160445
110.972638	59.700310	156.060216
112.675943	59.980911	157.164483
114.405391	60.262522	157.035495
116.161385	60.542837	158.076582
117.944331	60.824148	157.928751
119.754644	61.106106	158.912515
121.592742	61.387486	158.731968
123.459054	61.669904	159.658470
125.354011	61.951600	159.441532
127.278054	62.232699	160.308274
129.231628	62.514701	160.067627
131.215188	62.796295	160.869849
133.229193	63.077803	160.592148
135.274111	63.357986	161.328572
137.350416	63.637785	161.020345
139.458590	63.916524	161.700109
141.599122	64.196026	161.365180
143.772508	64.474488	161.974021
145.979254	64.750767	161.598369
148.219871	65.026401	162.153627
150.494879	65.301218	161.749316
152.804806	65.575085	162.241885
155.150187	65.847396	161.799503
157.531567	66.117303	162.227351
159.949499	66.385012	161.760196
162.404543	66.652294	162.141866
164.897270	66.917986	161.640244
167.428257	67.180614	161.957417
169.998092	67.440970	161.431095
172.607371	67.698900	161.702586
175.256699	67.955425	161.157061
177.946692	68.209211	161.376560
180.677973	68.460547	160.807439
183.451176	68.708641	160.980919
186.266944	68.953933	160.399423
189.125932	69.196951	160.539869
192.028801	69.437657	159.946659
194.976227	69.675268	160.046843
197.968892	69.909245	159.443729
201.007491	70.140116	159.523169
204.092729	70.369306	158.927890
207.225322	70.595514	158.983425
210.405997	70.819515	158.389494
213.635492	71.039400	158.424976
216.914556	71.257384	157.853733
220.243949	71.474334	157.885913
223.624446	71.688384	157.320643
227.056828	71.899589	157.346760
230.541895	72.109122	156.811606
234.080453	72.317101	156.846740
237.673323	72.524471	156.343242
241.321341	72.730523	156.383767
245.025351	72.935653	155.911372
248.786214	73.140072	155.966560
252.604802	73.344056	155.532500
256.482000	73.548038	155.611551
260.418710	73.752702	155.220834
264.415843	73.957199	155.327912
268.474328	74.163138	154.989532
272.595106	74.368980	155.143644
276.779133	74.578041	154.878353
281.027381	74.786071	155.107637
285.340834	74.997634	154.976975
289.720494	75.208928	155.405009
294.167376	75.422399	155.815935
298.682514	75.816105	157.336035
303.266953	76.430398	156.311608
307.921759	76.649334	154.396663
312.648010	76.816762	153.997425
317.446805	77.014501	154.069413
322.319255	77.415077	155.053842
327.266492	78.040940	153.600490
332.289663	78.253993	151.104866
337.389935	78.465854	150.198801
342.568490	78.680024	148.893531
347.826529	78.892483	148.082973
353.165274	79.114663	147.252650
358.585963	79.437403	146.347154
364.089853	79.649521	144.538957
369.678221	79.844074	143.516729
375.352365	80.023611	141.935969
381.113600	80.185527	141.012655
386.963264	80.368615	139.333035
392.902713	80.407158	138.202259
398.933327	80.521641	137.645383
405.056503	80.683724	136.961502
411.273663	80.831702	136.068108
417.586250	80.994551	135.356241
423.995728	81.155438	134.115857
430.503584	81.200762	133.085853
437.111328	81.246766	132.863150
443.820494	81.417428	133.014168
450.632638	81.656708	132.423893
457.549340	81.825658	131.600979
464.572207	81.986134	130.918738
471.702866	82.145021	130.282299
478.942973	82.303571	129.649876
486.294207	82.469050	129.282552
493.758274	82.724101	128.663193
501.336907	82.909575	127.411756
509.031863	83.046354	126.537684
516.844927	83.186863	125.692754
524.777914	83.332506	125.033660
532.832663	83.481954	124.273516
541.011043	83.636945	123.673383
549.314952	83.795743	122.929075
557.746317	83.959639	122.347261
566.307094	84.129020	121.587228
574.999269	84.303168	120.983641
583.824859	84.482066	120.164596
592.785912	84.666805	119.517654
601.884506	84.863182	118.549779
611.122755	85.041006	117.640514
620.502799	85.201378	116.562560
630.026817	85.361120	115.742622
639.697018	85.521317	114.690479
649.515646	85.682505	113.862422
659.484978	85.843466	112.757827
669.607328	86.005786	111.871584
679.885045	86.168180	110.653713
690.320514	86.330553	109.542113
700.916155	86.444700	107.968625
711.674427	86.518298	106.940287
722.597826	86.594871	105.776969
733.688888	86.673959	105.032492
744.950184	86.755730	104.003092
756.384329	86.840546	103.385195
767.993975	86.927904	102.416424
779.781816	87.018494	101.869606
791.750587	87.112049	100.844341
803.903066	87.173725	100.238623
816.242071	87.230494	99.434783
828.770466	87.292538	99.150783
841.491157	87.360526	98.549490
854.407097	87.434312	98.462723
867.521282	87.514448	98.042870
880.836755	87.601385	98.171676
894.356605	87.696385	98.089873
908.083970	87.855617	98.657945
922.022035	88.056102	98.528952
936.174033	88.275102	98.790193
950.543248	88.502611	98.386790
965.133014	88.738465	98.493231
979.946717	88.982475	97.966865
994.987794	89.240582	98.085107
1010.259734	89.547001	97.477625
1025.766081	89.854611	97.165272
1041.510433	90.163124	96.147635
1057.496443	90.472146	95.571791
1073.727820	90.780956	94.278399
1090.208331	91.089277	93.418575
1106.941799	91.373970	91.837420
1123.932106	91.662527	90.935990
1141.183196	91.959193	89.267914
1158.699071	92.264031	88.157013
1176.483794	92.577330	86.178220
1194.541493	92.899479	84.503559
1212.876357	93.144899	81.657996
1231.492641	93.307741	79.772203
1250.394663	93.455453	77.421473
1269.586811	93.605433	75.982096
1289.073536	93.757715	73.815401
1308.859360	93.912334	72.490761
1328.948875	94.069327	70.360925
1349.346741	94.228729	69.065198
1370.057691	94.390577	66.908429
1391.086530	94.554910	65.587221
1412.438139	94.721766	63.349597
1434.117471	94.891182	61.943649
1456.129556	95.063199	59.547281
1478.479502	95.237856	57.928749
1501.172494	95.399456	55.100088
1524.213798	95.499995	53.051537
1547.608761	95.549337	50.259152
1571.362809	95.589017	48.672432
1595.481455	95.629305	46.227820
1619.970296	95.670212	44.865525
1644.835012	95.711747	42.554295
1670.081374	95.753919	41.324066
1695.715238	95.796739	39.098186
1721.742554	95.840216	37.974208
1748.169360	95.884360	35.824146
1775.001787	95.929182	34.823901
1802.246062	95.981354	32.819621
1829.908506	96.055698	31.982561
1857.995537	96.149210	29.933603
1886.513672	96.247818	28.939655
1915.469528	96.347940	26.717955
1944.869824	96.449599	25.622408
1974.721382	96.552818	23.272673
2005.031127	96.657621	22.071655
2035.806093	96.764032	19.560558
2067.053419	96.872078	18.177152
2098.780357	96.971115	15.325849
2130.994268	97.029643	13.599931
2163.702626	97.045803	10.692899
2196.913020	97.052258	9.278819
2230.633156	97.058811	6.621202
2264.870858	97.065465	5.370296
2299.634071	97.072222	2.796454
2334.930859	97.079082	1.648376
2370.769413	97.086046	-0.844453
2407.158049	97.101969	-1.819315
2444.105209	97.144812	-4.215243
2481.619467	97.206338	-5.293238
2519.709526	97.271597	-7.981131
2558.384224	97.337858	-9.299718
2597.652535	97.405137	-12.258200
2637.523571	97.473447	-13.867369
2678.006582	97.538730	-17.320695
2719.110962	97.554769	-19.670135
2760.846247	97.457269	-23.646428
2803.222122	97.301250	-25.537976
2846.248419	97.142836	-28.746952
2889.935121	96.981991	-30.135125
2934.292365	96.818676	-33.057324
2979.330442	96.652855	-34.171534
3025.059803	96.484929	-36.894470
3071.491058	96.315276	-37.788996
3118.634980	96.143316	-40.353422
3166.502508	95.968717	-41.053024
3215.104749	95.791439	-43.465319
3264.452980	95.611438	-43.967590
3314.558650	95.426893	-46.228202
3365.433386	95.235044	-46.506241
3417.088991	95.037619	-48.523951
3469.537452	94.836810	-48.445345
3522.790937	94.632920	-50.086417
3576.861804	94.429490	-49.372283
3631.762597	94.289317	-50.135245
3687.506055	94.257970	-48.900462
3744.105113	94.272474	-50.089166
3801.572902	94.287202	-49.406068
3859.922757	94.302155	-50.780018
3919.168216	94.355750	-49.840556
3979.323027	94.499692	-51.162382
4040.401145	94.697195	-50.868500
4102.416744	94.903811	-53.294615
4165.384213	95.109731	-54.096683
4229.318161	95.243879	-57.928243
4294.233423	95.215493	-59.607606
4360.145061	95.103968	-62.939794
4427.068369	94.990732	-63.476990
4495.018873	94.887148	-66.002618
4564.012342	94.832193	-65.860310
4634.064782	94.831533	-68.223714
4705.192448	94.843207	-68.340471
4777.411843	94.855061	-71.005508
4850.739725	94.877150	-71.205845
4925.193107	94.912903	-74.074681
5000.789264	94.952915	-74.555246
5077.545738	94.987716	-77.886543
5155.480336	94.987039	-78.833167
5234.611143	94.932950	-82.458628
5314.956518	94.859209	-83.231957
5396.535104	94.775912	-86.839753
5479.365829	94.628701	-87.750581
5563.467912	94.409855	-91.061294
5648.860868	94.184028	-90.898353
5735.564509	93.999884	-93.035643
5823.598953	93.926276	-92.009200
5912.984627	93.912176	-94.326334
6003.742269	93.906132	-93.755024
6095.892940	93.928343	-96.336736
6189.458019	93.976012	-96.013619
6284.459216	94.029632	-99.131481
6380.918575	94.064557	-99.265085
6478.858476	94.074588	-102.686462
6578.301643	94.084478	-102.735275
6679.271152	94.118736	-106.164499
6781.790428	94.181740	-106.464077
6885.883260	94.232693	-110.744702
6991.573799	94.190525	-111.901109
7098.886568	94.040304	-116.300341
7207.846468	93.873097	-116.417118
7318.478779	93.765381	-119.842576
7430.809171	93.712374	-119.664202
7544.863709	93.668779	-123.476499
7660.668854	93.630550	-123.586129
7778.251478	93.585632	-127.895851
7897.638862	93.478119	-128.464163
8018.858708	93.297559	-132.805538
8141.939142	93.107166	-132.557448
8266.908722	92.949945	-136.212160
8393.796444	92.814804	-135.520680
8522.631749	92.708937	-139.002733
8653.444531	92.633896	-138.062876
8786.265141	92.603512	-141.486399
8921.124398	92.639902	-140.599827
9058.053593	92.687072	-144.738134
9197.084496	92.718584	-144.309559
9338.249366	92.775848	-148.538972
9481.580958	92.938530	-148.203288
9627.112528	93.127579	-153.955378
9774.877844	93.219859	-155.494765
9924.911191	93.187877	-162.679930
10077.247380	92.972018	-164.631762
10231.921757	92.637635	-170.862745
10388.970212	92.414371	-170.906679
10548.429184	92.224321	-177.358329
10710.335671	91.867388	-178.276041
10874.727239	91.413825	-184.136069
11041.642033	90.974856	-183.179695
11211.118781	90.603100	-187.703601
11383.196805	90.333446	-185.924486
11557.916033	90.071366	-190.805903
11735.317004	89.793732	-188.832947
11915.440880	89.568011	-193.095948
12098.329454	89.491444	-190.250636
12284.025162	89.564953	-195.623827
12472.571089	89.485141	-195.140134
12664.010983	89.199667	-201.359971
12858.389263	88.957115	-198.747793
13055.751031	88.857071	-203.620578
13256.142079	88.878851	-200.872390
13459.608904	88.902902	-207.005710
13666.198715	88.925878	-204.563003
13875.959447	89.016682	-210.924445
14088.939769	89.217136	-208.832495
14305.189099	89.347045	-217.232145
14524.757612	89.392678	-215.527469
14747.696254	89.528029	-223.787084
14974.056752	89.765163	-222.282007
15203.891629	89.941285	-233.153775
15437.254212	89.857465	-232.679832
15674.198647	89.721619	-242.041825
15914.779912	90.064525	-237.698287
16159.053828	90.888015	-250.629265
16407.077073	91.091723	-254.271212
16658.907195	90.791815	-269.364135
16914.602625	90.795865	-268.128235
17174.222692	90.807186	-284.179720
17437.827634	90.871756	-283.039668
17705.478614	91.064004	-301.757772
17977.237735	91.202826	-302.852648
18253.168051	91.002958	-327.205480
18533.333587	90.609801	-326.577429
18817.799347	90.460234	-353.393252
19106.631336	90.307212	-352.512400
19399.896571	90.143217	-391.355207
19697.663095	90.015298	-390.405338
20000.000000	89.688320	-482.387886