* FRD data written by MATAA on 05-Jan-2019 10:25:28
* Monkey Coffin 20181219, spliced SPL curve, VM752 (no filter), 1 m from baffle, horizontal angle = +15 deg.
10.000000	25.477299	-545.384024
10.153489	25.739647	-345.007840
10.309333	26.004430	-342.267915
10.467570	26.268225	-274.471905
10.628235	26.531578	-272.084070
10.791367	26.796285	-230.870969
10.957002	27.059230	-228.700646
11.125180	27.323219	-198.906473
11.295939	27.586671	-196.885625
11.469319	27.850910	-173.456647
11.645360	28.114859	-171.558540
11.824103	28.378470	-152.198379
12.005589	28.642008	-150.396559
12.189862	28.905792	-133.859762
12.376962	29.169950	-132.142146
12.566935	29.434350	-117.694633
12.759823	29.696821	-116.056213
12.955672	29.961554	-103.196078
13.154527	30.225460	-101.635301
13.356434	30.488282	-90.045851
13.561440	30.753762	-88.537433
13.769593	31.017310	-77.998282
13.980941	31.280788	-76.549438
14.195532	31.543823	-66.863181
14.413418	31.807770	-65.462071
14.634647	32.071676	-56.504483
14.859273	32.335707	-55.156988
15.087346	32.599383	-46.826608
15.318920	32.862551	-45.525892
15.554048	33.126084	-37.730079
15.792785	33.390417	-36.471736
16.035186	33.654270	-29.158093
16.281308	33.917753	-27.942841
16.531208	34.181634	-21.043188
16.784943	34.446851	-19.868151
17.042573	34.710883	-13.359458
17.304158	34.973900	-12.224495
17.569757	35.237816	-6.043563
17.839433	35.501493	-4.947777
18.113248	35.764462	0.929413
18.391266	36.029314	1.997124
18.673551	36.292854	7.586116
18.960169	36.556535	8.620585
19.251186	36.820221	13.959653
19.546670	37.084556	14.965750
19.846690	37.349984	20.064576
20.151314	37.613168	21.023254
20.460614	37.876260	25.912401
20.774661	38.139673	26.852029
21.093529	38.403906	31.547425
21.417291	38.669466	32.450620
21.746022	38.932281	36.942625
22.079799	39.195623	37.827609
22.418699	39.459301	42.155787
22.762800	39.723641	43.017349
23.112184	39.989574	47.177216
23.466930	40.252828	47.990855
23.827121	40.515670	52.007778
24.192840	40.780314	52.809339
24.564173	41.044112	56.681005
24.941205	41.310334	57.454445
25.324024	41.573266	61.171919
25.712720	41.836644	61.932359
26.107381	42.101756	65.536522
26.508100	42.367133	66.261843
26.914969	42.631546	69.729998
27.328084	42.894577	70.430404
27.747539	43.157890	73.796953
28.173432	43.422413	74.488356
28.605863	43.688647	77.739924
29.044930	43.953024	78.388823
29.490737	44.216662	81.532363
29.943387	44.479552	82.173310
30.402984	44.745012	85.235566
30.869636	45.011883	85.845413
31.343450	45.276509	88.783190
31.824536	45.539218	89.371331
32.313007	45.802410	92.242548
32.808975	46.068355	92.830089
33.312556	46.335846	95.598527
33.823866	46.600461	96.134625
34.343024	46.863361	98.826810
34.870151	47.129895	99.371893
35.405368	47.396750	101.966855
35.948801	47.661204	102.472145
36.500574	47.925814	104.995055
37.060817	48.189585	105.496142
37.629659	48.457193	107.958505
38.207232	48.723875	108.417634
38.793669	48.988231	110.792303
39.389109	49.253648	111.247642
39.993687	49.518373	113.560740
40.607545	49.786235	114.011243
41.230825	50.054620	116.234772
41.863671	50.319664	116.643747
42.506232	50.585199	118.809131
43.158654	50.848977	119.221490
43.821091	51.118789	121.347620
44.493695	51.387365	121.713312
45.176623	51.653358	123.752414
45.870033	51.919714	124.129859
46.574087	52.192077	126.120948
47.288946	52.460498	126.432562
48.014778	52.726905	128.356310
48.751751	52.994523	128.671739
49.500035	53.261260	130.558837
50.259805	53.536141	130.871879
51.031236	53.806416	132.644304
51.814508	54.074820	132.923586
52.609803	54.343911	134.661821
53.417304	54.613539	134.947352
54.237199	54.891895	136.637118
55.069679	55.165431	136.827707
55.914936	55.436986	138.432864
56.773168	55.709096	138.606138
57.644572	55.981244	140.154681
58.529351	56.259709	140.263706
59.427710	56.525264	141.630755
60.339859	56.779411	141.675266
61.266007	57.024876	143.059336
62.206371	57.268352	143.169019
63.161169	57.500558	144.603712
64.130622	57.741538	144.897004
65.114954	57.992621	146.426875
66.114395	58.254835	146.769440
67.129177	58.533859	148.219615
68.159534	58.802193	148.392589
69.205706	59.071876	149.777200
70.267935	59.342528	149.950931
71.346469	59.615511	151.310849
72.441557	59.901054	151.445612
73.553453	60.172544	152.628248
74.682415	60.442663	152.751555
75.828706	60.713483	153.942351
76.992591	60.986856	154.098214
78.174341	61.274865	155.235870
79.374229	61.546813	155.231517
80.592533	61.816889	156.337477
81.829538	62.087293	156.384903
83.085529	62.361883	157.517449
84.360798	62.652273	157.536160
85.655641	62.924813	158.476366
86.970359	63.195843	158.509604
88.305256	63.476277	159.519694
89.660642	63.765915	159.475741
91.036831	64.037938	160.310723
92.434144	64.309388	160.289344
93.852904	64.581225	161.176207
95.293440	64.863959	161.210248
96.756087	65.157056	161.987689
98.241184	65.429743	161.845478
99.749075	65.703314	162.633201
101.280111	65.976198	162.564620
102.834646	66.260920	163.394352
104.413042	66.557823	163.237349
106.015664	66.832029	163.847248
107.642885	67.106343	163.727405
109.295082	67.381144	164.407392
110.972638	67.668822	164.358177
112.675943	67.970318	164.921254
114.405391	68.246027	164.652662
116.161385	68.521833	165.285314
117.944331	68.821080	165.136786
119.754644	69.117368	165.556871
121.592742	69.395477	165.254911
123.459054	69.672709	165.707733
125.354011	69.949530	165.520839
127.278054	70.252077	166.028882
129.231628	70.553222	165.637628
131.215188	70.832265	165.934659
133.229193	71.111575	165.610971
135.274111	71.390976	166.008987
137.350416	71.697745	165.755973
139.458590	72.002308	165.905840
141.599122	72.283207	165.448263
143.772508	72.564075	165.645332
145.979254	72.844664	165.319005
148.219871	73.156442	165.569820
150.494879	73.464771	164.976499
152.804806	73.747231	164.967941
155.150187	74.029916	164.409218
157.531567	74.301292	164.448253
159.949499	74.593332	163.993226
162.404543	74.883788	163.889934
164.897270	75.153657	163.248146
167.428257	75.399296	163.235094
169.998092	75.670375	162.991491
172.607371	75.962399	163.178925
175.256699	76.312418	163.075489
177.946692	76.713152	162.605499
180.677973	76.998180	161.616667
183.451176	77.333320	161.274593
186.266944	77.638585	160.117996
189.125932	77.924169	159.476219
192.028801	78.210166	158.413171
194.976227	78.495639	157.268716
197.968892	78.612035	155.949061
201.007491	78.821599	156.029846
204.092729	79.061281	155.068471
207.225322	79.261848	154.879898
210.405997	79.506121	154.268248
213.635492	79.750907	154.076662
216.914556	80.014468	153.452260
220.243949	80.287264	153.169241
223.624446	80.565438	152.445012
227.056828	80.865654	151.993841
230.541895	81.142578	150.904155
234.080453	81.398855	150.279720
237.673323	81.645457	149.285760
241.321341	81.898286	148.870407
245.025351	82.196881	147.990366
248.786214	82.497387	147.177094
252.604802	82.780933	145.783114
256.482000	83.014093	144.549720
260.418710	83.184865	143.236602
264.415843	83.372617	142.695457
268.474328	83.608638	141.859931
272.595106	83.869529	141.176484
276.779133	84.120771	139.936690
281.027381	84.343538	139.057273
285.340834	84.586435	137.882224
289.720494	84.805363	136.809345
294.167376	85.004496	135.588184
298.682514	85.194553	134.679028
303.266953	85.393804	133.753660
307.921759	85.635678	132.882517
312.648010	85.830596	131.602473
317.446805	86.020122	130.818610
322.319255	86.220607	129.846375
327.266492	86.441962	129.202175
332.289663	86.686375	128.205108
337.389935	86.930744	127.365789
342.568490	87.191164	126.245293
347.826529	87.454321	125.143607
353.165274	87.703119	123.742207
358.585963	87.955372	122.473086
364.089853	88.190102	120.739859
369.678221	88.366095	119.252948
375.352365	88.544888	117.832493
381.113600	88.726422	116.575816
386.963264	88.910045	115.226509
392.902713	89.097284	114.013752
398.933327	89.286653	112.675584
405.056503	89.479042	111.452859
411.273663	89.674122	110.095127
417.586250	89.872065	108.828796
423.995728	90.073794	107.415953
430.503584	90.278192	106.040366
437.111328	90.476202	104.462635
443.820494	90.656323	102.983650
450.632638	90.839749	101.473840
457.549340	91.025361	100.013868
464.572207	91.214481	98.464412
471.702866	91.406007	96.928924
478.942973	91.599505	95.278381
486.294207	91.796003	93.616074
493.758274	91.996683	91.779176
501.336907	92.199594	89.792133
509.031863	92.365888	87.342957
516.844927	92.427456	85.067987
524.777914	92.492843	83.248172
532.832663	92.563575	81.476787
541.011043	92.638353	79.852026
549.314952	92.717541	78.246233
557.746317	92.802584	76.740264
566.307094	92.892383	75.230698
574.999269	92.987674	73.859463
583.824859	93.116078	72.556197
592.785912	93.290535	71.100989
601.884506	93.466505	69.281315
611.122755	93.627917	67.316435
620.502799	93.777832	65.206192
630.026817	93.925626	62.955257
639.697018	94.071769	60.502685
649.515646	94.216907	57.286363
659.484978	94.134841	53.589857
669.607328	93.946506	51.075058
679.885045	93.764596	49.018928
690.320514	93.588746	47.503823
700.916155	93.419732	46.202930
711.674427	93.258549	45.343394
722.597826	93.105027	45.054500
733.688888	93.121786	45.282004
744.950184	93.193646	44.644333
756.384329	93.267494	44.080869
767.993975	93.343106	43.101873
779.781816	93.419373	42.354994
791.750587	93.497287	41.341089
803.903066	93.605074	40.658054
816.242071	93.740734	39.463306
828.770466	93.875609	38.377119
841.491157	94.008171	36.836722
854.407097	94.138901	35.500799
867.521282	94.267041	33.587281
880.836755	94.344150	31.880304
894.356605	94.408962	29.993924
908.083970	94.467377	28.388548
922.022035	94.512098	26.485619
936.174033	94.551212	24.951489
950.543248	94.588443	23.095408
965.133014	94.623577	21.584201
979.946717	94.656637	19.698663
994.987794	94.686906	18.159802
1010.259734	94.713922	16.137731
1025.766081	94.702806	14.457975
1041.510433	94.677255	12.604591
1057.496443	94.656933	11.238506
1073.727820	94.641719	9.548746
1090.208331	94.634658	8.325074
1106.941799	94.647978	6.679251
1123.932106	94.660366	5.335676
1141.183196	94.672206	3.572907
1158.699071	94.683717	2.158297
1176.483794	94.691312	0.314099
1194.541493	94.707660	-1.209916
1212.876357	94.695439	-3.348664
1231.492641	94.650368	-4.940642
1250.394663	94.597938	-6.867793
1269.586811	94.544703	-8.253918
1289.073536	94.490650	-10.075908
1308.859360	94.435768	-11.373147
1328.948875	94.380044	-13.137582
1349.346741	94.323464	-14.369003
1370.057691	94.266016	-16.088420
1391.086530	94.207686	-17.259534
1412.438139	94.148460	-18.933224
1434.117471	94.088326	-20.035937
1456.129556	94.027269	-21.643781
1478.479502	93.965274	-22.629283
1501.172494	93.910838	-24.043821
1524.213798	93.889925	-24.814974
1547.608761	93.897207	-26.311763
1571.362809	93.910236	-27.374602
1595.481455	93.923465	-29.149675
1619.970296	93.936897	-30.407585
1644.835012	93.950535	-32.384243
1670.081374	93.964382	-33.836132
1695.715238	93.978443	-36.053783
1721.742554	93.992718	-37.777246
1748.169360	94.007213	-40.370713
1775.001787	94.021930	-42.651172
1802.246062	93.989748	-46.258659
1829.908506	93.805927	-49.502097
1857.995537	93.491777	-52.901623
1886.513672	93.146913	-54.966372
1915.469528	92.796756	-57.385927
1944.869824	92.441224	-58.809422
1974.721382	92.080235	-60.746486
2005.031127	91.713705	-61.733622
2035.806093	91.341550	-63.294943
2067.053419	90.963682	-63.927038
2098.780357	90.572246	-65.232062
2130.994268	90.144191	-65.583102
2163.702626	89.678053	-66.352450
2196.913020	89.197511	-65.836881
2230.633156	88.709591	-65.694356
2264.870858	88.214184	-64.197175
2299.634071	87.711172	-62.931435
2334.930859	87.200441	-59.965289
2370.769413	86.681869	-56.470729
2407.158049	86.360057	-49.509857
2444.105209	86.650410	-42.589656
2481.619467	87.362147	-37.203117
2519.709526	88.149335	-34.917409
2558.384224	88.948606	-33.150982
2597.652535	89.760144	-33.452239
2637.523571	90.584139	-34.063468
2678.006582	91.404780	-37.202411
2719.110962	92.040779	-41.608059
2760.846247	92.239890	-47.471447
2803.222122	92.218219	-50.820792
2846.248419	92.196215	-54.242259
2889.935121	92.173873	-56.297337
2934.292365	92.151189	-59.135499
2979.330442	92.128156	-60.844624
3025.059803	92.083173	-63.598575
3071.491058	91.995730	-65.114861
3118.634980	91.892356	-67.371894
3166.502508	91.787395	-68.283225
3215.104749	91.680824	-70.012966
3264.452980	91.572617	-70.207799
3314.558650	91.529736	-70.816143
3365.433386	91.654194	-70.178276
3417.088991	91.879439	-71.389289
3469.537452	92.121414	-72.030552
3522.790937	92.367103	-74.274312
3576.861804	92.614980	-75.749425
3631.762597	92.837385	-78.903433
3687.506055	93.014257	-81.065302
3744.105113	93.173410	-84.568135
3801.572902	93.335004	-87.042204
3859.922757	93.499079	-91.290927
3919.168216	93.586192	-95.073390
3979.323027	93.489395	-100.324808
4040.401145	93.284858	-103.576131
4102.416744	93.064599	-107.643793
4165.384213	92.841679	-110.038891
4229.318161	92.629309	-113.549526
4294.233423	92.444367	-115.583431
4360.145061	92.272006	-119.136273
4427.068369	92.097000	-121.412390
4495.018873	91.899992	-125.421399
4564.012342	91.614792	-128.173489
4634.064782	91.231707	-131.983393
4705.192448	90.821805	-133.696891
4777.411843	90.405612	-136.188145
4850.739725	90.120476	-136.352209
4925.193107	90.013174	-138.531764
5000.789264	89.954949	-140.115810
5077.545738	89.871564	-144.314956
5155.480336	89.636886	-147.837607
5234.611143	89.176150	-152.808034
5314.956518	88.629930	-155.189195
5396.535104	88.070990	-158.819662
5479.365829	87.471222	-160.416942
5563.467912	86.826531	-163.263318
5648.860868	86.168812	-163.756897
5735.564509	85.500258	-165.542425
5823.598953	84.819590	-164.826561
5912.984627	84.127482	-164.943384
6003.742269	83.565655	-161.236782
6095.892940	83.478013	-158.619120
6189.458019	83.816831	-156.196703
6284.459216	84.248573	-159.275595
6380.918575	84.296586	-163.394240
6478.858476	83.836730	-168.753558
6578.301643	83.329208	-170.292792
6679.271152	82.843493	-173.569749
6781.790428	82.384813	-174.594709
6885.883260	81.880472	-178.455781
6991.573799	81.150482	-180.271590
7098.886568	80.160046	-182.856489
7207.846468	79.207340	-180.165695
7318.478779	78.699949	-178.408269
7430.809171	78.602489	-176.176929
7544.863709	78.439621	-179.722346
7660.668854	77.931358	-182.172010
7778.251478	77.076736	-189.122279
7897.638862	75.010040	-194.311842
8018.858708	71.528874	-191.826081
8141.939142	68.757385	-168.187256
8266.908722	68.947377	-141.851229
8393.796444	70.793869	-122.181474
8522.631749	73.198818	-111.962495
8653.444531	76.064353	-107.338424
8786.265141	78.434074	-114.470395
8921.124398	79.834911	-121.544084
9058.053593	80.820770	-131.627007
9197.084496	81.362680	-139.905822
9338.249366	81.507256	-151.024789
9481.580958	81.148714	-158.746307
9627.112528	80.482836	-166.666894
9774.877844	79.770451	-169.488159
9924.911191	79.112097	-173.255138
10077.247380	78.691618	-172.696117
10231.921757	78.579799	-175.033100
10388.970212	79.029839	-176.823042
10548.429184	78.997151	-192.248436
10710.335671	75.972115	-201.693691
10874.727239	72.977630	-186.668365
11041.642033	74.507923	-164.509407
11211.118781	77.102542	-169.531248
11383.196805	77.843174	-178.621068
11557.916033	77.801165	-189.250467
11735.317004	77.523328	-194.396658
11915.440880	77.331982	-203.419866
12098.329454	76.935563	-210.814814
12284.025162	75.981082	-222.679757
12472.571089	74.693862	-228.762561
12664.010983	73.148158	-238.888901
12858.389263	71.075728	-243.443069
13055.751031	68.494056	-249.377404
13256.142079	65.420781	-245.914584
13459.608904	61.927823	-235.443090
13666.198715	61.203427	-205.907273
13875.959447	63.084109	-203.113067
14088.939769	61.669122	-201.695290
14305.189099	61.706724	-187.788039
14524.757612	63.767611	-188.165237
14747.696254	62.576746	-209.479184
14974.056752	57.625423	-205.989198
15203.891629	54.793126	-176.741306
15437.254212	55.673681	-146.582321
15674.198647	57.028844	-127.239040
15914.779912	60.478714	-104.937894
16159.053828	64.440550	-106.920129
16407.077073	67.213265	-109.489280
16658.907195	69.567996	-121.951823
16914.602625	71.423986	-131.633813
17174.222692	72.459699	-153.997605
17437.827634	71.721672	-168.660992
17705.478614	70.254671	-182.273482
17977.237735	69.002408	-183.660774
18253.168051	67.540924	-191.535487
18533.333587	65.809352	-184.001629
18817.799347	65.179839	-177.579481
19106.631336	66.048278	-164.159471
19399.896571	67.648726	-165.734456
19697.663095	69.247645	-166.952476
20000.000000	69.692372	-174.741605