* FRD data written by MATAA on 05-Jan-2019 10:25:28
* Monkey Coffin 20181219, spliced SPL curve, SCANR2904WG148 (no filter), 1 m from baffle, horizontal angle = -90 deg.
10.000000	14.594176	-615.978022
10.153489	14.860284	-405.427910
10.309333	15.122482	-402.390218
10.467570	15.387427	-329.659862
10.628235	15.653627	-327.088432
10.791367	15.904966	-282.247829
10.957002	16.178263	-279.840872
11.125180	16.439781	-247.183299
11.295939	16.702361	-244.982310
11.469319	16.967980	-219.111673
11.645360	17.225892	-217.088703
11.824103	17.492630	-195.556015
12.005589	17.754063	-193.688466
12.189862	18.019792	-175.212860
12.376962	18.285870	-173.505034
12.566935	18.535679	-157.314072
12.759823	18.808224	-155.586702
12.955672	19.069005	-141.233362
13.154527	19.331800	-139.601495
13.356434	19.596612	-126.637952
13.561440	19.854597	-125.105435
13.769593	20.119980	-113.245560
13.980941	20.381584	-111.802647
14.195532	20.647054	-100.889795
14.413418	20.913483	-99.568694
14.634647	21.161172	-89.484471
14.859273	21.432146	-88.090093
15.087346	21.693380	-78.771180
15.318920	21.955734	-77.454401
15.554048	22.220024	-68.735972
15.792785	22.476375	-67.491431
16.035186	22.741026	-59.256641
16.281308	23.001074	-58.074651
16.531208	23.267980	-50.296027
16.784943	23.534772	-49.244536
17.042573	23.778465	-41.919357
17.304158	24.048569	-40.747713
17.569757	24.307947	-33.871758
17.839433	24.568186	-32.762557
18.113248	24.831489	-26.215806
18.391266	25.086505	-25.170412
18.673551	25.349614	-18.889896
18.960169	25.607820	-17.889388
19.251186	25.875481	-11.869010
19.546670	26.143978	-11.024557
19.846690	26.379094	-5.334219
20.151314	26.646116	-4.292639
20.460614	26.902977	1.096788
20.774661	27.159500	2.079423
21.093529	27.418839	7.264303
21.417291	27.673163	8.260604
21.746022	27.956487	13.212093
22.079799	28.194595	13.924385
22.418699	28.436021	18.837501
22.762800	28.695586	19.711626
23.112184	28.942223	24.352725
23.466930	29.197226	25.258719
23.827121	29.442826	29.700526
24.192840	29.688787	30.700913
24.564173	29.937380	35.010464
24.941205	30.180013	36.391105
25.324024	30.571368	40.491574
25.712720	30.759048	40.577736
26.107381	30.954876	45.262518
26.508100	31.260917	46.449795
26.914969	31.591505	50.681556
27.328084	31.956304	51.226107
27.747539	32.223787	54.587820
28.173432	32.531660	55.516118
28.605863	32.872490	58.269736
29.044930	32.995915	58.880803
29.490737	33.384046	62.847896
29.943387	33.635004	62.504637
30.402984	33.880772	66.171935
30.869636	34.152596	66.005608
31.343450	34.290056	69.622448
31.824536	34.644924	70.522428
32.313007	34.897085	73.161240
32.808975	35.145858	73.870384
33.312556	35.416646	76.492530
33.823866	35.579926	77.230527
34.343024	35.916980	80.576242
34.870151	36.169772	80.624700
35.405368	36.420400	83.743003
35.948801	36.704773	84.026841
36.500574	36.952278	86.770433
37.060817	37.211283	87.138219
37.629659	37.465085	89.814320
38.207232	37.719098	90.181448
38.793669	37.971147	92.732020
39.389109	38.198804	93.195241
39.993687	38.484622	95.913390
40.607545	38.743398	96.089404
41.230825	38.995971	98.638688
41.863671	39.254698	98.897297
42.506232	39.505993	101.352497
43.158654	39.765891	101.637474
43.821091	40.019437	103.989281
44.493695	40.275393	104.280979
45.176623	40.534334	106.561752
45.870033	40.785662	106.819818
46.574087	41.048241	109.074487
47.288946	41.303284	109.253006
48.014778	41.558122	111.443751
48.751751	41.811924	111.560946
49.500035	42.039039	113.767386
50.259805	42.318875	114.130002
51.031236	42.579121	116.069094
51.814508	42.836992	116.320672
52.609803	43.098712	118.238098
53.417304	43.351142	118.435825
54.237199	43.610944	120.341806
55.069679	43.866260	120.511454
55.914936	44.123817	122.372715
56.773168	44.382984	122.534700
57.644572	44.640909	124.325101
58.529351	44.900551	124.477779
59.427710	45.160567	126.208546
60.339859	45.421335	126.341071
61.266007	45.683370	128.013729
62.206371	45.946657	128.124327
63.161169	46.212508	129.730797
64.130622	46.479661	129.800593
65.114954	46.749896	131.324144
66.114395	47.023732	131.325608
67.129177	47.299685	132.697976
68.159534	47.574998	132.535430
69.205706	47.840650	133.636920
70.267935	48.080453	133.236963
71.346469	48.283617	134.170865
72.441557	48.436963	133.953088
73.553453	48.594881	135.494515
74.682415	48.787939	135.863240
75.828706	49.011058	137.574491
76.992591	49.256309	137.916462
78.174341	49.513074	139.460357
79.374229	49.774232	139.648892
80.592533	50.035923	141.039696
81.829538	50.298563	141.147465
83.085529	50.561580	142.440001
84.360798	50.823361	142.488089
85.655641	51.084768	143.710764
86.970359	51.346083	143.728122
88.305256	51.607504	144.892493
89.660642	51.869318	144.879831
91.036831	52.130277	145.981801
92.434144	52.390870	145.946324
93.852904	52.652039	147.001057
95.293440	52.912831	146.941876
96.756087	53.174089	147.947265
98.241184	53.435019	147.865847
99.749075	53.696474	148.823730
101.280111	53.957808	148.720961
102.834646	54.219842	149.631960
104.413042	54.482199	149.504186
106.015664	54.744356	150.360849
107.642885	55.006322	150.208810
109.295082	55.268409	151.020613
110.972638	55.531435	150.846779
112.675943	55.794103	151.603884
114.405391	56.057010	151.401734
116.161385	56.319156	152.106789
117.944331	56.581650	151.883493
119.754644	56.844621	152.539515
121.592742	57.107003	152.283933
123.459054	57.369440	152.890365
125.354011	57.632050	152.604117
127.278054	57.893116	153.155210
129.231628	58.155079	152.847592
131.215188	58.416638	153.345333
133.229193	58.678109	153.000689
135.274111	58.937874	153.438567
137.350416	59.197008	153.065562
139.458590	59.455225	153.454821
141.599122	59.713093	153.055441
143.772508	59.970587	153.389935
145.979254	60.226177	152.952774
148.219871	60.480713	153.235676
150.494879	60.733671	152.771856
152.804806	60.986197	153.007668
155.150187	61.237402	152.509751
157.531567	61.486205	152.686651
159.949499	61.732811	152.165008
162.404543	61.978964	152.300820
164.897270	62.222599	151.746589
167.428257	62.464140	151.833814
169.998092	62.703403	151.256152
172.607371	62.939991	151.302111
175.256699	63.174977	150.711338
177.946692	63.408364	150.717533
180.677973	63.638607	150.099412
183.451176	63.865603	150.070194
186.266944	64.090847	149.447391
189.125932	64.313720	149.387724
192.028801	64.533964	148.752465
194.976227	64.751532	148.665386
197.968892	64.966206	148.024324
201.007491	65.178085	147.920508
204.092729	65.388287	147.283854
207.225322	65.595499	147.161969
210.405997	65.800506	146.527670
213.635492	66.001443	146.399022
216.914556	66.202484	145.792676
220.243949	66.401508	145.656245
223.624446	66.597811	145.057372
227.056828	66.792380	144.928867
230.541895	66.986094	144.356759
234.080453	67.178255	144.234909
237.673323	67.369802	143.690577
241.321341	67.560490	143.580802
245.025351	67.750853	143.065829
248.786214	67.940504	142.971934
252.604802	68.130340	142.494533
256.482000	68.320606	142.425878
260.418710	68.511555	141.987887
264.415843	68.703124	141.950764
268.474328	68.896403	141.563964
272.595106	69.091376	141.571328
276.779133	69.287983	141.242779
281.027381	69.485350	141.325307
285.340834	69.684384	141.121579
289.720494	69.885131	141.410294
294.167376	70.088056	141.739244
298.682514	70.471216	143.111270
303.266953	71.075243	141.997063
307.921759	71.283879	139.926757
312.648010	71.440569	139.425841
317.446805	71.627294	139.338958
322.319255	72.016424	140.215750
327.266492	72.631312	138.606113
332.289663	72.833603	135.990464
337.389935	73.033127	134.919747
342.568490	73.235893	133.492317
347.826529	73.436038	132.510203
353.165274	73.645295	131.548104
358.585963	73.955036	130.471082
364.089853	74.153198	128.521518
369.678221	74.333611	127.327025
375.352365	74.497925	125.595475
381.113600	74.643623	124.501044
386.963264	74.810284	122.670199
392.902713	74.831523	121.369416
398.933327	74.928161	120.656362
405.056503	75.070939	119.804293
411.273663	75.199232	118.756106
417.586250	75.341006	117.881335
423.995728	75.480120	116.491476
430.503584	75.503207	115.310297
437.111328	75.526067	114.942190
443.820494	75.673020	114.953447
450.632638	75.887649	114.227405
457.549340	76.032281	113.281139
464.572207	76.167326	112.470455
471.702866	76.301093	111.726310
478.942973	76.433169	110.975553
486.294207	76.572749	110.526116
493.758274	76.802765	109.805722
501.336907	76.963113	108.482152
509.031863	77.074190	107.519388
516.844927	77.190335	106.628478
524.777914	77.312092	105.896013
532.832663	77.439097	105.106465
541.011043	77.571462	104.442169
549.314952	77.709367	103.691915
557.746317	77.853831	103.058161
566.307094	78.004263	102.303734
574.999269	78.160701	101.664200
583.824859	78.323333	100.874876
592.785912	78.492827	100.215617
601.884506	78.677137	99.333315
611.122755	78.853761	98.466417
620.502799	79.021496	97.450974
630.026817	79.190012	96.594214
639.697018	79.362641	95.552923
649.515646	79.537143	94.633319
659.484978	79.713859	93.495239
669.607328	79.892632	92.467084
679.885045	80.073215	91.173380
690.320514	80.254946	89.869691
700.916155	80.389445	88.169215
711.674427	80.483566	86.888764
722.597826	80.580298	85.545423
733.688888	80.679641	84.494191
744.950184	80.781059	83.231684
756.384329	80.884729	82.248114
767.993975	80.989937	80.993019
779.781816	81.096895	80.022269
791.750587	81.205935	78.660200
803.903066	81.281585	77.569886
816.242071	81.351102	76.373235
828.770466	81.424759	75.539322
841.491157	81.503530	74.477968
854.407097	81.587656	73.755152
867.521282	81.678033	72.770341
880.836755	81.775662	72.114470
894.356605	81.882370	71.207470
908.083970	82.018693	70.525828
922.022035	82.129823	69.332140
936.174033	82.234745	68.643420
950.543248	82.343567	67.578501
965.133014	82.456668	66.972459
979.946717	82.573986	65.961649
994.987794	82.701515	65.509861
1010.259734	82.873487	64.554626
1025.766081	83.042763	63.794897
1041.510433	83.208842	62.557182
1057.496443	83.371212	61.657305
1073.727820	83.528776	60.280417
1090.208331	83.681161	59.239345
1106.941799	83.805015	57.740516
1123.932106	83.927521	56.842787
1141.183196	84.052979	55.483102
1158.699071	84.181397	54.654564
1176.483794	84.312971	53.344935
1194.541493	84.448177	52.575837
1212.876357	84.589801	51.395457
1231.492641	84.772120	50.755283
1250.394663	84.965104	49.359714
1269.586811	85.161049	48.458363
1289.073536	85.360002	46.877700
1308.859360	85.562008	45.823073
1328.948875	85.767115	44.077036
1349.346741	85.975371	42.867249
1370.057691	86.186823	40.935650
1391.086530	86.401520	39.540548
1412.438139	86.619513	37.376061
1434.117471	86.840851	35.728854
1456.129556	87.065586	33.225241
1478.479502	87.293772	31.129855
1501.172494	87.498936	27.840969
1524.213798	87.600158	24.942016
1547.608761	87.614049	21.665496
1571.362809	87.610591	19.470609
1595.481455	87.607081	16.732913
1619.970296	87.603516	14.839446
1644.835012	87.599896	12.272242
1670.081374	87.596221	10.510915
1695.715238	87.592491	8.010393
1721.742554	87.588702	6.298735
1748.169360	87.584855	3.782013
1775.001787	87.580950	2.000312
1802.246062	87.561602	-0.759315
1829.908506	87.492619	-2.755078
1857.995537	87.380958	-5.364675
1886.513672	87.259130	-6.875522
1915.469528	87.135433	-9.077188
1944.869824	87.009837	-10.264768
1974.721382	86.882314	-12.196524
2005.031127	86.752833	-13.086324
2035.806093	86.621365	-14.711783
2067.053419	86.487879	-15.180781
2098.780357	86.371961	-16.187154
2130.994268	86.331565	-15.951929
2163.702626	86.370121	-16.871208
2196.913020	86.427578	-17.137499
2230.633156	86.485917	-18.528011
2264.870858	86.545151	-19.006889
2299.634071	86.605295	-20.531240
2334.930859	86.666361	-21.040925
2370.769413	86.728365	-22.510756
2407.158049	86.816409	-22.719109
2444.105209	86.981431	-23.983549
2481.619467	87.200080	-24.583470
2519.709526	87.429994	-26.654641
2558.384224	87.663436	-27.937382
2597.652535	87.900461	-30.628049
2637.523571	88.141125	-32.545325
2678.006582	88.380448	-36.096990
2719.110962	88.561408	-39.201160
2760.846247	88.604657	-43.667225
2803.222122	88.578165	-46.520705
2846.248419	88.551266	-50.377202
2889.935121	88.523954	-53.042232
2934.292365	88.496224	-57.075051
2979.330442	88.468068	-60.323491
3025.059803	88.319491	-65.651889
3071.491058	87.936574	-69.400540
3118.634980	87.466727	-73.294541
3166.502508	86.989667	-75.159633
3215.104749	86.505286	-77.732983
3264.452980	86.013470	-78.285945
3314.558650	85.576808	-79.231243
3365.433386	85.290691	-78.417213
3417.088991	85.092734	-79.316537
3469.537452	84.904162	-78.993072
3522.790937	84.712696	-80.014520
3576.861804	84.524616	-79.159928
3631.762597	84.450578	-79.112572
3687.506055	84.570892	-77.879955
3744.105113	84.774671	-79.139863
3801.572902	84.981577	-79.625523
3859.922757	85.191660	-82.323433
3919.168216	85.347797	-84.329337
3979.323027	85.373084	-88.260041
4040.401145	85.322332	-90.362878
4102.416744	85.261749	-93.997926
4165.384213	85.195540	-96.299826
4229.318161	85.037285	-100.869960
4294.233423	84.676648	-103.613488
4360.145061	84.210007	-106.944548
4427.068369	83.736204	-107.627999
4495.018873	83.288887	-109.028261
4564.012342	82.983555	-107.856906
4634.064782	82.836961	-108.624492
4705.192448	82.724709	-108.064182
4777.411843	82.610735	-109.070504
4850.739725	82.635690	-107.823840
4925.193107	82.847527	-109.174357
5000.789264	83.114535	-109.926128
5077.545738	83.363120	-113.832550
5155.480336	83.476294	-117.034106
5234.611143	83.384744	-122.400984
5314.956518	83.219018	-125.495556
5396.535104	83.006131	-131.340389
5479.365829	82.458184	-135.890493
5563.467912	81.534341	-140.517845
5648.860868	80.574709	-140.223209
5735.564509	79.793729	-139.432582
5823.598953	79.486292	-135.573977
5912.984627	79.433847	-135.592026
6003.742269	79.370822	-134.440538
6095.892940	79.273335	-135.946535
6189.458019	79.144671	-135.166183
6284.459216	79.010995	-136.233310
6380.918575	79.053286	-134.349751
6478.858476	79.328172	-135.976675
6578.301643	79.615159	-137.022127
6679.271152	79.753702	-141.811582
6781.790428	79.716249	-144.324487
6885.883260	79.611822	-149.346420
6991.573799	79.423669	-152.125336
7098.886568	79.138697	-157.596247
7207.846468	78.747962	-160.859600
7318.478779	78.083930	-166.896831
7430.809171	77.166940	-168.615494
7544.863709	76.217866	-171.108029
7660.668854	75.300457	-169.337943
7778.251478	74.448313	-168.362095
7897.638862	73.976683	-162.609809
8018.858708	73.951741	-160.646559
8141.939142	74.070307	-157.424746
8266.908722	74.214770	-158.236097
8393.796444	74.397225	-156.503906
8522.631749	74.708336	-158.546030
8653.444531	75.160827	-159.522554
8786.265141	75.369251	-166.671797
8921.124398	75.129154	-170.701669
9058.053593	74.702402	-177.279366
9197.084496	74.095489	-179.909597
9338.249366	73.373695	-184.926743
9481.580958	72.597256	-185.430608
9627.112528	71.839348	-188.366674
9774.877844	71.223601	-187.114822
9924.911191	70.690755	-190.298967
10077.247380	70.097704	-190.435628
10231.921757	69.343955	-195.671128
10388.970212	68.075785	-197.135581
10548.429184	66.312566	-200.190896
10710.335671	64.011160	-194.139244
10874.727239	61.996332	-182.056925
11041.642033	61.557026	-161.173398
11211.118781	62.352451	-147.375513
11383.196805	63.999849	-134.379458
11557.916033	65.767142	-132.765135
11735.317004	67.317651	-130.111929
11915.440880	68.675660	-135.316153
12098.329454	69.753238	-137.846901
12284.025162	70.488702	-147.732717
12472.571089	70.633965	-153.489740
12664.010983	70.226362	-163.210415
12858.389263	69.479432	-164.746078
13055.751031	68.634151	-168.504304
13256.142079	67.996313	-163.206734
13459.608904	67.815044	-161.857088
13666.198715	68.267263	-154.629739
13875.959447	69.118853	-157.563281
14088.939769	69.699410	-157.394991
14305.189099	69.944851	-163.917532
14524.757612	70.151651	-162.293422
14747.696254	70.604436	-167.871437
14974.056752	71.183761	-168.166646
15203.891629	71.621555	-178.910030
15437.254212	71.574035	-183.879123
15674.198647	70.515378	-197.300160
15914.779912	68.503616	-190.204297
16159.053828	68.852271	-181.134125
16407.077073	70.814946	-176.157382
16658.907195	72.115226	-186.822397
16914.602625	73.376272	-193.538971
17174.222692	72.889311	-213.862193
17437.827634	71.923465	-212.597655
17705.478614	71.994693	-220.470918
17977.237735	72.597959	-219.896629
18253.168051	72.913301	-236.995224
18533.333587	72.830025	-239.942217
18817.799347	72.599868	-258.822856
19106.631336	72.254456	-260.384910
19399.896571	72.015629	-282.998939
19697.663095	71.455121	-287.508635
20000.000000	69.804958	-326.430466