* FRD data written by MATAA on 05-Jan-2019 10:25:28
* Monkey Coffin 20181219, spliced SPL curve, 12PR320 (no filter), 1 m from baffle, horizontal angle = +45 deg.
10.000000	28.149082	-376.097564
10.153489	28.582262	-166.021206
10.309333	29.022090	-160.045057
10.467570	29.468669	-89.812481
10.628235	29.998606	-83.577905
10.791367	30.607450	-40.729166
10.957002	31.303603	-34.905492
11.125180	32.048583	-4.256957
11.295939	32.834795	0.789193
11.469319	33.653116	24.472575
11.645360	34.497591	28.746504
11.824103	35.351945	47.768504
12.005589	36.212925	51.326438
12.189862	37.074861	67.063660
12.376962	37.934056	70.020602
12.566935	38.789972	83.309643
12.759823	39.632984	85.746475
12.955672	40.469309	97.193522
13.154527	41.297247	99.245261
13.356434	42.118124	109.220757
13.561440	42.928883	110.902674
13.769593	43.722891	119.673785
13.980941	44.512448	121.125059
14.195532	45.292715	128.924336
14.413418	46.063687	130.126535
14.634647	46.827493	137.108098
14.859273	47.580084	138.087630
15.087346	48.325119	144.389901
15.318920	49.064489	145.204136
15.554048	49.797588	150.897744
15.792785	50.522716	151.531413
16.035186	51.240856	156.697664
16.281308	51.952987	157.188572
16.531208	52.660076	161.892965
16.784943	53.362106	162.245270
17.042573	54.060660	166.519252
17.304158	54.750178	166.717752
17.569757	55.436548	170.632135
17.839433	56.120694	170.716932
18.113248	56.801540	174.260638
18.391266	57.476161	174.195822
18.673551	58.147100	177.409619
18.960169	58.812582	177.217770
19.251186	59.474834	180.136095
19.546670	60.134800	179.830053
19.846690	60.792782	182.446886
20.151314	61.444327	181.993077
20.460614	62.093990	184.343129
20.774661	62.741237	183.758603
21.093529	63.385187	185.821638
21.417291	64.024061	185.075551
21.746022	64.655147	186.874263
22.079799	65.286003	186.022708
22.418699	65.913142	187.564367
22.762800	66.536702	186.553730
23.112184	67.155137	187.820889
23.466930	67.765131	186.651275
23.827121	68.373237	187.687926
24.192840	68.973683	186.352429
24.564173	69.568557	187.141536
24.941205	70.157943	185.641432
25.324024	70.736445	186.164413
25.712720	71.307770	184.514477
26.107381	71.869472	184.803033
26.508100	72.422292	183.006861
26.914969	72.968003	183.060982
27.328084	73.497193	181.082242
27.747539	74.016601	180.941595
28.173432	74.524078	178.832935
28.605863	75.019059	178.495810
29.044930	75.503943	176.243898
29.490737	75.965967	175.682183
29.943387	76.414309	173.361470
30.402984	76.850484	172.683807
30.869636	77.271845	170.267416
31.343450	77.676314	169.436348
31.824536	78.059473	166.958559
32.313007	78.430929	166.078829
32.808975	78.786737	163.573185
33.312556	79.125695	162.623346
33.823866	79.452257	160.113844
34.343024	79.756915	159.105939
34.870151	80.049725	156.662180
35.405368	80.330967	155.671698
35.948801	80.599675	153.266857
36.500574	80.857462	152.271271
37.060817	81.098249	149.905174
37.629659	81.329366	148.969036
38.207232	81.552794	146.705399
38.793669	81.768779	145.800134
39.389109	81.974651	143.590198
39.993687	82.170635	142.728756
40.607545	82.362093	140.620022
41.230825	82.546292	139.803111
41.863671	82.726171	137.767927
42.506232	82.898160	136.986102
43.158654	83.066557	135.032957
43.821091	83.228893	134.296713
44.493695	83.388774	132.429263
45.176623	83.546328	131.735071
45.870033	83.700365	129.920151
46.574087	83.850891	129.250665
47.288946	83.998064	127.495328
48.014778	84.143018	126.859793
48.751751	84.286240	125.161902
49.500035	84.427510	124.542747
50.259805	84.565525	122.888231
51.031236	84.702581	122.293608
51.814508	84.837675	120.682355
52.609803	84.971493	120.097773
53.417304	85.102445	118.521576
54.237199	85.232825	117.957071
55.069679	85.362813	116.413538
55.914936	85.489894	115.842726
56.773168	85.615861	114.330070
57.644572	85.740005	113.763264
58.529351	85.862420	112.279081
59.427710	85.984350	111.719954
60.339859	86.104754	110.254613
61.266007	86.223578	109.691735
62.206371	86.340984	108.244224
63.161169	86.455995	107.678856
64.130622	86.570295	106.255148
65.114954	86.682550	105.689540
66.114395	86.794680	104.283404
67.129177	86.903638	103.707496
68.159534	87.012087	102.320914
69.205706	87.118019	101.740056
70.267935	87.222670	100.373529
71.346469	87.326420	99.792334
72.441557	87.427923	98.436976
73.553453	87.528434	97.854119
74.682415	87.626884	96.511522
75.828706	87.723624	95.927761
76.992591	87.819795	94.604104
78.174341	87.913647	94.008154
79.374229	88.004808	92.700593
80.592533	88.095908	92.114947
81.829538	88.185333	90.819900
83.085529	88.272908	90.228855
84.360798	88.359295	88.952260
85.655641	88.444258	88.358508
86.970359	88.527228	87.094206
88.305256	88.608360	86.505092
89.660642	88.689536	85.263346
91.036831	88.768015	84.666272
92.434144	88.845308	83.448469
93.852904	88.922857	82.855755
95.293440	88.997019	81.647451
96.756087	89.072199	81.065311
98.241184	89.145310	79.867760
99.749075	89.217201	79.282717
101.280111	89.287765	78.106672
102.834646	89.358192	77.527607
104.413042	89.427836	76.362220
106.015664	89.495192	75.776941
107.642885	89.562073	74.635075
109.295082	89.628515	74.054681
110.972638	89.693859	72.925013
112.675943	89.758352	72.346186
114.405391	89.822040	71.235000
116.161385	89.886166	70.661500
117.944331	89.949543	69.553681
119.754644	90.010686	68.976169
121.592742	90.073235	67.888053
123.459054	90.133158	67.302754
125.354011	90.193819	66.230683
127.278054	90.252858	65.643404
129.231628	90.312070	64.587941
131.215188	90.371928	63.997744
133.229193	90.429444	62.937692
135.274111	90.486550	62.349614
137.350416	90.543671	61.304179
139.458590	90.599932	60.709641
141.599122	90.656027	59.672916
143.772508	90.711499	59.070334
145.979254	90.765812	58.037748
148.219871	90.819716	57.432465
150.494879	90.872880	56.407219
152.804806	90.925456	55.796958
155.150187	90.977666	54.777507
157.531567	91.028572	54.155286
159.949499	91.077902	53.144459
162.404543	91.127625	52.525217
164.897270	91.175926	51.520017
167.428257	91.224329	50.897424
169.998092	91.271558	49.894726
172.607371	91.317730	49.264474
175.256699	91.362879	48.268118
177.946692	91.406391	47.636572
180.677973	91.450211	46.654507
183.451176	91.492051	46.015709
186.266944	91.532986	45.047434
189.125932	91.573862	44.414561
192.028801	91.613439	43.452438
194.976227	91.651737	42.821951
197.968892	91.689915	41.878680
201.007491	91.727169	41.252140
204.092729	91.764416	40.323241
207.225322	91.800212	39.696738
210.405997	91.835336	38.789152
213.635492	91.871351	38.176837
216.914556	91.906714	37.279102
220.243949	91.941075	36.670774
223.624446	91.975750	35.798191
227.056828	92.010421	35.202087
230.541895	92.045839	34.353191
234.080453	92.082193	33.765923
237.673323	92.118749	32.932565
241.321341	92.156544	32.354676
245.025351	92.195241	31.538281
248.786214	92.235298	30.965802
252.604802	92.276621	30.163388
256.482000	92.319397	29.595116
260.418710	92.364528	28.806899
264.415843	92.411645	28.235476
268.474328	92.461335	27.449097
272.595106	92.512276	26.862121
276.779133	92.565285	26.079161
281.027381	92.622068	25.483164
285.340834	92.680668	24.681620
289.720494	92.740578	24.057738
294.167376	92.803415	23.251463
298.682514	92.868378	22.600269
303.266953	92.935876	21.801166
307.921759	93.016747	21.130419
312.648010	93.096431	20.215942
317.446805	93.176409	19.435010
322.319255	93.256041	18.454492
327.266492	93.335930	17.588864
332.289663	93.412930	16.532059
337.389935	93.488580	15.598608
342.568490	93.563839	14.484746
347.826529	93.635439	13.467057
353.165274	93.704245	12.293400
358.585963	93.769635	11.213053
364.089853	93.832194	9.990066
369.678221	93.891139	8.846173
375.352365	93.945276	7.571601
381.113600	93.995371	6.376682
386.963264	94.040325	5.063197
392.902713	94.080664	3.828920
398.933327	94.116792	2.488423
405.056503	94.147272	1.215268
411.273663	94.173243	-0.146425
417.586250	94.192679	-1.451550
423.995728	94.206155	-2.816973
430.503584	94.215560	-4.120303
437.111328	94.220831	-5.482520
443.820494	94.220690	-6.798153
450.632638	94.215789	-8.150066
457.549340	94.206623	-9.459646
464.572207	94.193194	-10.792272
471.702866	94.176485	-12.088644
478.942973	94.157015	-13.400156
486.294207	94.133838	-14.695940
493.758274	94.106691	-15.984906
501.336907	94.078565	-17.260891
509.031863	94.047726	-18.533778
516.844927	94.015036	-19.808669
524.777914	93.980123	-21.068687
532.832663	93.943501	-22.345211
541.011043	93.905780	-23.596850
549.314952	93.866545	-24.889910
557.746317	93.826209	-26.149664
566.307094	93.784540	-27.477824
574.999269	93.741713	-28.767881
583.824859	93.698127	-30.166517
592.785912	93.653385	-31.552349
601.884506	93.599651	-33.174915
611.122755	93.507653	-34.777765
620.502799	93.386684	-36.348009
630.026817	93.259262	-37.673244
639.697018	93.126841	-39.071630
649.515646	92.989231	-40.249488
659.484978	92.847265	-41.564880
669.607328	92.700456	-42.614493
679.885045	92.550691	-43.906168
690.320514	92.397981	-44.885873
700.916155	92.204560	-46.604188
711.674427	91.840062	-46.915068
722.597826	91.751171	-46.595884
733.688888	91.649965	-47.340079
744.950184	91.535875	-47.887586
756.384329	91.408094	-48.680947
767.993975	91.265959	-49.341437
779.781816	91.108787	-50.050970
791.750587	90.935822	-50.585732
803.903066	90.765226	-51.013788
816.242071	90.592011	-51.368016
828.770466	90.416137	-51.597335
841.491157	90.237564	-51.744324
854.407097	90.056251	-51.707645
867.521282	89.872154	-51.544859
880.836755	89.685232	-51.085983
894.356605	89.495440	-50.227377
908.083970	89.395450	-48.587274
922.022035	89.458645	-47.181578
936.174033	89.575002	-46.357578
950.543248	89.693144	-45.977928
965.133014	89.813101	-45.724302
979.946717	89.934899	-45.744007
994.987794	90.058567	-45.794969
1010.259734	90.184132	-46.090993
1025.766081	90.311625	-46.376187
1041.510433	90.441074	-46.904754
1057.496443	90.572510	-47.399842
1073.727820	90.705965	-48.148598
1090.208331	90.841467	-48.853195
1106.941799	90.979048	-49.831345
1123.932106	91.118742	-50.767443
1141.183196	91.260581	-52.010691
1158.699071	91.404595	-53.240512
1176.483794	91.550821	-54.845420
1194.541493	91.699291	-56.620753
1212.876357	91.785283	-59.064190
1231.492641	91.774605	-61.190838
1250.394663	91.743760	-63.180090
1269.586811	91.712440	-64.848714
1289.073536	91.680639	-66.661570
1308.859360	91.648351	-68.235785
1328.948875	91.615566	-70.025336
1349.346741	91.582279	-71.598998
1370.057691	91.548480	-73.435070
1391.086530	91.514163	-75.073234
1412.438139	91.479319	-77.024111
1434.117471	91.443941	-78.809435
1456.129556	91.408019	-80.991834
1478.479502	91.371545	-83.131807
1501.172494	91.306699	-86.010646
1524.213798	91.128558	-88.872315
1547.608761	90.854476	-91.601501
1571.362809	90.557770	-93.591308
1595.481455	90.256510	-95.601712
1619.970296	89.950627	-97.120765
1644.835012	89.640049	-98.771336
1670.081374	89.324704	-99.962856
1695.715238	89.004518	-101.317144
1721.742554	88.679417	-102.206426
1748.169360	88.349327	-103.262511
1775.001787	88.014171	-103.814948
1802.246062	87.679190	-104.484805
1829.908506	87.356129	-104.625027
1857.995537	87.042503	-105.001663
1886.513672	86.726987	-104.907892
1915.469528	86.406628	-104.989617
1944.869824	86.081351	-104.477252
1974.721382	85.751082	-104.028980
2005.031127	85.415743	-102.805987
2035.806093	85.075258	-101.379353
2067.053419	84.729546	-98.554660
2098.780357	84.508209	-94.086345
2130.994268	84.794440	-87.872747
2163.702626	85.611063	-84.040894
2196.913020	86.561245	-82.674634
2230.633156	87.526012	-83.562695
2264.870858	88.505586	-85.735274
2299.634071	89.500196	-90.043959
2334.930859	90.510072	-96.108402
2370.769413	91.535449	-105.987563
2407.158049	92.097168	-121.549281
2444.105209	91.222419	-139.547524
2481.619467	89.357915	-151.326197
2519.709526	87.313687	-158.314645
2558.384224	85.238082	-161.205925
2597.652535	83.130619	-161.544425
2637.523571	80.990809	-157.737045
2678.006582	78.884130	-149.241132
2719.110962	77.558299	-132.392553
2760.846247	78.053601	-115.380426
2803.222122	79.479360	-105.616508
2846.248419	80.927004	-101.802132
2889.935121	82.396867	-100.959542
2934.292365	83.889291	-104.187267
2979.330442	85.404622	-112.400937
3025.059803	85.994253	-129.141961
3071.491058	84.757640	-144.259044
3118.634980	82.861013	-151.973167
3166.502508	80.935276	-154.448446
3215.104749	78.979980	-153.456848
3264.452980	76.994673	-147.016343
3314.558650	75.631524	-133.389743
3365.433386	75.884160	-117.572355
3417.088991	77.103972	-108.430072
3469.537452	78.471828	-104.021696
3522.790937	79.860679	-103.753773
3576.861804	81.243587	-107.045531
3631.762597	82.143738	-115.636498
3687.506055	82.215121	-124.120665
3744.105113	81.935812	-130.753348
3801.572902	81.652215	-135.650330
3859.922757	81.364265	-141.535599
3919.168216	80.852433	-148.122227
3979.323027	79.821234	-154.943687
4040.401145	78.480815	-158.291164
4102.416744	77.085076	-159.825465
4165.384213	75.675229	-158.384139
4229.318161	74.385453	-155.068501
4294.233423	73.387161	-149.545011
4360.145061	72.529952	-144.426550
4427.068369	71.659586	-136.960554
4495.018873	71.016249	-126.255502
4564.012342	71.422995	-111.696538
4634.064782	72.999715	-102.400084
4705.192448	74.861204	-98.894385
4777.411843	76.751264	-102.413914
4850.739725	77.889634	-111.444936
4925.193107	78.010504	-120.722771
5000.789264	77.845106	-126.371968
5077.545738	77.645377	-132.126479
5155.480336	77.246041	-137.203286
5234.611143	76.549123	-141.878367
5314.956518	75.738778	-143.545375
5396.535104	74.963090	-143.696631
5479.365829	74.525711	-141.027301
5563.467912	74.469510	-140.099016
5648.860868	74.450259	-139.508150
5735.564509	74.510372	-139.818518
5823.598953	74.771408	-140.100992
5912.984627	75.143431	-143.371513
6003.742269	75.398758	-148.412214
6095.892940	75.238581	-156.056324
6189.458019	74.704307	-161.971740
6284.459216	74.073163	-168.343774
6380.918575	73.154843	-174.156014
6478.858476	71.860875	-179.110724
6578.301643	70.524496	-180.448235
6679.271152	69.271369	-181.227490
6781.790428	68.119933	-179.969138
6885.883260	67.010313	-179.002903
6991.573799	66.004871	-175.789418
7098.886568	65.122633	-172.994529
7207.846468	64.460175	-167.393146
7318.478779	64.485926	-162.930354
7430.809171	65.146344	-163.087065
7544.863709	65.171640	-174.300473
7660.668854	63.155474	-184.778373
7778.251478	60.189957	-185.501056
7897.638862	57.593983	-176.427618
8018.858708	55.436851	-161.870366
8141.939142	54.807475	-135.893943
8266.908722	57.803191	-116.020445
8393.796444	61.937430	-125.556341
8522.631749	61.872466	-158.643106
8653.444531	56.947328	-172.662942
8786.265141	52.976014	-157.612607
8921.124398	51.802622	-139.918904
9058.053593	50.916734	-130.562675
9197.084496	49.000261	-117.328205
9338.249366	47.816209	-88.347308
9481.580958	50.615380	-57.330954
9627.112528	55.091188	-51.872907
9774.877844	57.821271	-61.999480
9924.911191	58.623984	-76.807689
10077.247380	57.451169	-88.091648
10231.921757	55.275412	-84.724286
10388.970212	55.277314	-70.524290
10548.429184	56.489684	-68.363877
10710.335671	56.659134	-70.235992
10874.727239	56.325499	-69.466228
11041.642033	56.290932	-65.567149
11211.118781	56.215303	-63.451304
11383.196805	56.111279	-55.172523
11557.916033	57.972735	-45.110916
11735.317004	61.357850	-55.092897
11915.440880	61.355550	-85.206838
12098.329454	57.687189	-103.210718
12284.025162	52.779885	-102.795474
12472.571089	48.209945	-79.669176
12664.010983	46.562392	-35.538115
12858.389263	50.781627	5.740594
13055.751031	56.918363	10.977216
13256.142079	60.832375	-2.739972
13459.608904	62.407906	-22.073590
13666.198715	62.400957	-35.624860
13875.959447	62.155683	-42.850940
14088.939769	62.840782	-50.943245
14305.189099	62.242288	-70.090452
14524.757612	59.276295	-80.704263
14747.696254	56.284763	-72.059453
14974.056752	56.708187	-59.102979
15203.891629	56.774435	-67.189194
15437.254212	54.937226	-66.252034
15674.198647	54.216175	-63.488208
15914.779912	52.243557	-66.626875
16159.053828	48.097642	-49.445567
16407.077073	48.674441	-5.178589
16658.907195	54.361402	10.059232
16914.602625	58.466760	-8.355041
17174.222692	57.954635	-37.888381
17437.827634	54.498286	-44.527608
17705.478614	52.704719	-41.068184
17977.237735	49.527945	-37.993301
18253.168051	47.036034	-14.360885
18533.333587	45.379735	7.179873
18817.799347	45.224387	57.833701
19106.631336	51.935379	85.353160
19399.896571	56.288135	86.193073
19697.663095	57.590442	75.971787
20000.000000	57.891856	137.086396