* FRD data written by MATAA on 05-Jan-2019 10:25:28
* Monkey Coffin 20181219, spliced SPL curve, SCANR2904WG148 (no filter), 1 m from baffle, horizontal angle = +60 deg.
10.000000	17.567743	-664.527417
10.153489	17.833851	-443.054997
10.309333	18.096158	-440.318287
10.467570	18.361994	-363.301266
10.628235	18.628194	-360.989838
10.791367	18.879533	-313.272578
10.957002	19.153157	-311.084124
11.125180	19.415348	-276.199233
11.295939	19.677929	-274.192454
11.469319	19.943547	-246.476425
11.645360	20.201459	-244.621518
11.824103	20.468197	-221.501276
12.005589	20.729630	-219.779796
12.189862	20.996071	-199.903752
12.376962	21.262437	-198.331269
12.566935	21.512246	-180.884639
12.759823	21.785667	-179.275864
12.955672	22.046572	-163.788990
13.154527	22.309367	-162.261685
13.356434	22.575138	-148.258454
13.561440	22.832164	-146.827131
13.769593	23.097698	-133.995057
13.980941	23.360151	-132.641779
14.195532	23.625881	-120.831064
14.413418	23.893050	-119.591566
14.634647	24.141108	-108.669791
14.859273	24.412713	-107.351422
15.087346	24.673947	-97.248056
15.318920	24.936301	-95.997397
15.554048	25.201180	-86.535240
15.792785	25.457942	-85.353380
16.035186	25.723291	-76.416033
16.281308	25.983641	-75.294829
16.531208	26.250547	-66.849202
16.784943	26.517339	-65.848421
17.042573	26.761950	-57.883114
17.304158	27.033110	-56.764225
17.569757	27.292542	-49.282263
17.839433	27.553753	-48.218351
18.113248	27.817056	-41.095515
18.391266	28.072263	-40.087186
18.673551	28.336428	-33.249937
18.960169	28.595387	-32.290265
19.251186	28.863048	-25.738048
19.546670	29.131955	-24.923973
19.846690	29.368126	-18.720268
20.151314	29.635683	-17.711211
20.460614	29.893119	-11.825942
20.774661	30.150697	-10.870356
21.093529	30.411090	-5.211608
21.417291	30.665730	-4.242800
21.746022	30.949849	1.171477
22.079799	31.189011	1.857864
22.418699	31.430588	7.215319
22.762800	31.691113	8.072474
23.112184	31.938790	13.141144
23.466930	32.193863	14.029749
23.827121	32.440518	18.893593
24.192840	32.687533	19.878087
24.564173	32.937180	24.594335
24.941205	33.180868	25.960811
25.324024	33.573278	30.455766
25.712720	33.762013	30.528629
26.107381	33.958443	35.596806
26.508100	34.265498	36.776795
26.914969	34.597072	41.382643
27.328084	34.963105	41.922696
27.747539	35.232026	45.647674
28.173432	35.540954	46.571761
28.605863	35.883621	49.681476
29.044930	36.008319	50.282584
29.490737	36.396613	54.598697
29.943387	36.649466	54.257995
30.402984	36.896344	58.263397
30.869636	37.170220	58.100220
31.343450	37.308845	62.044737
31.824536	37.665656	62.950237
32.313007	37.918873	65.907461
32.808975	38.169250	66.629475
33.312556	38.442543	69.562989
33.823866	38.606878	70.306369
34.343024	38.945425	73.963322
34.870151	39.200327	74.023949
35.405368	39.453064	77.441895
35.948801	39.738943	77.736940
36.500574	39.988162	80.778406
37.060817	40.249277	81.164250
37.629659	40.505958	84.131049
38.207232	40.762313	84.510582
38.793669	41.016471	87.344035
39.389109	41.246239	87.824192
39.993687	41.534167	90.820862
40.607545	41.795096	91.019499
41.230825	42.050734	93.842973
41.863671	42.311723	94.121483
42.506232	42.565975	96.846573
43.158654	42.828244	97.152213
43.821091	43.084637	99.770032
44.493695	43.343073	100.085192
45.176623	43.605178	102.629837
45.870033	43.859671	102.910488
46.574087	44.124879	105.422171
47.288946	44.383212	105.630560
48.014778	44.641625	108.072463
48.751751	44.898592	108.217105
49.500035	45.128872	110.671183
50.259805	45.411874	111.067539
51.031236	45.676150	113.251609
51.814508	45.937320	113.537657
52.609803	46.204158	115.697261
53.417304	46.459800	115.919138
54.237199	46.722936	118.070901
55.069679	46.983385	118.275658
55.914936	47.245161	120.368025
56.773168	47.508546	120.565032
57.644572	47.770689	122.586394
58.529351	48.034909	122.777991
59.427710	48.299785	124.736025
60.339859	48.565239	124.907454
61.266007	48.832549	126.805781
62.206371	49.101111	126.952718
63.161169	49.371604	128.779966
64.130622	49.644351	128.893531
65.114954	49.920174	130.631773
66.114395	50.199285	130.676901
67.129177	50.481365	132.263095
68.159534	50.762101	132.142651
69.205706	51.033992	133.458255
70.267935	51.280125	133.100514
71.346469	51.489616	134.242191
72.441557	51.649288	134.067530
73.553453	51.813534	135.814460
74.682415	52.013155	136.230799
75.828706	52.243657	138.146469
76.992591	52.496290	138.531408
78.174341	52.760038	140.272866
79.374229	53.028434	140.508825
80.592533	53.298055	142.095494
81.829538	53.568079	142.245828
83.085529	53.838480	143.735456
84.360798	54.108993	143.830803
85.655641	54.378438	145.240432
86.970359	54.647922	145.304755
88.305256	54.917782	146.658334
89.660642	55.188931	146.691381
91.036831	55.458439	147.975259
92.434144	55.728473	147.985420
93.852904	55.998194	149.219840
95.293440	56.269304	149.208319
96.756087	56.539335	150.385054
98.241184	56.810589	150.354995
99.749075	57.081812	151.478777
101.280111	57.353359	151.424553
102.834646	57.625274	152.498860
104.413042	57.898179	152.422298
106.015664	58.171381	153.437253
107.642885	58.443849	153.330100
109.295082	58.716642	154.298260
110.972638	58.990611	154.172989
112.675943	59.265259	155.081927
114.405391	59.539283	154.920211
116.161385	59.812808	155.774087
117.944331	60.086908	155.595228
119.754644	60.362418	156.394289
121.592742	60.636473	156.176747
123.459054	60.911510	156.922159
125.354011	61.185823	156.670358
127.278054	61.459541	157.359112
129.231628	61.733951	157.081256
131.215188	62.007373	157.710370
133.229193	62.281499	157.401234
135.274111	62.554298	157.966436
137.350416	62.826714	157.623020
139.458590	63.098070	158.131192
141.599122	63.369113	157.756461
143.772508	63.639266	158.204997
145.979254	63.908161	157.793520
148.219871	64.175708	158.186388
150.494879	64.442843	157.745768
152.804806	64.708512	158.076632
155.150187	64.972381	157.600227
157.531567	65.234769	157.873129
159.949499	65.494114	157.367916
162.404543	65.753958	157.598588
164.897270	66.011214	157.053742
167.428257	66.265549	157.226433
169.998092	66.518522	156.660501
172.607371	66.768568	156.780922
175.256699	67.016212	156.193818
177.946692	67.262255	156.272613
180.677973	67.505154	155.657817
183.451176	67.744808	155.695935
186.266944	67.982711	155.072256
189.125932	68.217662	155.072092
192.028801	68.450143	154.436900
194.976227	68.680370	154.401315
197.968892	68.906216	153.750580
201.007491	69.129446	153.696201
204.092729	69.350398	153.051941
207.225322	69.569073	152.976524
210.405997	69.784722	152.330891
213.635492	69.997188	152.241172
216.914556	70.207718	151.612667
220.243949	70.416361	151.517179
223.624446	70.623027	150.898793
227.056828	70.826612	150.794553
230.541895	71.028001	150.202623
234.080453	71.228598	150.113352
237.673323	71.428584	149.547667
241.321341	71.626796	149.459634
245.025351	71.824000	148.925432
248.786214	72.021035	148.853788
252.604802	72.217013	148.353620
256.482000	72.413907	148.307005
260.418710	72.610778	147.842591
264.415843	72.807622	147.821219
268.474328	73.005334	147.407118
272.595106	73.203632	147.432998
276.779133	73.404356	147.087118
281.027381	73.604937	147.185152
285.340834	73.807134	146.966638
289.720494	74.010930	147.269803
294.167376	74.215793	147.580490
298.682514	74.600233	148.971052
303.266953	75.205810	147.847072
307.921759	75.415367	145.796471
312.648010	75.573263	145.289967
317.446805	75.760492	145.221624
322.319255	76.150082	146.096019
327.266492	76.764847	144.504691
332.289663	76.966488	141.892408
337.389935	77.165961	140.844742
342.568490	77.367630	139.419990
347.826529	77.566735	138.464084
353.165274	77.774394	137.509273
358.585963	78.082288	136.464466
364.089853	78.279439	134.530088
369.678221	78.457979	133.363770
375.352365	78.620323	131.651776
381.113600	78.764006	130.589936
386.963264	78.928605	128.782706
392.902713	78.947733	127.516328
398.933327	79.042205	126.830304
405.056503	79.182764	126.013732
411.273663	79.308778	124.996254
417.586250	79.448586	124.157772
423.995728	79.585364	122.797505
430.503584	79.605992	121.652885
437.111328	79.626692	121.316321
443.820494	79.771013	121.360035
450.632638	79.982929	120.664356
457.549340	80.124136	119.749041
464.572207	80.256106	118.971137
471.702866	80.386197	118.254049
478.942973	80.514366	117.533249
486.294207	80.649174	117.107874
493.758274	80.874235	116.416111
501.336907	81.028037	115.114436
509.031863	81.133154	114.186679
516.844927	81.242281	113.311076
524.777914	81.355499	112.609359
532.832663	81.473129	111.839515
541.011043	81.595310	111.211111
549.314952	81.721946	110.481851
557.746317	81.853941	109.888691
566.307094	81.990831	109.160715
574.999269	82.132697	108.569580
583.824859	82.279702	107.812331
592.785912	82.432713	107.206650
601.884506	82.598711	106.351225
611.122755	82.752945	105.534295
620.502799	82.894205	104.568940
630.026817	83.035555	103.811894
639.697018	83.179639	102.859920
649.515646	83.324704	102.078438
659.484978	83.471210	101.069331
669.607328	83.619563	100.220251
679.885045	83.769149	99.094178
690.320514	83.920091	98.011698
700.916155	84.023330	96.519125
711.674427	84.086979	95.508083
722.597826	84.154103	94.415288
733.688888	84.224218	93.674923
744.950184	84.297698	92.706429
756.384329	84.374285	92.076781
767.993975	84.453762	91.158650
779.781816	84.536510	90.585046
791.750587	84.622103	89.600181
803.903066	84.676094	88.954840
816.242071	84.724898	88.180045
828.770466	84.778926	87.840969
841.491157	84.838241	87.258938
854.407097	84.903865	87.105291
867.521282	84.975354	86.691345
880.836755	85.054286	86.733327
894.356605	85.141127	86.624226
908.083970	85.288034	87.043843
922.022035	85.467485	86.858916
936.174033	85.662601	87.011453
950.543248	85.866122	86.608469
965.133014	86.077976	86.635194
979.946717	86.298092	86.132121
994.987794	86.532329	86.183080
1010.259734	86.814820	85.612419
1025.766081	87.098606	85.239996
1041.510433	87.383151	84.266700
1057.496443	87.667802	83.632012
1073.727820	87.951741	82.388632
1090.208331	88.234487	81.471204
1106.941799	88.492734	79.946663
1123.932106	88.753888	78.991409
1141.183196	89.022194	77.390752
1158.699071	89.297831	76.232475
1176.483794	89.581290	74.333506
1194.541493	89.873272	72.601472
1212.876357	90.081182	69.821460
1231.492641	90.203363	67.916731
1250.394663	90.309266	65.698511
1269.586811	90.416794	64.291244
1289.073536	90.525973	62.308921
1308.859360	90.636828	61.062841
1328.948875	90.749384	59.172074
1349.346741	90.863668	58.009588
1370.057691	90.979705	56.158995
1391.086530	91.097524	55.043215
1412.438139	91.217151	53.204061
1434.117471	91.338615	52.112124
1456.129556	91.461942	50.265037
1478.479502	91.587163	49.181364
1501.172494	91.714669	47.315090
1524.213798	91.845600	46.228190
1547.608761	91.979758	44.315078
1571.362809	92.116216	43.187423
1595.481455	92.254769	41.201810
1619.970296	92.395448	40.018912
1644.835012	92.538285	37.942381
1670.081374	92.683316	36.678844
1695.715238	92.830573	34.477303
1721.742554	92.980090	33.086635
1748.169360	93.131902	30.690785
1775.001787	93.286044	29.040409
1802.246062	93.422276	26.166496
1829.908506	93.495565	24.073423
1857.995537	93.515117	21.239258
1886.513672	93.523828	19.617836
1915.469528	93.532673	17.149078
1944.869824	93.541655	15.763037
1974.721382	93.550773	13.442742
2005.031127	93.560032	12.205621
2035.806093	93.569433	9.998521
2067.053419	93.578978	8.913362
2098.780357	93.593933	6.880748
2130.994268	93.629858	6.006169
2163.702626	93.687685	3.990509
2196.913020	93.751312	2.990739
2230.633156	93.815915	0.831187
2264.870858	93.881510	-0.225451
2299.634071	93.948112	-2.446173
2334.930859	94.015735	-3.515381
2370.769413	94.084398	-5.741699
2407.158049	94.164748	-6.704429
2444.105209	94.278389	-8.894935
2481.619467	94.415433	-10.069881
2519.709526	94.557933	-12.684006
2558.384224	94.702621	-14.234163
2597.652535	94.849528	-17.249099
2637.523571	94.998691	-19.245651
2678.006582	95.144739	-22.959866
2719.110962	95.226427	-26.000639
2760.846247	95.158544	-30.453777
2803.222122	95.014033	-32.955286
2846.248419	94.867305	-36.443991
2889.935121	94.718324	-38.358570
2934.292365	94.567057	-41.540019
2979.330442	94.413468	-43.226504
3025.059803	94.243778	-46.331343
3071.491058	94.044906	-47.835960
3118.634980	93.833697	-50.574619
3166.502508	93.619245	-51.621447
3215.104749	93.401503	-53.975774
3264.452980	93.180418	-54.529729
3314.558650	92.985394	-56.230505
3365.433386	92.861240	-56.216497
3417.088991	92.778654	-57.985197
3469.537452	92.700637	-58.272505
3522.790937	92.621423	-60.205187
3576.861804	92.542804	-60.384661
3631.762597	92.496476	-62.060433
3687.506055	92.505440	-62.132208
3744.105113	92.537923	-64.194570
3801.572902	92.570905	-64.712298
3859.922757	92.604392	-67.093201
3919.168216	92.648348	-67.766767
3979.323027	92.716181	-70.406891
4040.401145	92.798363	-71.538319
4102.416744	92.883382	-74.883536
4165.384213	92.964139	-76.963324
4229.318161	92.938276	-81.844905
4294.233423	92.675094	-84.787337
4360.145061	92.288827	-88.516654
4427.068369	91.896631	-89.359544
4495.018873	91.529694	-91.256274
4564.012342	91.295043	-90.412472
4634.064782	91.208213	-91.827545
4705.192448	91.153955	-91.704231
4777.411843	91.098863	-93.764987
4850.739725	91.080584	-93.735185
4925.193107	91.111951	-96.130566
5000.789264	91.157696	-96.831030
5077.545738	91.192073	-100.234004
5155.480336	91.152358	-101.946708
5234.611143	91.001377	-105.854526
5314.956518	90.809076	-107.108120
5396.535104	90.608517	-110.558910
5479.365829	90.365409	-111.633250
5563.467912	90.074855	-114.737676
5648.860868	89.776956	-115.010984
5735.564509	89.491521	-117.327183
5823.598953	89.244481	-116.893931
5912.984627	89.016530	-118.815951
6003.742269	88.821010	-117.752660
6095.892940	88.745601	-119.032673
6189.458019	88.778122	-118.195037
6284.459216	88.834280	-120.745218
6380.918575	88.829786	-121.161934
6478.858476	88.745073	-124.194113
6578.301643	88.657824	-124.030713
6679.271152	88.641543	-126.452206
6781.790428	88.709276	-126.392369
6885.883260	88.791937	-129.876721
6991.573799	88.835135	-130.948600
7098.886568	88.832405	-135.284027
7207.846468	88.776053	-137.045379
7318.478779	88.574300	-142.084681
7430.809171	88.238184	-143.248895
7544.863709	87.928717	-146.454809
7660.668854	87.754785	-146.196519
7778.251478	87.641266	-149.730185
7897.638862	87.497380	-150.347988
8018.858708	87.318272	-154.448047
8141.939142	87.090950	-155.303091
8266.908722	86.768738	-159.460264
8393.796444	86.401920	-159.373901
8522.631749	86.070865	-162.255049
8653.444531	85.784844	-160.962025
8786.265141	85.646989	-162.718680
8921.124398	85.743670	-161.395773
9058.053593	85.856078	-165.475595
9197.084496	85.858613	-166.260651
9338.249366	85.817195	-171.005840
9481.580958	85.820745	-172.042855
9627.112528	85.790997	-178.309048
9774.877844	85.595689	-181.106657
9924.911191	85.212866	-188.394956
10077.247380	84.586274	-190.966342
10231.921757	83.807067	-196.224950
10388.970212	83.184468	-195.748913
10548.429184	82.599326	-200.846282
10710.335671	81.745912	-201.203098
10874.727239	80.678763	-204.650552
11041.642033	79.515715	-200.148331
11211.118781	78.753182	-196.718150
11383.196805	78.769455	-188.457591
11557.916033	79.037870	-188.479992
11735.317004	79.313939	-184.710971
11915.440880	79.553464	-187.605263
12098.329454	79.764319	-185.346978
12284.025162	79.968048	-189.566892
12472.571089	80.106236	-188.310931
12664.010983	80.226744	-193.020651
12858.389263	80.459092	-191.921474
13055.751031	80.673509	-198.766927
13256.142079	80.680156	-199.957082
13459.608904	80.441110	-207.395868
13666.198715	80.203812	-206.354351
13875.959447	80.155589	-212.420926
14088.939769	80.157907	-212.391266
14305.189099	79.965071	-220.727423
14524.757612	79.686983	-220.251603
14747.696254	79.515150	-228.246927
14974.056752	79.163152	-228.491708
15203.891629	78.825407	-236.172995
15437.254212	78.588865	-236.398670
15674.198647	78.223052	-246.290223
15914.779912	77.616475	-252.019390
16159.053828	74.542172	-262.880979
16407.077073	72.688867	-239.507947
16658.907195	74.021261	-233.811307
16914.602625	75.287881	-226.852206
17174.222692	76.499224	-237.001771
17437.827634	76.980902	-237.211927
17705.478614	77.277210	-249.062801
17977.237735	77.797438	-247.170774
18253.168051	78.147695	-262.625839
18533.333587	78.747346	-260.777383
18817.799347	79.291844	-283.217104
19106.631336	79.315664	-284.261948
19399.896571	79.557776	-311.834380
19697.663095	79.760302	-314.753629
20000.000000	79.136836	-375.083574