* FRD data written by MATAA on 05-Jan-2019 10:25:28
* Monkey Coffin 20181219, spliced SPL curve, SCANR2904WG148 (no filter), 1 m from baffle, horizontal angle = -75 deg.
10.000000	15.486173	-656.750068
10.153489	15.753282	-437.501568
10.309333	16.015479	-434.686706
10.467570	16.280425	-358.318374
10.628235	16.546625	-355.947102
10.791367	16.797964	-308.591813
10.957002	17.071261	-306.367831
11.125180	17.332779	-271.729905
11.295939	17.595796	-269.696401
11.469319	17.861977	-242.177514
11.645360	18.119343	-240.315813
11.824103	18.385627	-217.354736
12.005589	18.647060	-215.632156
12.189862	18.912790	-195.896841
12.376962	19.178868	-194.323416
12.566935	19.429498	-177.002746
12.759823	19.702221	-175.408558
12.955672	19.963002	-160.031876
13.154527	20.225798	-158.523484
13.356434	20.490610	-144.622500
13.561440	20.748595	-143.206191
13.769593	21.013978	-130.481276
13.980941	21.275581	-129.147946
14.195532	21.541052	-117.431144
14.413418	21.807795	-116.212143
14.634647	22.056170	-105.380148
14.859273	22.327144	-104.089451
15.087346	22.587899	-94.068544
15.318920	22.850265	-92.843345
15.554048	23.115022	-83.463741
15.792785	23.371372	-82.311213
16.035186	23.636023	-73.449750
16.281308	23.896825	-72.355387
16.531208	24.163169	-63.989508
16.784943	24.429769	-63.014171
17.042573	24.674381	-55.126815
17.304158	24.944567	-54.036899
17.569757	25.203973	-46.623730
17.839433	25.465101	-45.592630
18.113248	25.727487	-38.539641
18.391266	25.982694	-37.558407
18.673551	26.246612	-30.793360
18.960169	26.504517	-29.863400
19.251186	26.771834	-23.373378
19.546670	27.040976	-22.589939
19.846690	27.276556	-16.454391
20.151314	27.543594	-15.474486
20.460614	27.800550	-9.654435
20.774661	28.057498	-8.727733
21.093529	28.317521	-3.132426
21.417291	28.571420	-2.192645
21.746022	28.855279	3.159929
22.079799	29.093592	3.816785
22.418699	29.335019	9.114443
22.762800	29.594583	9.941041
23.112184	29.842206	14.952448
23.466930	30.096293	15.808539
23.827121	30.342948	20.619037
24.192840	30.589606	21.564934
24.564173	30.837611	26.226569
24.941205	31.081299	27.565240
25.324024	31.473023	31.999452
25.712720	31.660443	32.044115
26.107381	31.856873	37.058691
26.508100	32.162915	38.203376
26.914969	32.493503	42.757821
27.328084	32.858919	43.265784
27.747539	33.126785	46.938550
28.173432	33.435385	47.832801
28.605863	33.777270	50.884184
29.044930	33.900076	51.455659
29.490737	34.288044	55.723956
29.943387	34.539949	55.348482
30.402984	34.785772	59.304156
30.869636	35.058594	59.108448
31.343450	35.196164	63.004146
31.824536	35.551921	63.877730
32.313007	35.804303	66.787945
32.808975	36.054131	67.474057
33.312556	36.325644	70.356493
33.823866	36.488924	71.069363
34.343024	36.825977	74.676299
34.870151	37.079757	74.707815
35.405368	37.331397	78.074951
35.948801	37.615771	78.339114
36.500574	37.863934	81.331038
37.060817	38.123281	81.684002
37.629659	38.378620	84.603271
38.207232	38.633096	84.950637
38.793669	38.886023	87.738510
39.389109	39.113802	88.185025
39.993687	39.400609	91.140557
40.607545	39.660396	91.298663
41.230825	39.913066	94.077312
41.863671	40.172848	94.327036
42.506232	40.425198	97.005523
43.158654	40.686150	97.279422
43.821091	40.940435	99.847635
44.493695	41.196762	100.131731
45.176623	41.456757	102.630035
45.870033	41.709141	102.879796
46.574087	41.972239	105.345789
47.288946	42.228462	105.523290
48.014778	42.484765	107.917824
48.751751	42.738922	108.032139
49.500035	42.967547	110.443370
50.259805	43.247873	110.803569
51.031236	43.509850	112.947382
51.814508	43.768910	113.193928
52.609803	44.031685	115.310287
53.417304	44.285170	115.507166
54.237199	44.546112	117.611679
55.069679	44.803397	117.782289
55.914936	45.062009	119.831946
56.773168	45.322231	119.998351
57.644572	45.581513	121.979407
58.529351	45.842907	122.137515
59.427710	46.104390	124.053325
60.339859	46.366800	124.192369
61.266007	46.630412	126.048228
62.206371	46.895810	126.164643
63.161169	47.162506	127.946937
64.130622	47.431033	128.031986
65.114954	47.703378	129.733453
66.114395	47.979324	129.747071
67.129177	48.257387	131.289638
68.159534	48.533903	131.139192
69.205706	48.801572	132.415278
70.267935	49.043486	132.029062
71.346469	49.248759	133.132316
72.441557	49.404213	132.929277
73.553453	49.564241	134.637279
74.682415	49.759408	135.022356
75.828706	49.984636	136.898755
76.992591	50.232341	137.259857
78.174341	50.491471	138.963869
79.374229	50.754593	139.174134
80.592533	51.019449	140.727194
81.829538	51.284689	140.850958
83.085529	51.549815	142.302005
84.360798	51.814381	142.374508
85.655641	52.078953	143.751479
86.970359	52.342649	143.789863
88.305256	52.607018	145.110874
89.660642	52.871998	145.120648
91.036831	53.136123	146.374344
92.434144	53.399877	146.358691
93.852904	53.663213	147.562810
95.293440	53.927168	147.533241
96.756087	54.191759	148.688165
98.241184	54.456684	148.633621
99.749075	54.721303	149.732490
101.280111	54.985800	149.659339
102.834646	55.251386	150.713998
104.413042	55.517520	150.615879
106.015664	55.783338	151.611768
107.642885	56.048973	151.490380
109.295082	56.314831	152.439451
110.972638	56.581416	152.299012
112.675943	56.848679	153.193308
114.405391	57.115320	153.019379
116.161385	57.381457	153.861653
117.944331	57.648172	153.669718
119.754644	57.915362	154.461764
121.592742	58.182957	154.237845
123.459054	58.449621	154.969716
125.354011	58.716450	154.716341
127.278054	58.981733	155.394514
129.231628	59.248125	155.123343
131.215188	59.514691	155.746019
133.229193	59.780381	155.433982
135.274111	60.044740	155.999746
137.350416	60.309147	155.662991
139.458590	60.572638	156.173652
141.599122	60.835780	155.806472
143.772508	61.097955	156.257927
145.979254	61.358412	155.857467
148.219871	61.618222	156.258139
150.494879	61.876456	155.829344
152.804806	62.134256	156.179590
155.150187	62.390738	155.716622
157.531567	62.644817	156.006067
159.949499	62.896699	155.519790
162.404543	63.148159	155.768804
164.897270	63.398033	155.250475
167.428257	63.644846	155.441445
169.998092	63.889578	154.902683
172.607371	64.132243	155.051919
175.256699	64.372503	154.495007
177.946692	64.611524	154.605684
180.677973	64.847679	154.022516
183.451176	65.080420	154.091529
186.266944	65.310944	153.502123
189.125932	65.539195	153.543872
192.028801	65.765768	152.944363
194.976227	65.988976	152.948950
197.968892	66.208925	152.341916
201.007491	66.426080	152.333502
204.092729	66.642411	151.733310
207.225322	66.855045	151.698595
210.405997	67.065328	151.102529
213.635492	67.272539	151.061978
216.914556	67.478778	150.483980
220.243949	67.682277	150.437041
223.624446	67.884725	149.875732
227.056828	68.084329	149.825308
230.541895	68.282554	149.291175
234.080453	68.479988	149.254001
237.673323	68.676809	148.746415
241.321341	68.872770	148.715843
245.025351	69.067896	148.235454
248.786214	69.262333	148.220691
252.604802	69.456822	147.779668
256.482000	69.651985	147.790672
260.418710	69.848209	147.386730
264.415843	70.044267	147.420752
268.474328	70.241765	147.065913
272.595106	70.440063	147.145597
276.779133	70.640786	146.857133
281.027381	70.842374	147.010543
285.340834	71.045625	146.841882
289.720494	71.250476	147.194514
294.167376	71.456564	147.550671
298.682514	71.843113	148.987007
303.266953	72.451079	147.878061
307.921759	72.655657	145.842335
312.648010	72.808541	145.387716
317.446805	72.991728	145.375818
322.319255	73.378092	146.317073
327.266492	73.989976	144.793071
332.289663	74.189199	142.257117
337.389935	74.387065	141.287546
342.568490	74.587525	139.944312
347.826529	74.785839	139.075225
353.165274	74.993932	138.208903
358.585963	75.302099	137.254127
364.089853	75.500727	135.414404
369.678221	75.680438	134.343136
375.352365	75.845443	132.737831
381.113600	75.993175	131.775753
386.963264	76.161533	130.070272
392.902713	76.185225	128.911465
398.933327	76.285421	128.333606
405.056503	76.431954	127.627359
411.273663	76.565294	126.724798
417.586250	76.713157	126.000856
423.995728	76.859175	124.758705
430.503584	76.889862	123.731400
437.111328	76.921519	123.516234
443.820494	77.078053	123.685296
450.632638	77.304260	123.115644
457.549340	77.460630	122.322716
464.572207	77.609152	121.670527
471.702866	77.756992	121.079117
478.942973	77.905436	120.489261
486.294207	78.062563	120.182242
493.758274	78.310352	119.612983
501.336907	78.490391	118.432441
509.031863	78.623007	117.615250
516.844927	78.761824	116.851223
524.777914	78.907438	116.251520
532.832663	79.059764	115.575622
541.011043	79.219281	115.028324
549.314952	79.385360	114.366426
557.746317	79.559269	113.827243
566.307094	79.741007	113.134297
574.999269	79.930252	112.552792
583.824859	80.126817	111.775815
592.785912	80.332071	111.113613
601.884506	80.550374	110.129786
611.122755	80.746523	109.138776
620.502799	80.923702	108.023132
630.026817	81.100565	107.123318
639.697018	81.280484	106.027900
649.515646	81.461142	105.091678
659.484978	81.643549	103.921262
669.607328	81.827473	102.892032
679.885045	82.012197	101.574994
690.320514	82.197324	100.281210
700.916155	82.333835	98.566915
711.674427	82.429509	97.312139
722.597826	82.526884	95.965532
733.688888	82.625719	94.952524
744.950184	82.725905	93.702332
756.384329	82.827604	92.774220
767.993975	82.930064	91.547144
779.781816	83.033592	90.649910
791.750587	83.138048	89.333977
803.903066	83.208706	88.342543
816.242071	83.272489	87.215877
828.770466	83.339822	86.508131
841.491157	83.411373	85.547485
854.407097	83.488109	84.989604
867.521282	83.570188	84.147648
880.836755	83.659309	83.713843
894.356605	83.756895	83.035058
908.083970	83.893168	82.715426
922.022035	84.021943	81.830750
936.174033	84.151254	81.441078
950.543248	84.285997	80.593867
965.133014	84.426498	80.238833
979.946717	84.572762	79.412130
994.987794	84.730668	79.185823
1010.259734	84.934628	78.390746
1025.766081	85.137619	77.834820
1041.510433	85.338895	76.731489
1057.496443	85.538014	76.012018
1073.727820	85.734229	74.743033
1090.208331	85.926790	73.851806
1106.941799	86.092575	72.426837
1123.932106	86.258962	71.639616
1141.183196	86.430138	70.304626
1158.699071	86.606243	69.521210
1176.483794	86.787629	68.154802
1194.541493	86.974847	67.259223
1212.876357	87.139680	65.779610
1231.492641	87.324174	65.012153
1250.394663	87.514997	63.500729
1269.586811	87.708749	62.617686
1289.073536	87.905475	61.010235
1308.859360	88.105220	60.041035
1328.948875	88.308032	58.325689
1349.346741	88.513956	57.256454
1370.057691	88.723041	55.409133
1391.086530	88.935335	54.212461
1412.438139	89.150888	52.194728
1434.117471	89.369749	50.820631
1456.129556	89.591969	48.556317
1478.479502	89.817600	46.869921
1501.172494	90.029236	44.059039
1524.213798	90.173630	41.820028
1547.608761	90.261733	38.980329
1571.362809	90.339629	37.173203
1595.481455	90.418721	34.641918
1619.970296	90.499027	32.990903
1644.835012	90.580565	30.512222
1670.081374	90.663355	28.889283
1695.715238	90.747415	26.372698
1721.742554	90.832766	24.692564
1748.169360	90.919427	22.036211
1775.001787	91.007418	20.126741
1802.246062	91.071827	16.978115
1829.908506	91.057260	14.615157
1857.995537	90.975011	11.615991
1886.513672	90.877800	9.932955
1915.469528	90.779097	7.497705
1944.869824	90.678880	6.224064
1974.721382	90.577124	4.114551
2005.031127	90.473806	3.185545
2035.806093	90.368902	1.422954
2067.053419	90.262389	0.964840
2098.780357	90.176748	-0.104448
2130.994268	90.178482	0.221754
2163.702626	90.271540	-0.776788
2196.913020	90.387032	-1.063571
2230.633156	90.504296	-2.648877
2264.870858	90.623362	-3.239623
2299.634071	90.744254	-5.056599
2334.930859	90.867001	-5.793067
2370.769413	90.991633	-7.730674
2407.158049	91.127800	-8.467887
2444.105209	91.295062	-10.463263
2481.619467	91.484487	-11.471481
2519.709526	91.679852	-13.926132
2558.384224	91.878216	-15.339998
2597.652535	92.079626	-18.218686
2637.523571	92.284126	-20.079130
2678.006582	92.488130	-23.593939
2719.110962	92.650472	-26.326083
2760.846247	92.713868	-30.539241
2803.222122	92.727402	-33.129942
2846.248419	92.741143	-36.971064
2889.935121	92.755095	-39.507026
2934.292365	92.769261	-43.605903
2979.330442	92.783645	-46.791502
3025.059803	92.676568	-52.255305
3071.491058	92.332513	-55.991441
3118.634980	91.900981	-60.046632
3166.502508	91.462824	-61.918170
3215.104749	91.017942	-64.691544
3264.452980	90.566232	-65.313549
3314.558650	90.162540	-66.578434
3365.433386	89.890465	-65.912026
3417.088991	89.695323	-67.048739
3469.537452	89.508076	-66.698172
3522.790937	89.317954	-67.806602
3576.861804	89.132199	-66.748005
3631.762597	89.078263	-66.553163
3687.506055	89.248650	-64.997089
3744.105113	89.515654	-66.245083
3801.572902	89.786756	-66.598568
3859.922757	90.062020	-69.401067
3919.168216	90.285199	-71.341587
3979.323027	90.380560	-75.439503
4040.401145	90.402105	-77.542388
4102.416744	90.415068	-81.414612
4165.384213	90.423987	-83.755991
4229.318161	90.350846	-88.568395
4294.233423	90.096028	-91.419275
4360.145061	89.746579	-95.266011
4427.068369	89.391766	-96.466242
4495.018873	89.050154	-98.942281
4564.012342	88.785518	-98.894363
4634.064782	88.607091	-100.835308
4705.192448	88.446138	-100.912987
4777.411843	88.282714	-102.675618
4850.739725	88.245373	-101.878928
4925.193107	88.377930	-103.772679
5000.789264	88.559979	-104.628452
5077.545738	88.725225	-108.684317
5155.480336	88.771860	-111.580436
5234.611143	88.639561	-116.815192
5314.956518	88.441909	-119.501120
5396.535104	88.202687	-125.022845
5479.365829	87.673217	-128.801483
5563.467912	86.818215	-133.067287
5648.860868	85.933429	-132.311862
5735.564509	85.239974	-131.312105
5823.598953	85.050348	-127.044003
5912.984627	85.133006	-127.084445
6003.742269	85.222193	-125.719803
6095.892940	85.330769	-127.446022
6189.458019	85.456981	-127.111542
6284.459216	85.589357	-129.818812
6380.918575	85.756296	-130.276426
6478.858476	85.968183	-134.195096
6578.301643	86.168764	-136.799659
6679.271152	86.134902	-143.500098
6781.790428	85.823721	-146.968761
6885.883260	85.419211	-152.448157
6991.573799	84.947333	-154.643494
7098.886568	84.398257	-159.191135
7207.846468	83.806782	-160.151440
7318.478779	83.158003	-163.481119
7430.809171	82.455468	-162.557091
7544.863709	81.865239	-162.866551
7660.668854	81.624862	-159.523586
7778.251478	81.563930	-160.526231
7897.638862	81.578450	-158.935713
8018.858708	81.681291	-161.799508
8141.939142	81.700240	-162.923016
8266.908722	81.433698	-167.830601
8393.796444	81.038156	-167.815201
8522.631749	80.761071	-170.360556
8653.444531	80.631074	-169.523576
8786.265141	80.531293	-172.978890
8921.124398	80.446377	-173.026882
9058.053593	80.367486	-177.373738
9197.084496	80.295388	-178.301391
9338.249366	80.213993	-183.956429
9481.580958	80.093084	-186.450003
9627.112528	79.867722	-194.339036
9774.877844	79.414559	-199.052970
9924.911191	78.680276	-208.874590
10077.247380	77.518664	-214.573175
10231.921757	75.921680	-224.129178
10388.970212	73.744934	-227.909054
10548.429184	70.866101	-233.773705
10710.335671	66.818413	-227.589053
10874.727239	62.751983	-208.718115
11041.642033	60.615729	-170.500500
11211.118781	62.010857	-129.312030
11383.196805	67.739075	-100.997004
11557.916033	73.027577	-109.496830
11735.317004	75.807309	-121.943846
11915.440880	76.989489	-140.890351
12098.329454	77.031098	-150.367400
12284.025162	76.758258	-162.355761
12472.571089	76.029263	-166.026317
12664.010983	75.181019	-170.449282
12858.389263	74.931736	-165.482555
13055.751031	75.160618	-168.380778
13256.142079	75.457402	-166.879058
13459.608904	75.500064	-173.197781
13666.198715	75.456183	-171.054133
13875.959447	75.543627	-175.943106
14088.939769	75.674824	-173.280083
14305.189099	75.903680	-178.154413
14524.757612	76.404466	-175.068048
14747.696254	77.167197	-183.360076
14974.056752	77.583237	-186.613479
15203.891629	77.375847	-198.923646
15437.254212	76.942275	-199.314398
15674.198647	76.317875	-209.663403
15914.779912	74.992254	-202.668033
16159.053828	75.582822	-197.455968
16407.077073	77.698618	-193.963886
16658.907195	78.911566	-210.260543
16914.602625	79.300865	-217.412888
17174.222692	78.515905	-233.021614
17437.827634	78.536192	-227.803688
17705.478614	79.410139	-242.650088
17977.237735	79.777387	-247.663885
18253.168051	79.228344	-268.774049
18533.333587	78.757098	-266.004125
18817.799347	79.166837	-285.123523
19106.631336	79.549943	-287.699511
19399.896571	79.522942	-320.705370
19697.663095	78.913662	-326.153685
20000.000000	77.399878	-387.185847