* FRD data written by MATAA on 05-Jan-2019 10:25:28
* Monkey Coffin 20181219, spliced SPL curve, 12PR320 (no filter), 1 m from baffle, horizontal angle = +60 deg.
10.000000	27.856677	-344.437737
10.153489	28.289856	-141.616312
10.309333	28.729684	-135.620008
10.467570	29.176263	-68.386218
10.628235	29.706201	-62.119810
10.791367	30.314771	-21.316933
10.957002	31.010198	-15.452058
11.125180	31.755178	13.613585
11.295939	32.541389	18.703908
11.469319	33.359711	41.081049
11.645360	34.204185	45.400538
11.824103	35.058539	63.307408
12.005589	35.919519	66.910718
12.189862	36.781455	81.673829
12.376962	37.640651	84.673156
12.566935	38.495745	97.096866
12.759823	39.338578	99.581388
12.955672	40.174904	110.253997
13.154527	41.003828	112.346900
13.356434	41.823718	121.609720
13.561440	42.634477	123.338612
13.769593	43.428334	131.456675
13.980941	44.217042	132.951914
14.195532	44.997569	140.157446
14.413418	45.769281	141.397337
14.634647	46.532719	147.817649
14.859273	47.284678	148.836205
15.087346	48.029713	154.620048
15.318920	48.768551	155.470033
15.554048	49.501771	160.681674
15.792785	50.227310	161.345452
16.035186	50.944752	166.052402
16.281308	51.656582	166.575308
16.531208	52.362862	170.850311
16.784943	53.065563	171.237798
17.042573	53.764255	175.095670
17.304158	54.452799	175.323393
17.569757	55.139142	178.851343
17.839433	55.823288	178.962929
18.113248	56.503997	182.133541
18.391266	57.177755	182.094246
18.673551	57.848694	184.958004
18.960169	58.514177	184.788215
19.251186	59.176072	187.367744
19.546670	59.835805	187.084832
19.846690	60.493911	189.374973
20.151314	61.144401	188.939892
20.460614	61.794159	190.983259
20.774661	62.441202	190.411681
21.093529	63.084096	192.178825
21.417291	63.723395	191.451427
21.746022	64.353947	192.958642
22.079799	64.984598	192.125444
22.418699	65.611737	193.384530
22.762800	66.234336	192.388087
23.112184	66.852716	193.386206
23.466930	67.461726	192.228611
23.827121	68.069832	193.009397
24.192840	68.670278	191.682674
24.564173	69.264918	192.217624
24.941205	69.853537	190.724865
25.324024	70.431696	191.004215
25.712720	71.002364	189.360194
26.107381	71.563615	189.412856
26.508100	72.115887	187.621483
26.914969	72.661035	187.446349
27.328084	73.189787	185.472851
27.747539	73.709196	185.107948
28.173432	74.215946	182.996992
28.605863	74.709872	182.444366
29.044930	75.194537	180.193395
29.490737	75.655670	179.419698
29.943387	76.103903	177.098898
30.402984	76.539078	176.212465
30.869636	76.960382	173.796025
31.343450	77.363798	172.756853
31.824536	77.746067	170.281188
32.313007	78.117304	169.201113
32.808975	78.472331	166.691722
33.312556	78.810960	165.544449
33.823866	79.136083	163.026073
34.343024	79.439509	161.831204
34.870151	79.731826	159.381658
35.405368	80.012013	158.203174
35.948801	80.279666	155.791842
36.500574	80.536398	154.615444
37.060817	80.776844	152.242918
37.629659	81.007192	151.123573
38.207232	81.229565	148.850556
38.793669	81.444495	147.766894
39.389109	81.649312	145.549947
39.993687	81.845230	144.510706
40.607545	82.034644	142.385485
41.230825	82.217789	141.401684
41.863671	82.396613	139.351057
42.506232	82.567340	138.400379
43.158654	82.734152	136.433670
43.821091	82.895854	135.532774
44.493695	83.053998	133.645895
45.176623	83.210496	132.791831
45.870033	83.362998	130.955124
46.574087	83.511950	130.128958
47.288946	83.658068	128.352546
48.014778	83.801322	127.557185
48.751751	83.942434	125.838955
49.500035	84.082349	125.069452
50.259805	84.219309	123.389987
51.031236	84.354445	122.640404
51.814508	84.487428	121.004475
52.609803	84.619136	120.275747
53.417304	84.749978	118.674992
54.237199	84.878165	117.950183
55.069679	85.005128	116.382502
55.914936	85.130294	115.668625
56.773168	85.254710	114.127651
57.644572	85.376296	113.415002
58.529351	85.497299	111.904560
59.427710	85.616706	111.194910
60.339859	85.734414	109.704351
61.266007	85.851128	108.998823
62.206371	85.966424	107.523160
63.161169	86.079325	106.812446
64.130622	86.190828	105.357721
65.114954	86.300661	104.650183
66.114395	86.409883	103.213086
67.129177	86.516528	102.496861
68.159534	86.621959	101.077575
69.205706	86.725688	100.355503
70.267935	86.826229	98.953078
71.346469	86.927799	98.240752
72.441557	87.026138	96.843343
73.553453	87.123485	96.127684
74.682415	87.218772	94.744190
75.828706	87.312057	94.025246
76.992591	87.404010	92.661123
78.174341	87.494442	91.939374
79.374229	87.582585	90.587781
80.592533	87.669465	89.870383
81.829538	87.755235	88.533787
83.085529	87.838407	87.810641
84.360798	87.920194	86.495942
85.655641	88.001666	85.777781
86.970359	88.080686	84.467413
88.305256	88.157598	83.752218
89.660642	88.234554	82.461947
91.036831	88.307863	81.740123
92.434144	88.380880	80.477290
93.852904	88.453216	79.760330
95.293440	88.523047	78.507729
96.756087	88.593122	77.800663
98.241184	88.661569	76.555890
99.749075	88.727687	75.847142
101.280111	88.793701	74.626634
102.834646	88.858467	73.919063
104.413042	88.922224	72.708499
106.015664	88.983809	72.000134
107.642885	89.044361	70.812834
109.295082	89.105079	70.116772
110.972638	89.165149	68.939193
112.675943	89.223652	68.237828
114.405391	89.281010	67.075445
116.161385	89.337979	66.382622
117.944331	89.394852	65.231308
119.754644	89.449665	64.533938
121.592742	89.504891	63.398968
123.459054	89.558432	62.698705
125.354011	89.611810	61.577062
127.278054	89.664214	60.874225
129.231628	89.715197	59.766093
131.215188	89.767675	59.068852
133.229193	89.817809	57.957194
135.274111	89.867155	57.257588
137.350416	89.915839	56.161679
139.458590	89.964146	55.462544
141.599122	90.012320	54.376159
143.772508	90.059945	53.666510
145.979254	90.105580	52.580201
148.219871	90.150692	51.872825
150.494879	90.195415	50.796334
152.804806	90.238739	50.083691
155.150187	90.282319	49.016378
157.531567	90.323860	48.290674
159.949499	90.363695	47.236117
162.404543	90.404924	46.518687
164.897270	90.443734	45.462645
167.428257	90.482648	44.743978
169.998092	90.520386	43.692843
172.607371	90.556816	42.965859
175.256699	90.591723	41.922517
177.946692	90.625383	41.199621
180.677973	90.659070	40.171059
183.451176	90.690947	39.441955
186.266944	90.721334	38.426276
189.125932	90.751661	37.708468
192.028801	90.781325	36.702928
194.976227	90.809439	35.982558
197.968892	90.836322	34.992936
201.007491	90.862768	34.286388
204.092729	90.889467	33.312533
207.225322	90.913800	32.605145
210.405997	90.938282	31.659985
213.635492	90.963727	30.965610
216.914556	90.987567	30.027236
220.243949	91.011255	29.342949
223.624446	91.034329	28.427536
227.056828	91.057637	27.761593
230.541895	91.082216	26.873580
234.080453	91.107317	26.214732
237.673323	91.132922	25.342344
241.321341	91.159115	24.692108
245.025351	91.186210	23.841003
248.786214	91.215230	23.200720
252.604802	91.244761	22.361273
256.482000	91.276229	21.732411
260.418710	91.310810	20.908294
264.415843	91.346592	20.269248
268.474328	91.384677	19.447236
272.595106	91.424011	18.797795
276.779133	91.465413	17.982170
281.027381	91.510588	17.326904
285.340834	91.557653	16.497763
289.720494	91.606901	15.817546
294.167376	91.658308	14.981319
298.682514	91.712500	14.276910
303.266953	91.768399	13.455243
307.921759	91.840917	12.745082
312.648010	91.912457	11.794197
317.446805	91.983936	10.956380
322.319255	92.055035	9.931449
327.266492	92.125699	9.002514
332.289663	92.193884	7.901146
337.389935	92.260944	6.897251
342.568490	92.326079	5.728458
347.826529	92.388150	4.645150
353.165274	92.447700	3.414388
358.585963	92.503573	2.257992
364.089853	92.555512	0.968285
369.678221	92.603462	-0.249543
375.352365	92.647167	-1.590896
381.113600	92.685743	-2.866438
386.963264	92.719501	-4.249843
392.902713	92.747536	-5.570139
398.933327	92.771198	-6.981699
405.056503	92.789178	-8.342364
411.273663	92.801638	-9.783185
417.586250	92.807116	-11.177081
423.995728	92.806162	-12.624117
430.503584	92.800239	-14.020334
437.111328	92.789298	-15.464209
443.820494	92.772882	-16.871001
450.632638	92.750433	-18.307399
457.549340	92.723704	-19.707036
464.572207	92.691387	-21.128301
471.702866	92.654843	-22.515497
478.942973	92.614295	-23.911582
486.294207	92.569915	-25.291819
493.758274	92.520242	-26.666624
501.336907	92.468251	-28.023822
509.031863	92.412816	-29.373661
516.844927	92.354650	-30.723127
524.777914	92.292852	-32.055546
532.832663	92.228114	-33.395773
541.011043	92.161268	-34.706971
549.314952	92.091712	-36.049743
557.746317	92.019729	-37.354199
566.307094	91.944989	-38.710812
574.999269	91.867941	-40.019776
583.824859	91.788745	-41.413319
592.785912	91.707294	-42.773000
601.884506	91.617702	-44.315129
611.122755	91.498487	-45.811425
620.502799	91.356846	-47.295357
630.026817	91.209104	-48.562267
639.697018	91.056585	-49.900134
649.515646	90.899218	-51.028668
659.484978	90.737914	-52.287346
669.607328	90.572270	-53.289868
679.885045	90.404169	-54.525731
690.320514	90.233494	-55.458426
700.916155	90.023093	-57.117578
711.674427	89.642443	-57.381838
722.597826	89.538293	-57.004331
733.688888	89.422945	-57.703850
744.950184	89.295879	-58.196984
756.384329	89.156418	-58.952717
767.993975	89.004039	-59.569863
779.781816	88.838212	-60.257792
791.750587	88.658322	-60.784264
803.903066	88.476969	-61.237893
816.242071	88.292834	-61.593609
828.770466	88.105871	-61.853962
841.491157	87.916039	-62.016958
854.407097	87.723294	-62.027610
867.521282	87.527590	-61.900975
880.836755	87.328882	-61.515532
894.356605	87.127125	-60.735786
908.083970	87.009418	-59.240648
922.022035	87.044734	-57.947074
936.174033	87.129652	-57.219433
950.543248	87.215872	-56.890359
965.133014	87.303416	-56.699073
979.946717	87.392304	-56.745175
994.987794	87.482556	-56.840327
1010.259734	87.574194	-57.145867
1025.766081	87.667237	-57.461390
1041.510433	87.761710	-57.985300
1057.496443	87.857632	-58.498605
1073.727820	87.955026	-59.229668
1090.208331	88.053915	-59.941029
1106.941799	88.154322	-60.888807
1123.932106	88.256271	-61.820361
1141.183196	88.359783	-63.020472
1158.699071	88.464885	-64.234217
1176.483794	88.571601	-65.782889
1194.541493	88.679953	-67.530452
1212.876357	88.725080	-69.904638
1231.492641	88.672707	-71.990373
1250.394663	88.599484	-73.893412
1269.586811	88.525137	-75.504788
1289.073536	88.449649	-77.213202
1308.859360	88.373003	-78.712420
1328.948875	88.295180	-80.376874
1349.346741	88.216162	-81.854632
1370.057691	88.135932	-83.540687
1391.086530	88.054470	-85.056414
1412.438139	87.971758	-86.824244
1434.117471	87.887776	-88.448790
1456.129556	87.802505	-90.395417
1478.479502	87.715926	-92.296650
1501.172494	87.606431	-94.790446
1524.213798	87.408102	-97.262035
1547.608761	87.134391	-99.656979
1571.362809	86.842187	-101.475428
1595.481455	86.545498	-103.346873
1619.970296	86.244254	-104.845828
1644.835012	85.938388	-106.502747
1670.081374	85.627826	-107.835762
1695.715238	85.312498	-109.389399
1721.742554	84.992329	-110.671959
1748.169360	84.667247	-112.279258
1775.001787	84.337175	-113.829414
1802.246062	83.944754	-116.215617
1829.908506	83.362592	-118.454314
1857.995537	82.616507	-120.033929
1886.513672	81.827497	-120.224475
1915.469528	81.026378	-119.877969
1944.869824	80.212961	-118.426951
1974.721382	79.387060	-116.407805
2005.031127	78.548483	-113.043459
2035.806093	77.697033	-108.644194
2067.053419	76.832516	-101.792190
2098.780357	76.185671	-91.297543
2130.994268	76.438859	-77.683285
2163.702626	77.632668	-67.499473
2196.913020	79.060329	-61.576989
2230.633156	80.509902	-58.671255
2264.870858	81.981725	-57.659324
2299.634071	83.476138	-59.026693
2334.930859	84.993489	-62.413108
2370.769413	86.534130	-69.391943
2407.158049	87.719342	-81.441253
2444.105209	87.780062	-95.992980
2481.619467	87.069697	-106.250143
2519.709526	86.228943	-113.387372
2558.384224	85.375285	-118.078188
2597.652535	84.508525	-121.688600
2637.523571	83.628460	-123.331316
2678.006582	82.757269	-123.443598
2719.110962	82.148580	-120.331065
2760.846247	82.155275	-117.366739
2803.222122	82.475153	-116.589689
2846.248419	82.799941	-118.172870
2889.935121	83.129714	-120.671497
2934.292365	83.464549	-125.155528
2979.330442	83.804523	-132.036080
3025.059803	83.559450	-143.797272
3071.491058	82.169036	-153.869139
3118.634980	80.358549	-158.867511
3166.502508	78.520274	-159.786369
3215.104749	76.653783	-157.795872
3264.452980	74.758644	-150.733851
3314.558650	73.505987	-136.664358
3365.433386	73.918309	-120.806591
3417.088991	75.328216	-112.210526
3469.537452	76.892836	-109.136641
3522.790937	78.481471	-111.048273
3576.861804	80.041569	-118.571117
3631.762597	80.647243	-134.004507
3687.506055	79.626522	-148.061395
3744.105113	77.907215	-155.795799
3801.572902	76.161518	-158.220603
3859.922757	74.389027	-157.153419
3919.168216	72.991870	-150.306371
3979.323027	72.511488	-142.569827
4040.401145	72.561877	-137.248225
4102.416744	72.676767	-134.938091
4165.384213	72.786662	-133.671608
4229.318161	72.767273	-134.636073
4294.233423	72.459904	-135.373163
4360.145061	72.003267	-135.633627
4427.068369	71.539620	-134.580244
4495.018873	71.058912	-133.696393
4564.012342	70.526977	-131.736548
4634.064782	69.938736	-129.306868
4705.192448	69.330685	-124.994915
4777.411843	68.713303	-118.125709
4850.739725	68.844531	-106.838762
4925.193107	69.982765	-98.866122
5000.789264	71.418248	-95.478677
5077.545738	72.808256	-97.119258
5155.480336	73.802262	-101.880057
5234.611143	74.192652	-107.778264
5314.956518	74.370898	-111.355206
5396.535104	74.547058	-115.234641
5479.365829	74.690073	-118.419134
5563.467912	74.795575	-122.427565
5648.860868	74.896392	-125.864440
5735.564509	74.944567	-130.758167
5823.598953	74.857428	-135.072359
5912.984627	74.696178	-139.918317
6003.742269	74.535705	-143.864026
6095.892940	74.383916	-149.069070
6189.458019	74.239673	-154.088919
6284.459216	74.082839	-162.238416
6380.918575	73.300833	-172.229055
6478.858476	71.695404	-180.134863
6578.301643	70.017185	-182.210347
6679.271152	68.578367	-182.448849
6781.790428	67.426472	-180.664680
6885.883260	66.410716	-179.266567
6991.573799	65.697288	-175.951087
7098.886568	65.336542	-175.074189
7207.846468	65.017930	-175.667068
7318.478779	64.476964	-179.023340
7430.809171	63.730190	-181.732526
7544.863709	62.717960	-186.852779
7660.668854	61.063671	-190.143383
7778.251478	59.088577	-190.603358
7897.638862	57.116846	-186.663079
8018.858708	55.153691	-180.173949
8141.939142	53.715942	-166.924085
8266.908722	53.649615	-154.643761
8393.796444	54.201523	-149.130374
8522.631749	54.209731	-150.678226
8653.444531	53.540399	-153.295514
8786.265141	51.578018	-158.597635
8921.124398	47.757639	-150.285284
9058.053593	45.415405	-118.638842
9197.084496	47.986382	-86.054088
9338.249366	52.120277	-86.116735
9481.580958	52.976955	-100.866795
9627.112528	51.495820	-110.094871
9774.877844	48.763856	-107.545861
9924.911191	46.301924	-87.012381
10077.247380	47.378511	-55.708376
10231.921757	51.158931	-45.247509
10388.970212	53.440434	-50.908626
10548.429184	54.302843	-58.634075
10710.335671	54.067261	-63.928562
10874.727239	53.526047	-62.567434
11041.642033	53.845826	-58.573057
11211.118781	54.155561	-59.791790
11383.196805	53.923962	-57.490676
11557.916033	54.741418	-52.585132
11735.317004	56.278052	-60.108659
11915.440880	54.879520	-75.001970
12098.329454	52.437631	-68.126257
12284.025162	52.511693	-55.727320
12472.571089	53.816146	-52.901431
12664.010983	54.022665	-64.768308
12858.389263	50.991106	-69.329006
13055.751031	48.428795	-48.705704
13256.142079	49.476896	-22.332743
13459.608904	52.509498	-10.851523
13666.198715	55.371212	-13.678260
13875.959447	56.744347	-24.974351
14088.939769	56.891915	-32.991128
14305.189099	57.016645	-38.884916
14524.757612	56.889634	-47.589935
14747.696254	55.409085	-54.713589
14974.056752	53.986375	-50.699558
15203.891629	53.742518	-46.091871
15437.254212	53.593807	-45.477930
15674.198647	53.007070	-42.235960
15914.779912	53.957550	-36.830702
16159.053828	55.033400	-50.526645
16407.077073	52.225078	-65.371189
16658.907195	49.066505	-53.132378
16914.602625	49.371981	-40.498626
17174.222692	49.012769	-44.387175
17437.827634	46.575482	-39.544732
17705.478614	46.155294	-21.546016
17977.237735	47.090093	-22.955110
18253.168051	44.598388	-31.826354
18533.333587	38.422479	-20.406414
18817.799347	34.808576	41.326847
19106.631336	38.614204	94.317413
19399.896571	44.968653	129.677877
19697.663095	48.557796	122.458160
20000.000000	50.315099	205.379951