* FRD data written by MATAA on 05-Jan-2019 10:25:28
* Monkey Coffin 20181219, spliced SPL curve, 12PR320 (no filter), 1 m from baffle, horizontal angle = +75 deg.
10.000000	27.371866	-322.115989
10.153489	27.805045	-126.142946
10.309333	28.244873	-119.187584
10.467570	28.691452	-54.777786
10.628235	29.221390	-47.685740
10.791367	29.829960	-8.839710
10.957002	30.525387	-2.251918
11.125180	31.270367	25.260450
11.295939	32.056578	30.992370
11.469319	32.874900	52.059036
11.645360	33.719374	56.954254
11.824103	34.573728	73.716880
12.005589	35.434708	77.841533
12.189862	36.296644	91.583250
12.376962	37.155840	95.058280
12.566935	38.010934	106.555834
12.759823	38.853767	109.477209
12.955672	39.690093	119.298133
13.154527	40.518030	121.794369
13.356434	41.337907	130.277667
13.561440	42.148666	132.380768
13.769593	42.942523	139.770262
13.980941	43.731231	141.613389
14.195532	44.511499	148.134198
14.413418	45.282470	149.701506
14.634647	46.045908	155.483477
14.859273	46.797867	156.808498
15.087346	47.542902	161.987262
15.318920	48.281739	163.125384
15.554048	49.014960	167.762784
15.792785	49.740499	168.698175
16.035186	50.457941	172.858316
16.281308	51.169771	173.637782
16.531208	51.876051	177.388626
16.784943	52.577889	178.018606
17.042573	53.276444	181.381937
17.304158	53.964988	181.840703
17.569757	54.651303	184.889793
17.839433	55.334477	185.220859
18.113248	56.015186	187.939447
18.391266	56.689136	188.110064
18.673551	57.360637	190.532467
18.960169	58.025365	190.557320
19.251186	58.687261	192.716646
19.546670	59.346583	192.618551
19.846690	60.004100	194.504315
20.151314	60.654590	194.248829
20.460614	61.303773	195.898654
20.774661	61.950391	195.501551
21.093529	62.593285	196.890676
21.417291	63.232584	196.327732
21.746022	63.863136	197.465109
22.079799	64.492937	196.787489
22.418699	65.119925	197.694630
22.762800	65.742525	196.844803
23.112184	66.359905	197.498685
23.466930	66.968915	196.488317
23.827121	67.577021	196.933331
24.192840	68.177288	195.741815
24.564173	68.771107	195.950399
24.941205	69.359438	194.590921
25.324024	69.936885	194.553797
25.712720	70.507553	193.040267
26.107381	71.068804	192.781629
26.508100	71.620569	191.110860
26.914969	72.165224	190.633941
27.328084	72.693360	188.777711
27.747539	73.212385	188.120931
28.173432	73.719135	186.121569
28.605863	74.212279	185.278017
29.044930	74.695890	183.140130
29.490737	75.157751	182.087086
29.943387	75.605145	179.862915
30.402984	76.039265	178.703603
30.869636	76.459628	176.390839
31.343450	76.863875	175.085764
31.824536	77.245090	172.695939
32.313007	77.615272	171.358058
32.808975	77.969520	168.939218
33.312556	78.307819	167.539541
33.823866	78.632271	165.106348
34.343024	78.935698	163.664287
34.870151	79.227521	161.290377
35.405368	79.506653	159.868221
35.948801	79.773855	157.533971
36.500574	80.029929	156.114337
37.060817	80.268606	153.814215
37.629659	80.498381	152.466084
38.207232	80.719930	150.259102
38.793669	80.933805	148.951124
39.389109	81.138501	146.796123
39.993687	81.332441	145.532535
40.607545	81.521789	143.474231
41.230825	81.703880	142.264993
41.863671	81.881649	140.275945
42.506232	82.051529	139.108710
43.158654	82.217817	137.196750
43.821091	82.378043	136.080112
44.493695	82.535444	134.247015
45.176623	82.690259	133.179637
45.870033	82.841706	131.397643
46.574087	82.989603	130.361225
47.288946	83.134076	128.634559
48.014778	83.276511	127.638021
48.751751	83.416922	125.961674
49.500035	83.555027	124.988095
50.259805	83.690688	123.353791
51.031236	83.824768	122.402508
51.814508	83.955776	120.805498
52.609803	84.086349	119.881677
53.417304	84.215106	118.313726
54.237199	84.341269	117.401457
55.069679	84.467177	115.869832
55.914936	84.591094	114.964106
56.773168	84.713650	113.452638
57.644572	84.833878	112.551671
58.529351	84.952413	111.064114
59.427710	85.069482	110.175120
60.339859	85.185668	108.709514
61.266007	85.300272	107.821887
62.206371	85.413458	106.368381
63.161169	85.524249	105.479804
64.130622	85.633643	104.044049
65.114954	85.741365	103.161540
66.114395	85.848478	101.737710
67.129177	85.952160	100.850502
68.159534	86.056241	99.445790
69.205706	86.156990	98.547342
70.267935	86.255366	97.158257
71.346469	86.353772	96.270468
72.441557	86.449075	94.888123
73.553453	86.544131	94.003037
74.682415	86.636254	92.626349
75.828706	86.726666	91.743686
76.992591	86.816165	90.384261
78.174341	86.903432	89.495217
79.374229	86.988411	88.147147
80.592533	87.072127	87.265016
81.829538	87.154168	85.929504
83.085529	87.234358	85.049017
84.360798	87.313361	83.727078
85.655641	87.390210	82.846109
86.970359	87.465523	81.537752
88.305256	87.539270	80.662905
89.660642	87.612167	79.364012
91.036831	87.681255	78.485593
92.434144	87.750051	77.215347
93.852904	87.818169	76.344223
95.293440	87.883783	75.082324
96.756087	87.949471	74.220586
98.241184	88.013090	72.966532
99.749075	88.075491	72.106129
101.280111	88.136232	70.865743
102.834646	88.195724	70.012079
104.413042	88.254647	68.786803
106.015664	88.311517	67.930738
107.642885	88.366794	66.723153
109.295082	88.422238	65.880148
110.972638	88.476373	64.680950
112.675943	88.529262	63.837126
114.405391	88.580576	62.652688
116.161385	88.632038	61.820036
117.944331	88.682755	60.641373
119.754644	88.731239	59.806095
121.592742	88.780132	58.644678
123.459054	88.827347	57.808596
125.354011	88.874295	56.656192
127.278054	88.919473	55.818742
129.231628	88.963920	54.681880
131.215188	89.009015	53.849062
133.229193	89.051768	52.708893
135.274111	89.093729	51.879643
137.350416	89.135459	50.753858
139.458590	89.176471	49.920777
141.599122	89.216207	48.798631
143.772508	89.255393	47.965080
145.979254	89.293236	46.847154
148.219871	89.330262	46.014233
150.494879	89.366544	44.902209
152.804806	89.401429	44.068392
155.150187	89.436566	42.961645
157.531567	89.468744	42.116588
159.949499	89.500060	41.022350
162.404543	89.530850	40.186488
164.897270	89.561049	39.096895
167.428257	89.589562	38.257956
169.998092	89.617808	37.176891
172.607371	89.644497	36.332301
175.256699	89.669161	35.255473
177.946692	89.692969	34.420199
180.677973	89.716109	33.355545
183.451176	89.737907	32.518695
186.266944	89.757751	31.462954
189.125932	89.777055	30.638540
192.028801	89.795536	29.594460
194.976227	89.812047	28.773838
197.968892	89.828067	27.749510
201.007491	89.843163	26.942056
204.092729	89.858259	25.931611
207.225322	89.870983	25.128976
210.405997	89.883857	24.144755
213.635492	89.896699	23.358115
216.914556	89.908867	22.385732
220.243949	89.920030	21.611254
223.624446	89.931319	20.662669
227.056828	89.941971	19.906489
230.541895	89.953895	18.986529
234.080453	89.966342	18.243272
237.673323	89.978886	17.338813
241.321341	89.992281	16.612750
245.025351	90.007262	15.729156
248.786214	90.023058	15.008929
252.604802	90.039495	14.139361
256.482000	90.057627	13.435266
260.418710	90.078493	12.583755
264.415843	90.101347	11.877799
268.474328	90.125930	11.025000
272.595106	90.151548	10.314658
276.779133	90.180185	9.472825
281.027381	90.211690	8.754252
285.340834	90.245049	7.901613
289.720494	90.280586	7.166354
294.167376	90.318284	6.311714
298.682514	90.358992	5.561355
303.266953	90.401677	4.733561
307.921759	90.464083	3.992380
312.648010	90.526454	3.021498
317.446805	90.588801	2.132014
322.319255	90.649978	1.070836
327.266492	90.710513	0.085557
332.289663	90.768344	-1.057653
337.389935	90.824807	-2.119607
342.568490	90.879742	-3.336846
347.826529	90.930219	-4.486612
353.165274	90.978122	-5.766737
358.585963	91.022230	-6.985880
364.089853	91.062878	-8.330183
369.678221	91.098389	-9.619493
375.352365	91.129255	-11.017965
381.113600	91.155334	-12.364313
386.963264	91.175336	-13.815286
392.902713	91.189143	-15.206570
398.933327	91.198074	-16.686633
405.056503	91.200793	-18.118269
411.273663	91.197427	-19.629156
417.586250	91.186816	-21.092656
423.995728	91.169238	-22.614778
430.503584	91.145593	-24.083450
437.111328	91.116231	-25.603196
443.820494	91.080658	-27.079793
450.632638	91.038278	-28.594028
457.549340	90.990285	-30.061422
464.572207	90.936216	-31.555973
471.702866	90.877184	-33.007662
478.942973	90.812612	-34.478855
486.294207	90.743164	-35.915627
493.758274	90.667419	-37.359033
501.336907	90.588303	-38.764194
509.031863	90.504465	-40.178378
516.844927	90.415832	-41.564752
524.777914	90.322878	-42.944305
532.832663	90.225583	-44.305218
541.011043	90.124508	-45.649442
549.314952	90.019192	-46.988960
557.746317	89.909771	-48.301844
566.307094	89.795695	-49.620972
574.999269	89.677659	-50.896249
583.824859	89.556182	-52.195728
592.785912	89.430307	-53.451291
601.884506	89.298417	-54.766115
611.122755	89.153677	-56.018517
620.502799	88.997931	-57.275531
630.026817	88.837729	-58.391198
639.697018	88.673206	-59.556675
649.515646	88.504940	-60.559963
659.484978	88.333408	-61.660610
669.607328	88.159007	-62.549767
679.885045	87.982849	-63.636690
690.320514	87.805557	-64.464006
700.916155	87.589819	-65.979827
711.674427	87.205227	-66.148075
722.597826	87.098776	-65.633964
733.688888	86.982758	-66.249513
744.950184	86.856834	-66.617660
756.384329	86.720495	-67.306316
767.993975	86.573414	-67.819029
779.781816	86.415182	-68.468883
791.750587	86.245377	-68.939373
803.903066	86.070850	-69.420581
816.242071	85.893644	-69.749057
828.770466	85.713718	-70.062923
841.491157	85.531031	-70.233078
854.407097	85.345539	-70.337853
867.521282	85.157200	-70.266224
880.836755	84.965971	-70.037996
894.356605	84.771806	-69.415889
908.083970	84.648315	-68.250808
922.022035	84.653786	-67.194642
936.174033	84.700803	-66.678418
950.543248	84.748543	-66.436451
965.133014	84.797015	-66.372874
979.946717	84.846230	-66.445945
994.987794	84.896201	-66.622904
1010.259734	84.946940	-66.912111
1025.766081	84.998457	-67.272833
1041.510433	85.050765	-67.742377
1057.496443	85.103875	-68.266761
1073.727820	85.157801	-68.906003
1090.208331	85.212555	-69.593203
1106.941799	85.268148	-70.409006
1123.932106	85.324596	-71.276587
1141.183196	85.381910	-72.297845
1158.699071	85.440103	-73.397283
1176.483794	85.499189	-74.704618
1194.541493	85.559183	-76.250325
1212.876357	85.564112	-78.252068
1231.492641	85.484398	-80.071642
1250.394663	85.386165	-81.644721
1269.586811	85.286424	-83.032103
1289.073536	85.185153	-84.408950
1308.859360	85.082328	-85.669309
1328.948875	84.977923	-86.970699
1349.346741	84.871916	-88.170895
1370.057691	84.764282	-89.438412
1391.086530	84.654997	-90.610233
1412.438139	84.544034	-91.868291
1434.117471	84.431367	-93.033523
1456.129556	84.316972	-94.302286
1478.479502	84.200820	-95.482953
1501.172494	84.082180	-96.790962
1524.213798	83.958869	-98.014429
1547.608761	83.831299	-99.360363
1571.362809	83.701305	-100.609845
1595.481455	83.569314	-102.008103
1619.970296	83.435298	-103.330147
1644.835012	83.299225	-104.837642
1670.081374	83.161063	-106.300863
1695.715238	83.020781	-108.012075
1721.742554	82.878346	-109.758444
1748.169360	82.733723	-111.903925
1775.001787	82.586882	-114.428867
1802.246062	82.350492	-118.141627
1829.908506	81.830497	-122.131465
1857.995537	81.066328	-125.059539
1886.513672	80.242468	-126.431247
1915.469528	79.405962	-126.987532
1944.869824	78.556617	-126.522893
1974.721382	77.694236	-125.322489
2005.031127	76.818617	-122.943854
2035.806093	75.929560	-119.442573
2067.053419	75.026856	-113.802533
2098.780357	74.314837	-104.736973
2130.994268	74.397820	-92.947917
2163.702626	75.311720	-83.993471
2196.913020	76.430535	-78.847331
2230.633156	77.566522	-76.153238
2264.870858	78.719946	-75.148891
2299.634071	79.891073	-75.991588
2334.930859	81.080176	-78.570042
2370.769413	82.287530	-83.906264
2407.158049	83.219955	-93.324342
2444.105209	83.282082	-104.646211
2481.619467	82.747505	-112.796884
2519.709526	82.112223	-118.497838
2558.384224	81.467190	-122.464101
2597.652535	80.812257	-125.567743
2637.523571	80.147271	-127.326188
2678.006582	79.488744	-127.909257
2719.110962	79.025519	-126.234664
2760.846247	79.020344	-124.659677
2803.222122	79.248203	-124.892013
2846.248419	79.479559	-126.916502
2889.935121	79.714466	-129.880196
2934.292365	79.952979	-134.472876
2979.330442	80.195153	-141.481410
3025.059803	79.879023	-152.915562
3071.491058	78.471085	-162.907164
3118.634980	76.661886	-167.866394
3166.502508	74.824917	-169.132343
3215.104749	72.959754	-167.444096
3264.452980	71.065962	-161.140954
3314.558650	69.786841	-147.991203
3365.433386	70.102498	-133.443065
3417.088991	71.373176	-125.815228
3469.537452	72.790916	-123.986123
3522.790937	74.230416	-127.195770
3576.861804	75.620647	-137.364093
3631.762597	75.712890	-156.801766
3687.506055	73.600828	-173.797134
3744.105113	70.535435	-180.656703
3801.572902	67.422991	-179.330709
3859.922757	64.262775	-170.250309
3919.168216	62.031025	-149.578719
3979.323027	62.042091	-126.744842
4040.401145	63.359411	-111.835760
4102.416744	64.851619	-104.062944
4165.384213	66.346859	-100.989317
4229.318161	67.479960	-103.446644
4294.233423	67.784587	-107.144530
4360.145061	67.668872	-108.541644
4427.068369	67.551379	-108.020620
4495.018873	67.451695	-106.866521
4564.012342	67.436954	-104.737878
4634.064782	67.516927	-102.751101
4705.192448	67.619383	-100.507348
4777.411843	67.723413	-97.419986
4850.739725	68.213817	-92.589149
4925.193107	69.221844	-89.937030
5000.789264	70.387349	-90.304599
5077.545738	71.509928	-94.259864
5155.480336	72.273789	-101.002940
5234.611143	72.491874	-108.342732
5314.956518	72.516803	-113.915281
5396.535104	72.514274	-119.912152
5479.365829	72.304678	-126.006013
5563.467912	71.862566	-131.595852
5648.860868	71.389886	-135.848607
5735.564509	70.835865	-140.506761
5823.598953	70.087334	-143.979513
5912.984627	69.227819	-145.977287
6003.742269	68.517062	-144.883203
6095.892940	68.350321	-143.266066
6189.458019	68.672726	-143.794598
6284.459216	69.094687	-149.791328
6380.918575	68.766647	-160.105775
6478.858476	67.447936	-168.497848
6578.301643	66.019190	-172.510873
6679.271152	64.480482	-175.661941
6781.790428	62.815569	-175.841230
6885.883260	61.129045	-174.026050
6991.573799	59.560948	-168.726352
7098.886568	58.133847	-161.173279
7207.846468	57.228757	-147.240898
7318.478779	58.107680	-132.062755
7430.809171	60.632970	-127.679462
7544.863709	62.504765	-141.552995
7660.668854	61.837274	-159.208636
7778.251478	59.878497	-169.501664
7897.638862	57.544634	-173.837250
8018.858708	54.777037	-171.605164
8141.939142	52.664377	-158.034505
8266.908722	52.607644	-143.218601
8393.796444	53.544062	-138.059759
8522.631749	54.023591	-141.185752
8653.444531	53.885129	-148.703431
8786.265141	52.168667	-161.733286
8921.124398	48.041785	-164.382236
9058.053593	44.276075	-146.387748
9197.084496	42.986575	-121.359953
9338.249366	43.022722	-102.892069
9481.580958	43.092718	-87.250268
9627.112528	43.368608	-71.023173
9774.877844	44.165037	-52.942531
9924.911191	45.952721	-33.487939
10077.247380	49.915741	-17.325289
10231.921757	55.108107	-24.665045
10388.970212	57.662073	-49.803905
10548.429184	57.670963	-75.943041
10710.335671	55.053440	-95.654120
10874.727239	51.933938	-93.900338
11041.642033	51.385010	-88.326547
11211.118781	50.200442	-97.201693
11383.196805	46.164577	-94.278100
11557.916033	43.642165	-66.707756
11735.317004	44.721182	-36.287933
11915.440880	48.780503	-20.549175
12098.329454	52.312510	-34.890044
12284.025162	51.532825	-52.987687
12472.571089	49.804924	-52.864935
12664.010983	49.292651	-46.359388
12858.389263	49.665555	-42.485506
13055.751031	50.074796	-44.234962
13256.142079	49.604998	-50.051567
13459.608904	47.915027	-53.381983
13666.198715	44.636017	-46.846873
13875.959447	42.865541	-8.226812
14088.939769	48.590367	21.164030
14305.189099	53.414198	2.272900
14524.757612	54.122505	-17.585766
14747.696254	53.555337	-39.415772
14974.056752	49.270574	-47.805142
15203.891629	47.650183	-23.928994
15437.254212	50.059488	-22.391682
15674.198647	48.766208	-38.848874
15914.779912	44.770712	-34.845186
16159.053828	42.684396	-5.278951
16407.077073	45.056350	19.394673
16658.907195	47.502127	21.672374
16914.602625	48.452855	23.750953
17174.222692	50.668260	23.958892
17437.827634	51.109514	6.690327
17705.478614	49.433453	4.393985
17977.237735	48.773268	1.114660
18253.168051	46.272191	-1.670309
18533.333587	41.948936	11.900095
18817.799347	41.186129	54.551235
19106.631336	42.377614	74.838840
19399.896571	45.603349	116.443320
19697.663095	47.854014	98.787835
20000.000000	45.227902	202.131839