* FRD data written by MATAA on 05-Jan-2019 10:25:28
* Monkey Coffin 20181219, spliced SPL curve, VM752 (no filter), 1 m from baffle, horizontal angle = +45 deg.
10.000000	25.937639	-497.578469
10.153489	26.199932	-309.396308
10.309333	26.463770	-305.503706
10.467570	26.727728	-243.299110
10.628235	26.991699	-239.844096
10.791367	27.255624	-202.665230
10.957002	27.518569	-199.495106
11.125180	27.782559	-172.949740
11.295939	28.045573	-169.998476
11.469319	28.309741	-149.317376
11.645360	28.573652	-146.549096
11.824103	28.837411	-129.586256
12.005589	29.100691	-126.973369
12.189862	29.363420	-112.564936
12.376962	29.628056	-110.077991
12.566935	29.891868	-97.552835
12.759823	30.155037	-95.189631
12.955672	30.418962	-84.087294
13.154527	30.682800	-81.837752
13.356434	30.945621	-71.863007
13.561440	31.211005	-69.707791
13.769593	31.473649	-60.663537
13.980941	31.737127	-58.594693
14.195532	32.000163	-50.301932
14.413418	32.264109	-48.315608
14.634647	32.527646	-40.664988
14.859273	32.791046	-38.759343
15.087346	33.054244	-31.653540
15.318920	33.317423	-29.817122
15.554048	33.581423	-23.181332
15.792785	33.845113	-21.418316
16.035186	34.108610	-15.199473
16.281308	34.372093	-13.498534
16.531208	34.635974	-7.645735
16.784943	34.899464	-6.007970
17.042573	35.163222	-0.482855
17.304158	35.426240	1.096919
17.569757	35.690155	6.333469
17.839433	35.953833	7.853973
18.113248	36.216664	12.823790
18.391266	36.480653	14.299082
18.673551	36.744194	19.023540
18.960169	37.007573	20.446165
19.251186	37.270560	24.953159
19.546670	37.534485	26.335511
19.846690	37.799323	30.633734
20.151314	38.061987	31.955162
20.460614	38.324600	36.073170
20.774661	38.587382	37.362176
21.093529	38.851245	41.313991
21.417291	39.116065	42.553495
21.746022	39.378620	46.327751
22.079799	39.641112	47.536245
22.418699	39.904641	51.170978
22.762800	40.168020	52.343327
23.112184	40.433898	55.832811
23.466930	40.696168	56.943948
23.827121	40.958761	60.310458
24.192840	41.221654	61.398733
24.564173	41.485452	64.648271
24.941205	41.751097	65.691914
25.324024	42.012605	68.802683
25.712720	42.275585	69.831881
26.107381	42.540095	72.844636
26.508100	42.804965	73.825694
26.914969	43.068324	76.718536
27.328084	43.330917	77.668143
27.747539	43.593558	80.472358
28.173432	43.857026	81.401185
28.605863	44.122205	84.108385
29.044930	44.385527	84.986895
29.490737	44.648109	87.604018
29.943387	44.910891	88.463680
30.402984	45.174351	91.007947
30.869636	45.441109	91.834295
31.343450	45.703737	94.262015
31.824536	45.965557	95.066136
32.313007	46.228529	97.440393
32.808975	46.493144	98.224027
33.312556	46.758856	100.510271
33.823866	47.022416	101.242349
34.343024	47.284261	103.461435
34.870151	47.549247	104.191625
35.405368	47.814541	106.327661
35.948801	48.077940	107.014028
36.500574	48.341495	109.084325
37.060817	48.603497	109.754521
37.629659	48.868996	111.778285
38.207232	49.134391	112.407104
38.793669	49.397692	114.349244
39.389109	49.661119	114.960368
39.993687	49.923735	116.855696
40.607545	50.190488	117.459512
41.230825	50.456861	119.269510
41.863671	50.720545	119.824306
42.506232	50.983331	121.583911
43.158654	51.245793	122.142548
43.821091	51.513496	123.867908
44.493695	51.780333	124.373243
45.176623	52.044419	126.017409
45.870033	52.308092	126.526876
46.574087	52.578345	128.136564
47.288946	52.844657	128.574857
48.014778	53.108954	130.120898
48.751751	53.373761	130.556451
49.500035	53.638088	132.077358
50.259805	53.910859	132.506982
51.031236	54.179024	133.912322
51.814508	54.443477	134.300301
52.609803	54.710299	135.692006
53.417304	54.977787	136.077814
54.237199	55.253064	137.420007
55.069679	55.524212	137.706864
55.914936	55.791743	138.967455
56.773168	56.060938	139.242009
57.644572	56.330370	140.451261
58.529351	56.605332	140.651555
59.427710	56.867952	141.687136
60.339859	57.118348	141.816649
61.266007	57.360648	142.876964
62.206371	57.600383	143.065546
63.161169	57.829001	144.182464
64.130622	58.066129	144.549694
65.114954	58.312991	145.768864
66.114395	58.571783	146.184744
67.129177	58.846790	147.324673
68.159534	59.110903	147.565791
69.205706	59.376366	148.647969
70.267935	59.642797	148.885968
71.346469	59.911562	149.948431
72.441557	60.192761	150.140438
73.553453	60.459159	151.030538
74.682415	60.724825	151.211469
75.828706	60.990661	152.114730
76.992591	61.259815	152.325603
78.174341	61.543207	153.174093
79.374229	61.809426	153.216524
80.592533	62.074191	154.046686
81.829538	62.339812	154.137622
83.085529	62.608508	154.992625
84.360798	62.893242	155.054412
85.655641	63.159779	155.722419
86.970359	63.424479	155.798350
88.305256	63.699422	156.545112
89.660642	63.982890	156.537914
91.036831	64.249531	157.114128
92.434144	64.514701	157.120646
93.852904	64.780211	157.753498
95.293440	65.056505	157.812758
96.756087	65.342555	158.342774
98.241184	65.609525	158.225777
99.749075	65.875714	158.761811
101.280111	66.141548	158.720130
102.834646	66.419554	159.305695
104.413042	66.709073	159.168096
106.015664	66.975895	159.540335
107.642885	67.242825	159.439135
109.295082	67.510241	159.885714
110.972638	67.790535	159.852079
112.675943	68.084647	160.183020
114.405391	68.352201	159.923829
116.161385	68.619566	160.330841
117.944331	68.910372	160.196220
119.754644	69.199157	160.397081
121.592742	69.468886	160.099754
123.459054	69.737682	160.337189
125.354011	70.006065	160.154841
127.278054	70.300022	160.449225
129.231628	70.591885	160.061175
131.215188	70.862492	160.154024
133.229193	71.133047	159.827146
135.274111	71.402953	160.022152
137.350416	71.700659	159.769761
139.458590	71.996301	159.719651
141.599122	72.267707	159.256838
143.772508	72.539080	159.257988
145.979254	72.809529	158.925430
148.219871	73.111460	158.989753
150.494879	73.410293	158.391415
152.804806	73.683259	158.197209
155.150187	73.956446	157.630131
157.531567	74.218326	157.480578
159.949499	74.498913	157.013954
162.404543	74.779799	156.738227
164.897270	75.039211	156.081453
167.428257	75.275219	155.897864
169.998092	75.535751	155.633467
172.607371	75.817230	155.654445
175.256699	76.156701	155.531674
177.946692	76.546889	154.898759
180.677973	76.821369	153.889105
183.451176	77.145960	153.386061
186.266944	77.440153	152.205324
189.125932	77.714713	151.409806
192.028801	77.990162	150.323958
194.976227	78.265087	149.024826
197.968892	78.370187	147.677010
201.007491	78.568943	147.609349
204.092729	78.797223	146.615290
207.225322	78.986181	146.284861
210.405997	79.219812	145.642130
213.635492	79.453029	145.305321
216.914556	79.704992	144.648656
220.243949	79.966190	144.226869
223.624446	80.232945	143.470065
227.056828	80.522139	142.880050
230.541895	80.786701	141.749790
234.080453	81.031030	140.994795
237.673323	81.265375	139.962973
241.321341	81.507058	139.423069
245.025351	81.794083	138.495710
248.786214	82.082498	137.555702
252.604802	82.353817	136.113082
256.482000	82.574317	134.756889
260.418710	82.732429	133.397458
264.415843	82.908309	132.741597
268.474328	83.132724	131.849183
272.595106	83.380217	131.045207
276.779133	83.618694	129.753793
281.027381	83.828797	128.760065
285.340834	84.058982	127.525545
289.720494	84.264315	126.340392
294.167376	84.450623	125.060788
298.682514	84.627195	124.040711
303.266953	84.813513	123.053171
307.921759	85.041675	122.069168
312.648010	85.222492	120.722757
317.446805	85.397696	119.832550
322.319255	85.583971	118.793546
327.266492	85.791112	118.045863
332.289663	86.021204	116.976306
337.389935	86.250802	116.033958
342.568490	86.496451	114.836835
347.826529	86.744064	113.632001
353.165274	86.977037	112.152769
358.585963	87.213465	110.786466
364.089853	87.432367	108.970425
369.678221	87.591539	107.384882
375.352365	87.753458	105.881893
381.113600	87.918018	104.529267
386.963264	88.083714	103.091829
392.902713	88.253025	101.789283
398.933327	88.424199	100.360080
405.056503	88.597606	99.048399
411.273663	88.773701	97.599555
417.586250	88.952229	96.244413
423.995728	89.133431	94.734261
430.503584	89.316733	93.276774
437.111328	89.493644	91.603899
443.820494	89.652016	90.044477
450.632638	89.813288	88.436320
457.549340	89.975986	86.896051
464.572207	90.141080	85.243819
471.702866	90.307468	83.634984
478.942973	90.476568	81.888130
486.294207	90.647817	80.142142
493.758274	90.821148	78.199085
501.336907	90.997520	76.110493
509.031863	91.126095	73.522430
516.844927	91.150204	71.200981
524.777914	91.176196	69.289655
532.832663	91.206976	67.505608
541.011043	91.240821	65.821107
549.314952	91.278012	64.232838
557.746317	91.319599	62.700899
566.307094	91.366139	61.253450
574.999269	91.417282	59.890003
583.824859	91.500373	58.693040
592.785912	91.629181	57.300370
601.884506	91.760009	55.665883
611.122755	91.882577	53.848675
620.502799	91.999472	51.968305
630.026817	92.116606	49.865669
639.697018	92.234241	47.655406
649.515646	92.353127	44.604830
659.484978	92.247926	41.174802
669.607328	92.038822	38.839190
679.885045	91.838865	37.072465
690.320514	91.649107	35.756632
700.916155	91.469683	34.756955
711.674427	91.300889	34.100847
722.597826	91.144152	34.128818
733.688888	91.161744	34.562492
744.950184	91.238992	34.242478
756.384329	91.322008	33.874381
767.993975	91.411403	33.209607
779.781816	91.506893	32.642111
791.750587	91.608064	31.917879
803.903066	91.744267	31.385036
816.242071	91.913623	30.446196
828.770466	92.086709	29.458247
841.491157	92.262767	28.119865
854.407097	92.441284	26.810380
867.521282	92.622819	25.018993
880.836755	92.757340	23.227528
894.356605	92.884602	21.313525
908.083970	92.997200	19.389841
922.022035	93.076367	17.296295
936.174033	93.143253	15.456904
950.543248	93.207925	13.461581
965.133014	93.269626	11.635767
979.946717	93.327648	9.585424
994.987794	93.381053	7.694072
1010.259734	93.428832	5.471769
1025.766081	93.435422	3.397392
1041.510433	93.424597	1.313115
1057.496443	93.415654	-0.483140
1073.727820	93.408263	-2.427707
1090.208331	93.406103	-4.106856
1106.941799	93.421238	-6.025262
1123.932106	93.433080	-7.849294
1141.183196	93.442376	-9.904900
1158.699071	93.450637	-11.841754
1176.483794	93.454956	-14.036469
1194.541493	93.469188	-16.251813
1212.876357	93.422097	-19.030472
1231.492641	93.301918	-21.363091
1250.394663	93.165118	-23.636167
1269.586811	93.026219	-25.493728
1289.073536	92.885188	-27.489835
1308.859360	92.741992	-29.129394
1328.948875	92.596598	-30.947930
1349.346741	92.448973	-32.414659
1370.057691	92.299082	-34.075135
1391.086530	92.146890	-35.372218
1412.438139	91.992362	-36.861688
1434.117471	91.835462	-37.958214
1456.129556	91.676154	-39.215513
1478.479502	91.514402	-39.981887
1501.172494	91.369989	-40.691094
1524.213798	91.303397	-40.879253
1547.608761	91.302213	-41.655729
1571.362809	91.314135	-42.413086
1595.481455	91.326240	-43.674242
1619.970296	91.338531	-44.727362
1644.835012	91.351011	-46.231780
1670.081374	91.363683	-47.496177
1695.715238	91.376549	-49.222314
1721.742554	91.389612	-50.714659
1748.169360	91.402876	-52.720013
1775.001787	91.416344	-54.586354
1802.246062	91.404277	-57.214030
1829.908506	91.309469	-59.674120
1857.995537	91.143559	-62.257626
1886.513672	90.960960	-64.145516
1915.469528	90.775559	-66.270078
1944.869824	90.587311	-67.889858
1974.721382	90.396174	-69.842491
2005.031127	90.202104	-71.328434
2035.806093	90.005055	-73.201572
2067.053419	89.804981	-74.661026
2098.780357	89.589933	-76.654939
2130.994268	89.324680	-78.250917
2163.702626	89.007073	-80.017413
2196.913020	88.673481	-80.972240
2230.633156	88.334770	-82.102712
2264.870858	87.990859	-82.484413
2299.634071	87.641670	-83.018753
2334.930859	87.287121	-82.665681
2370.769413	86.927130	-82.135672
2407.158049	86.654147	-79.926697
2444.105209	86.655904	-77.806624
2481.619467	86.846139	-76.271271
2519.709526	87.068460	-76.215635
2558.384224	87.294193	-76.290751
2597.652535	87.523391	-77.389712
2637.523571	87.756107	-78.539023
2678.006582	87.984057	-80.963752
2719.110962	88.112732	-83.938905
2760.846247	88.010647	-87.627739
2803.222122	87.790360	-89.884127
2846.248419	87.566692	-92.111616
2889.935121	87.339591	-93.464291
2934.292365	87.109005	-95.096400
2979.330442	86.874879	-95.772117
3025.059803	86.693442	-96.509628
3071.491058	86.618071	-96.681831
3118.634980	86.579563	-97.879662
3166.502508	86.540463	-98.703895
3215.104749	86.500764	-100.312512
3264.452980	86.460456	-101.460751
3314.558650	86.409114	-103.448240
3365.433386	86.330864	-104.911761
3417.088991	86.236041	-107.024085
3469.537452	86.137698	-108.527992
3522.790937	86.037847	-110.805022
3576.861804	85.932946	-112.699363
3631.762597	85.761430	-115.663396
3687.506055	85.478603	-117.807096
3744.105113	85.146061	-120.110070
3801.572902	84.808415	-121.321605
3859.922757	84.465587	-122.875842
3919.168216	84.153090	-123.238718
3979.323027	83.918759	-124.175418
4040.401145	83.728417	-124.614855
4102.416744	83.540789	-125.971732
4165.384213	83.350072	-126.656561
4229.318161	83.152389	-128.145713
4294.233423	82.942800	-128.839357
4360.145061	82.725538	-130.190188
4427.068369	82.504941	-130.512404
4495.018873	82.322016	-131.067263
4564.012342	82.317324	-130.454558
4634.064782	82.511325	-131.638266
4705.192448	82.752809	-133.401738
4777.411843	82.997999	-137.493583
4850.739725	83.081623	-142.398624
4925.193107	82.947355	-148.546244
5000.789264	82.750010	-154.147153
5077.545738	82.463627	-162.431077
5155.480336	81.641149	-172.075510
5234.611143	80.017581	-180.803291
5314.956518	78.091181	-184.241516
5396.535104	76.168990	-185.057809
5479.365829	74.468482	-182.072913
5563.467912	73.020085	-179.304073
5648.860868	71.575761	-175.002743
5735.564509	70.150961	-170.112446
5823.598953	68.808972	-162.719233
5912.984627	67.502378	-154.385167
6003.742269	66.420208	-141.304126
6095.892940	66.159134	-126.779962
6189.458019	66.636324	-113.632289
6284.459216	67.294853	-103.613840
6380.918575	68.365281	-93.003252
6478.858476	69.975647	-87.115736
6578.301643	71.611999	-85.800573
6679.271152	72.712082	-89.666480
6781.790428	73.174835	-92.359527
6885.883260	73.433675	-94.729233
6991.573799	73.544130	-95.517112
7098.886568	73.482011	-95.993126
7207.846468	73.480598	-92.944935
7318.478779	73.890263	-89.800315
7430.809171	74.679580	-87.168495
7544.863709	75.488923	-88.010463
7660.668854	76.184668	-88.702322
7778.251478	76.827574	-91.021671
7897.638862	77.458909	-92.644143
8018.858708	78.075211	-96.177222
8141.939142	78.647334	-99.339073
8266.908722	79.109611	-104.414699
8393.796444	79.500414	-108.571647
8522.631749	79.804631	-114.623202
8653.444531	80.018300	-119.906185
8786.265141	80.041255	-127.462101
8921.124398	79.763552	-133.314938
9058.053593	79.337544	-139.630029
9197.084496	78.734411	-143.607749
9338.249366	78.081988	-147.014946
9481.580958	77.573171	-147.691474
9627.112528	77.238895	-149.147601
9774.877844	77.162272	-149.397533
9924.911191	77.202887	-153.055030
10077.247380	77.047485	-156.807175
10231.921757	76.605478	-162.549579
10388.970212	75.645080	-165.195456
10548.429184	74.828233	-162.187983
10710.335671	75.715121	-157.858038
10874.727239	76.739947	-169.418609
11041.642033	75.566598	-182.004447
11211.118781	73.796655	-185.382575
11383.196805	72.786075	-183.415823
11557.916033	72.092735	-183.564530
11735.317004	71.579549	-182.118796
11915.440880	71.368181	-183.964975
12098.329454	70.718768	-188.477596
12284.025162	69.046624	-190.461947
12472.571089	67.847088	-182.584848
12664.010983	67.792743	-175.621818
12858.389263	68.477596	-171.039457
13055.751031	69.508154	-174.501730
13256.142079	70.003860	-185.161862
13459.608904	68.883280	-203.261755
13666.198715	64.266531	-214.377123
13875.959447	59.322493	-183.728696
14088.939769	62.618413	-147.131864
14305.189099	66.050455	-159.558213
14524.757612	64.950825	-169.343385
14747.696254	63.505477	-162.802901
14974.056752	64.586790	-147.789562
15203.891629	67.069041	-150.642104
15437.254212	68.151094	-163.080710
15674.198647	67.229807	-176.333634
15914.779912	65.895718	-176.641689
16159.053828	65.294185	-174.278811
16407.077073	65.854707	-169.494573
16658.907195	66.845398	-174.876964
16914.602625	67.371813	-183.367293
17174.222692	66.808347	-196.425277
17437.827634	65.921921	-201.739162
17705.478614	65.527369	-211.622457
17977.237735	64.640237	-226.239691
18253.168051	61.577816	-249.276262
18533.333587	54.913192	-254.925157
18817.799347	49.282497	-230.544152
19106.631336	45.279527	-200.123187
19399.896571	43.244757	-140.673497
19697.663095	47.751189	-94.149985
20000.000000	53.677822	-41.849663