* FRD data written by MATAA on 05-Jan-2019 10:25:28
* Monkey Coffin 20181219, spliced SPL curve, VM752 (no filter), 1 m from baffle, horizontal angle = -30 deg.
10.000000	24.990583	-536.350064
10.153489	25.252877	-339.109166
10.309333	25.516823	-336.392138
10.467570	25.781508	-269.549382
10.628235	26.044644	-267.186684
10.791367	26.308842	-226.506611
10.957002	26.572187	-224.352244
11.125180	26.835503	-194.923947
11.295939	27.098955	-192.911883
11.469319	27.363194	-169.758796
11.645360	27.626597	-167.870025
11.824103	27.890355	-148.726970
12.005589	28.153635	-146.936802
12.189862	28.417076	-130.580501
12.376962	28.681234	-128.871994
12.566935	28.945634	-114.581056
12.759823	29.208105	-112.955831
12.955672	29.471906	-100.234679
13.154527	29.735744	-98.680492
13.356434	29.998565	-87.216328
13.561440	30.263950	-85.720277
13.769593	30.526594	-75.295338
13.980941	30.790277	-73.851431
14.195532	31.053847	-64.275613
14.413418	31.317054	-62.888755
14.634647	31.580591	-54.030087
14.859273	31.843991	-52.694041
15.087346	32.107667	-44.454014
15.318920	32.370835	-43.167237
15.554048	32.634368	-35.459818
15.792785	32.898700	-34.218828
16.035186	33.161856	-26.991713
16.281308	33.425037	-25.789658
16.531208	33.688918	-18.973619
16.784943	33.953272	-17.817811
17.042573	34.216248	-11.384216
17.304158	34.479184	-10.261225
17.569757	34.743100	-4.155641
17.839433	35.006777	-3.076592
18.113248	35.269608	2.723703
18.391266	35.533598	3.773548
18.673551	35.797138	9.293099
18.960169	36.060518	10.305530
19.251186	36.323505	15.575087
19.546670	36.587429	16.561624
19.846690	36.852268	21.592592
20.151314	37.114932	22.531641
20.460614	37.377544	27.356251
20.774661	37.640957	28.274741
21.093529	37.904505	32.901648
21.417291	38.169010	33.784968
21.746022	38.431565	38.217468
22.079799	38.694907	39.077874
22.418699	38.957680	43.343443
22.762800	39.221924	44.181962
23.112184	39.486858	48.278928
23.466930	39.750043	49.070189
23.827121	40.011830	53.021314
24.192840	40.275419	53.801689
24.564173	40.538396	57.614920
24.941205	40.804329	58.366158
25.324024	41.066550	62.022061
25.712720	41.329132	62.757634
26.107381	41.593040	66.303672
26.508100	41.857910	67.006505
26.914969	42.121268	70.416337
27.328084	42.383861	71.094937
27.747539	42.646503	74.402670
28.173432	42.910697	75.069270
28.605863	43.176149	78.257260
29.044930	43.438635	78.878884
29.490737	43.701054	81.972200
29.943387	43.963836	82.585275
30.402984	44.227295	85.590638
30.869636	44.494110	86.179902
31.343450	44.757570	89.053257
31.824536	45.018502	89.620540
32.313007	45.281474	92.436368
32.808975	45.546089	92.992543
33.312556	45.811801	95.706966
33.823866	46.075361	96.218887
34.343024	46.337205	98.856414
34.870151	46.602685	99.373167
35.405368	46.867937	101.913544
35.948801	47.131488	102.392944
36.500574	47.394781	104.858600
37.060817	47.657155	105.331252
37.629659	47.922940	107.738137
38.207232	48.188335	108.172740
38.793669	48.451636	110.489444
39.389109	48.715064	110.913693
39.993687	48.977679	113.172077
40.607545	49.243476	113.597852
41.230825	49.510707	115.768602
41.863671	49.773642	116.146271
42.506232	50.037275	118.262209
43.158654	50.299737	118.644570
43.821091	50.567440	120.715212
44.493695	50.833906	121.052157
45.176623	51.097790	123.038232
45.870033	51.362037	123.387275
46.574087	51.632290	125.325474
47.288946	51.898601	125.608829
48.014778	52.162898	127.477482
48.751751	52.427706	127.765510
49.500035	52.692788	129.601167
50.259805	52.964994	129.881865
51.031236	53.232969	131.602237
51.814508	53.498342	131.850916
52.609803	53.765244	133.539097
53.417304	54.031762	133.792666
54.237199	54.307924	135.433708
55.069679	54.578296	135.588296
55.914936	54.846688	137.145974
56.773168	55.115634	137.287338
57.644572	55.384618	138.789822
58.529351	55.660277	138.869394
59.427710	55.923309	140.186400
60.339859	56.173825	140.194711
61.266007	56.415592	141.533480
62.206371	56.655905	141.612551
63.161169	56.884945	142.998664
64.130622	57.122074	143.256544
65.114954	57.368936	144.741911
66.114395	57.627728	145.054699
67.129177	57.902734	146.456692
68.159534	58.166847	146.602375
69.205706	58.433273	147.942613
70.267935	58.699742	148.082226
71.346469	58.968507	149.398778
72.441557	59.249832	149.502179
73.553453	59.517103	150.641658
74.682415	59.782769	150.731894
75.828706	60.048606	151.881592
76.992591	60.317760	152.009399
78.174341	60.601151	153.102598
79.374229	60.867825	153.068963
80.592533	61.133136	154.138773
81.829538	61.399321	154.155366
83.085529	61.668453	155.245787
84.360798	61.953861	155.236967
85.655641	62.220724	156.136216
86.970359	62.486207	156.145932
88.305256	62.761366	157.119485
89.660642	63.045728	157.051210
91.036831	63.312476	157.847468
92.434144	63.577650	157.800930
93.852904	63.844214	158.657747
95.293440	64.121450	158.661411
96.756087	64.407668	159.409042
98.241184	64.675469	159.244689
99.749075	64.941936	159.995831
101.280111	65.208824	159.914324
102.834646	65.487885	160.710679
104.413042	65.778459	160.534232
106.015664	66.046336	161.112606
107.642885	66.313769	160.974853
109.295082	66.581792	161.629491
110.972638	66.863141	161.567444
112.675943	67.158307	162.102597
114.405391	67.426916	161.820368
116.161385	67.696162	162.429754
117.944331	67.988197	162.269826
119.754644	68.278037	162.669972
121.592742	68.548822	162.357091
123.459054	68.819672	162.793726
125.354011	69.089110	162.593694
127.278054	69.384432	163.091383
129.231628	69.679039	162.692158
131.215188	69.950965	162.976039
133.229193	70.223310	162.644367
135.274111	70.494645	163.032325
137.350416	70.794460	162.782614
139.458590	71.092211	162.924818
141.599122	71.366264	162.468142
143.772508	71.640210	162.657890
145.979254	71.913415	162.332997
148.219871	72.217809	162.583696
150.494879	72.519510	161.997551
152.804806	72.794828	161.988125
155.150187	73.070994	161.441424
157.531567	73.336039	161.475961
159.949499	73.619792	161.031466
162.404543	73.903875	160.940921
164.897270	74.167417	160.310895
167.428257	74.406589	160.305064
169.998092	74.670481	160.076688
172.607371	74.956428	160.281431
175.256699	75.300562	160.191770
177.946692	75.694274	159.736769
180.677973	75.973389	158.774344
183.451176	76.303254	158.449207
186.266944	76.602721	157.313958
189.125932	76.882555	156.690931
192.028801	77.162644	155.655302
194.976227	77.443166	154.534267
197.968892	77.553853	153.241998
201.007491	77.758685	153.351690
204.092729	77.993293	152.419610
207.225322	78.189493	152.263599
210.405997	78.429546	151.682215
213.635492	78.670112	151.522573
216.914556	78.929455	150.930869
220.243949	79.198163	150.685468
223.624446	79.473172	149.999434
227.056828	79.770224	149.584767
230.541895	80.044277	148.534214
234.080453	80.298098	147.946538
237.673323	80.541535	146.990903
241.321341	80.792113	146.621912
245.025351	81.089142	145.782871
248.786214	81.388105	145.014181
252.604802	81.670595	143.660043
256.482000	81.902024	142.472174
260.418710	82.072148	141.207180
264.415843	82.259901	140.716385
268.474328	82.496763	139.924018
272.595106	82.757813	139.286614
276.779133	83.010007	138.089907
281.027381	83.232835	137.260171
285.340834	83.477780	136.135297
289.720494	83.697994	135.111454
294.167376	83.900120	133.942039
298.682514	84.092511	133.079187
303.266953	84.295205	132.207962
307.921759	84.541298	131.382556
312.648010	84.740046	130.147930
317.446805	84.933623	129.412183
322.319255	85.138884	128.489114
327.266492	85.365564	127.893401
332.289663	85.615699	126.943991
337.389935	85.866668	126.154273
342.568490	86.134474	125.074964
347.826529	86.404243	124.014651
353.165274	86.660199	122.658152
358.585963	86.920721	121.436727
364.089853	87.164831	119.741817
369.678221	87.349326	118.292760
375.352365	87.537653	116.913916
381.113600	87.729731	115.694904
386.963264	87.923900	114.377307
392.902713	88.121896	113.199925
398.933327	88.322866	111.893400
405.056503	88.527497	110.704117
411.273663	88.735912	109.370263
417.586250	88.946513	108.125875
423.995728	89.161384	106.736131
430.503584	89.380035	105.384297
437.111328	89.592814	103.820660
443.820494	89.787704	102.357993
450.632638	89.986605	100.858398
457.549340	90.188040	99.411335
464.572207	90.393801	97.864811
471.702866	90.601340	96.336962
478.942973	90.812515	94.691886
486.294207	91.026951	93.032145
493.758274	91.245597	91.195189
501.336907	91.467397	89.225557
509.031863	91.657786	86.787735
516.844927	91.744704	84.501283
524.777914	91.836054	82.658693
532.832663	91.933605	80.852828
541.011043	92.035582	79.182526
549.314952	92.143295	77.521095
557.746317	92.256706	75.942251
566.307094	92.375820	74.356001
574.999269	92.501385	72.886954
583.824859	92.660565	71.474169
592.785912	92.866332	69.883728
601.884506	93.073228	67.906462
611.122755	93.262482	65.752033
620.502799	93.436440	63.455542
630.026817	93.607768	61.015890
639.697018	93.777368	58.368819
649.515646	93.944197	54.940714
659.484978	93.882813	51.036940
669.607328	93.714727	48.297481
679.885045	93.551524	46.018022
690.320514	93.394489	44.265833
700.916155	93.243044	42.720774
711.674427	93.098142	41.602546
722.597826	92.959572	41.054170
733.688888	92.990520	41.008597
744.950184	93.075560	40.093367
756.384329	93.161088	39.235570
767.993975	93.247112	37.961506
779.781816	93.332565	36.900667
791.750587	93.417746	35.570282
803.903066	93.531312	34.554765
816.242071	93.671074	33.024052
828.770466	93.808162	31.582558
841.491157	93.940499	29.682740
854.407097	94.068485	27.971524
867.521282	94.191827	25.680463
880.836755	94.261584	23.574672
894.356605	94.316264	21.278983
908.083970	94.358767	19.234630
922.022035	94.380682	16.902656
936.174033	94.391672	14.942381
950.543248	94.396818	12.680774
965.133014	94.395601	10.762901
979.946717	94.388156	8.493778
994.987794	94.373902	6.574468
1010.259734	94.352246	4.198887
1025.766081	94.288435	2.176149
1041.510433	94.206780	0.015719
1057.496443	94.127415	-1.641766
1073.727820	94.050714	-3.582133
1090.208331	93.980618	-5.036624
1106.941799	93.929939	-6.871268
1123.932106	93.878450	-8.383998
1141.183196	93.827211	-10.278365
1158.699071	93.777733	-11.812008
1176.483794	93.726988	-13.755782
1194.541493	93.688562	-15.394419
1212.876357	93.620529	-17.697199
1231.492641	93.503975	-19.464696
1250.394663	93.375938	-21.476891
1269.586811	93.245937	-22.929690
1289.073536	93.113940	-24.761072
1308.859360	92.979917	-26.052934
1328.948875	92.843837	-27.755191
1349.346741	92.705669	-28.904802
1370.057691	92.565380	-30.478592
1391.086530	92.422936	-31.474470
1412.438139	92.278308	-32.893445
1434.117471	92.131458	-33.690902
1456.129556	91.982356	-34.876382
1478.479502	91.830964	-35.316394
1501.172494	91.701067	-35.887096
1524.213798	91.665341	-35.671358
1547.608761	91.708883	-36.367905
1571.362809	91.768863	-36.877769
1595.481455	91.829764	-38.206227
1619.970296	91.891600	-39.119723
1644.835012	91.954384	-40.799433
1670.081374	92.018133	-42.028083
1695.715238	92.082860	-44.051859
1721.742554	92.148580	-45.643305
1748.169360	92.215309	-48.123750
1775.001787	92.283063	-50.341299
1802.246062	92.306902	-53.883408
1829.908506	92.186929	-57.114882
1857.995537	91.943483	-60.557611
1886.513672	91.671602	-62.768928
1915.469528	91.395547	-65.389700
1944.869824	91.115256	-67.113625
1974.721382	90.830662	-69.416037
2005.031127	90.541700	-70.890845
2035.806093	90.248303	-73.043705
2067.053419	89.950402	-74.475369
2098.780357	89.623553	-76.878082
2130.994268	89.195640	-78.591381
2163.702626	88.662285	-80.522604
2196.913020	88.097994	-80.916721
2230.633156	87.525042	-81.530822
2264.870858	86.943296	-80.734683
2299.634071	86.352622	-80.100389
2334.930859	85.752880	-77.764979
2370.769413	85.143934	-74.891749
2407.158049	84.719598	-68.657339
2444.105209	84.873415	-62.431955
2481.619467	85.424604	-57.586445
2519.709526	86.045389	-55.650448
2558.384224	86.675702	-54.130824
2597.652535	87.315690	-54.536313
2637.523571	87.965502	-55.147206
2678.006582	88.610747	-58.090252
2719.110962	89.086685	-62.096526
2760.846247	89.164098	-67.453431
2803.222122	89.039318	-70.424088
2846.248419	88.912623	-73.470658
2889.935121	88.783984	-75.144665
2934.292365	88.653369	-77.500405
2979.330442	88.520750	-78.567000
3025.059803	88.409306	-80.329082
3071.491058	88.341040	-80.986309
3118.634980	88.287405	-82.776192
3166.502508	88.232948	-83.520981
3215.104749	88.177654	-85.294431
3264.452980	88.121512	-85.866759
3314.558650	88.093588	-87.289077
3365.433386	88.138166	-87.619456
3417.088991	88.226352	-89.441941
3469.537452	88.321653	-90.466069
3522.790937	88.418418	-92.912396
3576.861804	88.515283	-94.514173
3631.762597	88.588049	-97.660562
3687.506055	88.619152	-99.796706
3744.105113	88.632872	-103.210688
3801.572902	88.646803	-105.607757
3859.922757	88.660947	-109.716168
3919.168216	88.594167	-113.386877
3979.323027	88.337238	-118.466664
4040.401145	87.967889	-121.570217
4102.416744	87.580025	-125.460571
4165.384213	87.184239	-127.863054
4229.318161	86.744222	-131.614129
4294.233423	86.213643	-133.758251
4360.145061	85.632810	-136.617012
4427.068369	85.043061	-137.601493
4495.018873	84.437111	-139.551044
4564.012342	83.790338	-139.646078
4634.064782	83.099030	-140.207887
4705.192448	82.389363	-138.258770
4777.411843	81.668802	-134.907622
4850.739725	81.646613	-126.729321
4925.193107	82.564571	-122.827588
5000.789264	83.758439	-122.832744
5077.545738	84.861780	-129.579610
5155.480336	85.309143	-139.590118
5234.611143	84.765502	-150.702009
5314.956518	83.861793	-156.402394
5396.535104	82.964625	-161.442783
5479.365829	82.205473	-163.373102
5563.467912	81.602783	-167.255819
5648.860868	81.001644	-170.151715
5735.564509	80.320140	-175.710124
5823.598953	79.449567	-180.035861
5912.984627	78.470094	-186.773663
6003.742269	77.121351	-194.589692
6095.892940	74.538113	-204.598041
6189.458019	70.839712	-205.180521
6284.459216	66.866681	-196.318384
6380.918575	63.946464	-174.201487
6478.858476	62.432622	-153.161438
6578.301643	61.181497	-126.320584
6679.271152	62.054818	-94.446373
6781.790428	65.439662	-70.805483
6885.883260	69.235637	-66.371889
6991.573799	71.643339	-71.469780
7098.886568	72.433456	-77.929094
7207.846468	72.837369	-76.902507
7318.478779	73.578123	-75.787660
7430.809171	74.630538	-74.059945
7544.863709	75.554621	-77.328148
7660.668854	75.972960	-78.649304
7778.251478	76.229151	-78.685962
7897.638862	77.044324	-74.224207
8018.858708	78.512144	-74.963382
8141.939142	79.898668	-79.095869
8266.908722	80.554732	-87.377985
8393.796444	80.877874	-90.570813
8522.631749	81.455667	-94.594345
8653.444531	82.355121	-97.889466
8786.265141	83.124088	-106.859678
8921.124398	83.576821	-114.443701
9058.053593	83.732530	-125.874526
9197.084496	83.339898	-134.321862
9338.249366	82.718473	-142.477110
9481.580958	82.295052	-146.645750
9627.112528	81.849410	-154.910039
9774.877844	81.023660	-160.187694
9924.911191	80.005104	-165.711184
10077.247380	79.260938	-166.534085
10231.921757	78.585284	-173.012356
10388.970212	76.925808	-175.894109
10548.429184	75.153360	-170.807773
10710.335671	75.363164	-159.253554
10874.727239	76.246334	-162.455519
11041.642033	75.859837	-165.484287
11211.118781	75.354162	-165.799281
11383.196805	75.635879	-163.195560
11557.916033	75.903576	-168.440934
11735.317004	75.832966	-171.073329
11915.440880	75.622421	-177.894170
12098.329454	75.112617	-181.748169
12284.025162	74.219302	-188.219597
12472.571089	73.289210	-188.551179
12664.010983	72.380195	-192.855305
12858.389263	71.143176	-192.381776
13055.751031	69.575999	-192.159853
13256.142079	68.402945	-180.526081
13459.608904	68.685616	-171.387240
13666.198715	69.943923	-164.450520
13875.959447	71.181580	-169.312272
14088.939769	71.970225	-174.621924
14305.189099	71.986245	-188.302245
14524.757612	70.826302	-197.575254
14747.696254	68.482471	-204.881779
14974.056752	66.520593	-195.443097
15203.891629	66.044472	-189.241814
15437.254212	66.036802	-183.054426
15674.198647	65.607229	-181.671743
15914.779912	66.218186	-171.837076
16159.053828	67.348786	-177.808787
16407.077073	67.345565	-181.430977
16658.907195	66.894184	-188.126156
16914.602625	66.789913	-188.684795
17174.222692	65.858052	-201.631452
17437.827634	63.258923	-200.260245
17705.478614	61.068588	-189.593663
17977.237735	62.006287	-167.630936
18253.168051	63.612470	-174.556128
18533.333587	62.358907	-172.469816
18817.799347	61.804419	-159.997961
19106.631336	64.506949	-140.543543
19399.896571	68.021158	-149.946216
19697.663095	69.842647	-161.948279
20000.000000	69.621515	-177.456233