* FRD data written by MATAA on 05-Jan-2019 10:25:28
* Monkey Coffin 20181219, spliced SPL curve, SCANR2904WG148 (no filter), 1 m from baffle, horizontal angle = -15 deg.
10.000000	17.526130	-748.288435
10.153489	17.792293	-509.833327
10.309333	18.055436	-507.611409
10.467570	18.320382	-423.016096
10.628235	18.586800	-421.176984
10.791367	18.838921	-368.055297
10.957002	19.112545	-366.320122
11.125180	19.374736	-327.104206
11.295939	19.637316	-325.523246
11.469319	19.903426	-294.151100
11.645360	20.161300	-292.703753
11.824103	20.428185	-266.402399
12.005589	20.690017	-265.068287
12.189862	20.956458	-242.374302
12.376962	21.222825	-241.168080
12.566935	21.473455	-221.187405
12.759823	21.746178	-219.933043
12.955672	22.007891	-202.135512
13.154527	22.270755	-200.951740
13.356434	22.536567	-184.828899
13.561440	22.794551	-183.724296
13.769593	23.060085	-168.942265
13.980941	23.322743	-167.899967
14.195532	23.589009	-154.278323
14.413418	23.855752	-153.339695
14.634647	24.104495	-140.722453
14.859273	24.376101	-139.697207
15.087346	24.637334	-128.002974
15.318920	24.900222	-127.030878
15.554048	25.165567	-116.073668
15.792785	25.422972	-115.163926
16.035186	25.687980	-104.816927
16.281308	25.948782	-103.952397
16.531208	26.215934	-94.170883
16.784943	26.483590	-93.418834
17.042573	26.728337	-84.190094
17.304158	26.999497	-83.308236
17.569757	27.259930	-74.620131
17.839433	27.521140	-73.791625
18.113248	27.784581	-65.514304
18.391266	28.040651	-64.730055
18.673551	28.305062	-56.793187
18.960169	28.564774	-56.049091
19.251186	28.832791	-48.445067
19.546670	29.102343	-47.839052
19.846690	29.338979	-40.626856
20.151314	29.607071	-39.820276
20.460614	29.864506	-32.965512
20.774661	30.122715	-32.201650
21.093529	30.383478	-25.610290
21.417291	30.638857	-24.826895
21.746022	30.923236	-18.514911
22.079799	31.163249	-18.003931
22.418699	31.405881	-11.783590
22.762800	31.666500	-11.099104
23.112184	31.915193	-5.191172
23.466930	32.171320	-4.470550
23.827121	32.418905	1.198396
24.192840	32.665921	2.018987
24.564173	32.915801	7.521989
24.941205	33.160543	8.736588
25.324024	33.554008	13.989936
25.712720	33.743798	13.914023
26.107381	33.941282	19.714993
26.508100	34.248886	20.751219
26.914969	34.581583	26.071231
27.328084	34.948492	26.471217
27.747539	35.218085	30.889218
28.173432	35.528068	31.682292
28.605863	35.871790	35.462448
29.044930	35.996707	35.938815
29.490737	36.386784	40.914126
29.943387	36.640800	40.447700
30.402984	36.888734	45.091708
30.869636	37.163664	44.810343
31.343450	37.303343	49.377390
31.824536	37.661375	50.172453
32.313007	37.916480	53.734985
32.808975	38.167637	54.344035
33.312556	38.441590	57.873934
33.823866	38.608034	58.516236
34.343024	38.947812	62.746370
34.870151	39.203702	62.711064
35.405368	39.458000	66.694485
35.948801	39.745538	66.898229
36.500574	39.996866	70.489536
37.060817	40.259378	70.782749
37.629659	40.517114	74.289314
38.207232	40.775347	74.588396
38.793669	41.031616	77.946203
39.389109	41.262560	78.346471
39.993687	41.552532	81.862528
40.607545	41.815571	81.984949
41.230825	42.073317	85.313797
41.863671	42.336263	85.518117
42.506232	42.591984	88.740974
43.158654	42.857155	88.982084
43.821091	43.115658	92.080520
44.493695	43.376203	92.334099
45.176623	43.640418	95.352380
45.870033	43.897020	95.577482
46.574087	44.164873	98.556024
47.288946	44.425781	98.710997
48.014778	44.686948	101.609402
48.751751	44.946380	101.703619
49.500035	45.179525	104.608369
50.259805	45.465692	104.955779
51.031236	45.732268	107.578884
51.814508	45.996469	107.823393
52.609803	46.265497	110.414380
53.417304	46.524310	110.606701
54.237199	46.791579	113.181574
55.069679	47.055192	113.349504
55.914936	47.320131	115.858012
56.773168	47.586680	116.025452
57.644572	47.852290	118.458387
58.529351	48.120370	118.624061
59.427710	48.388824	120.983406
60.339859	48.658030	121.133203
61.266007	48.929026	123.425754
62.206371	49.201230	123.557183
63.161169	49.476153	125.773784
64.130622	49.752800	125.872930
65.114954	50.033272	127.993588
66.114395	50.316063	128.026240
67.129177	50.603014	129.993224
68.159534	50.888118	129.860068
69.205706	51.164230	131.551347
70.267935	51.415582	131.187967
71.346469	51.629363	132.695434
72.441557	51.794308	132.523090
73.553453	51.963827	134.628646
74.682415	52.168720	135.047394
75.828706	52.404496	137.315850
76.992591	52.662402	137.707413
78.174341	52.931823	139.797252
79.374229	53.205639	140.041834
80.592533	53.481007	141.973914
81.829538	53.757287	142.136607
83.085529	54.033581	143.961285
84.360798	54.309751	144.074532
85.655641	54.585927	145.819246
86.970359	54.862013	145.900162
88.305256	55.138204	147.579498
89.660642	55.415683	147.636689
91.036831	55.692471	149.242592
92.434144	55.968891	149.276544
93.852904	56.245935	150.829871
95.293440	56.523599	150.846563
96.756087	56.801898	152.340772
98.241184	57.080534	152.334142
99.749075	57.359139	153.768944
101.280111	57.638399	153.745806
102.834646	57.918366	155.125208
104.413042	58.199098	155.080082
106.015664	58.480241	156.395767
107.642885	58.760645	156.324596
109.295082	59.041878	157.591092
110.972638	59.324285	157.502455
112.675943	59.607372	158.706285
114.405391	59.890606	158.583948
116.161385	60.172802	159.725356
117.944331	60.456224	159.585100
119.754644	60.739356	160.668653
121.592742	61.023773	160.502125
123.459054	61.307310	161.519184
125.354011	61.591216	161.325760
127.278054	61.875168	162.281984
129.231628	62.158434	162.057927
131.215188	62.442401	162.959223
133.229193	62.726754	162.699564
135.274111	63.009047	163.527798
137.350416	63.291383	163.242515
139.458590	63.572804	164.012739
141.599122	63.854416	163.700353
143.772508	64.135579	164.404645
145.979254	64.415023	164.052136
148.219871	64.693119	164.697254
150.494879	64.970805	164.319517
152.804806	65.247024	164.902133
155.150187	65.522313	164.493043
157.531567	65.795385	165.010374
159.949499	66.066259	164.578798
162.404543	66.337674	165.046562
164.897270	66.605649	164.576793
167.428257	66.872353	164.988043
169.998092	67.136069	164.493207
172.607371	67.397966	164.855669
175.256699	67.657656	164.341998
177.946692	67.914965	164.656831
180.677973	68.170521	164.124975
183.451176	68.422364	164.389551
186.266944	68.671870	163.850505
189.125932	68.919583	164.081525
192.028801	69.164508	163.527928
194.976227	69.406338	163.721038
197.968892	69.645280	163.164572
201.007491	69.881427	163.332719
204.092729	70.115037	162.781456
207.225322	70.346376	162.931500
210.405997	70.575653	162.383845
213.635492	70.800832	162.514369
216.914556	71.024995	161.989632
220.243949	71.246419	162.113018
223.624446	71.466797	161.607764
227.056828	71.684330	161.723707
230.541895	71.900191	161.245408
234.080453	72.114498	161.372057
237.673323	72.328598	160.930519
241.321341	72.542034	161.063720
245.025351	72.754547	160.650281
248.786214	72.965784	160.796450
252.604802	73.177340	160.431719
256.482000	73.389761	160.602113
260.418710	73.602135	160.277633
264.415843	73.814802	160.479387
268.474328	74.029181	160.217631
272.595106	74.245257	160.466422
276.779133	74.462966	160.272863
281.027381	74.681445	160.601679
285.340834	74.902619	160.545877
289.720494	75.125399	161.075846
294.167376	75.349414	161.558432
298.682514	75.753891	163.183881
303.266953	76.380063	162.246964
307.921759	76.612627	160.439962
312.648010	76.793806	160.122894
317.446805	77.005862	160.299872
322.319255	77.421488	161.370183
327.266492	78.063614	160.020896
332.289663	78.293448	157.605042
337.389935	78.521800	156.798029
342.568490	78.753986	155.579270
347.826529	78.985246	154.863678
353.165274	79.226375	154.114590
358.585963	79.569050	153.305616
364.089853	79.802297	151.577363
369.678221	80.018240	150.647175
375.352365	80.221205	149.144264
381.113600	80.405975	148.302125
386.963264	80.613815	146.699921
392.902713	80.677456	145.642752
398.933327	80.818195	145.157257
405.056503	81.007394	144.539178
411.273663	81.183316	143.708918
417.586250	81.375085	143.052880
423.995728	81.565358	141.866321
430.503584	81.641221	140.883599
437.111328	81.718442	140.705817
443.820494	81.921434	140.893731
450.632638	82.194146	140.338446
457.549340	82.397616	139.535885
464.572207	82.593026	138.872309
471.702866	82.787734	138.240314
478.942973	82.982435	137.613931
486.294207	83.185818	137.239881
493.758274	83.479847	136.605102
501.336907	83.703824	135.321119
509.031863	83.880805	134.418773
516.844927	84.061706	133.517349
524.777914	84.248333	132.810465
532.832663	84.440178	131.973478
541.011043	84.637775	131.298023
549.314952	84.840019	130.450162
557.746317	85.048169	129.765215
566.307094	85.262008	128.866623
574.999269	85.481247	128.128173
583.824859	85.705951	127.131685
592.785912	85.937070	126.301599
601.884506	86.178529	125.085290
611.122755	86.395512	123.923589
620.502799	86.590465	122.571924
630.026817	86.783265	121.510160
639.697018	86.976377	120.184253
649.515646	87.169234	119.102066
659.484978	87.361685	117.705713
669.607328	87.553635	116.543626
679.885045	87.744985	115.015809
690.320514	87.935491	113.609701
700.916155	88.076302	111.698979
711.674427	88.175070	110.354434
722.597826	88.275528	108.831338
733.688888	88.376865	107.749787
744.950184	88.479784	106.338514
756.384329	88.584087	105.359344
767.993975	88.689055	103.983391
779.781816	88.795886	103.055222
791.750587	88.904117	101.598938
803.903066	88.979365	100.587933
816.242071	89.048229	99.322529
828.770466	89.121161	98.600961
841.491157	89.198637	97.499857
854.407097	89.281357	96.932696
867.521282	89.369594	95.950508
880.836755	89.463884	95.515654
894.356605	89.565443	94.726973
908.083970	89.712666	94.488062
922.022035	89.865734	93.514539
936.174033	90.022968	93.110805
950.543248	90.184437	92.053153
965.133014	90.349831	91.606008
979.946717	90.518915	90.503206
994.987794	90.697513	90.135966
1010.259734	90.919636	89.013563
1025.766081	91.138116	88.279698
1041.510433	91.352712	86.811183
1057.496443	91.563054	85.883769
1073.727820	91.768455	84.211060
1090.208331	91.968866	83.080897
1106.941799	92.141345	81.203908
1123.932106	92.313632	80.127905
1141.183196	92.490504	78.262447
1158.699071	92.672373	77.092769
1176.483794	92.859858	75.031337
1194.541493	93.053659	73.481002
1212.876357	93.191593	70.731358
1231.492641	93.243511	68.956898
1250.394663	93.278233	66.700224
1269.586811	93.313487	65.440250
1289.073536	93.349282	63.431829
1308.859360	93.385627	62.368987
1328.948875	93.422530	60.483040
1349.346741	93.459999	59.549774
1370.057691	93.498044	57.745903
1391.086530	93.536672	56.914490
1412.438139	93.575893	55.174673
1434.117471	93.615716	54.433755
1456.129556	93.656150	52.753572
1478.479502	93.697206	52.109164
1501.172494	93.741128	50.517632
1524.213798	93.794757	49.993140
1547.608761	93.856708	48.417656
1571.362809	93.921090	47.882371
1595.481455	93.986462	46.276113
1619.970296	94.052836	45.763606
1644.835012	94.120228	44.158870
1670.081374	94.188656	43.687688
1695.715238	94.258133	42.100882
1721.742554	94.328677	41.692262
1748.169360	94.400304	40.155098
1775.001787	94.473031	39.875407
1802.246062	94.558131	38.536560
1829.908506	94.680642	38.478260
1857.995537	94.835494	37.039365
1886.513672	94.998907	36.683399
1915.469528	95.164829	34.949884
1944.869824	95.333298	34.412242
1974.721382	95.504352	32.485443
2005.031127	95.678032	31.790896
2035.806093	95.854377	29.657793
2067.053419	96.033429	28.751332
2098.780357	96.206422	26.269018
2130.994268	96.347361	25.020659
2163.702626	96.454736	22.424090
2196.913020	96.555538	21.372422
2230.633156	96.657887	18.909752
2264.870858	96.761807	17.926028
2299.634071	96.867322	15.451414
2334.930859	96.974457	14.472411
2370.769413	97.083236	11.959360
2407.158049	97.197839	10.995566
2444.105209	97.326723	8.427692
2481.619467	97.466046	7.322769
2519.709526	97.608817	4.484910
2558.384224	97.753779	3.132501
2597.652535	97.900966	-0.023887
2637.523571	98.050413	-1.738178
2678.006582	98.197468	-5.501736
2719.110962	98.289046	-8.119442
2760.846247	98.251287	-12.547710
2803.222122	98.147428	-14.722562
2846.248419	98.041974	-18.373123
2889.935121	97.934901	-20.114962
2934.292365	97.826185	-23.637882
2979.330442	97.715800	-25.462761
3025.059803	97.539344	-29.486808
3071.491058	97.235673	-31.352307
3118.634980	96.883853	-34.392633
3166.502508	96.526633	-34.973163
3215.104749	96.163930	-37.007084
3264.452980	95.795660	-36.413493
3314.558650	95.494661	-36.852275
3365.433386	95.371926	-34.931649
3417.088991	95.354945	-35.583135
3469.537452	95.352153	-34.511859
3522.790937	95.349319	-35.645944
3576.861804	95.349880	-34.490817
3631.762597	95.414038	-35.204845
3687.506055	95.585492	-33.923206
3744.105113	95.803963	-35.417925
3801.572902	96.025787	-35.056499
3859.922757	96.251016	-37.239730
3919.168216	96.480908	-37.366761
3979.323027	96.717141	-40.076755
4040.401145	96.958613	-40.712439
4102.416744	97.203981	-44.068483
4165.384213	97.449918	-45.492167
4229.318161	97.637631	-50.054373
4294.233423	97.692044	-52.317078
4360.145061	97.678866	-56.681575
4427.068369	97.665485	-58.343101
4495.018873	97.637802	-62.715037
4564.012342	97.547529	-64.606478
4634.064782	97.387619	-68.864302
4705.192448	97.209974	-70.080696
4777.411843	97.029602	-73.776348
4850.739725	96.853319	-74.550167
4925.193107	96.683421	-78.021389
5000.789264	96.513446	-78.657230
5077.545738	96.333281	-82.203465
5155.480336	96.103483	-82.920212
5234.611143	95.800656	-86.220170
5314.956518	95.468685	-85.910228
5396.535104	95.150581	-87.768543
5479.365829	94.968612	-85.827594
5563.467912	94.940037	-87.329309
5648.860868	94.926004	-86.166361
5735.564509	94.939181	-88.134943
5823.598953	95.021417	-87.096117
5912.984627	95.141746	-89.829611
6003.742269	95.247985	-89.794610
6095.892940	95.301245	-93.427898
6189.458019	95.306934	-93.647083
6284.459216	95.301514	-97.273180
6380.918575	95.277074	-97.466062
6478.858476	95.227585	-101.127612
6578.301643	95.176484	-101.050559
6679.271152	95.140678	-104.577838
6781.790428	95.123057	-104.506567
6885.883260	95.096909	-108.474997
6991.573799	95.009768	-108.779192
7098.886568	94.851987	-112.625577
7207.846468	94.701179	-111.836207
7318.478779	94.656612	-114.702095
7430.809171	94.709953	-113.966627
7544.863709	94.746272	-118.083953
7660.668854	94.694571	-118.175107
7778.251478	94.599795	-122.225462
7897.638862	94.504782	-121.715787
8018.858708	94.409718	-125.404642
8141.939142	94.338973	-124.300692
8266.908722	94.332112	-127.625556
8393.796444	94.374370	-126.373019
8522.631749	94.501430	-129.886310
8653.444531	94.719227	-129.396364
8786.265141	94.879961	-134.817596
8921.124398	94.920316	-135.474761
9058.053593	94.905667	-141.068748
9197.084496	94.829028	-141.367166
9338.249366	94.746250	-146.342963
9481.580958	94.747228	-145.869826
9627.112528	94.783035	-151.321055
9774.877844	94.781115	-151.579452
9924.911191	94.741163	-157.567970
10077.247380	94.670918	-157.798265
10231.921757	94.587895	-163.783699
10388.970212	94.544435	-163.848283
10548.429184	94.482473	-170.789816
10710.335671	94.253668	-171.712304
10874.727239	93.907603	-178.274106
11041.642033	93.529828	-177.285148
11211.118781	93.270747	-181.829230
11383.196805	93.237605	-179.829808
11557.916033	93.225618	-185.974996
11735.317004	93.136185	-185.344452
11915.440880	92.966236	-191.954237
12098.329454	92.814369	-190.384115
12284.025162	92.774865	-196.855544
12472.571089	92.675637	-196.154328
12664.010983	92.463589	-203.311872
12858.389263	92.255358	-201.292451
13055.751031	92.184677	-207.507432
13256.142079	92.223350	-205.771178
13459.608904	92.136838	-213.868007
13666.198715	91.982851	-211.797506
13875.959447	91.916651	-218.963221
14088.939769	91.971315	-216.203610
14305.189099	92.081206	-224.443033
14524.757612	92.233379	-222.164149
14747.696254	92.463630	-231.850720
14974.056752	92.664465	-230.996040
15203.891629	92.751390	-242.880122
15437.254212	92.738335	-242.062886
15674.198647	92.719584	-254.182913
15914.779912	92.760130	-252.663233
16159.053828	92.789898	-266.704496
16407.077073	92.562356	-265.355812
16658.907195	92.482566	-277.762921
16914.602625	92.869816	-274.695054
17174.222692	93.133014	-292.680243
17437.827634	93.214095	-291.318263
17705.478614	93.429180	-311.225890
17977.237735	93.645594	-310.979936
18253.168051	93.546780	-336.588011
18533.333587	93.436840	-333.937192
18817.799347	93.645500	-364.088419
19106.631336	93.816575	-362.427756
19399.896571	94.045029	-407.719345
19697.663095	94.402957	-406.503017
20000.000000	94.685265	-520.791413