* FRD data written by MATAA on 05-Jan-2019 10:25:28
* Monkey Coffin 20181219, spliced SPL curve, SCANR2904WG148 (no filter), 1 m from baffle, horizontal angle = 0 deg.
10.000000	17.187320	-759.028560
10.153489	17.454428	-517.952723
10.309333	17.716735	-515.958195
10.467570	17.982571	-430.226319
10.628235	18.248989	-428.590950
10.791367	18.501110	-374.669857
10.957002	18.774407	-373.113750
11.125180	19.036307	-333.255004
11.295939	19.299505	-331.831926
11.469319	19.565615	-299.920769
11.645360	19.824036	-298.617389
11.824103	20.090774	-271.848355
12.005589	20.352863	-270.645285
12.189862	20.618936	-247.534462
12.376962	20.885780	-246.445170
12.566935	21.136645	-226.091145
12.759823	21.409367	-224.947388
12.955672	21.671080	-206.807737
13.154527	21.933944	-205.725663
13.356434	22.199756	-189.287525
13.561440	22.457836	-188.275274
13.769593	22.724124	-173.203472
13.980941	22.985932	-172.252823
14.195532	23.252458	-158.351399
14.413418	23.519941	-157.498767
14.634647	23.768685	-144.626372
14.859273	24.040714	-143.680485
15.087346	24.302045	-131.749316
15.318920	24.564411	-130.852076
15.554048	24.829757	-119.665042
15.792785	25.087162	-118.823501
16.035186	25.352868	-108.258328
16.281308	25.613971	-107.463680
16.531208	25.881124	-97.474858
16.784943	26.149642	-96.786485
17.042573	26.394527	-87.366394
17.304158	26.665687	-86.545049
17.569757	26.926119	-77.671410
17.839433	27.187412	-76.897062
18.113248	27.451771	-68.442108
18.391266	27.707840	-67.716350
18.673551	27.972251	-59.608222
18.960169	28.231964	-58.916029
19.251186	28.500336	-51.145338
19.546670	28.770532	-50.590598
19.846690	29.007168	-43.223064
20.151314	29.275260	-42.462102
20.460614	29.533271	-35.455938
20.774661	29.791274	-34.738516
21.093529	30.052352	-27.997520
21.417291	30.308046	-27.256918
21.746022	30.593220	-20.801883
22.079799	30.833438	-20.336785
22.418699	31.076070	-13.975722
22.762800	31.337650	-13.332067
23.112184	31.586382	-7.294171
23.466930	31.842509	-6.611215
23.827121	32.090219	-0.810135
24.192840	32.338289	-0.023445
24.564173	32.588990	5.600231
24.941205	32.833733	6.776863
25.324024	33.227197	12.151555
25.712720	33.416987	12.043655
26.107381	33.614924	17.966910
26.508100	33.923582	18.971371
26.914969	34.256773	24.403019
27.328084	34.623682	24.771094
27.747539	34.893275	29.304017
28.173432	35.203984	30.071966
28.605863	35.548761	33.962513
29.044930	35.674733	34.408155
29.490737	36.064974	39.485956
29.943387	36.318990	38.995323
30.402984	36.567925	43.746843
30.869636	36.843853	43.436408
31.343450	36.983644	48.104785
31.824536	37.342565	48.876034
32.313007	37.597890	52.537318
32.808975	37.850102	53.126230
33.312556	38.124779	56.749554
33.823866	38.291607	57.371742
34.343024	38.632440	61.697986
34.870151	38.889385	61.639660
35.405368	39.144190	65.713541
35.948801	39.432331	65.897077
36.500574	39.684056	69.579241
37.060817	39.947281	69.856262
37.629659	40.206071	73.453463
38.207232	40.465360	73.732339
38.793669	40.721805	77.179740
39.389109	40.954617	77.567277
39.993687	41.245711	81.163731
40.607545	41.509760	81.268729
41.230825	41.767605	84.678776
41.863671	42.031757	84.876043
42.506232	42.289173	88.175353
43.158654	42.554606	88.402284
43.821091	42.814164	91.583188
44.493695	43.075763	91.825931
45.176623	43.341459	94.924839
45.870033	43.599691	95.136783
46.574087	43.868598	98.189544
47.288946	44.130560	98.334156
48.014778	44.392783	101.307267
48.751751	44.653270	101.395093
49.500035	44.888225	104.374600
50.259805	45.175692	104.713336
51.031236	45.444188	107.408945
51.814508	45.709579	107.643561
52.609803	45.980637	110.306602
53.417304	46.240530	110.485297
54.237199	46.508938	113.135048
55.069679	46.774521	113.294253
55.914936	47.040708	115.872795
56.773168	47.309366	116.034671
57.644572	47.576783	118.531796
58.529351	47.845918	118.689623
59.427710	48.115839	121.120125
60.339859	48.387154	121.265654
61.266007	48.660260	123.625057
62.206371	48.934574	123.748142
63.161169	49.210974	126.030832
64.130622	49.490050	126.125245
65.114954	49.772203	128.309608
66.114395	50.057644	128.337863
67.129177	50.346055	130.365676
68.159534	50.634030	130.232844
69.205706	50.912344	131.979134
70.267935	51.165806	131.614109
71.346469	51.381696	133.178465
72.441557	51.548876	133.007397
73.553453	51.721378	135.168739
74.682415	51.928381	135.582396
75.828706	52.166266	137.907784
76.992591	52.426626	138.299635
78.174341	52.698812	140.444758
79.374229	52.975191	140.687509
80.592533	53.253215	142.673728
81.829538	53.532168	142.836177
83.085529	53.811627	144.714616
84.360798	54.090962	144.823287
85.655641	54.369574	146.616832
86.970359	54.648554	146.698476
88.305256	54.927910	148.424275
89.660642	55.207661	148.479454
91.036831	55.487508	150.136801
92.434144	55.767094	150.168991
93.852904	56.047301	151.769530
95.293440	56.328128	151.783911
96.756087	56.609591	153.323355
98.241184	56.891390	153.314293
99.749075	57.173159	154.792809
101.280111	57.455583	154.767335
102.834646	57.738715	156.189298
104.413042	58.022612	156.142227
106.015664	58.306919	157.500665
107.642885	58.591039	157.429170
109.295082	58.875885	158.732552
110.972638	59.161456	158.640655
112.675943	59.447709	159.881826
114.405391	59.734107	159.760644
116.161385	60.020295	160.939121
117.944331	60.307056	160.796685
119.754644	60.594289	161.915200
121.592742	60.881936	161.744218
123.459054	61.169636	162.795655
125.354011	61.456706	162.593555
127.278054	61.743977	163.586234
129.231628	62.031461	163.357900
131.215188	62.319118	164.284999
133.229193	62.606217	164.020576
135.274111	62.892358	164.881583
137.350416	63.178286	164.590947
139.458590	63.463925	165.390305
141.599122	63.749218	165.066693
143.772508	64.033547	165.796260
145.979254	64.316155	165.438444
148.219871	64.598118	166.110703
150.494879	64.879266	165.724738
152.804806	65.159463	166.332551
155.150187	65.438105	165.910310
157.531567	65.714343	166.454391
159.949499	65.989361	166.009968
162.404543	66.262995	166.498594
164.897270	66.535101	166.024775
167.428257	66.804967	166.450603
169.998092	67.071847	165.949723
172.607371	67.336908	166.329497
175.256699	67.600068	165.811181
177.946692	67.861236	166.139096
180.677973	68.119541	165.595996
183.451176	68.374433	165.876919
186.266944	68.627109	165.328015
189.125932	68.877511	165.572731
192.028801	69.125600	165.013039
194.976227	69.370595	165.216122
197.968892	69.611958	164.651409
201.007491	69.851015	164.833648
204.092729	70.087789	164.275771
207.225322	70.322294	164.433026
210.405997	70.553772	163.877376
213.635492	70.782061	164.018007
216.914556	71.008406	163.484620
220.243949	71.232866	163.619029
223.624446	71.455536	163.104564
227.056828	71.675995	163.231208
230.541895	71.894258	162.743254
234.080453	72.111381	162.878756
237.673323	72.327592	162.425985
241.321341	72.543136	162.569157
245.025351	72.757759	162.149906
248.786214	72.971672	162.307645
252.604802	73.185771	161.934553
256.482000	73.400303	162.114870
260.418710	73.615518	161.787944
264.415843	73.831350	161.995186
268.474328	74.048053	161.724117
272.595106	74.266239	161.979008
276.779133	74.486058	161.783361
281.027381	74.707647	162.120102
285.340834	74.930930	162.056630
289.720494	75.155935	162.598400
294.167376	75.382944	163.079200
298.682514	75.789755	164.713894
303.266953	76.419090	163.785443
307.921759	76.656706	161.990120
312.648010	76.842495	161.668641
317.446805	77.059702	161.849301
322.319255	77.480351	162.906812
327.266492	78.126827	161.553357
332.289663	78.361568	159.126029
337.389935	78.594900	158.309754
342.568490	78.832220	157.072439
347.826529	79.068031	156.337473
353.165274	79.313273	155.567918
358.585963	79.660713	154.737515
364.089853	79.897819	152.982536
369.678221	80.118237	152.026451
375.352365	80.324602	150.491155
381.113600	80.513380	149.619632
386.963264	80.724277	147.979941
392.902713	80.791555	146.889549
398.933327	80.935204	146.357030
405.056503	81.126232	145.698298
411.273663	81.304362	144.822180
417.586250	81.497258	144.118252
423.995728	81.688510	142.884469
430.503584	81.765045	141.850633
437.111328	81.842577	141.618885
443.820494	82.044641	141.745715
450.632638	82.315198	141.135888
457.549340	82.516558	140.275987
464.572207	82.709119	139.556338
471.702866	82.900466	138.860504
478.942973	83.089994	138.174151
486.294207	83.287686	137.738975
493.758274	83.574891	137.048818
501.336907	83.791577	135.704863
509.031863	83.959566	134.750733
516.844927	84.131558	133.796067
524.777914	84.307657	133.039390
532.832663	84.487974	132.152972
541.011043	84.672618	131.439431
549.314952	84.861705	130.554700
557.746317	85.055353	129.840893
566.307094	85.253683	128.917510
574.999269	85.456821	128.169163
583.824859	85.664893	127.162838
592.785912	85.878033	126.340400
601.884506	86.101514	125.143584
611.122755	86.301991	124.019432
620.502799	86.481139	122.700878
630.026817	86.658731	121.683628
639.697018	86.836150	120.394940
649.515646	87.013306	119.368598
659.484978	87.190101	118.022373
669.607328	87.366435	116.929318
679.885045	87.542202	115.465073
690.320514	87.717293	114.144726
700.916155	87.843487	112.314728
711.674427	87.928255	111.068134
722.597826	88.014715	109.635360
733.688888	88.102905	108.666223
744.950184	88.192865	107.355275
756.384329	88.284633	106.502474
767.993975	88.378251	105.240068
779.781816	88.473762	104.445353
791.750587	88.571207	103.112548
803.903066	88.636089	102.245246
816.242071	88.694287	101.111739
828.770466	88.756852	100.549752
841.491157	88.823959	99.595289
854.407097	88.895788	99.205099
867.521282	88.972525	98.394964
880.836755	89.054364	98.175697
894.356605	89.142820	97.628236
908.083970	89.284289	97.720853
922.022035	89.446161	97.056411
936.174033	89.617853	96.931588
950.543248	89.794203	96.106339
965.133014	89.975345	95.904614
979.946717	90.161417	95.018045
994.987794	90.358249	94.886339
1010.259734	90.600154	93.973962
1025.766081	90.840330	93.472464
1041.510433	91.078583	92.208615
1057.496443	91.314710	91.509255
1073.727820	91.548500	90.035131
1090.208331	91.779733	89.123421
1106.941799	91.985783	87.432047
1123.932106	92.194160	86.557124
1141.183196	92.409532	84.856448
1158.699071	92.632123	83.864100
1176.483794	92.862164	81.944063
1194.541493	93.099896	80.546026
1212.876357	93.282315	77.943766
1231.492641	93.391149	76.341029
1250.394663	93.486059	74.154242
1269.586811	93.582425	72.968239
1289.073536	93.680270	70.961595
1308.859360	93.779617	69.910125
1328.948875	93.880489	67.965604
1349.346741	93.982909	66.982164
1370.057691	94.086901	65.054612
1391.086530	94.192489	64.103519
1412.438139	94.299698	62.161697
1434.117471	94.408553	61.212431
1456.129556	94.519078	59.221113
1478.479502	94.631300	58.222599
1501.172494	94.739814	56.081168
1524.213798	94.828069	54.953018
1547.608761	94.899481	52.818038
1571.362809	94.968394	51.863464
1595.481455	95.038365	49.837878
1619.970296	95.109410	48.970840
1644.835012	95.181545	46.976327
1670.081374	95.254788	46.160913
1695.715238	95.329155	44.176433
1721.742554	95.404663	43.399382
1748.169360	95.481330	41.416641
1775.001787	95.559174	40.678708
1802.246062	95.640423	38.715076
1829.908506	95.730007	38.023265
1857.995537	95.826947	36.008227
1886.513672	95.926589	35.248196
1915.469528	96.027760	33.128915
1944.869824	96.130484	32.306473
1974.721382	96.234785	30.080748
2005.031127	96.340687	29.171246
2035.806093	96.448214	26.791748
2067.053419	96.557392	25.700956
2098.780357	96.655314	22.953469
2130.994268	96.703787	21.492815
2163.702626	96.700555	18.730347
2196.913020	96.685205	17.704223
2230.633156	96.669620	15.311313
2264.870858	96.653794	14.559187
2299.634071	96.637727	12.362216
2334.930859	96.621413	11.851228
2370.769413	96.604848	9.922231
2407.158049	96.610154	9.894508
2444.105209	96.682239	8.339067
2481.619467	96.800490	8.174767
2519.709526	96.927531	6.105875
2558.384224	97.056522	5.570958
2597.652535	97.187492	3.197527
2637.523571	97.320473	2.416433
2678.006582	97.453920	-0.295208
2719.110962	97.570005	-1.474923
2760.846247	97.643916	-4.531891
2803.222122	97.696933	-5.655734
2846.248419	97.750764	-8.581255
2889.935121	97.805421	-9.671270
2934.292365	97.860917	-12.718011
2979.330442	97.917265	-14.028226
3025.059803	97.935146	-17.570125
3071.491058	97.877234	-19.083390
3118.634980	97.791865	-22.241757
3166.502508	97.705186	-23.200126
3215.104749	97.617176	-26.050286
3264.452980	97.527815	-26.722252
3314.558650	97.441541	-29.337999
3365.433386	97.365120	-29.754351
3417.088991	97.294106	-32.259343
3469.537452	97.222885	-32.540414
3522.790937	97.150571	-34.910301
3576.861804	97.079128	-34.870801
3631.762597	97.043204	-36.814597
3687.506055	97.067945	-36.522863
3744.105113	97.118624	-38.775314
3801.572902	97.170082	-38.847637
3859.922757	97.222330	-41.330117
3919.168216	97.286211	-41.429207
3979.323027	97.376319	-44.035582
4040.401145	97.482290	-44.413657
4102.416744	97.591603	-47.487653
4165.384213	97.701123	-48.317273
4229.318161	97.783833	-52.032893
4294.233423	97.805231	-53.289613
4360.145061	97.795512	-56.992423
4427.068369	97.785645	-58.025767
4495.018873	97.766354	-61.856873
4564.012342	97.705882	-63.097475
4634.064782	97.599595	-66.923067
4705.192448	97.481626	-67.756727
4777.411843	97.361848	-71.278913
4850.739725	97.242370	-71.867952
4925.193107	97.123896	-75.298433
5000.789264	97.004393	-75.798089
5077.545738	96.878782	-79.301940
5155.480336	96.724826	-79.860553
5234.611143	96.529332	-83.299287
5314.956518	96.317030	-83.357262
5396.535104	96.105539	-86.227441
5479.365829	95.921077	-85.652533
5563.467912	95.767313	-88.218100
5648.860868	95.616006	-87.420576
5735.564509	95.498544	-89.577591
5823.598953	95.470085	-88.372419
5912.984627	95.489762	-90.982835
6003.742269	95.503235	-90.504994
6095.892940	95.494622	-93.707293
6189.458019	95.466123	-93.410491
6284.459216	95.431761	-96.811321
6380.918575	95.346908	-96.713349
6478.858476	95.195651	-99.969072
6578.301643	95.044636	-98.773824
6679.271152	94.996761	-100.852962
6781.790428	95.071049	-99.334464
6885.883260	95.180709	-102.262647
6991.573799	95.296116	-101.536482
7098.886568	95.417943	-105.157271
7207.846468	95.529387	-105.063205
7318.478779	95.593052	-109.424329
7430.809171	95.612748	-109.567373
7544.863709	95.605430	-114.078003
7660.668854	95.540017	-114.181102
7778.251478	95.445595	-118.390356
7897.638862	95.348277	-117.845924
8018.858708	95.247795	-121.560416
8141.939142	95.190223	-120.126147
8266.908722	95.246893	-123.335600
8393.796444	95.369663	-122.179482
8522.631749	95.524660	-126.257753
8653.444531	95.709253	-125.938773
8786.265141	95.838571	-131.361097
8921.124398	95.866461	-131.692270
9058.053593	95.854053	-137.014722
9197.084496	95.804593	-136.723276
9338.249366	95.793067	-141.139004
9481.580958	95.960572	-140.076309
9627.112528	96.192013	-145.934137
9774.877844	96.312952	-146.892155
9924.911191	96.321960	-153.852291
10077.247380	96.231761	-154.691862
10231.921757	96.085764	-160.996285
10388.970212	96.009891	-160.643795
10548.429184	95.972661	-167.028261
10710.335671	95.896220	-167.107710
10874.727239	95.777970	-173.807603
11041.642033	95.620612	-173.346664
11211.118781	95.529428	-179.267325
11383.196805	95.573768	-178.517799
11557.916033	95.578792	-186.066172
11735.317004	95.470289	-186.259554
11915.440880	95.294216	-193.758709
12098.329454	95.148940	-192.784619
12284.025162	95.114318	-200.180184
12472.571089	95.027922	-200.093784
12664.010983	94.833270	-208.359869
12858.389263	94.624150	-207.312675
13055.751031	94.505223	-215.003208
13256.142079	94.440395	-214.231505
13459.608904	94.232701	-223.424938
13666.198715	93.950438	-221.921975
13875.959447	93.749767	-229.918662
14088.939769	93.669624	-227.516203
14305.189099	93.615866	-236.477171
14524.757612	93.588706	-234.124974
14747.696254	93.663186	-243.918774
14974.056752	93.733686	-242.519553
15203.891629	93.734222	-254.109679
15437.254212	93.733791	-252.572345
15674.198647	93.811874	-265.234885
15914.779912	93.870581	-265.606718
16159.053828	93.372710	-281.622076
16407.077073	92.755434	-277.368283
16658.907195	92.735008	-288.708133
16914.602625	93.080827	-284.565177
17174.222692	93.419814	-302.602947
17437.827634	93.416730	-301.629418
17705.478614	93.321567	-321.844344
17977.237735	93.271532	-318.921212
18253.168051	93.164278	-342.088676
18533.333587	93.358691	-336.206091
18817.799347	93.926927	-366.697269
19106.631336	94.384745	-363.578396
19399.896571	95.020679	-410.466359
19697.663095	95.965384	-408.660818
20000.000000	96.836306	-534.175189