* FRD data written by MATAA on 05-Jan-2019 10:25:28
* Monkey Coffin 20181219, spliced SPL curve, VM752 (no filter), 1 m from baffle, horizontal angle = -60 deg.
10.000000	23.717478	-466.602315
10.153489	23.979772	-283.592659
10.309333	24.243609	-280.592014
10.467570	24.507404	-219.889764
10.628235	24.770757	-217.261889
10.791367	25.035464	-180.891739
10.957002	25.298082	-178.500988
11.125180	25.561398	-152.485884
11.295939	25.824413	-150.255112
11.469319	26.088581	-129.959812
11.645360	26.352492	-127.868862
11.824103	26.615649	-111.204678
12.005589	26.878531	-109.222655
12.189862	27.141260	-95.051050
12.376962	27.405896	-93.159314
12.566935	27.669708	-80.832827
12.759823	27.932000	-79.031737
12.955672	28.195802	-68.090358
13.154527	28.459639	-66.371410
13.356434	28.722419	-56.539055
13.561440	28.986941	-54.885056
13.769593	29.250338	-45.960055
13.980941	29.512967	-44.374457
14.195532	29.776002	-36.182127
14.413418	30.039635	-34.656381
14.634647	30.302486	-27.094299
14.859273	30.565886	-25.622816
15.087346	30.829083	-18.598332
15.318920	31.091730	-17.180745
15.554048	31.355263	-10.613766
15.792785	31.618952	-9.251098
16.035186	31.881751	-3.096208
16.281308	32.144932	-1.777954
16.531208	32.408005	4.020624
16.784943	32.672167	5.292305
17.042573	32.935143	10.760702
17.304158	33.198079	11.988874
17.569757	33.460967	17.172108
17.839433	33.723672	18.358865
18.113248	33.986366	23.284610
18.391266	34.249493	24.434840
18.673551	34.513033	29.121851
18.960169	34.776112	30.226476
19.251186	35.038400	34.697017
19.546670	35.301914	35.774541
19.846690	35.566163	40.040108
20.151314	35.828827	41.066304
20.460614	36.090864	45.150332
20.774661	36.353222	46.151196
21.093529	36.615715	50.071796
21.417291	36.879905	51.039351
21.746022	37.142460	54.787239
22.079799	37.404952	55.721078
22.418699	37.666670	59.327408
22.762800	37.929859	60.242727
23.112184	38.194738	63.704771
23.466930	38.456938	64.564702
23.827121	38.718601	67.902160
24.192840	38.981136	68.743592
24.564173	39.243058	71.963727
24.941205	39.507937	72.776728
25.324024	39.769102	75.859483
25.712720	40.031028	76.656612
26.107381	40.294483	79.643814
26.508100	40.558298	80.402074
26.914969	40.821163	83.271477
27.328084	41.083140	83.999638
27.747539	41.344726	86.777004
28.173432	41.607139	87.491682
28.605863	41.871263	90.172776
29.044930	42.133530	90.843190
29.490737	42.395057	93.431174
29.943387	42.655837	94.090632
30.402984	42.919186	96.610488
30.869636	43.183948	97.235318
31.343450	43.446355	99.640722
31.824536	43.706231	100.242303
32.313007	43.967928	102.595683
32.808975	44.230709	103.184281
33.312556	44.495037	105.450496
33.823866	44.756872	105.993507
34.343024	45.017661	108.194146
34.870151	45.281592	108.735812
35.405368	45.545283	110.848179
35.948801	45.807176	111.351231
36.500574	46.069018	113.398173
37.060817	46.329623	113.889089
37.629659	46.593298	115.886053
38.207232	46.856583	116.339066
38.793669	47.117774	118.258741
39.389109	47.380025	118.699693
39.993687	47.640596	120.561926
40.607545	47.904284	121.001369
41.230825	48.169407	122.786475
41.863671	48.430232	123.174916
42.506232	48.691756	124.912382
43.158654	48.951847	125.300394
43.821091	49.216703	127.001585
44.493695	49.481059	127.345957
45.176623	49.742407	128.966525
45.870033	50.003970	129.320523
46.574087	50.272114	130.902100
47.288946	50.535725	131.181604
48.014778	50.796858	132.701153
48.751751	51.059200	132.985449
49.500035	51.320662	134.476080
50.259805	51.590268	134.755700
51.031236	51.855268	136.134731
51.814508	52.117476	136.376736
52.609803	52.381212	137.731078
53.417304	52.644535	137.972819
54.237199	52.916564	139.285372
55.069679	53.183773	139.432518
55.914936	53.448807	140.663634
56.773168	53.713783	140.791749
57.644572	53.979300	141.975225
58.529351	54.250740	142.035898
59.427710	54.509553	143.040790
60.339859	54.755850	143.030282
61.266007	54.993398	144.062045
62.206371	55.229491	144.118441
63.161169	55.453680	145.200750
64.130622	55.686220	145.437930
65.114954	55.928863	146.624208
66.114395	56.182637	146.907602
67.129177	56.452368	148.018592
68.159534	56.712113	148.134181
69.205706	56.972393	149.181448
70.267935	57.233549	149.296835
71.346469	57.497042	150.327102
72.441557	57.773095	150.400867
73.553453	58.034913	151.255168
74.682415	58.294486	151.312588
75.828706	58.554759	152.183589
76.992591	58.817586	152.273328
78.174341	59.094649	153.093004
79.374229	59.354994	153.020362
80.592533	59.613466	153.817488
81.829538	59.872267	153.795781
83.085529	60.134634	154.623343
84.360798	60.413038	154.572298
85.655641	60.672517	155.210681
86.970359	60.930615	155.178429
88.305256	61.198389	155.896080
89.660642	61.475365	155.781234
91.036831	61.733777	156.324246
92.434144	61.991510	156.233437
93.852904	62.249639	156.836353
95.293440	62.518438	156.795204
96.756087	62.796052	157.293820
98.241184	63.054584	157.084242
99.749075	63.312614	157.596017
101.280111	63.570735	157.463346
102.834646	63.840302	158.020356
104.413042	64.121382	157.795269
106.015664	64.379765	158.140418
107.642885	64.637705	157.951412
109.295082	64.895627	158.375011
110.972638	65.167089	158.262547
112.675943	65.452045	158.569274
114.405391	65.710105	158.233236
116.161385	65.967973	158.619793
117.944331	66.249283	158.413309
119.754644	66.528574	158.592822
121.592742	66.787813	158.227150
123.459054	67.047064	158.450601
125.354011	67.305001	158.203168
127.278054	67.589468	158.489251
129.231628	67.871629	158.035747
131.215188	68.131692	158.116940
133.229193	68.391701	157.733843
135.274111	68.651431	157.923377
137.350416	68.938789	157.615742
139.458590	69.223311	157.563267
141.599122	69.484707	157.057105
143.772508	69.745994	157.054868
145.979254	70.005894	156.678003
148.219871	70.297275	156.743358
150.494879	70.585558	156.104214
152.804806	70.847163	155.913834
155.150187	71.109609	155.317690
157.531567	71.360937	155.176823
159.949499	71.630973	154.683825
162.404543	71.901310	154.419731
164.897270	72.150177	153.741285
167.428257	72.375642	153.573102
169.998092	72.625628	153.292728
172.607371	72.896812	153.334602
175.256699	73.226178	153.198712
177.946692	73.605486	152.589546
180.677973	73.870059	151.578160
183.451176	74.184571	151.102865
186.266944	74.469270	149.925670
189.125932	74.734337	149.159840
192.028801	75.000293	148.080703
194.976227	75.265724	146.815701
197.968892	75.361327	145.482583
201.007491	75.551387	145.457803
204.092729	75.771228	144.481607
207.225322	75.951744	144.197450
210.405997	76.177897	143.577414
213.635492	76.402730	143.286616
216.914556	76.647313	142.662339
220.243949	76.901258	142.292336
223.624446	77.161502	141.570877
227.056828	77.443789	141.035718
230.541895	77.702785	139.948071
234.080453	77.941134	139.247877
237.673323	78.170206	138.263303
241.321341	78.406615	137.781992
245.025351	78.688877	136.908139
248.786214	78.973073	136.032617
252.604802	79.240794	134.648161
256.482000	79.458128	133.359141
260.418710	79.613806	132.062059
264.415843	79.787576	131.473086
268.474328	80.009882	130.648259
272.595106	80.257057	129.919759
276.779133	80.495533	128.690844
281.027381	80.704643	127.769917
285.340834	80.935943	126.614563
289.720494	81.143270	125.499613
294.167376	81.330973	124.294961
298.682514	81.510484	123.350878
303.266953	81.699470	122.441095
307.921759	81.932185	121.539383
312.648010	82.118276	120.269649
317.446805	82.299196	119.455601
322.319255	82.491800	118.493681
327.266492	82.705823	117.822433
332.289663	82.943907	116.831957
337.389935	83.181945	115.964501
342.568490	83.437471	114.846451
347.826529	83.694861	113.711015
353.165274	83.938986	112.314898
358.585963	84.187902	111.015348
364.089853	84.419466	109.274684
369.678221	84.592293	107.754047
375.352365	84.769019	106.326307
381.113600	84.949396	105.030702
386.963264	85.131224	103.663570
392.902713	85.318463	102.414744
398.933327	85.507832	101.046879
405.056503	85.700542	99.781527
411.273663	85.896676	98.388160
417.586250	86.096105	97.071978
423.995728	86.299458	95.611391
430.503584	86.505451	94.181748
437.111328	86.706166	92.551961
443.820494	86.889451	91.010071
450.632638	87.076042	89.432491
457.549340	87.264819	87.901532
464.572207	87.457104	86.274423
471.702866	87.651796	84.665156
478.942973	87.849385	82.931820
486.294207	88.050103	81.185820
493.758274	88.254002	79.254425
501.336907	88.461041	77.197475
509.031863	88.635574	74.658768
516.844927	88.706238	72.283187
524.777914	88.780047	70.334157
532.832663	88.859085	68.441469
541.011043	88.942002	66.666533
549.314952	89.029407	64.920470
557.746317	89.121718	63.240565
566.307094	89.219047	61.578003
574.999269	89.322142	60.010224
583.824859	89.457510	58.527729
592.785912	89.639132	56.847228
601.884506	89.820822	54.809248
611.122755	89.984047	52.574729
620.502799	90.132094	50.233298
630.026817	90.276794	47.718545
639.697018	90.418893	45.035097
649.515646	90.557386	41.543654
659.484978	90.467640	37.620349
669.607328	90.270496	34.827916
679.885045	90.078017	32.542069
690.320514	89.890496	30.747724
700.916155	89.708450	29.216939
711.674427	89.532509	28.074493
722.597826	89.362999	27.561278
733.688888	89.362788	27.508047
744.950184	89.416702	26.648621
756.384329	89.471161	25.800337
767.993975	89.525873	24.603194
779.781816	89.580477	23.572628
791.750587	89.634619	22.341212
803.903066	89.717418	21.379119
816.242071	89.826991	19.974830
828.770466	89.933912	18.610157
841.491157	90.036935	16.867602
854.407097	90.135494	15.260042
867.521282	90.229688	13.165652
880.836755	90.270474	11.210146
894.356605	90.296413	9.190030
908.083970	90.319223	7.417160
922.022035	90.337262	5.432507
936.174033	90.351619	3.688834
950.543248	90.362611	1.696209
965.133014	90.369483	-0.055675
979.946717	90.372263	-2.088400
994.987794	90.370335	-3.872962
1010.259734	90.363066	-6.036813
1025.766081	90.315921	-7.953378
1041.510433	90.252695	-9.929479
1057.496443	90.193568	-11.512025
1073.727820	90.138684	-13.294879
1090.208331	90.092048	-14.705645
1106.941799	90.066371	-16.409827
1123.932106	90.041453	-17.911975
1141.183196	90.018317	-19.704617
1158.699071	89.998520	-21.265038
1176.483794	89.979371	-23.138135
1194.541493	89.974696	-24.866916
1212.876357	89.933579	-27.151931
1231.492641	89.850746	-28.997339
1250.394663	89.758252	-31.024677
1269.586811	89.664338	-32.624451
1289.073536	89.568984	-34.520211
1308.859360	89.472166	-36.015503
1328.948875	89.373861	-37.835279
1349.346741	89.274048	-39.251546
1370.057691	89.172703	-41.008223
1391.086530	89.069802	-42.350111
1412.438139	88.965323	-44.041274
1434.117471	88.859239	-45.298312
1456.129556	88.751527	-46.900785
1478.479502	88.642161	-48.020580
1501.172494	88.539559	-49.403000
1524.213798	88.469466	-50.283266
1547.608761	88.426586	-51.711655
1571.362809	88.388638	-52.845443
1595.481455	88.350107	-54.502969
1619.970296	88.310985	-55.780253
1644.835012	88.271262	-57.572319
1670.081374	88.230930	-58.967532
1695.715238	88.189978	-60.899198
1721.742554	88.148399	-62.439669
1748.169360	88.106181	-64.566787
1775.001787	88.063314	-66.377466
1802.246062	87.998725	-68.983945
1829.908506	87.865586	-71.245774
1857.995537	87.673410	-73.785579
1886.513672	87.466712	-75.541834
1915.469528	87.256840	-77.670740
1944.869824	87.043747	-79.162433
1974.721382	86.827383	-81.103105
2005.031127	86.607699	-82.420679
2035.806093	86.384642	-84.216169
2067.053419	86.158162	-85.379624
2098.780357	85.928686	-87.033590
2130.994268	85.697581	-88.037914
2163.702626	85.464878	-89.558180
2196.913020	85.229050	-90.419470
2230.633156	84.989605	-91.797662
2264.870858	84.746482	-92.473807
2299.634071	84.499629	-93.647624
2334.930859	84.248986	-94.045263
2370.769413	83.994497	-94.822142
2407.158049	83.770851	-94.509845
2444.105209	83.648517	-94.685526
2481.619467	83.595074	-94.608773
2519.709526	83.551764	-95.553557
2558.384224	83.507788	-96.064737
2597.652535	83.463138	-97.442067
2637.523571	83.417802	-98.354056
2678.006582	83.367671	-100.271672
2719.110962	83.266244	-101.956878
2760.846247	83.048840	-104.375231
2803.222122	82.770758	-105.561618
2846.248419	82.488408	-107.106597
2889.935121	82.201724	-107.645677
2934.292365	81.910639	-108.650769
2979.330442	81.615086	-108.422182
3025.059803	81.399679	-108.262497
3071.491058	81.344740	-107.424849
3118.634980	81.346161	-108.087544
3166.502508	81.347604	-108.364056
3215.104749	81.349070	-109.802406
3264.452980	81.350557	-110.844788
3314.558650	81.292409	-113.399619
3365.433386	81.083751	-115.221935
3417.088991	80.783832	-117.291149
3469.537452	80.467489	-117.937475
3522.790937	80.146290	-119.034973
3576.861804	79.824806	-118.655313
3631.762597	79.584255	-118.458952
3687.506055	79.483570	-117.324537
3744.105113	79.441277	-117.561940
3801.572902	79.398335	-117.045207
3859.922757	79.354734	-117.265075
3919.168216	79.403187	-115.951800
3979.323027	79.668500	-115.829672
4040.401145	80.061844	-115.989651
4102.416744	80.475905	-118.321478
4165.384213	80.891294	-120.841595
4229.318161	81.215625	-125.824541
4294.233423	81.330922	-130.446955
4360.145061	81.340453	-135.909204
4427.068369	81.350131	-140.709169
4495.018873	81.284961	-147.906728
4564.012342	80.888109	-155.157773
4634.064782	80.122107	-162.429371
4705.192448	79.263057	-166.984132
4777.411843	78.390822	-171.850560
4850.739725	77.522260	-175.102061
4925.193107	76.662982	-179.513586
5000.789264	75.796813	-183.397517
5077.545738	74.783489	-190.664514
5155.480336	72.927095	-199.071119
5234.611143	69.815073	-204.052808
5314.956518	66.222753	-198.137825
5396.535104	62.860611	-181.300451
5479.365829	61.568611	-152.581379
5563.467912	62.606784	-131.557950
5648.860868	63.870190	-118.059226
5735.564509	65.261256	-108.341522
5823.598953	66.945504	-100.847927
5912.984627	68.801005	-99.013075
6003.742269	70.469954	-101.394180
6095.892940	71.427709	-108.504537
6189.458019	71.747295	-113.317098
6284.459216	71.921507	-118.237976
6380.918575	71.882340	-121.870125
6478.858476	71.561072	-125.453595
6578.301643	71.240222	-125.033302
6679.271152	71.295335	-124.640124
6781.790428	71.795166	-124.762635
6885.883260	72.237424	-131.125942
6991.573799	71.843246	-138.848120
7098.886568	70.478543	-144.450853
7207.846468	69.069226	-140.749573
7318.478779	68.588290	-134.714957
7430.809171	68.962784	-130.542996
7544.863709	69.064735	-134.315427
7660.668854	68.054102	-136.076114
7778.251478	66.612585	-131.659893
7897.638862	65.965674	-118.950516
8018.858708	66.250767	-107.276179
8141.939142	67.346733	-93.151200
8266.908722	69.810461	-84.356985
8393.796444	72.826889	-85.053941
8522.631749	74.892858	-96.578855
8653.444531	75.828110	-105.985623
8786.265141	76.590426	-115.031219
8921.124398	77.333520	-122.704838
9058.053593	77.988012	-133.494664
9197.084496	78.423549	-143.694432
9338.249366	78.628816	-157.020431
9481.580958	78.478441	-169.635100
9627.112528	77.858645	-185.195603
9774.877844	76.501039	-198.156536
9924.911191	74.580245	-209.258668
10077.247380	72.446527	-213.977643
10231.921757	70.352903	-215.229925
10388.970212	69.032368	-210.589751
10548.429184	68.304566	-209.543253
10710.335671	67.868148	-207.622925
10874.727239	67.562900	-210.537706
11041.642033	67.150144	-212.531158
11211.118781	66.729215	-218.026233
11383.196805	66.294146	-223.832030
11557.916033	65.251491	-235.967610
11735.317004	63.122857	-245.926641
11915.440880	59.538273	-252.029720
12098.329454	56.277806	-238.781365
12284.025162	55.486237	-225.174615
12472.571089	55.954061	-219.636477
12664.010983	55.610295	-231.110407
12858.389263	52.516263	-239.328128
13055.751031	48.963011	-236.978585
13256.142079	44.764889	-236.254272
13459.608904	35.735207	-207.947271
13666.198715	34.655815	-109.528385
13875.959447	45.818862	-70.750788
14088.939769	50.833276	-86.036591
14305.189099	53.594369	-87.467362
14524.757612	56.829068	-99.272243
14747.696254	57.650126	-118.397292
14974.056752	56.991970	-128.912757
15203.891629	55.887395	-133.309196
15437.254212	55.469236	-128.022340
15674.198647	56.212449	-128.916490
15914.779912	56.107026	-132.943935
16159.053828	55.585970	-132.524147
16407.077073	56.224558	-128.489627
16658.907195	57.228859	-135.502325
16914.602625	57.018891	-146.956540
17174.222692	54.989667	-156.629065
17437.827634	52.710113	-151.122923
17705.478614	51.598264	-141.649470
17977.237735	51.472551	-131.863396
18253.168051	51.180817	-126.451099
18533.333587	51.080176	-114.878931
18817.799347	51.992282	-104.869289
19106.631336	53.107692	-99.039024
19399.896571	54.411118	-91.588175
19697.663095	55.279416	-94.697597
20000.000000	55.281326	-60.300417