* FRD data written by MATAA on 05-Jan-2019 10:25:28
* Monkey Coffin 20181219, spliced SPL curve, 12PR320 (no filter), 1 m from baffle, horizontal angle = 0 deg.
10.000000	27.739102	-484.046161
10.153489	28.173145	-250.238547
10.309333	28.613851	-243.531312
10.467570	29.061321	-164.350431
10.628235	29.591477	-157.495729
10.791367	30.200829	-108.806791
10.957002	30.896583	-102.445045
11.125180	31.642235	-67.357548
11.295939	32.428884	-61.839366
11.469319	33.248260	-34.544482
11.645360	34.092696	-29.856764
11.824103	34.947198	-7.768913
12.005589	35.808577	-3.835513
12.189862	36.671224	14.571734
12.376962	37.531475	17.865186
12.566935	38.387624	33.516649
12.759823	39.230636	36.263504
12.955672	40.067893	49.842693
13.154527	40.896886	52.171452
13.356434	41.716817	64.082014
13.561440	42.528631	66.034484
13.769593	43.323543	76.577173
13.980941	44.113305	78.275444
14.195532	44.894627	87.717565
14.413418	45.666654	89.147872
14.634647	46.431146	97.652134
14.859273	47.184160	98.848030
15.087346	47.930249	106.576213
15.318920	48.670142	107.591776
15.554048	49.403829	114.626183
15.792785	50.130011	115.452190
16.035186	50.848508	121.879231
16.281308	51.561392	122.556114
16.531208	52.268728	128.454059
16.784943	52.971621	128.991565
17.042573	53.672149	134.396198
17.304158	54.361830	134.762536
17.569757	55.049228	139.759513
17.839433	55.734429	140.008399
18.113248	56.416330	144.582627
18.391266	57.092005	144.677024
18.673551	57.763999	148.876135
18.960169	58.430535	148.839366
19.251186	59.093842	152.703019
19.546670	59.755273	152.549051
19.846690	60.414434	156.069352
20.151314	61.066499	155.765170
20.460614	61.717792	158.991868
20.774661	62.366520	158.550207
21.093529	63.011523	161.456013
21.417291	63.652192	160.853600
21.746022	64.284594	163.461533
22.079799	64.916506	162.752793
22.418699	65.545605	165.080650
22.762800	66.170314	164.205202
23.112184	66.789819	166.237724
23.466930	67.401853	165.206213
23.827121	68.011262	166.983444
24.192840	68.614514	165.785569
24.564173	69.210675	167.286024
24.941205	69.802171	165.925414
25.324024	70.382439	167.139117
25.712720	70.955217	165.627835
26.107381	71.519029	166.594166
26.508100	72.073958	164.934761
26.914969	72.621779	165.649013
27.328084	73.153695	163.807669
27.747539	73.675597	164.305471
28.173432	74.185184	162.331527
28.605863	74.682275	162.619936
29.044930	75.169268	160.507004
29.490737	75.634295	160.560496
29.943387	76.085802	158.373203
30.402984	76.524142	158.292087
30.869636	76.948667	156.015849
31.343450	77.356189	155.764569
31.824536	77.741622	153.425018
32.313007	78.116242	153.119812
32.808975	78.475214	150.752267
33.312556	78.817336	150.363109
33.823866	79.147061	147.993715
34.343024	79.455323	147.537169
34.870151	79.751859	145.231511
35.405368	80.036266	144.779677
35.948801	80.308742	142.517792
36.500574	80.570090	142.050671
37.060817	80.814755	139.830467
37.629659	81.050092	139.413778
38.207232	81.277741	137.295275
38.793669	81.497946	136.898552
39.389109	81.708039	134.838158
39.993687	81.909232	134.474277
40.607545	82.103963	132.512155
41.230825	82.293337	132.194471
41.863671	82.477738	130.308522
42.506232	82.655641	130.016191
43.158654	82.828780	128.209558
43.821091	82.997127	127.956611
44.493695	83.162282	126.233121
45.176623	83.325109	126.013922
45.870033	83.484421	124.349571
46.574087	83.640756	124.152274
47.288946	83.794259	122.549764
48.014778	83.945542	122.376258
48.751751	84.095094	120.830981
49.500035	84.242694	120.669846
50.259805	84.387850	119.170821
51.031236	84.531426	119.025369
51.814508	84.673771	117.574237
52.609803	84.814975	117.434795
53.417304	84.954311	116.017546
54.237199	85.091988	115.882272
55.069679	85.228581	114.503631
55.914936	85.364099	114.370620
56.773168	85.498503	113.020873
57.644572	85.631387	112.883423
58.529351	85.762937	111.561279
59.427710	85.893304	111.422038
60.339859	86.022614	110.125831
61.266007	86.150932	109.980561
62.206371	86.277832	108.702701
63.161169	86.402968	108.549694
64.130622	86.527131	107.296810
65.114954	86.650366	107.138658
66.114395	86.772506	105.901021
67.129177	86.892665	105.731060
68.159534	87.011812	104.513319
69.205706	87.129259	104.335590
70.267935	87.245514	103.138238
71.346469	87.360935	102.955336
72.441557	87.474966	101.771181
73.553453	87.587258	101.578838
74.682415	87.698599	100.414552
75.828706	87.808759	100.214615
76.992591	87.917586	99.064122
78.174341	88.024893	98.854461
79.374229	88.130368	97.721254
80.592533	88.235180	97.511302
81.829538	88.338882	96.394471
83.085529	88.441225	96.176151
84.360798	88.542382	95.075363
85.655641	88.642114	94.851401
86.970359	88.740639	93.769549
88.305256	88.838435	93.545011
89.660642	88.935599	92.477859
91.036831	89.030856	92.243092
92.434144	89.125026	91.195850
93.852904	89.218569	90.963074
95.293440	89.311485	89.933607
96.756087	89.403705	89.695130
98.241184	89.494744	88.678493
99.749075	89.584840	88.437395
101.280111	89.674385	87.439718
102.834646	89.763413	87.195924
104.413042	89.851875	86.211490
106.015664	89.939272	85.961607
107.642885	90.026197	84.994177
109.295082	90.112682	84.741782
110.972638	90.198727	83.788066
112.675943	90.284319	83.529619
114.405391	90.369104	82.587655
116.161385	90.453509	82.326689
117.944331	90.537814	81.399607
119.754644	90.621926	81.132102
121.592742	90.705712	80.213029
123.459054	90.788771	79.936533
125.354011	90.871682	79.028360
127.278054	90.953918	78.744273
129.231628	91.036122	77.848655
131.215188	91.118653	77.556634
133.229193	91.200423	76.661692
135.274111	91.281421	76.358019
137.350416	91.362171	75.473316
139.458590	91.442691	75.161351
141.599122	91.523047	74.283289
143.772508	91.603374	73.957281
145.979254	91.682356	73.078732
148.219871	91.761225	72.744748
150.494879	91.839711	71.871406
152.804806	91.917605	71.524032
155.150187	91.995142	70.652598
157.531567	92.071372	70.289964
159.949499	92.147004	69.425063
162.404543	92.222098	69.054593
164.897270	92.296674	68.194020
167.428257	92.370523	67.812808
169.998092	92.444118	66.955344
172.607371	92.516403	66.557889
175.256699	92.587478	65.703613
177.946692	92.657690	65.300437
180.677973	92.727238	64.453331
183.451176	92.795450	64.040979
186.266944	92.862756	63.204173
189.125932	92.929422	62.789968
192.028801	92.995584	61.962596
194.976227	93.060618	61.540343
197.968892	93.124432	60.723733
201.007491	93.187808	60.303871
204.092729	93.250572	59.500730
207.225322	93.312606	59.079825
210.405997	93.374111	58.290385
213.635492	93.434478	57.871735
216.914556	93.495218	57.105149
220.243949	93.555812	56.688817
223.624446	93.615800	55.936351
227.056828	93.675782	55.527714
230.541895	93.736218	54.797718
234.080453	93.797175	54.394621
237.673323	93.858644	53.681938
241.321341	93.920699	53.282845
245.025351	93.983655	52.589325
248.786214	94.047974	52.194831
252.604802	94.113561	51.515467
256.482000	94.180602	51.120124
260.418710	94.249268	50.451667
264.415843	94.319594	50.052821
268.474328	94.392494	49.391269
272.595106	94.466646	48.976578
276.779133	94.542868	48.317975
281.027381	94.621860	47.889792
285.340834	94.702662	47.221869
289.720494	94.785659	46.769290
294.167376	94.870642	46.092531
298.682514	94.957751	45.612866
303.266953	95.047114	44.946175
307.921759	95.149021	44.447905
312.648010	95.250134	43.676606
317.446805	95.351397	43.072357
322.319255	95.452513	42.239305
327.266492	95.552936	41.553949
332.289663	95.651854	40.660015
337.389935	95.749567	39.904863
342.568490	95.845652	38.955251
347.826529	95.939369	38.128680
353.165274	96.030239	37.126799
358.585963	96.118483	36.239639
364.089853	96.203442	35.191431
369.678221	96.284935	34.248100
375.352365	96.362778	33.162113
381.113600	96.436940	32.170794
386.963264	96.507043	31.051760
392.902713	96.572649	30.018546
398.933327	96.634116	28.878392
405.056503	96.691283	27.813363
411.273663	96.744011	26.655936
417.586250	96.791438	25.564372
423.995728	96.834123	24.407971
430.503584	96.873141	23.312460
437.111328	96.908494	22.163325
443.820494	96.940125	21.058867
450.632638	96.967491	19.918704
457.549340	96.991839	18.818694
464.572207	97.013314	17.696928
471.702866	97.032108	16.599255
478.942973	97.048608	15.495511
486.294207	97.063129	14.398975
493.758274	97.075485	13.310167
501.336907	97.086826	12.215205
509.031863	97.097087	11.135700
516.844927	97.106208	10.028441
524.777914	97.114696	8.949410
532.832663	97.122394	7.819393
541.011043	97.129871	6.728141
549.314952	97.137048	5.556974
557.746317	97.143870	4.429721
566.307094	97.150420	3.189193
574.999269	97.156861	1.992079
583.824859	97.163308	0.625210
592.785912	97.169757	-0.743028
601.884506	97.162938	-2.471395
611.122755	97.099549	-4.191316
620.502799	96.993859	-5.857444
630.026817	96.878440	-7.194369
639.697018	96.755714	-8.615665
649.515646	96.625765	-9.759017
659.484978	96.488527	-11.062550
669.607328	96.344465	-12.039494
679.885045	96.194444	-13.287130
690.320514	96.038828	-14.154714
700.916155	95.839987	-15.787686
711.674427	95.467182	-15.941336
722.597826	95.367347	-15.487266
733.688888	95.252379	-16.018025
744.950184	95.121628	-16.368191
756.384329	94.974417	-16.875056
767.993975	94.810045	-17.251752
779.781816	94.627789	-17.576485
791.750587	94.426899	-17.669245
803.903066	94.244579	-17.532412
816.242071	94.059460	-17.407862
828.770466	93.871500	-17.032158
841.491157	93.680656	-16.606666
854.407097	93.486882	-15.851875
867.521282	93.290133	-14.968203
880.836755	93.090365	-13.596508
894.356605	92.887531	-11.685319
908.083970	92.817805	-8.577947
922.022035	92.989021	-5.856633
936.174033	93.239551	-3.945980
950.543248	93.493926	-2.724971
965.133014	93.752205	-1.648315
979.946717	94.014449	-1.005835
994.987794	94.280718	-0.370983
1010.259734	94.551074	-0.124977
1025.766081	94.825579	0.173352
1041.510433	95.104298	0.089012
1057.496443	95.387295	0.089040
1073.727820	95.674635	-0.304830
1090.208331	95.966386	-0.598923
1106.941799	96.262615	-1.311607
1123.932106	96.563390	-1.926308
1141.183196	96.868783	-3.002676
1158.699071	97.178862	-4.017612
1176.483794	97.493701	-5.582360
1194.541493	97.813372	-7.324148
1212.876357	98.053791	-9.996703
1231.492641	98.170551	-12.212778
1250.394663	98.263105	-14.313161
1269.586811	98.357078	-15.951814
1289.073536	98.452494	-17.841410
1308.859360	98.549375	-19.375652
1328.948875	98.647743	-21.254059
1349.346741	98.747620	-22.806628
1370.057691	98.849031	-24.765619
1391.086530	98.951997	-26.422258
1412.438139	99.056545	-28.552239
1434.117471	99.162697	-30.422599
1456.129556	99.270478	-32.878799
1478.479502	99.379915	-35.239372
1501.172494	99.453800	-38.642588
1524.213798	99.378505	-41.982588
1547.608761	99.177295	-45.197471
1571.362809	98.948346	-47.379961
1595.481455	98.715883	-49.639231
1619.970296	98.479852	-51.193227
1644.835012	98.240198	-52.965892
1670.081374	97.996865	-54.066084
1695.715238	97.749798	-55.411029
1721.742554	97.498939	-56.048577
1748.169360	97.244229	-56.889663
1775.001787	96.985610	-56.849571
1802.246062	96.762111	-56.669730
1829.908506	96.660557	-55.619121
1857.995537	96.663211	-55.429182
1886.513672	96.687383	-55.134326
1915.469528	96.711927	-55.557387
1944.869824	96.736846	-55.545921
1974.721382	96.762149	-56.131935
2005.031127	96.787840	-56.179794
2035.806093	96.813925	-56.760908
2067.053419	96.840411	-56.661338
2098.780357	96.888427	-56.856329
2130.994268	97.020414	-56.281669
2163.702626	97.240110	-56.656726
2196.913020	97.482893	-56.914488
2230.633156	97.729401	-58.095394
2264.870858	97.979694	-58.919813
2299.634071	98.233829	-60.617152
2334.930859	98.491863	-61.936193
2370.769413	98.753858	-64.205976
2407.158049	99.001692	-66.237508
2444.105209	99.198522	-69.204111
2481.619467	99.361343	-71.495244
2519.709526	99.520932	-74.510117
2558.384224	99.682971	-76.981839
2597.652535	99.847496	-80.383622
2637.523571	100.014548	-83.406940
2678.006582	100.176916	-87.721769
2719.110962	100.252465	-92.178714
2760.846247	100.126922	-97.524176
2803.222122	99.898095	-101.356010
2846.248419	99.665756	-105.522382
2889.935121	99.429850	-108.773465
2934.292365	99.190323	-112.807571
2979.330442	98.947121	-116.395468
3025.059803	98.565037	-121.527465
3071.491058	97.915712	-125.280728
3118.634980	97.165126	-128.294701
3166.502508	96.403020	-129.285297
3215.104749	95.629216	-129.886503
3264.452980	94.843535	-127.709883
3314.558650	94.358727	-123.164078
3365.433386	94.651263	-117.336527
3417.088991	95.410184	-115.823827
3469.537452	96.242761	-116.499258
3522.790937	97.088117	-120.592066
3576.861804	97.912369	-127.403126
3631.762597	98.119227	-139.696087
3687.506055	97.275917	-150.237940
3744.105113	95.979879	-157.083641
3801.572902	94.663949	-159.508543
3859.922757	93.327820	-159.595635
3919.168216	92.402431	-153.945216
3979.323027	92.467962	-148.644500
4040.401145	93.111020	-146.468724
4102.416744	93.832221	-149.232612
4165.384213	94.535457	-154.899664
4229.318161	94.686845	-166.916276
4294.233423	93.604685	-177.973653
4360.145061	91.884933	-184.318502
4427.068369	90.138784	-184.603288
4495.018873	88.584477	-180.673976
4564.012342	87.970388	-171.463088
4634.064782	88.405335	-166.288270
4705.192448	89.083957	-164.830809
4777.411843	89.772993	-168.560192
4850.739725	89.985545	-174.998469
4925.193107	89.555663	-182.098179
5000.789264	88.939429	-185.897854
5077.545738	88.323180	-189.770364
5155.480336	87.755852	-191.706121
5234.611143	87.266388	-194.802786
5314.956518	86.799926	-196.863900
5396.535104	86.342966	-200.220062
5479.365829	86.002903	-202.411566
5563.467912	85.794862	-207.490592
5648.860868	85.570668	-213.992819
5735.564509	84.873108	-226.115803
5823.598953	82.984992	-236.851279
5912.984627	80.436789	-242.833211
6003.742269	77.910899	-242.275409
6095.892940	75.556705	-239.454820
6189.458019	73.352868	-232.678569
6284.459216	71.182840	-222.125721
6380.918575	70.263957	-203.436060
6478.858476	71.004522	-191.308034
6578.301643	71.886196	-185.685147
6679.271152	72.633230	-185.473159
6781.790428	73.219056	-187.354572
6885.883260	73.501315	-195.539527
6991.573799	72.581040	-205.929411
7098.886568	70.266233	-212.303195
7207.846468	67.963079	-205.714056
7318.478779	67.278640	-195.700090
7430.809171	68.085932	-193.164072
7544.863709	67.897698	-208.629345
7660.668854	64.314429	-222.028831
7778.251478	59.293306	-215.729520
7897.638862	55.868171	-191.267114
8018.858708	54.319991	-165.074326
8141.939142	54.278757	-135.030915
8266.908722	56.693349	-111.695458
8393.796444	60.022348	-106.492439
8522.631749	61.272049	-117.647583
8653.444531	60.078965	-121.716140
8786.265141	58.886194	-116.295852
8921.124398	58.304872	-107.326103
9058.053593	57.842073	-99.503214
9197.084496	57.297428	-87.879062
9338.249366	57.343015	-71.365734
9481.580958	59.356760	-54.941786
9627.112528	61.927251	-55.036482
9774.877844	62.874109	-62.529995
9924.911191	62.128281	-69.880533
10077.247380	59.678697	-67.620057
10231.921757	57.087811	-40.230829
10388.970212	60.151408	1.464944
10548.429184	66.432515	8.626861
10710.335671	70.600319	-3.712213
10874.727239	72.976540	-22.523228
11041.642033	73.983417	-40.878334
11211.118781	73.584478	-60.650895
11383.196805	71.910885	-71.166427
11557.916033	70.287682	-74.651342
11735.317004	69.209796	-73.033424
11915.440880	68.205529	-72.666436
12098.329454	67.319381	-67.521108
12284.025162	66.661280	-63.135103
12472.571089	66.187265	-54.683199
12664.010983	66.037773	-46.009450
12858.389263	66.697674	-33.113741
13055.751031	68.358200	-25.374685
13256.142079	70.463999	-23.134466
13459.608904	71.734149	-28.282989
13666.198715	72.816056	-27.841956
13875.959447	74.639350	-31.819043
14088.939769	76.707331	-43.827398
14305.189099	76.644234	-68.449627
14524.757612	73.947157	-80.997795
14747.696254	71.084089	-75.571694
14974.056752	71.179777	-58.297931
15203.891629	72.785075	-57.360873
15437.254212	73.693922	-60.201430
15674.198647	74.094124	-67.895830
15914.779912	74.073846	-71.596876
16159.053828	74.027412	-77.464092
16407.077073	74.077403	-80.509509
16658.907195	74.118085	-88.471723
16914.602625	74.102657	-96.741474
17174.222692	73.067806	-114.477447
17437.827634	69.523292	-127.032187
17705.478614	64.220751	-118.686724
17977.237735	62.226627	-81.700210
18253.168051	65.010666	-59.058041
18533.333587	67.238655	-61.180825
18817.799347	67.028767	-61.886655
19106.631336	67.228656	-56.041095
19399.896571	68.068433	-48.841090
19697.663095	67.070656	-54.908766
20000.000000	65.417113	7.993546