* FRD data written by MATAA on 05-Jan-2019 10:25:28
* Monkey Coffin 20181219, spliced SPL curve, VM752 (no filter), 1 m from baffle, horizontal angle = +60 deg.
10.000000	25.396606	-466.611529
10.153489	25.658953	-284.706468
10.309333	25.923736	-280.850899
10.467570	26.187531	-221.128486
10.628235	26.450666	-217.724567
10.791367	26.714864	-182.201255
10.957002	26.978209	-179.095716
11.125180	27.241525	-153.833631
11.295939	27.504540	-150.945380
11.469319	27.768708	-131.321175
11.645360	28.032619	-128.620999
11.824103	28.295777	-112.561452
12.005589	28.559314	-110.010977
12.189862	28.822387	-96.398101
12.376962	29.086257	-93.975732
12.566935	29.350656	-82.154573
12.759823	29.613127	-79.857061
12.955672	29.877860	-69.388074
13.154527	30.140779	-67.208082
13.356434	30.403588	-57.804520
13.561440	30.668972	-55.714781
13.769593	30.931616	-47.197608
13.980941	31.195094	-45.192833
14.195532	31.457870	-37.389529
14.413418	31.721076	-35.463262
14.634647	31.984613	-28.261453
14.859273	32.248013	-26.414942
15.087346	32.511210	-19.730039
15.318920	32.774390	-17.951443
15.554048	33.038390	-11.710799
15.792785	33.302080	-10.004498
16.035186	33.565576	-4.159318
16.281308	33.828306	-2.514903
16.531208	34.091941	2.993464
16.784943	34.356294	4.575757
17.042573	34.619271	9.764914
17.304158	34.882206	11.295985
17.569757	35.146094	16.213231
17.839433	35.408799	17.683532
18.113248	35.671631	22.356927
18.391266	35.935428	23.780065
18.673551	36.198160	28.220815
18.960169	36.461540	29.598524
19.251186	36.724527	33.833238
19.546670	36.988451	35.168602
19.846690	37.253290	39.205455
20.151314	37.515954	40.478076
20.460614	37.777991	44.343784
20.774661	38.040349	45.587340
21.093529	38.303527	49.299233
21.417291	38.568032	50.499205
21.746022	38.831382	54.044374
22.079799	39.094079	55.201455
22.418699	39.356702	58.612168
22.762800	39.619986	59.739311
23.112184	39.884865	63.013379
23.466930	40.147065	64.082874
23.827121	40.408852	67.242699
24.192840	40.672442	68.290201
24.564173	40.935185	71.331492
24.941205	41.200352	72.341041
25.324024	41.462230	75.253137
25.712720	41.724552	76.239879
26.107381	41.988610	79.062106
26.508100	42.252932	80.002883
26.914969	42.515728	82.711395
27.328084	42.777883	83.623438
27.747539	43.040525	86.248951
28.173432	43.303993	87.135811
28.605863	43.568390	89.663296
29.044930	43.830657	90.505134
29.490737	44.093076	92.951653
29.943387	44.354911	93.772951
30.402984	44.618315	96.151780
30.869636	44.884076	96.938174
31.343450	45.146593	99.205951
31.824536	45.407524	99.968873
32.313007	45.670276	102.187142
32.808975	45.933836	102.927764
33.312556	46.198823	105.065239
33.823866	46.461999	105.756529
34.343024	46.723228	107.828386
34.870151	46.988213	108.516446
35.405368	47.252410	110.502793
35.948801	47.514907	111.150823
36.500574	47.777804	113.079026
37.060817	48.039464	113.709094
37.629659	48.304194	115.589582
38.207232	48.568534	116.177534
38.793669	48.830780	117.984357
39.389109	49.094086	118.556258
39.993687	49.355712	120.311823
40.607545	49.621411	120.876676
41.230825	49.886730	122.552732
41.863671	50.149512	123.071158
42.506232	50.412090	124.698447
43.158654	50.673498	125.213332
43.821091	50.940146	126.808429
44.493695	51.205557	127.270572
45.176623	51.467960	128.790918
45.870033	51.731059	129.262750
46.574087	52.000241	130.744084
47.288946	52.265033	131.143042
48.014778	52.528275	132.567065
48.751751	52.792028	132.962544
49.500035	53.055300	134.359444
50.259805	53.326205	134.747880
51.031236	53.593126	136.036595
51.814508	53.856523	136.384228
52.609803	54.122290	137.654940
53.417304	54.387723	137.998639
54.237199	54.661861	139.226053
55.069679	54.931039	139.469698
55.914936	55.197516	140.619536
56.773168	55.465159	140.845052
57.644572	55.732034	141.943969
58.529351	56.005583	142.104431
59.427710	56.266506	143.029359
60.339859	56.515379	143.115831
61.266007	56.755570	144.066107
62.206371	56.993772	144.214575
63.161169	57.220703	145.220052
64.130622	57.455722	145.545826
65.114954	57.701216	146.655610
66.114395	57.957359	147.024274
67.129177	58.230052	148.061111
68.159534	58.492055	148.258418
69.205706	58.755407	149.237163
70.267935	59.019712	149.428457
71.346469	59.285385	150.388153
72.441557	59.564601	150.542889
73.553453	59.829583	151.326967
74.682415	60.092320	151.460094
75.828706	60.355757	152.261957
76.992591	60.621748	152.425574
78.174341	60.902374	153.178170
79.374229	61.166030	153.173813
80.592533	61.427630	153.906958
81.829538	61.690651	153.954477
83.085529	61.956618	154.711546
84.360798	62.238187	154.726828
85.655641	62.501559	155.302415
86.970359	62.763878	155.333292
88.305256	63.035872	155.982645
89.660642	63.316174	155.925889
91.036831	63.578701	156.407845
92.434144	63.840655	156.372575
93.852904	64.103001	156.912454
95.293440	64.376019	156.923930
96.756087	64.658019	157.361738
98.241184	64.921601	157.200549
99.749075	65.183850	157.645089
101.280111	65.446188	157.558965
102.834646	65.719975	158.053128
104.413042	66.005716	157.874185
106.015664	66.268877	158.155742
107.642885	66.531587	158.008976
109.295082	66.794784	158.368286
110.972638	67.070859	158.290628
112.675943	67.360751	158.536129
114.405391	67.624086	158.232527
116.161385	67.887229	158.555411
117.944331	68.173815	158.373101
119.754644	68.457445	158.490624
121.592742	68.722888	158.149948
123.459054	68.986466	158.304958
125.354011	69.250530	158.081850
127.278054	69.539370	158.294424
129.231628	69.827014	157.867901
131.215188	70.093139	157.875585
133.229193	70.358421	157.504925
135.274111	70.623052	157.620599
137.350416	70.915485	157.327472
139.458590	71.205853	157.202079
141.599122	71.472523	156.700431
143.772508	71.739084	156.623683
145.979254	72.004258	156.248191
148.219871	72.300914	156.237697
150.494879	72.594473	155.595016
152.804806	72.861352	155.327463
155.150187	73.129075	154.720030
157.531567	73.384755	154.502233
159.949499	73.660968	153.997637
162.404543	73.935602	153.645823
164.897270	74.189653	152.953218
167.428257	74.419336	152.694867
169.998092	74.673736	152.399386
172.607371	74.949942	152.352467
175.256699	75.283834	152.191403
177.946692	75.667694	151.489309
180.677973	75.936261	150.447293
183.451176	76.255108	149.877602
186.266944	76.543496	148.662584
189.125932	76.812203	147.799736
192.028801	77.081323	146.678769
194.976227	77.349918	145.316294
197.968892	77.448687	143.938193
201.007491	77.641913	143.810455
204.092729	77.864064	142.780755
207.225322	78.046690	142.393114
210.405997	78.274954	141.718424
213.635492	78.501877	141.318802
216.914556	78.747588	140.633507
220.243949	79.003385	140.152602
223.624446	79.263629	139.359124
227.056828	79.545917	138.716693
230.541895	79.805205	137.559996
234.080453	80.043914	136.744923
237.673323	80.271931	135.680420
241.321341	80.507285	135.085023
245.025351	80.787981	134.127856
248.786214	81.070067	133.135897
252.604802	81.335678	131.665985
256.482000	81.550227	130.253950
260.418710	81.702008	128.867280
264.415843	81.872344	128.157284
268.474328	82.089803	127.234697
272.595106	82.331702	126.384522
276.779133	82.563952	125.059734
281.027381	82.767730	124.021895
285.340834	82.992583	122.757409
289.720494	83.191704	121.523632
294.167376	83.372568	120.214425
298.682514	83.542813	119.142699
303.266953	83.722804	118.127799
307.921759	83.944972	117.098577
312.648010	84.120126	115.724101
317.446805	84.289445	114.786891
322.319255	84.469948	113.719051
327.266492	84.671313	112.924793
332.289663	84.895523	111.823715
337.389935	85.118791	110.836837
342.568490	85.358828	109.611285
347.826529	85.600393	108.361686
353.165274	85.827864	106.852969
358.585963	86.058133	105.441612
364.089853	86.271642	103.596259
369.678221	86.424545	101.964684
375.352365	86.581137	100.433438
381.113600	86.739370	99.031556
386.963264	86.898895	97.569513
392.902713	87.062934	96.223421
398.933327	87.228569	94.761967
405.056503	87.395969	93.404257
411.273663	87.566414	91.923813
417.586250	87.738614	90.520693
423.995728	87.913488	88.981983
430.503584	88.091000	87.481258
437.111328	88.262042	85.775734
443.820494	88.414084	84.171021
450.632638	88.569026	82.531976
457.549340	88.725394	80.950977
464.572207	88.884973	79.268694
471.702866	89.045215	77.613442
478.942973	89.207984	75.835075
486.294207	89.372902	74.046156
493.758274	89.539904	72.072210
501.336907	89.709950	69.944474
509.031863	89.833225	67.327089
516.844927	89.851824	64.958868
524.777914	89.871836	63.008752
532.832663	89.895639	61.176081
541.011043	89.922622	59.458533
549.314952	89.953343	57.824734
557.746317	89.987744	56.253256
566.307094	90.026281	54.761945
574.999269	90.069651	53.364600
583.824859	90.143943	52.127797
592.785912	90.264106	50.710195
601.884506	90.385678	49.050630
611.122755	90.501292	47.228069
620.502799	90.612182	45.322379
630.026817	90.722730	43.208025
639.697018	90.835501	40.977692
649.515646	90.949103	37.908317
659.484978	90.838931	34.458226
669.607328	90.625778	32.104970
679.885045	90.421489	30.314102
690.320514	90.228151	28.980767
700.916155	90.045269	27.957516
711.674427	89.874131	27.283764
722.597826	89.715390	27.284618
733.688888	89.731810	27.695008
744.950184	89.808087	27.342275
756.384329	89.891099	26.945942
767.993975	89.981023	26.239951
779.781816	90.077266	25.634253
791.750587	90.180274	24.862764
803.903066	90.318865	24.278527
816.242071	90.491239	23.279628
828.770466	90.668548	22.223072
841.491157	90.848580	20.801276
854.407097	91.032115	19.401861
867.521282	91.218806	17.499809
880.836755	91.359411	15.583790
894.356605	91.492638	13.504482
908.083970	91.606408	11.378174
922.022035	91.678579	9.072459
936.174033	91.734402	7.045535
950.543248	91.786454	4.869393
965.133014	91.834125	2.870711
979.946717	91.876379	0.645358
994.987794	91.911955	-1.414376
1010.259734	91.940103	-3.803697
1025.766081	91.925099	-6.038459
1041.510433	91.890525	-8.279736
1057.496443	91.855878	-10.221485
1073.727820	91.821064	-12.305991
1090.208331	91.789311	-14.112219
1106.941799	91.773204	-16.145883
1123.932106	91.752247	-18.068296
1141.183196	91.727345	-20.208197
1158.699071	91.700180	-22.205406
1176.483794	91.668146	-24.442309
1194.541493	91.645323	-26.648871
1212.876357	91.570291	-29.389543
1231.492641	91.425911	-31.713584
1250.394663	91.265390	-33.984801
1269.586811	91.102406	-35.851593
1289.073536	90.936920	-37.852126
1308.859360	90.768894	-39.500005
1328.948875	90.598289	-41.319044
1349.346741	90.425065	-42.787306
1370.057691	90.249183	-44.439082
1391.086530	90.070601	-45.726114
1412.438139	89.889278	-47.192079
1434.117471	89.705172	-48.260182
1456.129556	89.518240	-49.469209
1478.479502	89.328439	-50.171031
1501.172494	89.157946	-50.767121
1524.213798	89.074554	-50.823000
1547.608761	89.064348	-51.494477
1571.362809	89.068698	-52.189306
1595.481455	89.073116	-53.402835
1619.970296	89.077601	-54.429009
1644.835012	89.082155	-55.912954
1670.081374	89.086778	-57.174952
1695.715238	89.091473	-58.904631
1721.742554	89.096239	-60.421279
1748.169360	89.101079	-62.462522
1775.001787	89.105993	-64.403398
1802.246062	89.080490	-67.157927
1829.908506	88.956798	-69.777218
1857.995537	88.748703	-72.447386
1886.513672	88.520662	-74.353333
1915.469528	88.289120	-76.433546
1944.869824	88.054024	-77.966963
1974.721382	87.815320	-79.769336
2005.031127	87.572951	-81.047487
2035.806093	87.326863	-82.613287
2067.053419	87.076997	-83.624626
2098.780357	86.829699	-84.866722
2130.994268	86.603832	-85.523561
2163.702626	86.400467	-86.612589
2196.913020	86.199956	-87.297296
2230.633156	85.996368	-88.395578
2264.870858	85.789654	-88.981546
2299.634071	85.579767	-89.927833
2334.930859	85.366659	-90.270686
2370.769413	85.150281	-90.819907
2407.158049	84.972993	-90.393587
2444.105209	84.920834	-90.303968
2481.619467	84.954252	-90.277929
2519.709526	85.001552	-91.245854
2558.384224	85.049578	-92.087409
2597.652535	85.098341	-93.759980
2637.523571	85.147852	-95.341732
2678.006582	85.189212	-98.075511
2719.110962	85.121370	-101.277322
2760.846247	84.803758	-105.032783
2803.222122	84.356621	-107.124000
2846.248419	83.902622	-108.940489
2889.935121	83.441654	-109.620711
2934.292365	82.973610	-110.242078
2979.330442	82.498383	-109.269352
3025.059803	82.198773	-107.358702
3071.491058	82.248316	-105.085699
3118.634980	82.422179	-104.939649
3166.502508	82.598709	-105.084009
3215.104749	82.777950	-106.577238
3264.452980	82.959942	-108.282730
3314.558650	83.050802	-111.866952
3365.433386	82.907506	-115.185507
3417.088991	82.623376	-118.435288
3469.537452	82.316272	-120.479686
3522.790937	82.004455	-122.966078
3576.861804	81.683946	-124.826140
3631.762597	81.286327	-127.558811
3687.506055	80.761912	-129.201523
3744.105113	80.179056	-130.675122
3801.572902	79.587255	-130.673758
3859.922757	78.986369	-130.431976
3919.168216	78.498637	-128.065448
3979.323027	78.288645	-126.102061
4040.401145	78.239030	-124.375369
4102.416744	78.208027	-124.170220
4165.384213	78.175683	-123.646567
4229.318161	78.126072	-124.259443
4294.233423	78.038861	-124.219738
4360.145061	77.931801	-124.863064
4427.068369	77.823098	-124.435610
4495.018873	77.770978	-124.180783
4564.012342	77.974911	-122.737258
4634.064782	78.463974	-123.856116
4705.192448	79.023684	-126.458015
4777.411843	79.591987	-133.483255
4850.739725	79.509437	-143.690295
4925.193107	78.551227	-153.334738
5000.789264	77.334888	-158.899400
5077.545738	76.032203	-164.420953
5155.480336	74.291147	-168.724876
5234.611143	71.902954	-170.040268
5314.956518	69.259424	-163.626625
5396.535104	66.845725	-148.165064
5479.365829	66.405850	-122.996231
5563.467912	68.186422	-106.350333
5648.860868	70.172416	-99.481383
5735.564509	71.908127	-99.747116
5823.598953	72.965558	-102.854162
5912.984627	73.662153	-106.576633
6003.742269	74.191279	-111.246744
6095.892940	74.118057	-117.814999
6189.458019	73.502788	-120.931640
6284.459216	72.768428	-120.560949
6380.918575	72.579298	-115.563393
6478.858476	73.112350	-113.372713
6578.301643	73.695818	-113.996287
6679.271152	74.040945	-117.582541
6781.790428	74.103179	-120.525251
6885.883260	74.052636	-124.274071
6991.573799	73.839831	-127.301302
7098.886568	73.439052	-130.813286
7207.846468	72.923835	-132.721601
7318.478779	72.205866	-135.010548
7430.809171	71.299918	-134.025977
7544.863709	70.507143	-131.096568
7660.668854	70.124954	-125.794097
7778.251478	69.931465	-122.542258
7897.638862	69.679467	-117.933894
8018.858708	69.359550	-112.434598
8141.939142	69.520113	-101.139357
8266.908722	70.975043	-91.701593
8393.796444	73.043520	-88.639761
8522.631749	74.724194	-92.830440
8653.444531	75.903580	-96.864395
8786.265141	77.030879	-102.306949
8921.124398	78.173769	-108.310506
9058.053593	79.097170	-118.480474
9197.084496	79.447522	-128.158237
9338.249366	79.591398	-136.890090
9481.580958	80.037957	-144.537166
9627.112528	80.383078	-157.693745
9774.877844	79.955404	-171.137046
9924.911191	78.986510	-183.437908
10077.247380	78.043849	-192.427582
10231.921757	76.894077	-205.865433
10388.970212	74.180668	-216.222203
10548.429184	71.184867	-211.548821
10710.335671	70.915550	-200.123562
10874.727239	71.480987	-206.146643
11041.642033	70.077712	-214.066631
11211.118781	68.496603	-213.244596
11383.196805	68.149573	-211.116870
11557.916033	67.789199	-217.120382
11735.317004	66.803141	-223.801130
11915.440880	65.154805	-233.489215
12098.329454	62.008758	-240.390255
12284.025162	57.587913	-231.725771
12472.571089	55.994224	-203.568128
12664.010983	57.398610	-190.766261
12858.389263	57.853325	-190.602094
13055.751031	57.315061	-192.209135
13256.142079	55.881625	-194.062950
13459.608904	52.423088	-184.631633
13666.198715	51.785630	-147.397714
13875.959447	56.252603	-128.267442
14088.939769	59.940586	-140.415905
14305.189099	59.340219	-160.784963
14524.757612	57.390419	-154.878869
14747.696254	58.740301	-147.106269
14974.056752	60.243462	-155.131935
15203.891629	60.149458	-170.443897
15437.254212	58.801882	-185.188966
15674.198647	54.388932	-204.168318
15914.779912	46.050994	-178.035835
16159.053828	46.497580	-106.549727
16407.077073	54.659704	-84.495204
16658.907195	59.059107	-99.703294
16914.602625	61.506675	-116.103440
17174.222692	61.831542	-137.852174
17437.827634	60.791832	-149.565533
17705.478614	59.891446	-157.321892
17977.237735	58.834366	-164.602797
18253.168051	57.299173	-170.614020
18533.333587	54.921194	-174.519873
18817.799347	52.508032	-165.450803
19106.631336	50.846626	-161.513556
19399.896571	47.297005	-142.809489
19697.663095	44.554777	-107.423922
20000.000000	47.830463	-14.667986