* FRD data written by MATAA on 05-Jan-2019 10:25:28
* Monkey Coffin 20181219, spliced SPL curve, VM752 (no filter), 1 m from baffle, horizontal angle = -15 deg.
10.000000	24.968766	-557.963018
10.153489	25.232059	-356.838981
10.309333	25.495896	-353.102794
10.467570	25.759854	-285.308608
10.628235	26.023826	-282.039589
10.791367	26.288024	-240.950796
10.957002	26.551369	-237.987342
11.125180	26.815068	-208.352564
11.295939	27.078700	-205.613512
11.469319	27.342868	-182.354481
11.645360	27.606779	-179.801925
11.824103	27.870538	-160.612829
12.005589	28.133818	-158.213132
12.189862	28.397258	-141.843160
12.376962	28.661417	-139.570772
12.566935	28.925816	-125.287544
12.759823	29.188287	-123.135201
12.955672	29.453020	-110.437868
13.154527	29.715940	-108.396295
13.356434	29.979748	-96.957028
13.561440	30.245132	-95.009589
13.769593	30.507776	-84.617607
13.980941	30.771459	-82.745287
14.195532	31.035289	-73.205128
14.413418	31.298922	-71.415937
14.634647	31.562142	-62.597081
14.859273	31.826173	-60.876155
15.087346	32.089849	-52.680145
15.318920	32.353550	-51.028064
15.554048	32.616962	-43.368733
15.792785	32.880883	-41.776568
16.035186	33.144737	-34.591287
16.281308	33.408219	-33.059412
16.531208	33.672101	-26.287880
16.784943	33.936454	-24.812024
17.042573	34.200349	-18.420947
17.304158	34.463366	-16.998179
17.569757	34.727282	-10.934123
17.839433	34.990960	-9.564036
18.113248	35.253928	-3.801253
18.391266	35.518780	-2.471639
18.673551	35.782320	3.004946
18.960169	36.045700	4.288856
19.251186	36.309043	9.521343
19.546670	36.573611	10.767687
19.846690	36.838450	15.759620
20.151314	37.101634	16.952660
20.460614	37.364727	21.737620
20.774661	37.628139	22.899214
21.093529	37.891687	27.491669
21.417291	38.156932	28.615805
21.746022	38.420542	33.008016
22.079799	38.683239	34.096710
22.418699	38.946767	38.331721
22.762800	39.211107	39.392329
23.112184	39.477040	43.458736
23.466930	39.740295	44.463597
23.827121	40.003012	48.386163
24.192840	40.266780	49.372804
24.564173	40.530579	53.158522
24.941205	40.796512	54.108185
25.324024	41.058732	57.741518
25.712720	41.322110	58.677670
26.107381	41.587222	62.198170
26.508100	41.852599	63.089666
26.914969	42.116450	66.475698
27.328084	42.379660	67.340197
27.747539	42.642685	70.623252
28.173432	42.906879	71.473914
28.605863	43.173113	74.644372
29.044930	43.436654	75.445333
29.490737	43.700128	78.515278
29.943387	43.963018	79.301720
30.402984	44.227478	82.288809
30.869636	44.494349	83.047145
31.343450	44.758864	85.908110
31.824536	45.020850	86.639455
32.313007	45.284656	89.438130
32.808975	45.549546	90.156177
33.312556	45.816313	92.859926
33.823866	46.080927	93.529152
34.343024	46.343827	96.153168
34.870151	46.609867	96.822228
35.405368	46.875668	99.353789
35.948801	47.140274	99.986419
36.500574	47.404622	102.442876
37.060817	47.668051	103.064193
37.629659	47.934891	105.462933
38.207232	48.201341	106.042885
38.793669	48.465697	108.353199
39.389109	48.730180	108.919584
39.993687	48.993850	111.175959
40.607545	49.261658	111.739032
41.230825	49.529086	113.903700
41.863671	49.793977	114.423826
42.506232	50.058665	116.530680
43.158654	50.322181	117.052136
43.821091	50.591256	119.121170
44.493695	50.859831	119.593249
45.176623	51.124972	121.571206
45.870033	51.390181	122.055624
46.574087	51.662543	123.993137
47.288946	51.930374	124.402416
48.014778	52.195726	126.271080
48.751751	52.462289	126.688251
49.500035	52.728726	128.523924
50.259805	53.002797	128.934237
51.031236	53.272882	130.653173
51.814508	53.539445	131.026022
52.609803	53.808378	132.720105
53.417304	54.077005	133.095582
54.237199	54.355276	134.740458
55.069679	54.627758	135.014420
55.914936	54.898258	136.576240
56.773168	55.169314	136.835022
57.644572	55.440407	138.342522
58.529351	55.718175	138.538060
59.427710	55.983317	139.861458
60.339859	56.235942	139.985835
61.266007	56.480342	141.333938
62.206371	56.723241	141.523987
63.161169	56.954392	142.918980
64.130622	57.194317	143.291518
65.114954	57.444345	144.784199
66.114395	57.705504	145.204663
67.129177	57.983473	146.619153
68.159534	58.250752	146.868569
69.205706	58.519380	148.218810
70.267935	58.788976	148.467411
71.346469	59.060905	149.794097
72.441557	59.345393	150.001876
73.553453	59.615829	151.151768
74.682415	59.884658	151.344464
75.828706	60.153659	152.505412
76.992591	60.425977	152.735412
78.174341	60.712932	153.842310
79.374229	60.983371	153.907025
80.592533	61.251846	154.986585
81.829538	61.521195	155.105705
83.085529	61.794730	156.209359
84.360798	62.083391	156.295710
85.655641	62.354551	157.211224
86.970359	62.623741	157.312468
88.305256	62.902904	158.303075
89.660642	63.191487	158.326346
91.036831	63.462455	159.137481
92.434144	63.731850	159.180546
93.852904	64.002632	160.051958
95.293440	64.284199	160.145944
96.756087	64.575354	160.905938
98.241184	64.846764	160.826806
99.749075	65.118226	161.596923
101.280111	65.389332	161.596279
102.834646	65.673000	162.414102
104.413042	65.968848	162.318810
106.015664	66.241503	162.912623
107.642885	66.513707	162.855359
109.295082	66.787004	163.528389
110.972638	67.073627	163.542132
112.675943	67.374068	164.094045
114.405391	67.647951	163.882407
116.161385	67.921648	164.510289
117.944331	68.219665	164.423691
119.754644	68.513963	164.838662
121.592742	68.790951	164.602408
123.459054	69.067083	165.048222
125.354011	69.341896	164.923214
127.278054	69.643388	165.432759
129.231628	69.943478	165.100809
131.215188	70.221203	165.395234
133.229193	70.498404	165.130324
135.274111	70.776069	165.535888
137.350416	71.081783	165.346067
139.458590	71.385291	165.503363
141.599122	71.665673	165.106297
143.772508	71.945356	165.306383
145.979254	72.224483	165.041237
148.219871	72.535205	165.301842
150.494879	72.842480	164.769646
152.804806	73.123885	164.772372
155.150187	73.405514	164.277404
157.531567	73.676758	164.330837
159.949499	73.967820	163.932349
162.404543	74.257254	163.848620
164.897270	74.527036	163.266938
167.428257	74.771763	163.271326
169.998092	75.042645	163.089396
172.607371	75.333865	163.296301
175.256699	75.683884	163.257086
177.946692	76.084258	162.806971
180.677973	76.369061	161.884123
183.451176	76.704786	161.566108
186.266944	77.010051	160.469638
189.125932	77.295635	159.855801
192.028801	77.582266	158.857807
194.976227	77.868794	157.740325
197.968892	77.985501	156.480171
201.007491	78.195864	156.594356
204.092729	78.436601	155.691004
207.225322	78.637314	155.538247
210.405997	78.883517	154.991706
213.635492	79.129413	154.833695
216.914556	79.395008	154.272705
220.243949	79.668988	154.023623
223.624446	79.949271	153.365953
227.056828	80.251596	152.950068
230.541895	80.530630	151.923786
234.080453	80.789015	151.338422
237.673323	81.038129	150.410807
241.321341	81.294122	150.037535
245.025351	81.595881	149.219030
248.786214	81.899552	148.447591
252.604802	82.186262	147.114467
256.482000	82.422588	145.927864
260.418710	82.597256	144.679049
264.415843	82.789228	144.187877
268.474328	83.030310	143.412502
272.595106	83.295581	142.776001
276.779133	83.551995	141.594590
281.027381	83.779044	140.765570
285.340834	84.028145	139.651131
289.720494	84.251639	138.627249
294.167376	84.457813	137.470723
298.682514	84.653368	136.605104
303.266953	84.859226	135.747315
307.921759	85.108483	134.923260
312.648010	85.310394	133.701441
317.446805	85.507136	132.968198
322.319255	85.715561	132.056389
327.266492	85.945405	131.462103
332.289663	86.198097	130.519326
337.389935	86.451176	129.735385
342.568490	86.721810	128.667426
347.826529	86.993971	127.612892
353.165274	87.252866	126.266501
358.585963	87.515669	125.047846
364.089853	87.761890	123.361999
369.678221	87.948495	121.919664
375.352365	88.138884	120.547558
381.113600	88.332119	119.337219
386.963264	88.528397	118.033737
392.902713	88.728501	116.865376
398.933327	88.931581	115.567833
405.056503	89.137680	114.384462
411.273663	89.346846	113.063158
417.586250	89.559556	111.835278
423.995728	89.776051	110.451959
430.503584	89.995757	109.116027
437.111328	90.210186	107.564158
443.820494	90.406536	106.118244
450.632638	90.607197	104.629487
457.549340	90.809983	103.197703
464.572207	91.016799	101.663910
471.702866	91.226262	100.158597
478.942973	91.439548	98.521172
486.294207	91.655114	96.877927
493.758274	91.874849	95.054213
501.336907	92.098758	93.108456
509.031863	92.291135	90.678510
516.844927	92.379976	88.412710
524.777914	92.473184	86.575879
532.832663	92.572527	84.789957
541.011043	92.676225	83.122914
549.314952	92.785200	81.480975
557.746317	92.900091	79.908489
566.307094	93.021192	78.342747
574.999269	93.148181	76.873536
583.824859	93.308706	75.483633
592.785912	93.516936	73.893856
601.884506	93.725495	71.927676
611.122755	93.915674	69.768922
620.502799	94.091075	67.484351
630.026817	94.262360	65.034222
639.697018	94.432346	62.404139
649.515646	94.599489	58.966015
659.484978	94.538213	55.074062
669.607328	94.369445	52.321592
679.885045	94.205840	50.053631
690.320514	94.047163	48.283799
700.916155	93.894129	46.751410
711.674427	93.746702	45.615235
722.597826	93.605724	45.080802
733.688888	93.633120	45.014199
744.950184	93.714115	44.115695
756.384329	93.795186	43.239424
767.993975	93.875755	41.984013
779.781816	93.955528	40.909950
791.750587	94.034228	39.601670
803.903066	94.140605	38.578610
816.242071	94.273184	37.077550
828.770466	94.401827	35.632513
841.491157	94.526229	33.772466
854.407097	94.645089	32.059893
867.521282	94.759083	29.817299
880.836755	94.819353	27.717808
894.356605	94.864206	25.473752
908.083970	94.895860	23.431701
922.022035	94.904048	21.154734
936.174033	94.900672	19.221587
950.543248	94.891303	17.044349
965.133014	94.875691	15.175088
979.946717	94.853927	13.011618
994.987794	94.825700	11.159569
1010.259734	94.790471	8.909481
1025.766081	94.713803	6.970540
1041.510433	94.619904	4.951517
1057.496443	94.529111	3.389954
1073.727820	94.441659	1.602753
1090.208331	94.361613	0.252123
1106.941799	94.301630	-1.422098
1123.932106	94.241330	-2.828447
1141.183196	94.181466	-4.559406
1158.699071	94.123230	-5.986539
1176.483794	94.063174	-7.763001
1194.541493	94.014258	-9.290240
1212.876357	93.934410	-11.399869
1231.492641	93.809083	-13.020007
1250.394663	93.672798	-14.829519
1269.586811	93.534421	-16.135081
1289.073536	93.393920	-17.752313
1308.859360	93.251263	-18.884773
1328.948875	93.106415	-20.355393
1349.346741	92.959345	-21.327896
1370.057691	92.810017	-22.646952
1391.086530	92.658398	-23.441298
1412.438139	92.504451	-24.573915
1434.117471	92.348141	-25.133850
1456.129556	92.189432	-25.983705
1478.479502	92.028287	-26.117559
1501.172494	91.892991	-26.228786
1524.213798	91.869971	-25.579464
1547.608761	91.941510	-25.830359
1571.362809	92.032899	-26.038093
1595.481455	92.125691	-27.027989
1619.970296	92.219907	-27.707513
1644.835012	92.315569	-29.100214
1670.081374	92.412700	-30.144031
1695.715238	92.511322	-31.928944
1721.742554	92.611457	-33.392605
1748.169360	92.713129	-35.704371
1775.001787	92.816362	-37.909107
1802.246062	92.864943	-41.493999
1829.908506	92.733906	-44.911821
1857.995537	92.448701	-48.300568
1886.513672	92.128219	-50.365526
1915.469528	91.802820	-52.626028
1944.869824	91.472425	-53.967109
1974.721382	91.136959	-55.676691
2005.031127	90.796345	-56.514841
2035.806093	90.450502	-57.761774
2067.053419	90.099351	-58.111228
2098.780357	89.746867	-58.836685
2130.994268	89.404963	-58.615784
2163.702626	89.074269	-58.881404
2196.913020	88.742286	-58.260066
2230.633156	88.405208	-58.065053
2264.870858	88.062957	-56.810426
2299.634071	87.715452	-55.823630
2334.930859	87.362613	-53.474164
2370.769413	87.004358	-50.761746
2407.158049	86.808424	-45.234836
2444.105209	87.115359	-39.812552
2481.619467	87.768783	-35.678110
2519.709526	88.485133	-34.165015
2558.384224	89.212479	-33.121115
2597.652535	89.950989	-33.873100
2637.523571	90.700833	-34.961354
2678.006582	91.446896	-38.315156
2719.110962	92.015930	-42.942022
2760.846247	92.166878	-48.821568
2803.222122	92.106244	-52.372094
2846.248419	92.044680	-55.852397
2889.935121	91.982170	-58.103469
2934.292365	91.918701	-60.956309
2979.330442	91.854258	-62.784515
3025.059803	91.777892	-65.414184
3071.491058	91.679205	-66.986714
3118.634980	91.571619	-69.232129
3166.502508	91.462381	-70.361712
3215.104749	91.351467	-72.202808
3264.452980	91.238850	-72.776264
3314.558650	91.174194	-73.758111
3365.433386	91.233161	-73.677711
3417.088991	91.366378	-75.062647
3469.537452	91.511485	-75.863991
3522.790937	91.658819	-77.914130
3576.861804	91.809755	-79.101446
3631.762597	91.987778	-81.421656
3687.506055	92.209946	-83.039409
3744.105113	92.452815	-86.236658
3801.572902	92.699412	-88.930652
3859.922757	92.949794	-93.510617
3919.168216	93.095109	-98.246403
3979.323027	92.988810	-104.406561
4040.401145	92.735281	-108.651179
4102.416744	92.460619	-113.461083
4165.384213	92.179738	-117.008111
4229.318161	91.855738	-121.832249
4294.233423	91.441520	-125.386936
4360.145061	90.978111	-129.706522
4427.068369	90.507590	-132.766271
4495.018873	89.970169	-137.491951
4564.012342	89.161355	-141.229770
4634.064782	88.051219	-144.281234
4705.192448	86.859356	-143.597964
4777.411843	85.649199	-140.147070
4850.739725	85.228534	-130.926326
4925.193107	85.872664	-125.493901
5000.789264	86.824903	-124.090949
5077.545738	87.703572	-128.634994
5155.480336	88.050562	-135.890000
5234.611143	87.594447	-144.169325
5314.956518	86.846380	-147.950909
5396.535104	86.104972	-151.158680
5479.365829	85.487087	-151.570066
5563.467912	85.009134	-153.428350
5648.860868	84.536977	-153.971650
5735.564509	84.061159	-155.900201
5823.598953	83.587041	-156.185551
5912.984627	83.110461	-157.908000
6003.742269	82.630913	-157.907651
6095.892940	82.158897	-159.325564
6189.458019	81.692832	-159.065633
6284.459216	81.225368	-160.076918
6380.918575	80.889532	-159.154877
6478.858476	80.729392	-161.043756
6578.301643	80.526151	-164.325892
6679.271152	79.587707	-171.720109
6781.790428	77.781715	-173.651664
6885.883260	75.836437	-170.695214
6991.573799	74.405717	-160.819787
7098.886568	73.575735	-151.152106
7207.846468	73.246286	-137.308272
7318.478779	74.106857	-124.654282
7430.809171	76.066018	-117.625602
7544.863709	77.664182	-123.597407
7660.668854	77.771584	-130.312083
7778.251478	77.177523	-133.579013
7897.638862	76.734067	-131.106852
8018.858708	76.468008	-128.890214
8141.939142	76.572590	-122.251656
8266.908722	77.498811	-118.566734
8393.796444	78.761238	-118.689221
8522.631749	79.489027	-125.536460
8653.444531	79.578274	-129.744456
8786.265141	79.531237	-134.484739
8921.124398	79.413436	-136.522164
9058.053593	79.251274	-140.199475
9197.084496	79.024506	-141.075574
9338.249366	78.858882	-142.933796
9481.580958	78.990917	-142.724118
9627.112528	79.128092	-147.542078
9774.877844	78.799305	-150.720787
9924.911191	78.215020	-153.579593
10077.247380	77.905778	-151.704237
10231.921757	77.956813	-152.553401
10388.970212	78.452335	-153.318545
10548.429184	78.544857	-165.215165
10710.335671	76.212466	-172.282715
10874.727239	73.909647	-159.508501
11041.642033	75.288987	-140.924968
11211.118781	77.581558	-144.305335
11383.196805	78.443240	-151.539691
11557.916033	78.662745	-160.889150
11735.317004	78.517741	-167.294833
11915.440880	77.894842	-175.797931
12098.329454	77.147960	-177.862892
12284.025162	76.679121	-183.325329
12472.571089	75.714443	-186.818795
12664.010983	74.389267	-188.215836
12858.389263	73.813188	-182.568452
13055.751031	73.859782	-183.120692
13256.142079	73.749475	-184.716937
13459.608904	72.725455	-188.749140
13666.198715	72.040694	-181.280836
13875.959447	72.656603	-179.333472
14088.939769	73.525903	-181.178216
14305.189099	73.710223	-193.157243
14524.757612	72.723940	-202.514912
14747.696254	70.379126	-212.611648
14974.056752	67.188013	-204.337280
15203.891629	66.026389	-186.496971
15437.254212	67.223481	-171.823544
15674.198647	68.207286	-170.775018
15914.779912	69.218152	-166.604872
16159.053828	70.053135	-171.854691
16407.077073	70.517993	-172.590493
16658.907195	70.822551	-179.666957
16914.602625	70.840968	-181.359060
17174.222692	70.696810	-188.037178
17437.827634	70.496411	-187.716001
17705.478614	70.550040	-192.713151
17977.237735	70.742634	-194.290596
18253.168051	70.665835	-203.725877
18533.333587	70.191312	-209.425887
18817.799347	68.552860	-218.902441
19106.631336	66.781868	-212.180515
19399.896571	66.561403	-205.499744
19697.663095	66.686248	-204.384347
20000.000000	65.656064	-187.418295