* FRD data written by MATAA on 05-Jan-2019 10:25:28
* Monkey Coffin 20181219, spliced SPL curve, SCANR2904WG148 (no filter), 1 m from baffle, horizontal angle = -45 deg.
10.000000	18.509683	-661.597379
10.153489	18.775791	-439.225760
10.309333	19.037988	-436.909205
10.467570	19.303098	-359.782046
10.628235	19.570134	-357.806630
10.791367	19.821473	-310.097373
10.957002	20.094770	-308.189490
11.125180	20.356670	-273.332157
11.295939	20.619868	-271.559295
11.469319	20.885487	-243.881913
11.645360	21.142853	-242.226836
11.824103	21.409738	-219.134866
12.005589	21.671569	-217.588601
12.189862	21.937299	-197.739420
12.376962	22.204143	-196.312382
12.566935	22.454186	-178.892542
12.759823	22.726730	-177.412817
12.955672	22.988443	-161.938173
13.154527	23.251307	-160.533631
13.356434	23.516119	-146.538417
13.561440	23.774104	-145.206686
13.769593	24.039487	-132.388737
13.980941	24.301295	-131.123411
14.195532	24.567561	-119.316429
14.413418	24.834304	-118.159916
14.634647	25.082679	-107.236914
14.859273	25.354077	-105.994734
15.087346	25.615408	-95.886721
15.318920	25.877774	-94.705613
15.554048	26.142531	-85.236423
15.792785	26.399525	-84.117729
16.035186	26.664533	-75.171922
16.281308	26.925334	-74.107556
16.531208	27.191679	-65.653262
16.784943	27.459142	-64.702431
17.042573	27.702972	-56.731845
17.304158	27.974050	-55.651179
17.569757	28.234454	-48.162099
17.839433	28.494693	-47.143357
18.113248	28.758134	-40.001900
18.391266	29.014011	-39.036549
18.673551	29.277368	-32.187720
18.960169	29.536327	-31.259850
19.251186	29.804344	-24.693073
19.546670	30.073485	-23.914811
19.846690	30.309066	-17.697507
20.151314	30.576623	-16.716318
20.460614	30.834059	-10.816000
20.774661	31.091637	-9.887991
21.093529	31.352030	-4.213357
21.417291	31.606669	-3.272541
21.746022	31.889994	2.158131
22.079799	32.128951	2.825007
22.418699	32.370528	8.203698
22.762800	32.632013	9.040858
23.112184	32.879730	14.122423
23.466930	33.134803	14.991571
23.827121	33.381457	19.870743
24.192840	33.628294	20.835230
24.564173	33.877120	25.569539
24.941205	34.121096	26.925508
25.324024	34.513875	31.434228
25.712720	34.701953	31.493677
26.107381	34.898835	36.582213
26.508100	35.205931	37.746753
26.914969	35.537574	42.370674
27.328084	35.903428	42.896041
27.747539	36.171966	46.640610
28.173432	36.480894	47.554719
28.605863	36.823561	50.683600
29.044930	36.948259	51.274770
29.490737	37.336553	55.610032
29.943387	37.589405	55.260134
30.402984	37.836284	59.284697
30.869636	38.110160	59.113040
31.343450	38.248785	63.076667
31.824536	38.605596	63.974159
32.313007	38.858812	66.949887
32.808975	39.108915	67.662749
33.312556	39.381483	70.617907
33.823866	39.546202	71.359437
34.343024	39.884925	75.032520
34.870151	40.139267	75.088385
35.405368	40.392004	78.528112
35.948801	40.677883	78.818810
36.500574	40.927102	81.880569
37.060817	41.188217	82.260564
37.629659	41.444129	85.246795
38.207232	41.700252	85.627572
38.793669	41.954411	88.482317
39.389109	42.184179	88.962182
39.993687	42.472107	91.979420
40.607545	42.733036	92.177909
41.230825	42.988674	95.021683
41.863671	43.249662	95.300321
42.506232	43.503915	98.045292
43.158654	43.766183	98.350701
43.821091	44.022261	100.986453
44.493695	44.280013	101.304597
45.176623	44.542118	103.872830
45.870033	44.796611	104.156168
46.574087	45.061819	106.689244
47.288946	45.320152	106.900828
48.014778	45.578565	109.361961
48.751751	45.834831	109.511317
49.500035	46.065567	111.991054
50.259805	46.348814	112.388248
51.031236	46.613090	114.593850
51.814508	46.874260	114.879765
52.609803	47.140122	117.060974
53.417304	47.395740	117.291590
54.237199	47.658876	119.464727
55.069679	47.919325	119.675572
55.914936	48.180906	121.786990
56.773168	48.443486	121.991707
57.644572	48.705629	124.038833
58.529351	48.969848	124.237755
59.427710	49.234725	126.219078
60.339859	49.500179	126.396953
61.266007	49.766966	128.316742
62.206371	50.035051	128.476475
63.161169	50.306176	130.328258
64.130622	50.578604	130.447283
65.114954	50.854114	132.211446
66.114395	51.133224	132.266171
67.129177	51.415305	133.877189
68.159534	51.696041	133.763587
69.205706	51.966969	135.103695
70.267935	52.213065	134.761371
71.346469	52.422556	135.927750
72.441557	52.582228	135.766299
73.553453	52.746474	137.537542
74.682415	52.946095	137.966446
75.828706	53.176307	139.904546
76.992591	53.428230	140.305024
78.174341	53.691978	142.074942
79.374229	53.960374	142.326359
80.592533	54.229995	143.939364
81.829538	54.500019	144.105969
83.085529	54.770419	145.619884
84.360798	55.040259	145.733456
85.655641	55.310106	147.173364
86.970359	55.579861	147.253707
88.305256	55.849722	148.630799
89.660642	56.119977	148.684123
91.036831	56.390328	149.997279
92.434144	56.659413	150.021691
93.852904	56.929134	151.291480
95.293440	57.200244	151.297568
96.756087	57.470275	152.507251
98.241184	57.741529	152.496316
99.749075	58.012752	153.653282
101.280111	58.284299	153.619545
102.834646	58.556214	154.728802
104.413042	58.829561	154.674359
106.015664	59.102824	155.721528
107.642885	59.375340	155.638499
109.295082	59.648582	156.641011
110.972638	59.922550	156.537706
112.675943	60.197199	157.484665
114.405391	60.471994	157.348305
116.161385	60.745748	158.235491
117.944331	61.019848	158.082036
119.754644	61.295358	158.920737
121.592742	61.570404	158.731626
123.459054	61.845450	159.510740
125.354011	62.119863	159.292289
127.278054	62.394481	160.019546
129.231628	62.669101	159.772576
131.215188	62.943577	160.443736
133.229193	63.218439	160.161920
135.274111	63.491238	160.768843
137.350416	63.764510	160.462170
139.458590	64.037010	161.012816
141.599122	64.309128	160.671574
143.772508	64.580205	161.161424
145.979254	64.849748	160.785323
148.219871	65.118350	161.224443
150.494879	65.386540	160.820116
152.804806	65.653265	161.200277
155.150187	65.919056	160.762155
157.531567	66.182632	161.081277
159.949499	66.444010	160.615678
162.404543	66.704931	160.889351
164.897270	66.963328	160.389644
167.428257	67.219772	160.612989
169.998092	67.474658	160.087340
172.607371	67.726010	160.258358
175.256699	67.975763	159.719062
177.946692	68.223915	159.849880
180.677973	68.469339	159.283856
183.451176	68.711688	159.372287
186.266944	68.951700	158.795783
189.125932	69.189340	158.851013
192.028801	69.424351	158.264170
194.976227	69.657377	158.287174
197.968892	69.886389	157.686651
201.007491	70.112784	157.692471
204.092729	70.337755	157.096556
207.225322	70.558832	157.078169
210.405997	70.778521	156.489798
213.635492	70.994207	156.457275
216.914556	71.208954	155.889301
220.243949	71.421686	155.849282
223.624446	71.631700	155.291082
227.056828	71.839742	155.254254
230.541895	72.046403	154.723775
234.080453	72.251927	154.694558
237.673323	72.456534	154.190810
241.321341	72.660020	154.168620
245.025351	72.862497	153.696547
248.786214	73.064806	153.692550
252.604802	73.266680	153.258254
256.482000	73.469228	153.278887
260.418710	73.672106	152.884289
264.415843	73.875279	152.933036
268.474328	74.079321	152.591612
272.595106	74.284846	152.692294
276.779133	74.492956	152.418137
281.027381	74.700923	152.589089
285.340834	74.910500	152.444928
289.720494	75.121679	152.824865
294.167376	75.334265	153.220094
298.682514	75.727746	154.692219
303.266953	76.341264	153.654976
307.921759	76.561296	151.699401
312.648010	76.729862	151.279386
317.446805	76.928781	151.302138
322.319255	77.330095	152.261197
327.266492	77.957280	150.760471
332.289663	78.171498	148.233833
337.389935	78.384352	147.279633
342.568490	78.599945	145.940787
347.826529	78.813145	145.080721
353.165274	79.036645	144.216057
358.585963	79.360148	143.262656
364.089853	79.573812	141.418727
369.678221	79.769161	140.349121
375.352365	79.950387	138.730043
381.113600	80.112413	137.760116
386.963264	80.297286	136.049217
392.902713	80.337067	134.873096
398.933327	80.453384	134.282084
405.056503	80.616965	133.555120
411.273663	80.766842	132.626559
417.586250	80.931081	131.875072
423.995728	81.093872	130.606070
430.503584	81.142145	129.544626
437.111328	81.191107	129.289418
443.820494	81.364969	129.413524
450.632638	81.608458	128.796304
457.549340	81.782602	127.948719
464.572207	81.948566	127.234843
471.702866	82.113698	126.574292
478.942973	82.278678	125.909780
486.294207	82.452183	125.524578
493.758274	82.716223	124.869238
501.336907	82.911546	123.595505
509.031863	83.059108	122.680979
516.844927	83.211881	121.810958
524.777914	83.370722	121.101109
532.832663	83.534672	120.307410
541.011043	83.705092	119.642919
549.314952	83.880443	118.853868
557.746317	84.062141	118.192129
566.307094	84.250295	117.369356
574.999269	84.443725	116.664454
583.824859	84.643098	115.766102
592.785912	84.848966	114.993970
601.884506	85.067289	113.924526
611.122755	85.268058	112.861661
620.502799	85.451186	111.647792
630.026817	85.633145	110.644260
639.697018	85.816815	109.432212
649.515646	86.000398	108.381509
659.484978	86.183634	107.082604
669.607328	86.366504	105.938163
679.885045	86.549254	104.499208
690.320514	86.730842	103.095504
700.916155	86.863073	101.265328
711.674427	86.952510	99.906181
722.597826	87.042750	98.456127
733.688888	87.133417	97.353503
744.950184	87.224734	96.012472
756.384329	87.316285	95.007604
767.993975	87.407718	93.707886
779.781816	87.500011	92.755489
791.750587	87.592626	91.384940
803.903066	87.651326	90.357640
816.242071	87.702501	89.194535
828.770466	87.757048	88.473687
841.491157	87.815697	87.500418
854.407097	87.879301	86.955192
867.521282	87.948291	86.130384
880.836755	88.023830	85.744943
894.356605	88.107587	85.145009
908.083970	88.237574	84.976462
922.022035	88.373925	84.221162
936.174033	88.515816	83.917443
950.543248	88.663694	83.112335
965.133014	88.817614	82.790230
979.946717	88.977530	81.966049
994.987794	89.149068	81.738536
1010.259734	89.366155	80.913041
1025.766081	89.581595	80.329147
1041.510433	89.794662	79.171734
1057.496443	90.004830	78.403538
1073.727820	90.210953	77.060005
1090.208331	90.412742	76.105999
1106.941799	90.586785	74.589533
1123.932106	90.760575	73.727101
1141.183196	90.938494	72.284596
1158.699071	91.120949	71.414165
1176.483794	91.308435	69.910879
1194.541493	91.501726	68.911363
1212.876357	91.678197	67.184792
1231.492641	91.841427	66.136733
1250.394663	92.003905	64.477120
1269.586811	92.168878	63.487392
1289.073536	92.336383	61.817257
1308.859360	92.506459	60.814929
1328.948875	92.679145	59.095831
1349.346741	92.854482	58.054825
1370.057691	93.032510	56.263015
1391.086530	93.213271	55.160509
1412.438139	93.396806	53.270293
1434.117471	93.583158	52.076391
1456.129556	93.772371	50.047112
1478.479502	93.964487	48.696154
1501.172494	94.152073	46.391211
1524.213798	94.312341	44.771876
1547.608761	94.450004	42.403954
1571.362809	94.584827	40.928130
1595.481455	94.721720	38.630412
1619.970296	94.860714	37.167115
1644.835012	95.001842	34.814534
1670.081374	95.145136	33.290111
1695.715238	95.290630	30.819520
1721.742554	95.438355	29.164405
1748.169360	95.588350	26.483285
1775.001787	95.740645	24.530749
1802.246062	95.870564	21.290278
1829.908506	95.923212	18.815862
1857.995537	95.909798	15.647241
1886.513672	95.882600	13.766714
1915.469528	95.854984	11.069851
1944.869824	95.826945	9.500101
1974.721382	95.798475	7.018499
2005.031127	95.769567	5.666632
2035.806093	95.740217	3.378677
2067.053419	95.710416	2.293221
2098.780357	95.693496	0.380762
2130.994268	95.728874	-0.275210
2163.702626	95.818900	-2.205185
2196.913020	95.922757	-3.287016
2230.633156	96.028208	-5.657163
2264.870858	96.135276	-7.024448
2299.634071	96.243990	-9.683977
2334.930859	96.354371	-11.334113
2370.769413	96.466446	-14.402039
2407.158049	96.553602	-16.656219
2444.105209	96.561791	-20.292021
2481.619467	96.515851	-22.437830
2519.709526	96.460810	-25.614132
2558.384224	96.404923	-27.417261
2597.652535	96.348179	-30.448767
2637.523571	96.290564	-32.147507
2678.006582	96.231888	-35.156087
2719.110962	96.170137	-36.842651
2760.846247	96.102512	-39.889712
2803.222122	96.031382	-41.570600
2846.248419	95.959159	-44.666768
2889.935121	95.885829	-46.429137
2934.292365	95.811372	-49.726232
2979.330442	95.735772	-51.889172
3025.059803	95.584444	-56.021441
3071.491058	95.286575	-58.495254
3118.634980	94.933763	-61.743864
3166.502508	94.575536	-63.032952
3215.104749	94.211811	-65.462307
3264.452980	93.842503	-65.928112
3314.558650	93.502551	-67.377824
3365.433386	93.245223	-66.986650
3417.088991	93.035643	-68.332239
3469.537452	92.829787	-68.108701
3522.790937	92.620772	-69.427211
3576.861804	92.412037	-68.779396
3631.762597	92.264611	-69.379355
3687.506055	92.222772	-68.346784
3744.105113	92.225320	-69.475141
3801.572902	92.227908	-69.117610
3859.922757	92.230535	-70.642297
3919.168216	92.240714	-70.432971
3979.323027	92.268555	-72.131455
4040.401145	92.306867	-72.166608
4102.416744	92.346954	-74.214531
4165.384213	92.386846	-74.550147
4229.318161	92.411630	-76.988182
4294.233423	92.402265	-77.557006
4360.145061	92.375406	-79.962459
4427.068369	92.348135	-80.303861
4495.018873	92.327519	-82.534040
4564.012342	92.337776	-82.672931
4634.064782	92.382432	-85.022065
4705.192448	92.435440	-85.531067
4777.411843	92.489263	-88.358261
4850.739725	92.526563	-89.291774
4925.193107	92.541435	-92.479698
5000.789264	92.550134	-93.593102
5077.545738	92.547607	-97.209832
5155.480336	92.474821	-98.941774
5234.611143	92.296788	-102.765407
5314.956518	92.079320	-103.803050
5396.535104	91.854814	-106.893389
5479.365829	91.599354	-107.392916
5563.467912	91.309505	-109.758882
5648.860868	91.018701	-108.887831
5735.564509	90.839450	-109.288097
5823.598953	90.948733	-107.049896
5912.984627	91.215503	-108.668008
6003.742269	91.481050	-108.724793
6095.892940	91.732450	-112.041580
6189.458019	91.971563	-113.261086
6284.459216	92.207802	-117.999806
6380.918575	92.302401	-121.070444
6478.858476	92.209179	-126.660395
6578.301643	92.088902	-129.253079
6679.271152	91.840057	-134.970261
6781.790428	91.439717	-137.085649
6885.883260	91.001862	-141.128586
6991.573799	90.596753	-141.428593
7098.886568	90.230566	-144.258619
7207.846468	89.920167	-143.334792
7318.478779	89.779514	-145.112295
7430.809171	89.795196	-144.407984
7544.863709	89.838907	-147.754795
7660.668854	89.897586	-148.464302
7778.251478	89.937483	-153.544485
7897.638862	89.795357	-156.167605
8018.858708	89.440418	-161.864838
8141.939142	88.977248	-163.394571
8266.908722	88.403551	-167.595689
8393.796444	87.803312	-166.578826
8522.631749	87.387230	-167.835135
8653.444531	87.181976	-165.276357
8786.265141	87.137883	-166.493185
8921.124398	87.312635	-164.582895
9058.053593	87.569161	-167.897164
9197.084496	87.889605	-168.400784
9338.249366	88.180181	-174.859832
9481.580958	88.270502	-178.583605
9627.112528	88.121874	-187.385882
9774.877844	87.628188	-192.036998
9924.911191	86.857924	-199.770228
10077.247380	85.937889	-201.543212
10231.921757	84.966640	-205.716955
10388.970212	84.204098	-203.733493
10548.429184	83.612878	-206.515061
10710.335671	83.126984	-204.898090
10874.727239	82.553114	-209.520374
11041.642033	81.605535	-208.391068
11211.118781	80.565566	-209.358506
11383.196805	79.732029	-202.317161
11557.916033	79.398224	-198.740750
11735.317004	79.614727	-191.038670
11915.440880	79.946239	-190.886232
12098.329454	80.443444	-185.447779
12284.025162	81.193887	-187.562317
12472.571089	82.091209	-186.242349
12664.010983	82.863014	-194.726424
12858.389263	83.139759	-198.600917
13055.751031	83.067518	-208.429929
13256.142079	82.733389	-211.208937
13459.608904	82.040073	-218.566547
13666.198715	81.616084	-214.684875
13875.959447	81.866418	-218.683860
14088.939769	82.305309	-218.453478
14305.189099	82.580434	-228.559614
14524.757612	82.584050	-231.598141
14747.696254	82.392250	-243.424138
14974.056752	81.983906	-246.625530
15203.891629	81.496346	-258.946112
15437.254212	80.762340	-263.877572
15674.198647	78.982498	-279.550768
15914.779912	75.930385	-273.320842
16159.053828	74.920213	-261.380044
16407.077073	76.870990	-247.610921
16658.907195	79.033650	-261.506657
16914.602625	80.075109	-277.080862
17174.222692	78.123316	-308.605932
17437.827634	74.499837	-312.528347
17705.478614	71.191637	-319.516468
17977.237735	67.990392	-308.248124
18253.168051	63.632381	-294.644198
18533.333587	65.006640	-236.407722
18817.799347	72.019713	-241.236165
19106.631336	74.336212	-253.363309
19399.896571	74.985211	-279.017887
19697.663095	76.319281	-274.780692
20000.000000	78.314564	-331.380903