* FRD data written by MATAA on 05-Jan-2019 10:25:28
* Monkey Coffin 20181219, spliced SPL curve, VM752 (no filter), 1 m from baffle, horizontal angle = -45 deg.
10.000000	25.015495	-499.050879
10.153489	25.277842	-311.267040
10.309333	25.542626	-306.635830
10.467570	25.806420	-244.675510
10.628235	26.069556	-240.612833
10.791367	26.333480	-203.647449
10.957002	26.596425	-199.967156
11.125180	26.860415	-173.629384
11.295939	27.123429	-170.241554
11.469319	27.387597	-149.762759
11.645360	27.651508	-146.616176
11.824103	27.914666	-129.851336
12.005589	28.177547	-126.898333
12.189862	28.440988	-112.680100
12.376962	28.705146	-109.897673
12.566935	28.968724	-97.554331
12.759823	29.231893	-94.921474
12.955672	29.495818	-83.999595
13.154527	29.758669	-81.502926
13.356434	30.022436	-71.697365
13.561440	30.286957	-69.322250
13.769593	30.550355	-60.439267
13.980941	30.812983	-58.172631
14.195532	31.076019	-50.031984
14.413418	31.339651	-47.861976
14.634647	31.602871	-40.357856
14.859273	31.866479	-38.279461
15.087346	32.129578	-31.318470
15.318920	32.392746	-29.322474
15.554048	32.656279	-22.826753
15.792785	32.919969	-20.911387
16.035186	33.183466	-14.830184
16.281308	33.446196	-12.988622
16.531208	33.709830	-7.262837
16.784943	33.973320	-5.491729
17.042573	34.237078	-0.091754
17.304158	34.500096	1.609960
17.569757	34.763011	6.724400
17.839433	35.026689	8.367534
18.113248	35.289383	13.216257
18.391266	35.552509	14.805645
18.673551	35.816050	19.418848
18.960169	36.079128	20.946647
19.251186	36.341416	25.345692
19.546670	36.605341	26.833058
19.846690	36.870180	31.024795
20.151314	37.132843	32.443374
20.460614	37.395456	36.455629
20.774661	37.657609	37.833359
21.093529	37.920416	41.686527
21.417291	38.184921	43.018234
21.746022	38.447476	46.697352
22.079799	38.709968	47.987582
22.418699	38.972591	51.528434
22.762800	39.235876	52.782210
23.112184	39.500769	56.182760
23.466930	39.763954	57.374047
23.827121	40.025617	60.644558
24.192840	40.288331	61.811086
24.564173	40.551075	64.968407
24.941205	40.816241	66.093067
25.324024	41.078119	69.113956
25.712720	41.340044	70.212085
26.107381	41.603951	73.142232
26.508100	41.868315	74.192690
26.914969	42.131180	77.003144
27.328084	42.393156	78.020199
27.747539	42.655414	80.743668
28.173432	42.918155	81.737562
28.605863	43.183061	84.365620
29.044930	43.445546	85.306527
29.490737	43.707965	87.844171
29.943387	43.968853	88.763061
30.402984	44.232205	91.238491
30.869636	44.497965	92.120470
31.343450	44.760482	94.479440
31.824536	45.021248	95.333859
32.313007	45.283385	97.643531
32.808975	45.547725	98.477876
33.312556	45.812383	100.695151
33.823866	46.074888	101.479276
34.343024	46.336117	103.634997
34.870151	46.600609	104.412741
35.405368	46.864848	106.483113
35.948801	47.127192	107.217313
36.500574	47.389693	109.227144
37.060817	47.651353	109.945000
37.629659	47.916083	111.903971
38.207232	48.180423	112.576863
38.793669	48.442669	114.457238
39.389109	48.705042	115.111951
39.993687	48.966602	116.944513
40.607545	49.231300	117.590694
41.230825	49.496619	119.347702
41.863671	49.759249	119.943391
42.506232	50.020980	121.648237
43.158654	50.282387	122.245928
43.821091	50.549035	123.915938
44.493695	50.814447	124.456750
45.176623	51.076850	126.049084
45.870033	51.339468	126.595962
46.574087	51.608130	128.151887
47.288946	51.872923	128.626796
48.014778	52.135519	130.121960
48.751751	52.398917	130.595408
49.500035	52.662189	132.065080
50.259805	52.933095	132.525148
51.031236	53.199150	133.884160
51.814508	53.462413	134.305911
52.609803	53.727204	135.646626
53.417304	53.992582	136.066187
54.237199	54.265750	137.362290
55.069679	54.534929	137.684990
55.914936	54.801211	138.900008
56.773168	55.068048	139.201315
57.644572	55.334923	140.370178
58.529351	55.608114	140.601897
59.427710	55.868395	141.595489
60.339859	56.116801	141.755286
61.266007	56.356459	142.775844
62.206371	56.594662	142.996978
63.161169	56.820961	144.069224
64.130622	57.055611	144.467683
65.114954	57.300363	145.645334
66.114395	57.556248	146.087243
67.129177	57.828089	147.191270
68.159534	58.089944	147.463329
69.205706	58.352334	148.505601
70.267935	58.615618	148.778027
71.346469	58.882202	149.805565
72.441557	59.160364	150.026800
73.553453	59.424472	150.883062
74.682415	59.686974	151.088125
75.828706	59.949356	151.957874
76.992591	60.214637	152.198392
78.174341	60.494864	153.021008
79.374229	60.757919	153.092859
80.592533	61.019519	153.896365
81.829538	61.281976	154.016425
83.085529	61.547508	154.843818
84.360798	61.828403	154.933169
85.655641	62.091449	155.580024
86.970359	62.352983	155.683232
88.305256	62.623922	156.406836
89.660642	62.904063	156.429944
91.036831	63.166590	156.981366
92.434144	63.427544	157.022448
93.852904	63.689832	157.636092
95.293440	63.961908	157.723188
96.756087	64.243740	158.237057
98.241184	64.506491	158.151765
99.749075	64.768462	158.674146
101.280111	65.030077	158.665544
102.834646	65.303865	159.239538
104.413042	65.589163	159.135754
106.015664	65.851766	159.497128
107.642885	66.113925	159.429034
109.295082	66.376673	159.871433
110.972638	66.652748	159.873429
112.675943	66.941924	160.199930
114.405391	67.204975	159.981500
116.161385	67.468118	160.387896
117.944331	67.754704	160.289942
119.754644	68.038334	160.488660
121.592742	68.302786	160.235755
123.459054	68.567355	160.481970
125.354011	68.831419	160.339672
127.278054	69.120414	160.644348
129.231628	69.408693	160.299954
131.215188	69.674028	160.397019
133.229193	69.939629	160.120400
135.274111	70.204941	160.328211
137.350416	70.497802	160.126722
139.458590	70.789225	160.095710
141.599122	71.056412	159.681520
143.772508	71.322973	159.703209
145.979254	71.589442	159.424063
148.219871	71.886804	159.508893
150.494879	72.181119	158.964737
152.804806	72.449053	158.797545
155.150187	72.717832	158.292365
157.531567	72.975490	158.177510
159.949499	73.252836	157.773019
162.404543	73.529557	157.529957
164.897270	73.785717	156.937764
167.428257	74.017508	156.786703
169.998092	74.274018	156.593422
172.607371	74.552333	156.656161
175.256699	74.888334	156.601340
177.946692	75.274664	156.015373
180.677973	75.546395	155.083480
183.451176	75.868407	154.628670
186.266944	76.159959	153.525105
189.125932	76.432410	152.781330
192.028801	76.705115	151.771472
194.976227	76.977564	150.533780
197.968892	77.081298	149.268557
201.007491	77.278201	149.261825
204.092729	77.505224	148.354288
207.225322	77.693128	148.091149
210.405997	77.926668	147.535398
213.635492	78.158885	147.264689
216.914556	78.410848	146.701705
220.243949	78.672046	146.349565
223.624446	78.938984	145.689615
227.056828	79.229233	145.176700
230.541895	79.495142	144.144384
234.080453	79.741580	143.468215
237.673323	79.978035	142.530680
241.321341	80.221371	142.070182
245.025351	80.510473	141.246858
248.786214	80.802053	140.396181
252.604802	81.077158	139.058841
256.482000	81.301878	137.792446
260.418710	81.464941	136.539669
264.415843	81.646095	135.970175
268.474328	81.874945	135.186357
272.595106	82.129347	134.481608
276.779133	82.374258	133.291594
281.027381	82.590707	132.399677
285.340834	82.829326	131.277303
289.720494	83.043096	130.187989
294.167376	83.238011	129.018403
298.682514	83.424074	128.099143
303.266953	83.620162	127.222702
307.921759	83.859206	126.344732
312.648010	84.052013	125.109677
317.446805	84.239874	124.320242
322.319255	84.438806	123.386689
327.266492	84.659157	122.743126
332.289663	84.903571	121.781238
337.389935	85.147939	120.943248
342.568490	85.409795	119.852195
347.826529	85.673516	118.747680
353.165274	85.923970	117.374607
358.585963	86.178334	116.107033
364.089853	86.416113	114.394843
369.678221	86.595270	112.908296
375.352365	86.778276	111.502033
381.113600	86.964028	110.241421
386.963264	87.152026	108.899253
392.902713	87.344749	107.687134
398.933327	87.540180	106.344888
405.056503	87.738484	105.119019
411.273663	87.940946	103.751025
417.586250	88.145842	102.472019
423.995728	88.354385	101.040128
430.503584	88.566707	99.658803
437.111328	88.773751	98.052140
443.820494	88.962717	96.556460
450.632638	89.155287	95.006233
457.549340	89.350394	93.526147
464.572207	89.549009	91.924078
471.702866	89.750032	90.367170
478.942973	89.953951	88.658630
486.294207	90.161001	86.967979
493.758274	90.371229	85.062332
501.336907	90.584683	83.065490
509.031863	90.765873	80.554611
516.844927	90.843286	78.242681
524.777914	90.923944	76.322918
532.832663	91.009941	74.499495
541.011043	91.100276	72.758994
549.314952	91.195862	71.087388
557.746317	91.296467	69.440823
566.307094	91.402690	67.855771
574.999269	91.514748	66.321807
583.824859	91.659915	64.922948
592.785912	91.852183	63.276436
601.884506	92.044697	61.319962
611.122755	92.219181	59.121324
620.502799	92.380320	56.865596
630.026817	92.537916	54.374710
639.697018	92.693035	51.776781
649.515646	92.846414	48.312005
659.484978	92.771823	44.465410
669.607328	92.590069	41.689155
679.885045	92.413371	39.478976
690.320514	92.242707	37.697872
700.916155	92.078352	36.236882
711.674427	91.920592	35.095886
722.597826	91.769999	34.643810
733.688888	91.788960	34.578307
744.950184	91.862322	33.770202
756.384329	91.936524	32.899606
767.993975	92.011683	31.746920
779.781816	92.087313	30.681846
791.750587	92.163238	29.482693
803.903066	92.268331	28.467658
816.242071	92.400543	27.076522
828.770466	92.529997	25.636955
841.491157	92.655903	23.890349
854.407097	92.777814	22.186911
867.521282	92.896283	20.061167
880.836755	92.961045	17.970190
894.356605	93.012215	15.865905
908.083970	93.054125	13.862630
922.022035	93.080357	11.738729
936.174033	93.098189	9.797960
950.543248	93.111422	7.721085
965.133014	93.119558	5.800491
979.946717	93.122284	3.701913
994.987794	93.118986	1.762566
1010.259734	93.109371	-0.450439
1025.766081	93.058551	-2.510295
1041.510433	92.990499	-4.520089
1057.496443	92.925269	-6.231600
1073.727820	92.863402	-8.029409
1090.208331	92.808579	-9.553641
1106.941799	92.773745	-11.252113
1123.932106	92.738729	-12.847953
1141.183196	92.704445	-14.611329
1158.699071	92.672555	-16.239301
1176.483794	92.640350	-18.051292
1194.541493	92.621561	-19.797665
1212.876357	92.572388	-21.957359
1231.492641	92.483388	-23.812850
1250.394663	92.385045	-25.723250
1269.586811	92.285192	-27.331100
1289.073536	92.183808	-29.098360
1308.859360	92.080867	-30.587893
1328.948875	91.976346	-32.258645
1349.346741	91.870221	-33.647936
1370.057691	91.762466	-35.226198
1391.086530	91.653058	-36.509378
1412.438139	91.541971	-37.978147
1434.117471	91.429178	-39.124390
1456.129556	91.314655	-40.427692
1478.479502	91.198373	-41.321563
1501.172494	91.097932	-42.179581
1524.213798	91.067114	-42.602827
1547.608761	91.094888	-43.566334
1571.362809	91.134758	-44.544204
1595.481455	91.175240	-45.991092
1619.970296	91.216344	-47.289294
1644.835012	91.258077	-49.016536
1670.081374	91.300453	-50.575360
1695.715238	91.343478	-52.584949
1721.742554	91.387165	-54.449631
1748.169360	91.431521	-56.839367
1775.001787	91.476558	-59.232057
1802.246062	91.484996	-62.506955
1829.908506	91.373961	-65.752319
1857.995537	91.160325	-68.951823
1886.513672	90.922922	-71.364957
1915.469528	90.681875	-73.891661
1944.869824	90.437128	-75.916166
1974.721382	90.188624	-78.188406
2005.031127	89.936306	-80.020967
2035.806093	89.680115	-82.173923
2067.053419	89.419993	-83.969340
2098.780357	89.139354	-86.286380
2130.994268	88.789304	-88.276611
2163.702626	88.366861	-90.280754
2196.913020	87.922513	-91.394247
2230.633156	87.471345	-92.528492
2264.870858	87.013253	-92.874151
2299.634071	86.548129	-93.215707
2334.930859	86.075866	-92.605470
2370.769413	85.596354	-91.585432
2407.158049	85.221857	-88.652289
2444.105209	85.180351	-85.622249
2481.619467	85.367067	-83.422673
2519.709526	85.592069	-82.798455
2558.384224	85.820525	-82.436989
2597.652535	86.052488	-83.062583
2637.523571	86.288011	-83.799971
2678.006582	86.520387	-85.687976
2719.110962	86.672994	-88.069062
2760.846247	86.639224	-91.134173
2803.222122	86.510361	-93.078788
2846.248419	86.379519	-95.108990
2889.935121	86.246669	-96.481850
2934.292365	86.111779	-98.214920
2979.330442	85.974819	-99.303268
3025.059803	85.855472	-100.716667
3071.491058	85.772421	-101.636086
3118.634980	85.701412	-103.244056
3166.502508	85.629313	-104.435362
3215.104749	85.556108	-106.259493
3264.452980	85.481779	-107.669066
3314.558650	85.393805	-109.810213
3365.433386	85.273120	-111.480163
3417.088991	85.132126	-113.653722
3469.537452	84.986490	-115.249902
3522.790937	84.838619	-117.471956
3576.861804	84.686018	-119.301387
3631.762597	84.485601	-121.984029
3687.506055	84.206081	-123.980578
3744.105113	83.890529	-126.217240
3801.572902	83.570133	-127.606902
3859.922757	83.244820	-129.467529
3919.168216	82.905887	-130.603404
3979.323027	82.541642	-132.181003
4040.401145	82.160274	-132.807959
4102.416744	81.771685	-133.710220
4165.384213	81.381939	-133.381548
4229.318161	81.079352	-132.850139
4294.233423	80.976712	-131.565922
4360.145061	80.975296	-131.790642
4427.068369	80.973858	-131.814874
4495.018873	80.990683	-132.643484
4564.012342	81.088387	-132.908065
4634.064782	81.276106	-134.620396
4705.192448	81.486526	-136.514896
4777.411843	81.700175	-140.093143
4850.739725	81.864359	-143.955670
4925.193107	81.961140	-149.350154
5000.789264	82.039942	-154.929061
5077.545738	82.053423	-163.374577
5155.480336	81.655834	-173.422630
5234.611143	80.642251	-183.855221
5314.956518	79.398141	-191.320039
5396.535104	78.092276	-199.588796
5479.365829	76.449128	-207.489115
5563.467912	74.429392	-215.365216
5648.860868	72.281414	-223.277011
5735.564509	68.837037	-238.058117
5823.598953	62.167677	-244.343105
5912.984627	53.699172	-222.433443
6003.742269	47.315365	-160.190850
6095.892940	48.422193	-79.857449
6189.458019	56.270096	-26.452646
6284.459216	65.662267	-18.437043
6380.918575	71.289598	-44.686930
6478.858476	71.910146	-66.629931
6578.301643	72.122834	-72.510217
6679.271152	72.494529	-77.041609
6781.790428	73.053423	-78.709775
6885.883260	73.596733	-83.093549
6991.573799	73.815014	-86.456369
7098.886568	73.655342	-89.156553
7207.846468	73.574189	-86.325845
7318.478779	74.195394	-82.930104
7430.809171	75.465154	-81.649620
7544.863709	76.621887	-86.916160
7660.668854	77.175418	-92.506971
7778.251478	77.448685	-97.733839
7897.638862	77.787270	-100.990360
8018.858708	78.201544	-106.339752
8141.939142	78.432940	-112.385314
8266.908722	78.129676	-119.330040
8393.796444	77.647203	-121.082794
8522.631749	77.719523	-121.409622
8653.444531	78.436899	-123.942602
8786.265141	78.710154	-133.420374
8921.124398	78.089757	-140.218529
9058.053593	77.399408	-143.768464
9197.084496	77.106012	-144.539754
9338.249366	77.055888	-147.636491
9481.580958	77.107148	-150.972761
9627.112528	76.964571	-158.488746
9774.877844	76.116742	-164.641917
9924.911191	74.966952	-167.127399
10077.247380	74.483774	-164.956180
10231.921757	74.440765	-168.469039
10388.970212	73.522773	-172.100819
10548.429184	72.528489	-168.366299
10710.335671	73.418927	-162.612037
10874.727239	74.557215	-173.272614
11041.642033	73.507812	-185.365652
11211.118781	71.969511	-188.368168
11383.196805	71.295890	-188.098029
11557.916033	70.462328	-191.987674
11735.317004	69.297469	-190.606046
11915.440880	68.844250	-187.280832
12098.329454	69.281576	-185.254871
12284.025162	70.031400	-192.824882
12472.571089	69.832616	-207.330624
12664.010983	67.784339	-225.955142
12858.389263	63.502106	-234.908593
13055.751031	58.479688	-224.829708
13256.142079	55.692805	-192.145134
13459.608904	57.614769	-164.993913
13666.198715	59.413088	-165.241207
13875.959447	58.703868	-157.771616
14088.939769	61.154294	-146.373766
14305.189099	63.021058	-162.520139
14524.757612	61.129756	-178.551346
14747.696254	57.356633	-173.747976
14974.056752	56.421962	-148.097304
15203.891629	58.164209	-134.195527
15437.254212	59.982052	-129.438201
15674.198647	61.316206	-131.332564
15914.779912	62.432985	-134.372656
16159.053828	62.677715	-142.490295
16407.077073	62.284955	-143.932963
16658.907195	62.297229	-144.251390
16914.602625	62.672185	-144.442729
17174.222692	62.856175	-149.279649
17437.827634	62.452847	-152.075823
17705.478614	62.043395	-151.992864
17977.237735	62.102617	-150.211488
18253.168051	62.637874	-150.604340
18533.333587	62.866060	-156.710021
18817.799347	62.667557	-159.404811
19106.631336	62.064518	-169.384377
19399.896571	60.370978	-166.048249
19697.663095	57.839087	-172.952855
20000.000000	53.954951	-107.545481