* FRD data written by MATAA on 05-Jan-2019 10:25:28
* Monkey Coffin 20181219, spliced SPL curve, VM752 (no filter), 1 m from baffle, horizontal angle = 0 deg.
10.000000	25.195585	-550.128740
10.153489	25.458878	-348.020474
10.309333	25.722716	-345.629651
10.467570	25.986674	-277.054321
10.628235	26.250645	-274.969001
10.791367	26.514843	-233.206193
10.957002	26.778188	-231.296687
11.125180	27.041887	-201.062980
11.295939	27.305956	-199.271473
11.469319	27.570195	-175.475314
11.645360	27.834145	-173.782703
11.824103	28.097756	-154.101192
12.005589	28.361293	-152.484412
12.189862	28.625078	-135.661385
12.376962	28.889236	-134.111585
12.566935	29.153635	-119.403590
12.759823	29.416983	-117.919733
12.955672	29.680908	-104.829821
13.154527	29.944746	-103.401104
13.356434	30.208526	-91.600208
13.561440	30.473047	-90.222520
13.769593	30.736595	-79.478846
13.980941	31.000278	-78.146417
14.195532	31.264109	-68.273397
14.413418	31.528056	-66.986260
14.634647	31.791961	-57.853334
14.859273	32.055993	-56.609481
15.087346	32.319668	-48.112742
15.318920	32.583369	-46.906925
15.554048	32.847369	-38.958535
15.792785	33.111702	-37.792516
16.035186	33.375556	-30.333274
16.281308	33.639039	-29.203205
16.531208	33.902920	-22.166914
16.784943	34.167274	-21.071682
17.042573	34.431168	-14.422949
17.304158	34.695159	-13.361083
17.569757	34.959101	-7.056731
17.839433	35.222861	-6.027579
18.113248	35.486610	-0.032653
18.391266	35.750791	0.968247
18.673551	36.015140	6.676308
18.960169	36.278820	7.643234
19.251186	36.542506	13.095249
19.546670	36.806841	14.040345
19.846690	37.072270	19.247917
20.151314	37.335454	20.151239
20.460614	37.599121	25.146414
20.774661	37.862958	26.029633
21.093529	38.127191	30.823992
21.417291	38.392751	31.677703
21.746022	38.656361	36.267106
22.079799	38.919908	37.099254
22.418699	39.183587	41.520245
22.762800	39.447926	42.334523
23.112184	39.713859	46.584990
23.466930	39.977183	47.357010
23.827121	40.240831	51.459769
24.192840	40.504778	52.217889
24.564173	40.769398	56.179519
24.941205	41.035619	56.908063
25.324024	41.298894	60.712688
25.712720	41.562532	61.429911
26.107381	41.827494	65.118725
26.508100	42.093418	65.805986
26.914969	42.357831	69.355104
27.328084	42.621479	70.020683
27.747539	42.885176	73.465126
28.173432	43.150425	74.121320
28.605863	43.416932	77.445704
29.044930	43.681310	78.060217
29.490737	43.944947	81.280450
29.943387	44.208785	81.890223
30.402984	44.474297	85.021067
30.869636	44.741168	85.602132
31.343450	45.005905	88.613255
31.824536	45.269669	89.176173
32.313007	45.533695	92.111800
32.808975	45.799640	92.669748
33.312556	46.067132	95.506392
33.823866	46.332131	96.019994
34.343024	46.596085	98.779080
34.870151	46.863180	99.295219
35.405368	47.130036	101.955219
35.948801	47.395093	102.437729
36.500574	47.660100	105.024398
37.060817	47.924584	105.502962
37.629659	48.192479	108.027303
38.207232	48.459984	108.467429
38.793669	48.725395	110.900339
39.389109	48.990933	111.330691
39.993687	49.255659	113.707119
40.607545	49.524521	114.138096
41.230825	49.793003	116.420789
41.863671	50.058949	116.813255
42.506232	50.324899	119.038143
43.158654	50.590262	119.434150
43.821091	50.860391	121.612750
44.493695	51.130021	121.964795
45.176623	51.396643	124.054307
45.870033	51.663481	124.418056
46.574087	51.936362	126.461593
47.288946	52.205374	126.762859
48.014778	52.472836	128.738067
48.751751	52.740808	129.042817
49.500035	53.009056	130.983081
50.259805	53.284426	131.281095
51.031236	53.555567	133.108159
51.814508	53.825026	133.375609
52.609803	54.095173	135.165448
53.417304	54.365855	135.439344
54.237199	54.645265	137.179286
55.069679	54.919856	137.358797
55.914936	55.192466	139.012971
56.773168	55.465630	139.175355
57.644572	55.738529	140.771210
58.529351	56.017711	140.874491
59.427710	56.284962	142.291135
60.339859	56.540164	142.324722
61.266007	56.786684	143.757163
62.206371	57.031215	143.860100
63.161169	57.265108	145.343749
64.130622	57.507511	145.626168
65.114954	57.759648	147.202023
66.114395	58.022917	147.536707
67.129177	58.302997	149.036342
68.159534	58.573293	149.203607
69.205706	58.844124	150.630758
70.267935	59.115848	150.802249
71.346469	59.390940	152.210219
72.441557	59.678465	152.336059
73.553453	59.951191	153.562343
74.682415	60.223184	153.680651
75.828706	60.495349	154.914205
76.992591	60.770831	155.067330
78.174341	61.060550	156.242622
79.374229	61.333553	156.235605
80.592533	61.605702	157.386510
81.829538	61.878143	157.428199
83.085529	62.154406	158.602175
84.360798	62.446906	158.616248
85.655641	62.720828	159.595470
86.970359	62.993696	159.628857
88.305256	63.276241	160.679236
89.660642	63.567988	160.633217
91.036831	63.842122	161.507044
92.434144	64.115683	161.483284
93.852904	64.389628	162.408552
95.293440	64.674471	162.440512
96.756087	64.969845	163.257662
98.241184	65.245250	163.110509
99.749075	65.520154	163.933464
101.280111	65.795478	163.869498
102.834646	66.082978	164.734294
104.413042	66.382433	164.576323
106.015664	66.659307	165.218907
107.642885	66.935731	165.095727
109.295082	67.212641	165.811868
110.972638	67.503090	165.763025
112.675943	67.807035	166.359046
114.405391	68.085624	166.090420
116.161385	68.363771	166.751624
117.944331	68.665127	166.606329
119.754644	68.964461	167.058298
121.592742	69.244744	166.756970
123.459054	69.525131	167.244979
125.354011	69.805117	167.056782
127.278054	70.110672	167.592879
129.231628	70.414136	167.200551
131.215188	70.696343	167.529962
133.229193	70.978497	167.202437
135.274111	71.260382	167.631805
137.350416	71.570315	167.380272
139.458590	71.878042	167.559048
141.599122	72.162106	167.100663
143.772508	72.446138	167.325426
145.979254	72.729892	166.996247
148.219871	73.044132	167.274776
150.494879	73.356086	166.685605
152.804806	73.641954	166.699510
155.150187	73.927804	166.143665
157.531567	74.203269	166.203185
159.949499	74.497573	165.744070
162.404543	74.791172	165.668650
164.897270	75.064292	165.028253
167.428257	75.314007	165.039395
169.998092	75.588249	164.790322
172.607371	75.883437	165.001443
175.256699	76.236620	164.896018
177.946692	76.640518	164.450343
180.677973	76.929125	163.462561
183.451176	77.268015	163.141102
186.266944	77.576445	161.983413
189.125932	77.865772	161.364398
192.028801	78.155354	160.300011
194.976227	78.444681	159.175789
197.968892	78.564553	157.853996
201.007491	78.778082	157.954437
204.092729	79.021129	156.987940
207.225322	79.224863	156.821032
210.405997	79.473266	156.211257
213.635492	79.722252	156.034315
216.914556	79.989050	155.407671
220.243949	80.265935	155.142399
223.624446	80.547456	154.415016
227.056828	80.851653	153.982246
230.541895	81.132034	152.889528
234.080453	81.392182	152.283946
237.673323	81.642350	151.289648
241.321341	81.899854	150.894866
245.025351	82.202700	150.007669
248.786214	82.506937	149.211194
252.604802	82.794703	147.813562
256.482000	83.031407	146.594908
260.418710	83.206075	145.284755
264.415843	83.398833	144.760931
268.474328	83.639288	143.919799
272.595106	83.904400	143.250863
276.779133	84.159862	142.007627
281.027381	84.386857	141.145597
285.340834	84.634965	139.968252
289.720494	84.858111	138.904981
294.167376	85.061632	137.685107
298.682514	85.256738	136.788179
303.266953	85.460486	135.861323
307.921759	85.707634	135.003852
312.648010	85.907436	133.719724
317.446805	86.102068	132.949264
322.319255	86.307885	131.973649
327.266492	86.534565	131.340010
332.289663	86.784093	130.338899
337.389935	87.034007	129.513970
342.568490	87.300757	128.386420
347.826529	87.568698	127.291614
353.165274	87.823373	125.891819
358.585963	88.081956	124.630888
364.089853	88.323018	122.893281
369.678221	88.505341	121.412110
375.352365	88.690462	119.985951
381.113600	88.878425	118.736685
386.963264	89.069273	117.381263
392.902713	89.263051	116.171128
398.933327	89.459802	114.828931
405.056503	89.659574	113.606605
411.273663	89.862412	112.242360
417.586250	90.068363	110.971935
423.995728	90.277475	109.547812
430.503584	90.489797	108.172732
437.111328	90.696841	106.584901
443.820494	90.885807	105.095378
450.632638	91.077673	103.570638
457.549340	91.272484	102.100354
464.572207	91.470285	100.532076
471.702866	91.671122	98.988702
478.942973	91.875041	97.319941
486.294207	92.082091	95.637402
493.758274	92.292319	93.774304
501.336907	92.505773	91.775312
509.031863	92.684446	89.301886
516.844927	92.758753	87.000913
524.777914	92.837637	85.141893
532.832663	92.921274	83.329271
541.011043	93.009846	81.659138
549.314952	93.103542	79.999011
557.746317	93.202558	78.429297
566.307094	93.307095	76.854041
574.999269	93.417362	75.402770
583.824859	93.560995	74.013123
592.785912	93.750952	72.453195
601.884506	93.941449	70.513065
611.122755	94.115277	68.410591
620.502799	94.274880	66.160845
630.026817	94.431421	63.771144
639.697018	94.585627	61.173722
649.515646	94.737316	57.807713
659.484978	94.661010	53.958107
669.607328	94.476869	51.283494
679.885045	94.297749	49.067554
690.320514	94.123969	47.390040
700.916155	93.955861	45.919567
711.674427	93.793771	44.887942
722.597826	93.638057	44.424448
733.688888	93.651022	44.476519
744.950184	93.718032	43.660013
756.384329	93.784875	42.913905
767.993975	93.851513	41.755716
779.781816	93.917903	40.831521
791.750587	93.984003	39.636159
803.903066	94.078379	38.778445
816.242071	94.199450	37.403916
828.770466	94.317167	36.142410
841.491157	94.431317	34.429182
854.407097	94.541681	32.924204
867.521282	94.648028	30.844602
880.836755	94.702036	28.974543
894.356605	94.742125	26.918371
908.083970	94.772085	25.137918
922.022035	94.782693	23.068959
936.174033	94.784690	21.400688
950.543248	94.783376	19.427825
965.133014	94.778623	17.822602
979.946717	94.770360	15.857237
994.987794	94.758427	14.264572
1010.259734	94.742658	12.201528
1025.766081	94.688120	10.505926
1041.510433	94.619063	8.649988
1057.496443	94.555121	7.305350
1073.727820	94.496560	5.649035
1090.208331	94.446505	4.481000
1106.941799	94.417191	2.899464
1123.932106	94.387331	1.640763
1141.183196	94.356912	-0.031635
1158.699071	94.325924	-1.333038
1176.483794	94.290296	-3.056119
1194.541493	94.262189	-4.416375
1212.876357	94.209943	-6.358901
1231.492641	94.130107	-7.748359
1250.394663	94.043577	-9.489143
1269.586811	93.955718	-10.676088
1289.073536	93.866510	-12.296783
1308.859360	93.775933	-13.370283
1328.948875	93.683966	-14.902010
1349.346741	93.590588	-15.871317
1370.057691	93.495775	-17.312120
1391.086530	93.399508	-18.166025
1412.438139	93.301764	-19.493730
1434.117471	93.202518	-20.195228
1456.129556	93.101750	-21.345341
1478.479502	92.999435	-21.763360
1501.172494	92.915427	-22.420183
1524.213798	92.910384	-22.308919
1547.608761	92.971875	-23.094760
1571.362809	93.047470	-23.612336
1595.481455	93.124225	-24.956533
1619.970296	93.202158	-25.843255
1644.835012	93.281288	-27.523712
1670.081374	93.361632	-28.722176
1695.715238	93.443209	-30.756334
1721.742554	93.526039	-32.341389
1748.169360	93.610139	-34.879681
1775.001787	93.695531	-37.189537
1802.246062	93.724565	-41.003791
1829.908506	93.569086	-44.527367
1857.995537	93.255186	-48.114650
1886.513672	92.904784	-50.223459
1915.469528	92.549003	-52.630205
1944.869824	92.187761	-53.971052
1974.721382	91.820974	-55.790933
2005.031127	91.448559	-56.592072
2035.806093	91.070427	-57.918070
2067.053419	90.686490	-58.199360
2098.780357	90.299829	-58.984852
2130.994268	89.919712	-58.673351
2163.702626	89.546610	-58.949732
2196.913020	89.170736	-58.151820
2230.633156	88.789092	-57.880991
2264.870858	88.401591	-56.359897
2299.634071	88.008142	-55.201449
2334.930859	87.608654	-52.465420
2370.769413	87.203035	-49.416867
2407.158049	86.970992	-43.229587
2444.105209	87.277382	-37.228906
2481.619467	87.954656	-32.475821
2519.709526	88.699000	-30.600012
2558.384224	89.454768	-29.079486
2597.652535	90.222137	-29.536054
2637.523571	91.001284	-30.169674
2678.006582	91.777817	-33.209330
2719.110962	92.386648	-37.299711
2760.846247	92.598067	-42.827551
2803.222122	92.608885	-45.963433
2846.248419	92.619869	-49.279777
2889.935121	92.631022	-51.249586
2934.292365	92.642347	-54.052850
2979.330442	92.653844	-55.730584
3025.059803	92.643785	-58.494264
3071.491058	92.591538	-60.018078
3118.634980	92.523809	-62.319663
3166.502508	92.455039	-63.273450
3215.104749	92.385214	-65.087211
3264.452980	92.314318	-65.378763
3314.558650	92.304321	-66.157434
3365.433386	92.449625	-65.676253
3417.088991	92.688654	-67.007578
3469.537452	92.943635	-67.691199
3522.790937	93.202530	-69.941126
3576.861804	93.465413	-71.281843
3631.762597	93.732604	-74.160197
3687.506055	94.004353	-76.115419
3744.105113	94.280464	-79.710033
3801.572902	94.560812	-82.484684
3859.922757	94.845464	-87.306849
3919.168216	95.026833	-91.999081
3979.323027	94.960076	-98.293260
4040.401145	94.748376	-102.390075
4102.416744	94.516385	-107.212111
4165.384213	94.280469	-110.368882
4229.318161	94.033875	-114.780943
4294.233423	93.767998	-117.660119
4360.145061	93.490251	-121.839604
4427.068369	93.208241	-124.582806
4495.018873	92.895450	-129.034520
4564.012342	92.461217	-132.155000
4634.064782	91.892259	-136.022135
4705.192448	91.285894	-137.383595
4777.411843	90.670223	-138.883335
4850.739725	90.303241	-137.309595
4925.193107	90.272841	-138.046689
5000.789264	90.337242	-138.848858
5077.545738	90.373099	-142.726435
5155.480336	90.226939	-146.261875
5234.611143	89.807803	-151.304109
5314.956518	89.286808	-153.625209
5396.535104	88.753069	-157.151594
5479.365829	88.175835	-158.612931
5563.467912	87.550639	-161.275649
5648.860868	86.912524	-161.510832
5735.564509	86.265821	-162.945555
5823.598953	85.612221	-161.763849
5912.984627	84.950208	-161.200377
6003.742269	84.458763	-156.351501
6095.892940	84.579039	-152.380441
6189.458019	85.249878	-149.259318
6284.459216	86.045403	-152.428057
6380.918575	86.445085	-157.322583
6478.858476	86.319238	-163.882525
6578.301643	86.137758	-167.430113
6679.271152	85.837043	-173.489940
6781.790428	85.396005	-177.084080
6885.883260	84.854940	-182.926495
6991.573799	84.049202	-186.489385
7098.886568	82.937865	-190.136396
7207.846468	81.912810	-187.556570
7318.478779	81.562264	-185.284312
7430.809171	81.833221	-183.804514
7544.863709	82.041802	-189.334909
7660.668854	81.820526	-194.481377
7778.251478	81.333822	-202.704014
7897.638862	80.464869	-209.768891
8018.858708	79.150347	-219.566568
8141.939142	77.048306	-228.486293
8266.908722	73.276540	-234.927011
8393.796444	68.960563	-221.981921
8522.631749	66.530399	-197.979711
8653.444531	66.286748	-172.817014
8786.265141	66.923738	-154.693950
8921.124398	68.484284	-138.059597
9058.053593	70.259359	-131.154851
9197.084496	71.967253	-124.826870
9338.249366	73.613344	-124.860924
9481.580958	75.166625	-124.621482
9627.112528	76.407980	-131.270382
9774.877844	76.922825	-135.532712
9924.911191	77.097964	-139.352069
10077.247380	77.832237	-137.480510
10231.921757	79.092219	-142.761335
10388.970212	80.322273	-149.684216
10548.429184	80.871772	-167.567395
10710.335671	79.143274	-180.534399
10874.727239	77.193223	-178.383762
11041.642033	78.064606	-170.271495
11211.118781	79.361724	-181.841909
11383.196805	79.067405	-194.123567
11557.916033	78.009766	-207.621725
11735.317004	76.378924	-216.271521
11915.440880	73.772745	-224.821731
12098.329454	70.879224	-218.860085
12284.025162	68.973379	-208.012465
12472.571089	68.802510	-190.675888
12664.010983	69.921114	-185.091893
12858.389263	70.984964	-183.380798
13055.751031	71.516983	-190.788749
13256.142079	71.303472	-195.401757
13459.608904	70.319520	-202.556266
13666.198715	69.260185	-199.453699
13875.959447	68.714781	-199.430749
14088.939769	68.528035	-195.094426
14305.189099	68.459272	-197.641835
14524.757612	68.540479	-195.570992
14747.696254	68.845209	-203.316863
14974.056752	68.378189	-212.472591
15203.891629	65.654189	-225.550810
15437.254212	62.504089	-213.054513
15674.198647	61.863253	-201.465525
15914.779912	61.841432	-191.826183
16159.053828	61.493153	-189.732572
16407.077073	61.351092	-179.345514
16658.907195	61.762276	-177.988241
16914.602625	61.728857	-175.089855
17174.222692	60.482944	-173.462890
17437.827634	60.778549	-153.851837
17705.478614	62.560095	-152.717322
17977.237735	63.255911	-149.822089
18253.168051	63.293273	-149.216296
18533.333587	64.849283	-134.548297
18817.799347	67.347063	-139.567857
19106.631336	69.548824	-140.449728
19399.896571	71.210276	-157.645309
19697.663095	72.363643	-164.813460
20000.000000	72.532089	-186.619833